# Mean DMX value = +1.010996e-04 
# Uncertainty in average DM = 1.01752e-04 
# Columns: DMXEP DMX_value DMX_var_err DMXR1 DMXR2 DMX_bin 
53271.2239 +2.4445014e-03 1.582e-05 53267.0360 53275.4119 DMX_0001 
53292.6039 +2.5232595e-03 1.710e-05 53291.9474 53293.2605 DMX_0002 
53349.8921 +2.6675183e-03 1.986e-05 53343.7877 53355.9964 DMX_0003 
53447.5803 +2.9610641e-03 2.330e-05 53446.3555 53448.8051 DMX_0004 
53768.9994 +2.4824456e-03 2.127e-05 53766.4276 53771.5712 DMX_0005 
53799.4058 +2.5834348e-03 1.604e-05 53798.2558 53800.5558 DMX_0006 
53838.7983 +2.5872450e-03 1.505e-05 53838.1527 53839.4439 DMX_0007 
53858.7442 +2.4665760e-03 1.526e-05 53858.0935 53859.3950 DMX_0008 
53889.6540 +2.5998759e-03 1.808e-05 53889.0059 53890.3020 DMX_0009 
53918.5757 +2.5839511e-03 1.961e-05 53917.9259 53919.2255 DMX_0010 
53980.9039 +2.5507807e-03 1.958e-05 53979.7570 53982.0508 DMX_0011 
54011.8197 +2.3765531e-03 2.333e-05 54009.6763 54013.9631 DMX_0012 
54036.2372 +2.0998784e-03 2.378e-05 54035.6044 54036.8700 DMX_0013 
54068.6628 +1.8081563e-03 2.529e-05 54064.5241 54072.8015 DMX_0014 
54101.0740 +1.9625948e-03 3.030e-05 54100.4271 54101.7208 DMX_0015 
54374.3297 +1.7061471e-03 2.907e-05 54373.6817 54374.9777 DMX_0016 
54429.1840 +1.4217884e-03 2.209e-05 54428.5325 54429.8355 DMX_0017 
54464.0910 +1.4889175e-03 2.442e-05 54462.4518 54465.7301 DMX_0018 
54527.9131 +1.4498750e-03 2.539e-05 54526.2677 54529.5586 DMX_0019 
54552.8462 +1.2937811e-03 2.598e-05 54552.1965 54553.4959 DMX_0020 
54642.6031 +8.2995290e-04 2.144e-05 54640.9547 54644.2515 DMX_0021 
54673.5138 +1.0071996e-03 2.216e-05 54672.8675 54674.1600 DMX_0022 
54709.0114 +1.2694082e-03 1.947e-05 54706.8686 54711.1543 DMX_0023 
54758.3412 +1.4985603e-03 2.041e-05 54751.7648 54764.9176 DMX_0024 
54790.7491 +1.5826333e-03 2.071e-05 54784.6693 54796.8289 DMX_0025 
54824.1040 +1.5740422e-03 2.078e-05 54820.4639 54827.7441 DMX_0026 
54853.0248 +1.4555789e-03 2.054e-05 54850.3812 54855.6683 DMX_0027 
54882.9978 +1.5304767e-03 2.083e-05 54880.4093 54885.5863 DMX_0028 
54914.8555 +1.4471224e-03 2.030e-05 54913.2098 54916.5011 DMX_0029 
54945.2237 +1.4308236e-03 1.972e-05 54942.1304 54948.3171 DMX_0030 
54977.3260 +1.2473789e-03 2.094e-05 54976.3198 54978.3322 DMX_0031 
55004.6096 +1.2925011e-03 2.090e-05 55003.9607 55005.2584 DMX_0032 
55030.5387 +1.2741838e-03 2.120e-05 55029.8901 55031.1874 DMX_0033 
55069.4323 +1.2004139e-03 2.160e-05 55065.7918 55073.0727 DMX_0034 
55097.8370 +1.0549665e-03 2.403e-05 55094.6951 55100.9789 DMX_0035 
55120.7742 +7.8487927e-04 2.498e-05 55118.6296 55122.9187 DMX_0036 
55156.1981 +5.6565819e-04 2.588e-05 55154.5314 55157.8648 DMX_0037 
55215.5148 +2.4946073e-04 2.466e-05 55214.3675 55216.6621 DMX_0038 
55244.4352 +2.7521176e-04 2.249e-05 55243.2885 55245.5819 DMX_0039 
55276.8467 +1.7339619e-04 1.611e-05 55275.3006 55278.3927 DMX_0040 
55306.2659 +1.2855492e-04 1.855e-05 55305.2185 55307.3133 DMX_0041 
55338.6777 +2.9817241e-04 2.039e-05 55337.1319 55340.2235 DMX_0042 
55363.1316 +1.2154159e-04 1.618e-05 55361.0664 55365.1967 DMX_0043 
55393.0831 +7.6645888e-05 1.734e-05 55390.0507 55396.1155 DMX_0044 
55430.4711 -3.8406595e-04 1.645e-05 55429.9225 55431.0197 DMX_0045 
55462.8828 -4.6943227e-04 1.642e-05 55461.8358 55463.9298 DMX_0046 
55493.2542 -4.2533302e-04 1.649e-05 55492.7053 55493.8032 DMX_0047 
55521.1782 -4.9044508e-04 1.638e-05 55520.6294 55521.7269 DMX_0048 
55543.6619 -3.3739353e-04 7.313e-05 55543.6119 55543.7119 DMX_0049 
55579.0645 -6.2668496e-04 1.697e-05 55578.5161 55579.6130 DMX_0050 
55616.9161 -3.6275349e-04 1.604e-05 55616.3674 55617.4647 DMX_0051 
55640.3968 -1.7416261e-04 1.613e-05 55639.3497 55641.4438 DMX_0052 
55672.3089 -1.7763275e-05 1.625e-05 55670.2644 55674.3534 DMX_0053 
55702.2269 +6.8573313e-04 1.667e-05 55700.1822 55704.2716 DMX_0054 
55731.6466 +9.4717476e-04 1.715e-05 55731.0977 55732.1956 DMX_0055 
55766.0079 +1.1061927e-03 1.725e-05 55765.9579 55766.0579 DMX_0056 
55773.9854 +1.3196108e-03 7.104e-05 55773.9354 55774.0354 DMX_0057 
55800.4134 +1.5004464e-03 1.673e-05 55799.8647 55800.9621 DMX_0058 
55827.8378 +1.5995184e-03 1.623e-05 55826.7906 55828.8850 DMX_0059 
55864.2389 +1.1698250e-03 1.616e-05 55863.6908 55864.7870 DMX_0060 
55893.1596 +1.0961507e-03 1.599e-05 55892.6107 55893.7085 DMX_0061 
55919.0885 +1.1132056e-03 1.627e-05 55918.5400 55919.6371 DMX_0062 
55949.0070 +1.2468349e-03 1.715e-05 55948.4583 55949.5558 DMX_0063 
56003.0145 +1.4277706e-03 1.718e-05 56002.4892 56003.5398 DMX_0064 
56034.9028 +1.7231874e-03 1.705e-05 56034.3505 56035.4551 DMX_0065 
56067.3291 +1.8193797e-03 1.649e-05 56066.2622 56068.3961 DMX_0066 
56094.7491 +1.8003193e-03 1.619e-05 56094.1980 56095.3001 DMX_0067 
56130.1659 +1.9948369e-03 1.596e-05 56130.1159 56130.2159 DMX_0068 
56138.1537 +1.9079937e-03 7.363e-05 56138.1037 56138.2037 DMX_0069 
56151.5509 +1.9303949e-03 1.540e-05 56151.0007 56152.1010 DMX_0070 
56173.9990 +1.9430772e-03 1.550e-05 56172.9473 56175.0506 DMX_0071 
56194.4420 +1.6942432e-03 1.417e-05 56193.8877 56194.9964 DMX_0072 
56214.3937 +1.7840679e-03 1.478e-05 56213.8481 56214.9393 DMX_0073 
56235.3663 +1.6365955e-03 1.447e-05 56234.8609 56235.8718 DMX_0074 
56250.3020 +1.5372212e-03 1.402e-05 56249.7551 56250.8490 DMX_0075 
56270.1839 +1.4120402e-03 1.396e-05 56269.6017 56270.7661 DMX_0076 
56288.6358 +1.4628685e-03 6.532e-05 56288.5858 56288.6858 DMX_0077 
56311.0672 +1.4277625e-03 1.455e-05 56310.4812 56311.6532 DMX_0078 
56333.0959 +1.4409137e-03 1.418e-05 56332.4984 56333.6933 DMX_0079 
56353.4618 +1.6122506e-03 1.443e-05 56352.4172 56354.5063 DMX_0080 
56367.9279 +1.5974708e-03 1.417e-05 56367.3804 56368.4755 DMX_0081 
56389.3623 +1.6508308e-03 1.474e-05 56387.3551 56391.3696 DMX_0082 
56408.8324 +1.7513084e-03 1.561e-05 56407.2144 56410.4505 DMX_0083 
56431.8148 +1.8638695e-03 1.497e-05 56431.2330 56432.3965 DMX_0084 
56450.7149 +1.9743399e-03 1.440e-05 56450.0931 56451.3367 DMX_0085 
56471.6178 +2.1107426e-03 1.458e-05 56471.0928 56472.1428 DMX_0086 
56492.6786 +2.2431440e-03 1.453e-05 56492.1540 56493.2031 DMX_0087 
56522.5576 +2.3879123e-03 1.355e-05 56521.9902 56523.1249 DMX_0088 
56549.9403 +2.4118402e-03 1.317e-05 56548.8598 56551.0208 DMX_0089 
56585.3437 +2.5342359e-03 1.429e-05 56584.7804 56585.9071 DMX_0090 
56606.8286 +2.6198810e-03 7.052e-05 56606.7786 56606.8786 DMX_0091 
56614.7879 +2.6470711e-03 1.389e-05 56614.7324 56614.8434 DMX_0092 
56642.6647 +2.7219430e-03 1.487e-05 56641.5949 56643.7345 DMX_0093 
56676.6192 +2.7066724e-03 6.939e-05 56676.5692 56676.6692 DMX_0094 
56708.5556 +2.6579139e-03 1.729e-05 56707.5649 56709.5462 DMX_0095 
56735.4754 +2.8824561e-03 1.793e-05 56735.4254 56735.5254 DMX_0096 
56762.9266 +2.8131956e-03 1.746e-05 56762.3345 56763.5186 DMX_0097 
56791.3529 +3.0248217e-03 1.625e-05 56790.3247 56792.3811 DMX_0098 
56828.7733 +3.0093497e-03 1.684e-05 56828.2286 56829.3180 DMX_0099 
56850.6647 +3.1207471e-03 1.763e-05 56850.1127 56851.2168 DMX_0100 
56886.0516 +3.1221413e-03 1.784e-05 56886.0016 56886.1016 DMX_0101 
56894.0669 +3.1514406e-03 1.763e-05 56894.0169 56894.1169 DMX_0102 
56922.4887 +2.9489737e-03 1.715e-05 56921.8951 56923.0822 DMX_0103 
56947.4006 +2.8375119e-03 1.668e-05 56945.8836 56948.9175 DMX_0104 
56978.3356 +2.5809660e-03 1.616e-05 56977.8130 56978.8583 DMX_0105 
57012.2040 +2.6043860e-03 1.611e-05 57011.6407 57012.7674 DMX_0106 
57041.1904 +2.3546925e-03 1.628e-05 57040.6376 57041.7431 DMX_0107 
57079.5326 +1.6730470e-03 1.584e-05 57078.4896 57080.5757 DMX_0108 
57101.9776 +1.5110888e-03 1.583e-05 57101.3967 57102.5585 DMX_0109 
57131.8751 +1.2117133e-03 1.613e-05 57131.3242 57132.4260 DMX_0110 
57161.8025 +9.9291621e-04 1.625e-05 57161.2558 57162.3491 DMX_0111 
57193.2409 +8.3783998e-04 1.693e-05 57192.2111 57194.2708 DMX_0112 
57229.1032 +5.1797129e-04 7.283e-05 57229.0532 57229.1532 DMX_0113 
57248.1221 +6.0669839e-04 7.411e-05 57248.0721 57248.1721 DMX_0114 
57272.0983 +5.3536810e-04 7.257e-05 57272.0483 57272.1483 DMX_0115 
57307.4465 +4.3833870e-04 1.570e-05 57306.8862 57308.0068 DMX_0116 
57336.4374 -5.2548443e-05 1.514e-05 57335.8764 57336.9984 DMX_0117 
57368.8558 -3.6031856e-04 1.473e-05 57367.8195 57369.8922 DMX_0118 
57398.2096 -7.6004424e-04 1.478e-05 57397.6567 57398.7625 DMX_0119 
57435.1780 -7.1465862e-04 1.444e-05 57432.6375 57437.7185 DMX_0120 
57460.5618 -8.8950243e-04 1.500e-05 57459.4670 57461.6565 DMX_0121 
57489.5291 -9.8994271e-04 1.612e-05 57489.4791 57489.5791 DMX_0122 
57518.9492 -9.2005325e-04 1.690e-05 57518.3970 57519.5013 DMX_0123 
57550.8650 -9.5933536e-04 1.650e-05 57550.3130 57551.4170 DMX_0124 
57579.7023 -1.1693873e-03 1.652e-05 57579.1941 57580.2105 DMX_0125 
57614.5784 -1.2534742e-03 1.625e-05 57614.0257 57615.1310 DMX_0126 
57647.5140 -1.4305918e-03 1.591e-05 57646.9634 57648.0645 DMX_0127 
57674.5307 -1.4889196e-03 1.642e-05 57673.9820 57675.0794 DMX_0128 
57704.3599 -1.5606229e-03 1.619e-05 57703.8520 57704.8678 DMX_0129 
57734.2756 -1.8402300e-03 1.611e-05 57733.6309 57734.9204 DMX_0130 
57765.2022 -1.9199935e-03 1.662e-05 57764.6525 57765.7520 DMX_0131 
57796.6029 -1.9651918e-03 1.654e-05 57796.4490 57796.7569 DMX_0132 
57835.9550 -2.3366029e-03 1.622e-05 57835.4066 57836.5034 DMX_0133 
57859.4222 -2.3653776e-03 1.635e-05 57859.2671 57859.5773 DMX_0134 
57893.8514 -2.5257444e-03 1.594e-05 57893.2963 57894.4064 DMX_0135 
57921.7811 -2.6507423e-03 1.559e-05 57921.2303 57922.3319 DMX_0136 
57948.7130 -2.6900285e-03 1.592e-05 57948.1573 57949.2686 DMX_0137 
57978.1346 -2.9453042e-03 1.524e-05 57977.0775 57979.1916 DMX_0138 
58015.4007 -3.1779200e-03 1.303e-05 58014.8427 58015.9588 DMX_0139 
58047.2943 -3.0949756e-03 1.246e-05 58046.7624 58047.8263 DMX_0140 
58060.3558 -3.1393262e-03 1.292e-05 58059.7464 58060.9652 DMX_0141 
58095.6942 -3.3501183e-03 1.325e-05 58094.5900 58096.7985 DMX_0142 
58134.2036 -3.7533131e-03 1.496e-05 58133.6552 58134.7521 DMX_0143 
58142.0115 -3.6697832e-03 1.443e-05 58141.4704 58142.5525 DMX_0144 
58161.1458 -3.8870383e-03 1.504e-05 58160.5948 58161.6969 DMX_0145 
58188.0725 -4.2583757e-03 1.473e-05 58187.5215 58188.6236 DMX_0146 
58216.9940 -4.2912693e-03 1.522e-05 58216.4377 58217.5502 DMX_0147 
58243.9060 -4.5534450e-03 1.502e-05 58243.3448 58244.4672 DMX_0148 
58270.6662 -4.7519836e-03 1.408e-05 58270.1315 58271.2009 DMX_0149 
58301.7602 -4.9706605e-03 1.524e-05 58301.2111 58302.3094 DMX_0150 
58335.6223 -5.3121433e-03 1.613e-05 58335.0705 58336.1741 DMX_0151 
58365.5616 -5.3389575e-03 1.667e-05 58365.0294 58366.0938 DMX_0152 
58397.4779 -5.1893209e-03 1.731e-05 58396.9322 58398.0236 DMX_0153 
58425.3970 -5.2324450e-03 1.731e-05 58424.8548 58425.9392 DMX_0154 
58461.2972 -5.1654748e-03 1.603e-05 58460.7480 58461.8463 DMX_0155 
58490.2382 -5.0861802e-03 1.544e-05 58489.7132 58490.7631 DMX_0156 
58517.1319 -5.1555712e-03 1.528e-05 58516.5684 58517.6955 DMX_0157 
58548.0727 -4.8685495e-03 1.527e-05 58547.5450 58548.6004 DMX_0158 
58581.9661 -4.7885011e-03 1.611e-05 58580.4187 58583.5135 DMX_0159 
58608.8928 -4.6219973e-03 1.633e-05 58608.3393 58609.4463 DMX_0160 
58635.8393 -4.5766427e-03 1.613e-05 58635.3071 58636.3715 DMX_0161 
58671.7224 -4.5864578e-03 1.627e-05 58671.1721 58672.2726 DMX_0162 
58699.6466 -4.4468458e-03 1.614e-05 58699.0922 58700.2010 DMX_0163 
58729.5568 -4.2880073e-03 1.555e-05 58729.0085 58730.1052 DMX_0164 
58759.4826 -4.3476344e-03 1.529e-05 58758.9319 58760.0334 DMX_0165 
58787.3997 -4.2552921e-03 1.549e-05 58786.8436 58787.9558 DMX_0166 
58827.3067 -4.3170817e-03 1.554e-05 58826.7568 58827.8567 DMX_0167 
58849.2434 -4.2760332e-03 1.610e-05 58848.6925 58849.7942 DMX_0168 
58882.1822 -4.3954528e-03 1.636e-05 58881.6330 58882.7314 DMX_0169 
58911.0709 -4.5267035e-03 1.796e-05 58910.5223 58911.6195 DMX_0170 
58944.9896 -4.6714133e-03 2.538e-05 58944.4331 58945.5461 DMX_0171 
