# Mean DMX value = -1.050608e-04 
# Uncertainty in average DM = 2.08522e-04 
# Columns: DMXEP DMX_value DMX_var_err DMXR1 DMXR2 DMX_bin 
53420.6238 +3.6005529e-03 1.049e-04 53420.5569 53420.6908 DMX_0001 
53629.0066 +2.8673620e-03 9.335e-05 53628.9520 53629.0612 DMX_0002 
53659.9684 +2.6624360e-03 9.260e-05 53659.9052 53660.0315 DMX_0003 
53798.5900 +3.2337526e-03 1.171e-04 53798.5213 53798.6588 DMX_0004 
53926.2335 +3.0037382e-03 8.662e-05 53926.1652 53926.3017 DMX_0005 
53968.1279 +2.8998450e-03 8.346e-05 53968.0695 53968.1863 DMX_0006 
54043.9158 +2.6434624e-03 9.170e-05 54043.8489 54043.9828 DMX_0007 
54135.6558 +2.5250121e-03 1.147e-04 54135.5929 54135.7187 DMX_0008 
54819.7852 +2.2961854e-03 9.614e-05 54819.7138 54819.8567 DMX_0009 
54862.6537 +2.1854235e-03 8.375e-05 54862.5941 54862.7132 DMX_0010 
54925.5038 +2.1656261e-03 8.346e-05 54925.4386 54925.5690 DMX_0011 
55042.1604 +2.0933746e-03 8.562e-05 55042.1043 55042.2165 DMX_0012 
55088.0257 +1.8293915e-03 8.575e-05 55087.9672 55088.0841 DMX_0013 
55206.6991 +9.5979745e-04 9.897e-05 55206.6425 55206.7557 DMX_0014 
55357.2962 +7.9308588e-04 1.068e-04 55357.2386 55357.3539 DMX_0015 
55527.8473 +1.4440973e-05 1.011e-04 55527.7913 55527.9032 DMX_0016 
55639.5080 +3.0484592e-04 8.589e-05 55639.4506 55639.5655 DMX_0017 
55678.3969 +6.5586660e-04 8.234e-05 55678.3395 55678.4543 DMX_0018 
55759.1579 +1.6637698e-03 7.290e-05 55759.0988 55759.2170 DMX_0019 
55791.0634 +1.6562596e-03 6.828e-05 55791.0008 55791.1261 DMX_0020 
55820.0244 +1.9266597e-03 6.470e-05 55819.9646 55820.0843 DMX_0021 
55850.9524 +1.8081294e-03 6.381e-05 55850.8937 55851.0111 DMX_0022 
55877.8753 +1.8785717e-03 6.054e-05 55877.8152 55877.9354 DMX_0023 
55910.7796 +1.8347970e-03 6.144e-05 55910.7222 55910.8371 DMX_0024 
55934.7075 +1.6941208e-03 6.156e-05 55934.6475 55934.7675 DMX_0025 
55968.6246 +1.8778054e-03 5.719e-05 55968.5618 55968.6873 DMX_0026 
56020.4763 +2.2716075e-03 1.059e-05 56020.4175 56020.5352 DMX_0027 
56059.3660 +2.3450076e-03 1.059e-05 56059.3059 56059.4260 DMX_0028 
56108.2251 +2.4899076e-03 1.059e-05 56108.1662 56108.2840 DMX_0029 
56139.1948 +2.4520077e-03 1.059e-05 56139.1393 56139.2504 DMX_0030 
56173.1037 +2.4764075e-03 1.059e-05 56173.0475 56173.1598 DMX_0031 
56209.9417 +2.2693076e-03 1.059e-05 56209.8808 56210.0026 DMX_0032 
56250.8740 +2.1608076e-03 1.059e-05 56250.8127 56250.9354 DMX_0033 
56305.7375 +2.0376076e-03 1.059e-05 56305.6809 56305.7941 DMX_0034 
56325.6672 +2.1192075e-03 1.059e-05 56325.6080 56325.7264 DMX_0035 
56345.6238 +2.2999076e-03 1.059e-05 56345.5662 56345.6814 DMX_0036 
56383.5191 +2.1599077e-03 1.059e-05 56383.4624 56383.5758 DMX_0037 
56403.4507 +2.2750076e-03 1.059e-05 56403.3935 56403.5079 DMX_0038 
56425.4011 +2.3567076e-03 1.059e-05 56425.3417 56425.4605 DMX_0039 
56465.2937 +2.6227077e-03 1.059e-05 56465.2339 56465.3535 DMX_0040 
56531.1097 +3.0780076e-03 1.059e-05 56531.0497 56531.1698 DMX_0041 
56532.1253 +3.2563711e-03 2.044e-04 56532.0753 56532.1753 DMX_0042 
56550.0522 +3.1146574e-03 1.059e-05 56549.9859 56550.1185 DMX_0043 
56572.0065 +2.9328076e-03 1.059e-05 56571.9500 56572.0630 DMX_0044 
56593.9347 +3.1181748e-03 1.907e-04 56593.8847 56593.9847 DMX_0045 
56613.8826 +3.1328077e-03 1.059e-05 56613.8227 56613.9425 DMX_0046 
56634.8260 +3.2200077e-03 1.059e-05 56634.7662 56634.8858 DMX_0047 
56654.7851 +4.0893888e-03 2.809e-04 56654.7351 56654.8351 DMX_0048 
56669.7317 +3.2892075e-03 1.059e-05 56669.6724 56669.7910 DMX_0049 
56739.5509 +3.5922008e-03 2.084e-04 56739.5009 56739.6009 DMX_0050 
56844.2527 +3.8402075e-03 1.059e-05 56844.1891 56844.3163 DMX_0051 
56869.1946 +3.6627076e-03 1.059e-05 56869.1446 56869.2446 DMX_0052 
56933.0215 +3.6634074e-03 1.059e-05 56932.9649 56933.0780 DMX_0053 
57014.7937 +2.2301081e-03 1.059e-05 57014.7406 57014.8469 DMX_0054 
57075.6124 +2.3113074e-03 1.059e-05 57075.5588 57075.6659 DMX_0055 
57095.5496 +1.9352075e-03 1.059e-05 57095.4960 57095.6032 DMX_0056 
57117.5104 +1.8010075e-03 1.059e-05 57117.4567 57117.5641 DMX_0057 
57138.4359 +1.4358077e-03 1.059e-05 57138.3822 57138.4895 DMX_0058 
57185.3026 +1.3775076e-03 1.059e-05 57185.2489 57185.3563 DMX_0059 
57201.2594 +1.2549076e-03 1.059e-05 57201.2057 57201.3131 DMX_0060 
57234.1652 +1.9567306e-03 2.756e-04 57234.1152 57234.2152 DMX_0061 
57242.1470 +1.0157076e-03 1.059e-05 57242.0933 57242.2007 DMX_0062 
57265.0832 +1.0056076e-03 1.059e-05 57265.0298 57265.1366 DMX_0063 
57327.9297 +3.2780770e-04 1.059e-05 57327.8761 57327.9834 DMX_0064 
57348.8544 +4.0920750e-04 1.059e-05 57348.8007 57348.9080 DMX_0065 
57376.7941 -4.7192456e-05 1.059e-05 57376.7404 57376.8477 DMX_0066 
57410.6490 -2.0939253e-04 1.059e-05 57410.5954 57410.7026 DMX_0067 
57433.5867 -3.2769244e-04 1.059e-05 57433.5331 57433.6403 DMX_0068 
57508.3923 -4.4719238e-04 1.059e-05 57508.3387 57508.4459 DMX_0069 
57536.3153 -5.3999237e-04 1.059e-05 57536.2617 57536.3689 DMX_0070 
57557.2377 -5.9669238e-04 1.059e-05 57557.1841 57557.2912 DMX_0071 
57579.1809 -5.3209251e-04 1.059e-05 57579.1273 57579.2345 DMX_0072 
57594.1599 -6.3809247e-04 1.059e-05 57594.1063 57594.2136 DMX_0073 
57622.0709 -7.8669241e-04 1.059e-05 57622.0173 57622.1245 DMX_0074 
57640.0112 -8.5179245e-04 1.059e-05 57639.9576 57640.0647 DMX_0075 
57666.9383 -1.1403924e-03 1.059e-05 57666.8848 57666.9919 DMX_0076 
57686.8848 -1.0847924e-03 1.059e-05 57686.8312 57686.9384 DMX_0077 
57710.8174 -1.1170925e-03 1.059e-05 57710.7638 57710.8710 DMX_0078 
57733.7545 -1.3267924e-03 1.059e-05 57733.7009 57733.8081 DMX_0079 
57752.7054 -1.2653925e-03 1.059e-05 57752.6519 57752.7590 DMX_0080 
57775.6397 -1.4246925e-03 1.059e-05 57775.5861 57775.6933 DMX_0081 
57789.6014 -1.4787925e-03 1.059e-05 57789.5478 57789.6550 DMX_0082 
57804.5630 -1.6176925e-03 1.059e-05 57804.5094 57804.6166 DMX_0083 
57823.5115 -1.8928924e-03 1.059e-05 57823.4580 57823.5651 DMX_0084 
57844.4585 -1.9674924e-03 1.059e-05 57844.4011 57844.5160 DMX_0085 
57865.4031 -2.0270925e-03 1.059e-05 57865.3495 57865.4567 DMX_0086 
57873.3726 -2.1340924e-03 1.059e-05 57873.3190 57873.4262 DMX_0087 
57885.3394 -2.1007924e-03 1.059e-05 57885.2858 57885.3929 DMX_0088 
57907.2821 -2.0408924e-03 1.059e-05 57907.2285 57907.3357 DMX_0089 
57927.2376 -2.2927924e-03 1.059e-05 57927.1840 57927.2912 DMX_0090 
57932.1950 -2.2771924e-03 1.059e-05 57932.1450 57932.2450 DMX_0091 
57949.1794 -2.2232924e-03 1.059e-05 57949.1258 57949.2330 DMX_0092 
57970.1101 -2.3612925e-03 1.059e-05 57970.0566 57970.1637 DMX_0093 
58463.7523 -4.5194925e-03 1.059e-05 58463.6987 58463.8058 DMX_0094 
58508.6297 -4.4473925e-03 1.059e-05 58508.5797 58508.6797 DMX_0095 
58528.5804 -4.3905924e-03 1.059e-05 58528.5268 58528.6339 DMX_0096 
58565.4898 -4.2087923e-03 1.059e-05 58565.4362 58565.5433 DMX_0097 
58586.4168 -4.0384925e-03 1.059e-05 58586.3632 58586.4703 DMX_0098 
58628.3022 -3.9691925e-03 1.059e-05 58628.2487 58628.3558 DMX_0099 
58650.2474 -4.0240923e-03 1.059e-05 58650.1939 58650.3010 DMX_0100 
58661.2246 -3.8385925e-03 1.059e-05 58661.1710 58661.2781 DMX_0101 
58675.1792 -3.8720924e-03 1.059e-05 58675.1260 58675.2324 DMX_0102 
58691.1702 -3.6601925e-03 1.059e-05 58691.1166 58691.2237 DMX_0103 
58713.0806 -3.7998924e-03 1.059e-05 58713.0270 58713.1342 DMX_0104 
58738.9988 -3.6942924e-03 1.059e-05 58738.9453 58739.0524 DMX_0105 
58754.9607 -3.6290924e-03 1.059e-05 58754.9071 58755.0143 DMX_0106 
58777.8922 -3.5338925e-03 1.059e-05 58777.8386 58777.9459 DMX_0107 
58794.8308 -3.3649925e-03 1.059e-05 58794.7808 58794.8808 DMX_0108 
58818.7848 -3.5683923e-03 1.059e-05 58818.7312 58818.8384 DMX_0109 
58838.7257 -4.1977923e-03 1.059e-05 58838.6721 58838.7794 DMX_0110 
58893.6024 -3.7971923e-03 1.059e-05 58893.5524 58893.6524 DMX_0111 
58915.5357 -3.8960924e-03 1.059e-05 58915.4857 58915.5857 DMX_0112 
58936.4714 -3.9571925e-03 1.059e-05 58936.4171 58936.5258 DMX_0113 
58957.4143 -3.9372925e-03 1.059e-05 58957.3602 58957.4683 DMX_0114 
58978.3432 -3.9876924e-03 1.059e-05 58978.2932 58978.3932 DMX_0115 
58999.2989 -4.1504924e-03 1.059e-05 58999.2489 58999.3489 DMX_0116 
59021.2545 -4.1963954e-03 2.148e-04 59021.2045 59021.3045 DMX_0117 
59026.2198 -4.3513924e-03 1.059e-05 59026.1654 59026.2742 DMX_0118 
59043.1795 -4.3792924e-03 1.059e-05 59043.1252 59043.2339 DMX_0119 
59065.1247 -4.3006925e-03 1.059e-05 59065.0704 59065.1790 DMX_0120 
