# Mean DMX value = +4.380136e-05 
# Uncertainty in average DM = 1.61266e-04 
# Columns: DMXEP DMX_value DMX_var_err DMXR1 DMXR2 DMX_bin 
53449.4727 +8.2440215e-04 6.445e-05 53448.6655 53450.2800 DMX_0001 
53653.1287 +9.0990502e-04 5.664e-05 53651.4820 53654.7754 DMX_0002 
53688.0417 +9.2449184e-04 1.012e-04 53681.3975 53694.6860 DMX_0003 
53737.3918 +9.0079347e-04 5.620e-05 53736.2381 53738.5455 DMX_0004 
53768.8571 +7.8255395e-04 4.444e-05 53766.2621 53771.4521 DMX_0005 
53799.2405 +7.1696145e-04 5.524e-05 53798.0906 53800.3904 DMX_0006 
53838.6165 +7.0033857e-04 3.900e-05 53837.9690 53839.2639 DMX_0007 
53858.5691 +8.1140486e-04 4.310e-05 53857.9230 53859.2152 DMX_0008 
53889.4843 +8.2796445e-04 4.746e-05 53888.8356 53890.1330 DMX_0009 
53918.4024 +9.9267492e-04 5.047e-05 53917.7555 53919.0494 DMX_0010 
53980.7282 +1.1703637e-03 5.225e-05 53979.5819 53981.8745 DMX_0011 
54011.6432 +1.1030146e-03 6.262e-05 54009.4968 54013.7895 DMX_0012 
54036.0567 +1.0857322e-03 5.522e-05 54035.4274 54036.6859 DMX_0013 
54068.4872 +9.4203410e-04 5.552e-05 54064.3473 54072.6271 DMX_0014 
54100.9017 +9.2338721e-04 5.722e-05 54100.2511 54101.5522 DMX_0015 
54156.7500 +7.8885664e-04 5.905e-05 54156.1041 54157.3958 DMX_0016 
54184.6665 +8.8667804e-04 6.047e-05 54184.0144 54185.3186 DMX_0017 
54219.0762 +9.4897691e-04 6.392e-05 54217.9279 54220.2245 DMX_0018 
54374.1530 +1.2166872e-03 6.204e-05 54373.5053 54374.8007 DMX_0019 
54401.0781 +1.1501282e-03 6.275e-05 54400.4322 54401.7239 DMX_0020 
54463.9079 +1.0486638e-03 5.596e-05 54462.2611 54465.5546 DMX_0021 
54494.8083 +1.0278851e-03 6.718e-05 54494.1462 54495.4704 DMX_0022 
54552.6714 +9.5880276e-04 5.763e-05 54552.0218 54553.3210 DMX_0023 
54578.5942 +1.0051856e-03 5.507e-05 54575.9457 54581.2428 DMX_0024 
54641.4197 +1.1363724e-03 5.801e-05 54640.7728 54642.0665 DMX_0025 
54673.3285 +1.1290890e-03 6.479e-05 54672.6786 54673.9784 DMX_0026 
54709.2344 +1.2012053e-03 7.770e-05 54707.5920 54710.8767 DMX_0027 
54767.0765 +1.0993206e-03 5.753e-05 54765.4284 54768.7246 DMX_0028 
54789.5174 +1.1164334e-03 6.059e-05 54784.3817 54794.6531 DMX_0029 
54823.9181 +1.0104190e-03 6.350e-05 54820.2789 54827.5573 DMX_0030 
54852.8382 +8.7249797e-04 6.688e-05 54850.1950 54855.4815 DMX_0031 
54883.7556 +7.5755153e-04 6.381e-05 54882.1074 54885.4038 DMX_0032 
54945.0885 +8.8672989e-04 6.465e-05 54941.9433 54948.2337 DMX_0033 
54975.5053 +8.2097166e-04 6.514e-05 54972.8640 54978.1466 DMX_0034 
55004.4224 +8.8848762e-04 5.681e-05 55003.7738 55005.0711 DMX_0035 
55069.2462 +8.3805906e-04 5.530e-05 55065.6068 55072.8856 DMX_0036 
55097.6230 +8.7482763e-04 5.932e-05 55094.4825 55100.7636 DMX_0037 
55120.5620 +7.9393342e-04 5.577e-05 55118.4175 55122.7065 DMX_0038 
55155.9966 +7.5682123e-04 9.235e-05 55154.3303 55157.6630 DMX_0039 
55244.2221 +7.6525985e-04 6.148e-05 55243.0759 55245.3683 DMX_0040 
55276.6327 +6.9674230e-04 3.462e-05 55275.0864 55278.1790 DMX_0041 
55306.0517 +7.4854126e-04 3.530e-05 55305.0043 55307.0992 DMX_0042 
55338.4638 +7.9396395e-04 3.425e-05 55336.9182 55340.0095 DMX_0043 
55362.9416 +7.4159625e-04 5.023e-05 55360.8772 55365.0061 DMX_0044 
55392.8844 +7.8646573e-04 7.148e-05 55389.8471 55395.9216 DMX_0045 
55430.2679 +8.9902794e-04 3.109e-05 55429.7113 55430.8245 DMX_0046 
55462.6865 +9.2607362e-04 3.615e-05 55461.6385 55463.7345 DMX_0047 
55493.5383 +8.7680876e-04 3.408e-05 55493.4883 55493.5883 DMX_0048 
55520.9639 +7.7146446e-04 3.352e-05 55520.4155 55521.5123 DMX_0049 
55542.9671 +7.5103650e-04 3.860e-05 55542.4209 55543.5132 DMX_0050 
55549.3908 +7.4746125e-04 3.472e-05 55549.3408 55549.4408 DMX_0051 
55578.8648 +7.5994278e-04 3.294e-05 55578.3123 55579.4172 DMX_0052 
55616.7023 +6.8901507e-04 3.596e-05 55616.1527 55617.2520 DMX_0053 
55640.2015 +6.5601373e-04 3.333e-05 55639.1538 55641.2491 DMX_0054 
55674.1108 +6.0099689e-04 4.369e-05 55674.0608 55674.1608 DMX_0055 
55702.0236 +7.0123271e-04 4.926e-05 55699.9834 55704.0639 DMX_0056 
55731.4320 +7.9693449e-04 5.367e-05 55730.8769 55731.9872 DMX_0057 
55765.7928 +6.9421794e-04 3.456e-05 55765.7428 55765.8428 DMX_0058 
55773.7732 +7.1542183e-04 1.462e-04 55773.7232 55773.8232 DMX_0059 
55800.1988 +6.7584233e-04 3.310e-05 55799.6502 55800.7474 DMX_0060 
55827.6242 +6.4860504e-04 3.293e-05 55826.5770 55828.6714 DMX_0061 
55865.0224 +6.3383182e-04 3.172e-05 55864.4745 55865.5703 DMX_0062 
55892.9450 +5.9999518e-04 3.217e-05 55892.3965 55893.4934 DMX_0063 
55918.8735 +5.4475263e-04 3.247e-05 55918.3246 55919.4224 DMX_0064 
55948.7919 +5.1761527e-04 3.307e-05 55948.2431 55949.3408 DMX_0065 
55972.2500 +4.6874646e-04 2.859e-05 55972.1950 55972.3051 DMX_0066 
56002.0207 +5.3554812e-04 3.797e-05 56000.0195 56004.0219 DMX_0067 
56034.4954 +4.3756649e-04 3.423e-05 56033.9437 56035.0470 DMX_0068 
56065.3335 +5.9813889e-04 3.336e-05 56064.8041 56065.8629 DMX_0069 
56101.7270 +5.9267477e-04 3.303e-05 56100.6829 56102.7711 DMX_0070 
56130.6550 +4.4827868e-04 1.243e-04 56130.6050 56130.7050 DMX_0071 
56150.5764 +5.1864080e-04 3.248e-05 56149.5129 56151.6399 DMX_0072 
56171.5162 +5.2890614e-04 3.154e-05 56170.4356 56172.5968 DMX_0073 
56192.4650 +4.8692130e-04 3.226e-05 56192.3396 56192.5904 DMX_0074 
56208.9473 +4.6731769e-04 3.147e-05 56208.4247 56209.4700 DMX_0075 
56229.3705 +4.5127451e-04 3.132e-05 56229.2382 56229.5028 DMX_0076 
56251.2686 +4.0087207e-04 3.081e-05 56250.2022 56252.3349 DMX_0077 
56267.2253 +3.2812781e-04 2.778e-05 56266.1701 56268.2805 DMX_0078 
56288.2250 +2.7190824e-04 3.244e-05 56288.0974 56288.3527 DMX_0079 
56312.1480 +2.0250267e-04 3.307e-05 56312.0165 56312.2795 DMX_0080 
56331.6102 +8.9379026e-05 3.027e-05 56331.0958 56332.1247 DMX_0081 
56348.9897 -5.8433673e-06 2.994e-05 56346.9289 56351.0506 DMX_0082 
56367.8907 +1.5626711e-05 1.168e-04 56367.8407 56367.9407 DMX_0083 
56386.9461 -9.4400784e-05 3.164e-05 56386.8187 56387.0736 DMX_0084 
56410.9121 -8.5140142e-05 2.865e-05 56410.8621 56410.9621 DMX_0085 
56432.3362 -1.5237700e-04 2.711e-05 56431.7976 56432.8748 DMX_0086 
56452.2865 -2.0582689e-05 2.897e-05 56451.7061 56452.8668 DMX_0087 
56472.6833 -1.3636460e-04 1.363e-04 56472.6333 56472.7333 DMX_0088 
56486.6331 -7.2342071e-05 1.996e-05 56485.4129 56487.8534 DMX_0089 
56493.5785 -4.6583603e-05 2.248e-05 56492.5502 56494.6068 DMX_0090 
56521.5847 -1.4332121e-04 2.477e-05 56520.5281 56522.6413 DMX_0091 
56550.9859 -1.5849038e-04 2.848e-05 56550.4277 56551.5442 DMX_0092 
56585.8696 -2.2226889e-04 2.566e-05 56585.3047 56586.4345 DMX_0093 
56613.8136 -2.5180077e-04 2.516e-05 56613.2989 56614.3282 DMX_0094 
56639.2260 -2.8672985e-04 2.536e-05 56637.1938 56641.2582 DMX_0095 
56674.1344 -3.4355313e-04 3.013e-05 56671.1432 56677.1256 DMX_0096 
56704.5086 -3.7369154e-04 2.987e-05 56702.9425 56706.0747 DMX_0097 
56728.0156 -4.2782360e-04 2.949e-05 56726.9673 56729.0640 DMX_0098 
56734.0496 -4.7857392e-04 1.110e-04 56733.8865 56734.2127 DMX_0099 
56765.8383 -3.3950747e-04 3.008e-05 56765.7883 56765.8883 DMX_0100 
56793.3214 -3.3897058e-04 2.955e-05 56791.7797 56794.8631 DMX_0101 
56826.6924 -2.7511014e-04 3.067e-05 56823.6653 56829.7196 DMX_0102 
56850.6396 -1.7799499e-04 2.922e-05 56849.6102 56851.6691 DMX_0103 
56885.6115 -3.0789312e-04 2.888e-05 56885.5615 56885.6615 DMX_0104 
56893.5078 -2.7741950e-04 3.002e-05 56893.4578 56893.5578 DMX_0105 
56921.0038 -2.8054332e-04 3.234e-05 56920.4445 56921.5631 DMX_0106 
56943.8857 -2.6787965e-04 3.234e-05 56943.3511 56944.4203 DMX_0107 
56978.7608 -3.2559409e-04 3.168e-05 56978.1938 56979.3278 DMX_0108 
57012.7340 -4.2825203e-04 3.259e-05 57012.1607 57013.3073 DMX_0109 
57035.6649 -4.7432460e-04 2.982e-05 57035.1587 57036.1710 DMX_0110 
57071.5524 -4.4953257e-04 3.032e-05 57071.0285 57072.0764 DMX_0111 
57104.4671 -4.2298412e-04 3.039e-05 57103.9517 57104.9825 DMX_0112 
57131.4338 -4.0509577e-04 2.958e-05 57130.8827 57131.9850 DMX_0113 
57161.2896 -4.0828604e-04 3.226e-05 57160.7333 57161.8458 DMX_0114 
57194.2225 -1.5069316e-04 3.201e-05 57193.7122 57194.7327 DMX_0115 
57222.6304 -3.8124481e-04 1.410e-04 57222.5804 57222.6804 DMX_0116 
57248.5664 -3.2033082e-04 1.292e-04 57248.5164 57248.6164 DMX_0117 
57272.5696 -4.6370082e-04 1.251e-04 57272.5196 57272.6196 DMX_0118 
57305.9426 -4.7189771e-04 3.158e-05 57305.3915 57306.4937 DMX_0119 
57336.9124 -4.7057199e-04 3.049e-05 57336.3610 57337.4638 DMX_0120 
57374.2339 -5.2166320e-04 3.489e-05 57371.2257 57377.2421 DMX_0121 
57378.2467 -5.0870692e-04 3.217e-05 57378.1967 57378.2967 DMX_0122 
57394.7071 -5.2361466e-04 3.529e-05 57394.1227 57395.2915 DMX_0123 
57436.1047 -6.5258966e-04 3.209e-05 57433.0395 57439.1698 DMX_0124 
57458.4941 -6.5989534e-04 2.613e-05 57457.9321 57459.0562 DMX_0125 
57488.4114 -6.4665936e-04 2.965e-05 57487.8522 57488.9707 DMX_0126 
57522.3619 -5.3814221e-04 3.036e-05 57521.8275 57522.8963 DMX_0127 
57551.2773 -4.5442380e-04 3.277e-05 57550.7255 57551.8291 DMX_0128 
57585.1830 -5.0538920e-04 3.249e-05 57584.5821 57585.7839 DMX_0129 
57613.6114 -4.3188195e-04 3.137e-05 57612.6005 57614.6223 DMX_0130 
57650.0666 -4.5856469e-04 3.283e-05 57649.5155 57650.6176 DMX_0131 
57673.9741 -4.6690389e-04 3.265e-05 57673.4113 57674.5368 DMX_0132 
57705.8804 -5.0243427e-04 3.314e-05 57705.3543 57706.4065 DMX_0133 
57733.8275 -5.1712330e-04 3.330e-05 57733.2866 57734.3683 DMX_0134 
57767.6721 -6.4357590e-04 3.146e-05 57767.1237 57768.2205 DMX_0135 
57795.5724 -7.0259468e-04 3.180e-05 57795.0263 57796.1186 DMX_0136 
57831.5262 -7.7761134e-04 3.191e-05 57830.9524 57832.1000 DMX_0137 
57859.4424 -6.7504540e-04 3.207e-05 57858.8523 57860.0325 DMX_0138 
57893.3843 -7.8900623e-04 3.118e-05 57892.8281 57893.9404 DMX_0139 
57921.8030 -6.3820746e-04 1.424e-04 57921.7530 57921.8530 DMX_0140 
57949.2346 -6.6381128e-04 3.264e-05 57948.6811 57949.7880 DMX_0141 
57977.6407 -7.1224916e-04 3.093e-05 57976.5878 57978.6935 DMX_0142 
58012.0551 -7.6200440e-04 3.349e-05 58011.5065 58012.6037 DMX_0143 
58035.9825 -7.0717789e-04 4.134e-05 58035.4364 58036.5286 DMX_0144 
58061.9775 -7.1167971e-04 3.431e-05 58061.4216 58062.5334 DMX_0145 
58102.3422 -8.1603709e-04 3.409e-05 58101.3292 58103.3551 DMX_0146 
58135.7547 -9.0963065e-04 3.377e-05 58135.1844 58136.3249 DMX_0147 
58160.6624 -1.0044989e-03 3.207e-05 58160.1118 58161.2131 DMX_0148 
58187.5911 -1.0278481e-03 3.249e-05 58187.0460 58188.1363 DMX_0149 
58216.0169 -9.9260139e-04 1.263e-04 58215.9669 58216.0669 DMX_0150 
58240.4603 -1.0593422e-03 3.184e-05 58239.8987 58241.0219 DMX_0151 
58272.3579 -1.1264522e-03 3.465e-05 58271.8074 58272.9083 DMX_0152 
58301.2745 -1.1229327e-03 3.297e-05 58300.7246 58301.8244 DMX_0153 
58335.1357 -1.1054512e-03 3.201e-05 58334.5788 58335.6927 DMX_0154 
58365.0344 -1.0834443e-03 3.202e-05 58364.4948 58365.5739 DMX_0155 
58396.9516 -1.1023092e-03 3.484e-05 58396.4027 58397.5005 DMX_0156 
58424.8648 -1.1165553e-03 3.154e-05 58424.3270 58425.4026 DMX_0157 
58459.7764 -1.1742572e-03 3.227e-05 58459.2259 58460.3269 DMX_0158 
58489.6924 -1.2883778e-03 3.215e-05 58489.1441 58490.2406 DMX_0159 
58517.6317 -1.4292908e-03 3.021e-05 58517.0883 58518.1751 DMX_0160 
58544.5484 -1.4710508e-03 3.075e-05 58543.9962 58545.1007 DMX_0161 
58581.4464 -1.5401516e-03 2.736e-05 58579.9008 58582.9919 DMX_0162 
58605.8604 -1.6739183e-03 1.385e-04 58605.8104 58605.9104 DMX_0163 
58636.2978 -1.4507908e-03 3.403e-05 58635.7501 58636.8455 DMX_0164 
58671.2078 -1.2611629e-03 3.872e-05 58670.6648 58671.7508 DMX_0165 
58699.1187 -1.3533954e-03 3.354e-05 58698.5680 58699.6694 DMX_0166 
58729.0351 -1.3189918e-03 3.614e-05 58728.4860 58729.5841 DMX_0167 
58762.4300 -1.2771178e-03 3.444e-05 58762.3800 58762.4800 DMX_0168 
58787.8979 -1.3610652e-03 3.337e-05 58787.3481 58788.4478 DMX_0169 
58819.7984 -1.3874074e-03 3.430e-05 58819.2724 58820.3244 DMX_0170 
58850.2011 -1.4080193e-03 3.499e-05 58849.1514 58851.2509 DMX_0171 
58879.6183 -1.5289981e-03 3.799e-05 58879.0692 58880.1674 DMX_0172 
58907.5435 -1.5341799e-03 3.701e-05 58907.0031 58908.0839 DMX_0173 
58942.4674 -1.5779474e-03 4.089e-05 58941.9339 58943.0010 DMX_0174 
