# Mean DMX value = +1.931002e-05 
# Uncertainty in average DM = 7.32786e-05 
# Columns: DMXEP DMX_value DMX_var_err DMXR1 DMXR2 DMX_bin 
55704.0434 +1.5913968e-04 1.084e-04 55703.9934 55704.0934 DMX_0001 
55827.6840 +4.3531492e-05 4.119e-05 55826.6367 55828.7313 DMX_0002 
55865.0818 +1.6709071e-04 9.306e-05 55864.5331 55865.6305 DMX_0003 
55893.0051 +4.9655951e-05 6.059e-05 55892.4563 55893.5538 DMX_0004 
55918.9344 +8.2894706e-06 3.594e-05 55918.3860 55919.4829 DMX_0005 
55948.8523 -1.4453768e-04 8.831e-05 55948.3037 55949.4008 DMX_0006 
55972.2042 -7.7171151e-05 4.152e-05 55972.0790 55972.3293 DMX_0007 
56002.0543 +2.6297728e-05 4.399e-05 56000.0467 56004.0619 DMX_0008 
56034.5173 -6.1165388e-05 5.853e-05 56033.9653 56035.0693 DMX_0009 
56065.3581 +6.4032480e-05 9.105e-05 56064.8286 56065.8875 DMX_0010 
56101.7506 +7.4501377e-05 2.570e-05 56100.7067 56102.7945 DMX_0011 
56130.6761 +1.0501665e-04 6.534e-04 56130.6261 56130.7261 DMX_0012 
56150.5973 +6.7400630e-06 3.598e-05 56149.5374 56151.6571 DMX_0013 
56171.5365 -1.3349910e-04 5.284e-05 56170.4540 56172.6189 DMX_0014 
56192.4864 -4.2934253e-05 3.687e-05 56192.3619 56192.6110 DMX_0015 
56208.9706 +2.7192108e-05 4.086e-05 56208.4473 56209.4939 DMX_0016 
56229.3160 -4.0758553e-05 2.264e-04 56229.2660 56229.3660 DMX_0017 
56252.3080 -2.7051301e-05 8.661e-05 56252.2580 56252.3580 DMX_0018 
56267.2515 +5.2211329e-05 3.526e-05 56266.1935 56268.3094 DMX_0019 
56288.2464 +8.9787975e-06 8.892e-05 56288.1207 56288.3721 DMX_0020 
56312.1678 +6.1797680e-05 5.946e-05 56312.0395 56312.2962 DMX_0021 
56331.6307 +5.6371496e-05 3.183e-05 56331.1126 56332.1488 DMX_0022 
56349.0090 +7.3223412e-05 4.914e-05 56346.9500 56351.0681 DMX_0023 
56367.9081 +1.2580975e-04 7.265e-05 56367.8581 56367.9581 DMX_0024 
56386.9644 +1.9660300e-04 1.226e-04 56386.8386 56387.0902 DMX_0025 
56410.9324 +3.8202268e-05 3.858e-05 56410.8824 56410.9824 DMX_0026 
56432.3342 +1.1670136e-04 3.943e-05 56431.8187 56432.8497 DMX_0027 
56452.3068 +1.8227701e-04 2.973e-05 56451.7261 56452.8875 DMX_0028 
56472.7034 +1.3084418e-04 5.077e-04 56472.6534 56472.7534 DMX_0029 
56493.5984 +1.7062075e-04 2.914e-05 56492.5699 56494.6269 DMX_0030 
56521.6132 +2.2131704e-04 6.527e-05 56520.5576 56522.6688 DMX_0031 
56551.0122 +1.3436570e-04 7.839e-05 56550.4546 56551.5697 DMX_0032 
56585.8964 +3.2191054e-05 5.243e-05 56585.3317 56586.4612 DMX_0033 
56613.8419 +7.0856422e-05 5.056e-05 56613.3278 56614.3559 DMX_0034 
56639.2504 +9.5167863e-05 3.006e-05 56637.2152 56641.2855 DMX_0035 
56674.1709 +1.3500507e-04 5.238e-05 56671.1728 56677.1691 DMX_0036 
56704.5559 +2.8523654e-05 4.405e-05 56702.9845 56706.1274 DMX_0037 
56727.9505 +2.3815673e-05 1.166e-04 56726.7841 56729.1168 DMX_0038 
56736.9459 +2.0922018e-04 1.665e-04 56736.8698 56737.0219 DMX_0039 
56763.8946 +1.6133501e-04 5.398e-05 56763.8391 56763.9500 DMX_0040 
56793.3635 +2.2843005e-05 1.009e-04 56791.8218 56794.9052 DMX_0041 
56826.7404 +1.4545580e-04 6.062e-05 56823.7073 56829.7734 DMX_0042 
56849.7085 +1.3076724e-03 5.875e-04 56849.6537 56849.7632 DMX_0043 
56885.6585 +1.9476743e-04 1.142e-04 56885.6033 56885.7137 DMX_0044 
56893.5462 +1.2764242e-04 2.992e-05 56893.4962 56893.5962 DMX_0045 
56921.0522 +3.3552857e-05 1.778e-04 56920.4873 56921.6172 DMX_0046 
56943.4490 -8.9090353e-05 5.729e-05 56943.3938 56943.5043 DMX_0047 
56978.8073 +8.5588969e-06 3.492e-05 56978.2355 56979.3792 DMX_0048 
57013.3044 +6.0511258e-07 9.780e-05 57013.2492 57013.3595 DMX_0049 
57036.8515 -5.5885707e-05 2.835e-05 57035.2039 57038.4991 DMX_0050 
57071.5952 -4.2085341e-05 2.964e-05 57071.0597 57072.1306 DMX_0051 
57104.5234 -7.6351587e-05 1.241e-04 57103.9951 57105.0518 DMX_0052 
57130.9802 -1.0644762e-05 7.066e-05 57130.9249 57131.0356 DMX_0053 
57161.3352 -4.5970395e-05 8.127e-05 57160.7771 57161.8933 DMX_0054 
57194.2702 -4.4129599e-05 2.742e-05 57193.7555 57194.7850 DMX_0055 
57222.6855 +1.7328833e-04 6.931e-04 57222.6355 57222.7355 DMX_0056 
57248.8183 -2.6252447e-05 6.559e-05 57248.7625 57248.8740 DMX_0057 
57272.4130 -1.2216216e-04 1.593e-04 57272.3577 57272.4684 DMX_0058 
57300.5700 -3.2091653e-05 9.794e-05 57300.5149 57300.6251 DMX_0059 
57334.9782 -1.3788117e-04 8.331e-05 57334.4284 57335.5281 DMX_0060 
57365.0799 -2.9535044e-04 4.849e-05 57364.5760 57365.5838 DMX_0061 
57394.8606 -1.0338540e-04 1.451e-04 57394.2779 57395.4433 DMX_0062 
57431.9776 -2.6521608e-04 5.791e-05 57431.4084 57432.5467 DMX_0063 
57458.0166 -2.1433329e-04 1.430e-04 57457.8455 57458.1878 DMX_0064 
57489.4343 -1.9671914e-04 4.580e-05 57488.7641 57490.1046 DMX_0065 
57522.5800 -9.3707835e-05 4.348e-05 57522.0253 57523.1347 DMX_0066 
57551.4419 -1.0170549e-04 6.957e-05 57550.8674 57552.0164 DMX_0067 
57579.2602 +5.6614449e-05 1.936e-04 57578.5032 57580.0171 DMX_0068 
57614.8862 -3.2586330e-04 2.706e-04 57614.8362 57614.9362 DMX_0069 
57644.9600 -3.3856851e-05 9.095e-05 57644.4097 57645.5103 DMX_0070 
57672.7985 -1.4752972e-04 2.889e-05 57672.2425 57673.3544 DMX_0071 
57701.7777 -2.1717980e-04 6.150e-05 57701.2231 57702.3323 DMX_0072 
57729.9835 -2.2350184e-04 2.978e-05 57729.4467 57730.5204 DMX_0073 
57764.8978 -1.8464764e-04 3.046e-05 57764.4515 57765.3442 DMX_0074 
57795.1006 -1.0819459e-04 8.645e-05 57794.9199 57795.2813 DMX_0075 
57830.0026 -3.3950828e-05 8.652e-05 57829.9526 57830.0526 DMX_0076 
57857.0694 -1.2959197e-04 3.039e-05 57856.9511 57857.1877 DMX_0077 
57887.0072 +6.8678178e-05 4.410e-05 57886.7669 57887.2474 DMX_0078 
57914.0519 -1.3832943e-04 1.431e-04 57913.9966 57914.1073 DMX_0079 
57942.0600 -6.5963071e-04 5.483e-04 57942.0100 57942.1100 DMX_0080 
57949.4420 -1.4865033e-05 9.995e-05 57948.8916 57949.9925 DMX_0081 
57978.3535 +2.8704797e-05 9.224e-05 57977.7980 57978.9089 DMX_0082 
58011.8328 -2.6106941e-04 1.047e-04 58011.7150 58011.9506 DMX_0083 
58040.6455 -2.2181624e-04 1.001e-04 58040.5899 58040.7012 DMX_0084 
58063.3701 +6.9678026e-04 1.400e-03 58063.3201 58063.4201 DMX_0085 
58094.0361 +1.2837214e-04 1.270e-04 58093.4554 58094.6168 DMX_0086 
58129.5314 +6.0963276e-05 4.188e-05 58129.4814 58129.5814 DMX_0087 
58160.8642 -1.1181136e-04 3.824e-05 58160.3088 58161.4196 DMX_0088 
58181.8201 -1.3152265e-04 8.504e-05 58181.1837 58182.4565 DMX_0089 
58210.1771 -1.3533475e-04 2.505e-05 58210.0591 58210.2951 DMX_0090 
58238.8746 -1.8361256e-04 6.109e-05 58238.7569 58238.9922 DMX_0091 
58265.9685 -1.6159004e-04 4.661e-05 58265.8505 58266.0865 DMX_0092 
58301.4814 -1.3011459e-04 3.077e-05 58300.9293 58302.0336 DMX_0093 
58334.9946 -7.5813149e-05 3.084e-05 58334.4477 58335.5414 DMX_0094 
58364.9019 -6.2695001e-05 6.823e-05 58364.3579 58365.4460 DMX_0095 
58396.8377 -2.0630103e-05 5.294e-05 58396.2745 58397.4010 DMX_0096 
58424.7347 -3.9594589e-05 3.643e-05 58424.1811 58425.2884 DMX_0097 
58459.5867 +2.4204158e-05 4.396e-05 58459.0974 58460.0759 DMX_0098 
58488.0043 -1.2049177e-05 3.627e-05 58487.8892 58488.1195 DMX_0099 
58517.0116 +5.6854106e-05 1.091e-04 58516.9616 58517.0616 DMX_0100 
58542.4678 +2.9728391e-05 3.332e-05 58541.8883 58543.0474 DMX_0101 
58580.3146 +2.1557397e-06 2.745e-05 58579.7651 58580.8641 DMX_0102 
58606.2370 -6.4128255e-05 1.047e-04 58605.6827 58606.7913 DMX_0103 
58636.1734 +2.2457854e-05 2.192e-04 58635.6229 58636.7238 DMX_0104 
58670.5755 -1.9355663e-05 5.015e-04 58670.5255 58670.6255 DMX_0105 
58698.9930 +5.8094246e-05 5.033e-05 58698.4416 58699.5443 DMX_0106 
58728.9086 +3.3493475e-06 4.402e-05 58728.3580 58729.4593 DMX_0107 
58758.8886 +8.5095256e-05 6.275e-05 58758.3403 58759.4370 DMX_0108 
58787.7728 +2.5178493e-05 3.638e-05 58787.2222 58788.3233 DMX_0109 
58819.6687 -5.2603550e-05 4.720e-05 58819.1399 58820.1975 DMX_0110 
58850.0162 -1.1572494e-04 4.484e-05 58849.9662 58850.0662 DMX_0111 
58882.4591 -5.2684168e-05 3.079e-05 58880.9412 58883.9770 DMX_0112 
58906.9109 -5.9304684e-06 3.146e-05 58906.8609 58906.9609 DMX_0113 
58939.9583 +1.3675932e-04 1.827e-04 58939.9083 58940.0083 DMX_0114 
