# Mean DMX value = -1.194499e-05 
# Uncertainty in average DM = 3.16854e-04 
# Columns: DMXEP DMX_value DMX_var_err DMXR1 DMXR2 DMX_bin 
56351.0563 -8.9924870e-04 7.179e-04 56351.0063 56351.1063 DMX_0001 
56367.9626 +4.3457310e-05 7.293e-04 56367.9126 56368.0126 DMX_0002 
56387.0044 -5.7369877e-04 1.545e-04 56386.8797 56387.1291 DMX_0003 
56410.9730 -6.0750372e-04 9.354e-05 56410.9230 56411.0230 DMX_0004 
56432.3855 -4.7809754e-04 2.082e-04 56431.8604 56432.9106 DMX_0005 
56452.3470 -7.4084327e-04 1.468e-04 56451.7652 56452.9288 DMX_0006 
56472.7423 -6.3143672e-04 7.567e-04 56472.6923 56472.7923 DMX_0007 
56493.6387 -6.4203069e-04 9.184e-05 56492.6097 56494.6678 DMX_0008 
56521.6706 -7.2910071e-04 1.185e-04 56520.6154 56522.7259 DMX_0009 
56551.0640 -7.9499971e-04 8.660e-05 56550.5096 56551.6185 DMX_0010 
56585.9509 -8.6476868e-04 1.233e-04 56585.3850 56586.5169 DMX_0011 
56613.8997 -2.7366830e-04 1.491e-04 56613.3870 56614.4124 DMX_0012 
56639.2972 -7.5196859e-04 9.933e-05 56637.2552 56641.3391 DMX_0013 
56674.2223 -5.7757366e-04 1.682e-04 56671.2293 56677.2152 DMX_0014 
56704.6030 -4.5581174e-04 1.487e-04 56703.0400 56706.1660 DMX_0015 
56727.1178 -3.1873756e-04 1.201e-04 56727.0579 56727.1778 DMX_0016 
56764.9395 -7.0828867e-04 1.146e-04 56763.8943 56765.9846 DMX_0017 
56793.4115 -6.3507518e-04 9.971e-05 56791.8750 56794.9480 DMX_0018 
56826.7890 -5.6750705e-04 1.348e-04 56823.7604 56829.8175 DMX_0019 
56850.7396 -6.9806180e-04 1.097e-04 56849.7136 56851.7656 DMX_0020 
56885.7072 -9.2508283e-04 1.164e-04 56885.6572 56885.7572 DMX_0021 
56893.5866 -6.7993553e-04 1.082e-04 56893.5366 56893.6366 DMX_0022 
56921.1024 -6.9064504e-04 1.190e-04 56920.5421 56921.6627 DMX_0023 
56943.9818 -7.6045295e-04 6.206e-05 56943.4474 56944.5162 DMX_0024 
56978.8569 -5.9281674e-04 1.125e-04 56978.2906 56979.4232 DMX_0025 
57012.8309 -5.6169411e-04 1.056e-04 57012.2588 57013.4030 DMX_0026 
57035.7658 -5.9587658e-04 1.028e-04 57035.2521 57036.2794 DMX_0027 
57072.1297 -5.0172940e-04 9.108e-05 57072.0797 57072.1797 DMX_0028 
57105.0380 -4.9892626e-04 2.122e-04 57104.9880 57105.0880 DMX_0029 
57131.5325 -7.2751532e-04 7.894e-05 57130.9851 57132.0798 DMX_0030 
57161.3877 -1.1129767e-04 1.674e-04 57160.8324 57161.9431 DMX_0031 
57194.3201 -5.0350842e-04 9.208e-05 57193.8122 57194.8281 DMX_0032 
57222.7381 -2.1575241e-03 8.085e-04 57222.6881 57222.7881 DMX_0033 
57248.5897 -5.7572361e-04 5.046e-04 57248.5348 57248.6446 DMX_0034 
57272.5923 -2.5970597e-04 5.823e-04 57272.5423 57272.6423 DMX_0035 
57305.9658 -6.0834301e-04 1.282e-04 57305.4148 57306.5167 DMX_0036 
57336.9312 -4.3890361e-04 7.321e-05 57336.3782 57337.4843 DMX_0037 
57374.2513 -5.5278823e-05 1.923e-04 57371.2494 57377.2532 DMX_0038 
57378.2565 -2.3982810e-04 1.293e-04 57378.2065 57378.3065 DMX_0039 
57394.7269 -3.3635892e-04 8.026e-05 57394.1450 57395.3089 DMX_0040 
57436.0863 -5.0463671e-04 8.698e-05 57433.0606 57439.1120 DMX_0041 
57458.5189 -8.8353750e-05 1.102e-04 57457.9516 57459.0862 DMX_0042 
57488.4371 -3.6388988e-05 1.450e-04 57487.8748 57488.9994 DMX_0043 
57522.3868 -2.0368274e-04 1.951e-04 57521.8473 57522.9264 DMX_0044 
57551.2994 -2.2683913e-04 1.233e-04 57550.7487 57551.8500 DMX_0045 
57585.2062 -4.3097324e-04 1.324e-04 57584.6048 57585.8077 DMX_0046 
57613.6324 +1.9036886e-04 1.912e-04 57612.6247 57614.6401 DMX_0047 
57650.0866 -1.8443443e-04 9.453e-05 57649.5402 57650.6330 DMX_0048 
57674.0011 +2.6700356e-05 1.235e-04 57673.4358 57674.5663 DMX_0049 
57705.9064 -2.9915333e-04 6.814e-05 57705.3765 57706.4364 DMX_0050 
57733.8514 -1.4590581e-04 7.530e-05 57733.3112 57734.3916 DMX_0051 
57767.6954 -2.9572644e-04 9.784e-05 57767.1465 57768.2443 DMX_0052 
57795.5955 -4.4926023e-05 7.870e-05 57795.0507 57796.1403 DMX_0053 
57831.5469 +9.2371549e-05 7.988e-05 57830.9717 57832.1220 DMX_0054 
57859.4662 +9.4748760e-05 6.136e-05 57858.8754 57860.0570 DMX_0055 
57893.4065 +3.1304635e-04 1.086e-04 57892.8509 57893.9621 DMX_0056 
57922.3337 -3.5185402e-04 2.094e-04 57921.7765 57922.8910 DMX_0057 
57949.2555 +2.1964457e-04 1.194e-04 57948.7010 57949.8099 DMX_0058 
57977.6629 +2.2278360e-04 9.701e-05 57976.6111 57978.7147 DMX_0059 
58012.0771 +7.7469854e-05 6.093e-05 58011.5282 58012.6260 DMX_0060 
58036.0064 -2.3773975e-04 4.749e-04 58035.4583 58036.5544 DMX_0061 
58061.9991 +1.1096370e-04 6.617e-05 58061.4420 58062.5563 DMX_0062 
58102.3646 +3.9397803e-04 1.469e-04 58101.3519 58103.3774 DMX_0063 
58135.7741 +2.3100037e-04 8.590e-05 58135.2031 58136.3451 DMX_0064 
58160.6815 +7.1261263e-04 1.879e-04 58160.1314 58161.2316 DMX_0065 
58187.6129 +5.8322506e-04 1.702e-04 58187.0687 58188.1570 DMX_0066 
58216.5293 +2.1311440e-04 1.466e-04 58215.9843 58217.0742 DMX_0067 
58240.4789 +2.8041533e-04 1.279e-04 58239.9151 58241.0427 DMX_0068 
58272.3777 +6.1918269e-04 8.230e-05 58271.8269 58272.9284 DMX_0069 
58301.2946 +6.4621140e-04 1.212e-04 58300.7443 58301.8448 DMX_0070 
58335.1565 +6.1400362e-04 8.491e-05 58334.6011 58335.7119 DMX_0071 
58365.0568 +4.9434883e-04 7.958e-05 58364.5174 58365.5963 DMX_0072 
58396.9716 +5.9239435e-04 1.106e-04 58396.4225 58397.5207 DMX_0073 
58424.8828 +4.7543250e-04 9.035e-05 58424.3440 58425.4217 DMX_0074 
58459.7961 +6.0705193e-04 8.422e-05 58459.2460 58460.3461 DMX_0075 
58489.7122 +6.6120377e-04 9.324e-05 58489.1638 58490.2607 DMX_0076 
58517.6602 +8.5122396e-04 1.314e-04 58517.1265 58518.1939 DMX_0077 
58544.5680 +8.5145723e-04 9.595e-05 58544.0163 58545.1197 DMX_0078 
58581.9620 +1.1104571e-03 8.412e-05 58580.9121 58583.0119 DMX_0079 
58605.8800 +9.4708842e-04 7.889e-04 58605.8300 58605.9300 DMX_0080 
58636.3173 +1.1180630e-03 1.067e-04 58635.7691 58636.8656 DMX_0081 
58671.2267 +1.2461975e-03 1.062e-04 58670.6822 58671.7712 DMX_0082 
58699.6396 +1.3898949e-03 1.338e-04 58699.5896 58699.6896 DMX_0083 
58729.0547 +1.2216546e-03 1.001e-04 58728.5052 58729.6043 DMX_0084 
58762.4501 +1.1424938e-03 1.363e-04 58762.4001 58762.5001 DMX_0085 
58787.9186 +1.1820450e-03 1.292e-04 58787.3687 58788.4685 DMX_0086 
58819.8178 +1.0891879e-03 1.647e-04 58819.2910 58820.3445 DMX_0087 
58849.2214 +1.4917309e-03 2.631e-04 58849.1714 58849.2714 DMX_0088 
58879.6383 +1.6944178e-03 2.408e-04 58879.0890 58880.1877 DMX_0089 
58907.5621 +1.4612498e-03 1.455e-04 58907.0198 58908.1043 DMX_0090 
58942.4873 +1.5072907e-03 1.271e-04 58941.9536 58943.0211 DMX_0091 
