# Mean DMX value = -1.665782e-04 
# Uncertainty in average DM = 2.01834e-05 
# Columns: DMXEP DMX_value DMX_var_err DMXR1 DMXR2 DMX_bin 
53271.3971 -3.1083833e-04 1.451e-04 53267.2866 53275.5075 DMX_0001 
53448.2705 -9.6793296e-04 1.840e-04 53446.1960 53450.3449 DMX_0002 
53535.4603 -7.4554764e-04 1.328e-04 53534.8014 53536.1192 DMX_0003 
53645.6792 -6.8844063e-04 2.059e-04 53639.5436 53651.8149 DMX_0004 
53688.5596 -5.9129934e-04 9.216e-05 53681.5263 53695.5929 DMX_0005 
53737.4184 -7.3149343e-04 1.611e-04 53736.2656 53738.5713 DMX_0006 
53770.3833 -8.1504046e-04 1.804e-04 53769.2868 53771.4797 DMX_0007 
53799.2667 -8.5625546e-04 1.416e-04 53798.1167 53800.4167 DMX_0008 
53838.6590 -1.2430235e-03 2.024e-04 53838.0201 53839.2979 DMX_0009 
53858.5999 -1.3322914e-03 3.586e-04 53857.9544 53859.2455 DMX_0010 
53889.5148 -7.2639522e-04 9.425e-05 53888.8689 53890.1606 DMX_0011 
53918.4310 -5.1547067e-04 9.694e-05 53917.7826 53919.0794 DMX_0012 
53980.7558 -3.7470531e-04 1.468e-04 53979.6089 53981.9027 DMX_0013 
54036.0866 -7.9635843e-04 1.673e-04 54035.4559 54036.7172 DMX_0014 
54068.5142 -1.0303692e-03 2.966e-04 54064.3754 54072.6531 DMX_0015 
54100.9305 -1.1785643e-03 2.190e-04 54100.2789 54101.5821 DMX_0016 
54156.7740 -1.0011974e-03 1.626e-04 54156.1269 54157.4211 DMX_0017 
54184.6966 -9.4844278e-04 1.620e-04 54184.0482 54185.3450 DMX_0018 
54219.1026 -8.5612185e-04 1.335e-04 54217.9529 54220.2523 DMX_0019 
54374.1814 -1.6660018e-04 3.565e-04 54373.5301 54374.8327 DMX_0020 
54401.1046 -5.4561067e-04 1.632e-04 54400.4568 54401.7524 DMX_0021 
54429.0412 -7.8883069e-04 4.010e-04 54428.3803 54429.7022 DMX_0022 
54463.9349 -7.4708667e-04 1.918e-04 54462.2883 54465.5815 DMX_0023 
54494.8401 -7.8955624e-04 1.873e-04 54494.1837 54495.4964 DMX_0024 
54552.1507 -1.1373112e-03 1.566e-04 54551.0533 54553.2480 DMX_0025 
54578.6199 -1.1328516e-03 4.309e-04 54575.9751 54581.2648 DMX_0026 
54641.4445 -7.9991578e-04 2.107e-04 54640.7954 54642.0936 DMX_0027 
54709.2594 -8.5934580e-04 9.209e-05 54707.6126 54710.9062 DMX_0028 
54734.1947 -7.6322443e-04 1.374e-04 54733.5495 54734.8398 DMX_0029 
54796.6860 -6.8283026e-04 1.633e-04 54794.3780 54798.9940 DMX_0030 
54852.8633 -1.0179906e-03 4.385e-04 54850.2176 54855.5090 DMX_0031 
54883.7808 -1.3566806e-03 1.216e-04 54882.1348 54885.4269 DMX_0032 
54914.6973 -1.7809961e-03 1.227e-04 54913.0517 54916.3429 DMX_0033 
54945.1134 -1.4456839e-03 1.171e-04 54941.9720 54948.2547 DMX_0034 
54975.5301 -1.3116432e-03 8.012e-05 54972.8865 54978.1737 DMX_0035 
55004.4510 -1.4766212e-03 2.661e-04 55003.8020 55005.1000 DMX_0036 
55030.3800 -9.2856099e-04 1.482e-04 55029.7310 55031.0290 DMX_0037 
55069.2740 -7.1298968e-04 2.231e-04 55065.6336 55072.9143 DMX_0038 
55097.6682 -7.2652340e-04 1.527e-04 55094.5262 55100.8103 DMX_0039 
55120.6055 -1.0699797e-03 1.542e-04 55118.4611 55122.7499 DMX_0040 
55156.0301 -1.1236655e-03 1.510e-04 55154.3632 55157.6970 DMX_0041 
55215.3456 -6.2208695e-04 1.896e-04 55214.1980 55216.4932 DMX_0042 
55276.6786 +5.3169120e-05 6.769e-05 55275.1287 55278.2285 DMX_0043 
55306.0976 +1.0935208e-04 1.342e-04 55305.0462 55307.1489 DMX_0044 
55338.5091 +2.5118491e-04 1.245e-04 55336.9590 55340.0591 DMX_0045 
55360.9509 +1.1583299e-04 1.299e-04 55360.9009 55361.0009 DMX_0046 
55392.9134 +6.5128960e-05 1.895e-04 55389.8766 55395.9502 DMX_0047 
55430.3055 -3.4942426e-04 2.707e-04 55429.7565 55430.8544 DMX_0048 
55462.7171 -3.2363035e-04 7.950e-05 55461.6699 55463.7642 DMX_0049 
55493.0865 -1.7643168e-04 6.356e-05 55492.5340 55493.6389 DMX_0050 
55521.0101 -2.9196006e-04 8.326e-05 55520.4576 55521.5625 DMX_0051 
55542.9978 -1.7599302e-04 5.594e-05 55542.4486 55543.5470 DMX_0052 
55578.8991 -3.7291875e-04 1.390e-04 55578.3508 55579.4475 DMX_0053 
55616.7481 -3.2501157e-04 9.703e-05 55616.1956 55617.3006 DMX_0054 
55640.2313 -3.8894001e-04 8.404e-05 55639.1838 55641.2788 DMX_0055 
55672.1432 -2.6484496e-04 1.128e-04 55670.0987 55674.1876 DMX_0056 
55702.0627 -1.6354532e-04 1.080e-04 55700.0180 55704.1073 DMX_0057 
55731.4826 -1.6564786e-04 1.593e-04 55730.9355 55732.0296 DMX_0058 
55765.8397 +8.5401674e-05 8.351e-05 55765.7859 55765.8934 DMX_0059 
55773.8176 +2.3426841e-04 4.094e-04 55773.7640 55773.8711 DMX_0060 
55800.2451 +7.9983617e-05 5.854e-05 55799.6923 55800.7979 DMX_0061 
55827.6648 +6.7415479e-05 5.961e-05 55826.6160 55828.7136 DMX_0062 
55865.0643 +3.2873961e-05 2.548e-04 55864.5123 55865.6164 DMX_0063 
55892.9882 -1.3952029e-05 8.221e-05 55892.4359 55893.5406 DMX_0064 
55918.9170 +2.4843519e-04 7.226e-05 55918.3645 55919.4696 DMX_0065 
55948.8366 +4.6018783e-04 9.423e-05 55948.2858 55949.3875 DMX_0066 
55972.2262 +2.5360114e-04 7.213e-05 55972.0982 55972.3542 DMX_0067 
56002.0759 -8.2542149e-05 1.187e-04 56000.0730 56004.0788 DMX_0068 
56034.5409 -1.2105523e-04 2.280e-04 56033.9849 56035.0968 DMX_0069 
56065.3820 -3.0055306e-04 9.074e-05 56064.8479 56065.9162 DMX_0070 
56101.7738 -3.8183372e-04 6.498e-05 56100.7249 56102.8228 DMX_0071 
56130.6980 -9.3660382e-04 3.449e-04 56130.6434 56130.7526 DMX_0072 
56150.6139 -2.3791623e-04 7.096e-05 56149.5557 56151.6720 DMX_0073 
56171.5599 -9.3393694e-05 7.895e-05 56170.4731 56172.6468 DMX_0074 
56192.5094 -1.1888535e-04 6.008e-05 56192.3802 56192.6387 DMX_0075 
56208.9935 -1.1672153e-04 8.061e-05 56208.4651 56209.5219 DMX_0076 
56229.4961 -1.2009843e-04 1.592e-04 56229.4461 56229.5461 DMX_0077 
56251.3152 -1.6847401e-04 6.173e-05 56250.2443 56252.3862 DMX_0078 
56267.2755 -2.2102046e-04 9.799e-05 56266.2132 56268.3377 DMX_0079 
56288.2692 -4.5174700e-04 1.626e-04 56288.1401 56288.3983 DMX_0080 
56312.1865 -1.2555879e-04 8.432e-05 56312.0580 56312.3151 DMX_0081 
56331.6612 -8.1859958e-05 5.582e-05 56331.1454 56332.1770 DMX_0082 
56349.0294 +4.8610101e-05 6.034e-05 56346.9675 56351.0914 DMX_0083 
56367.9302 -1.3626483e-04 1.844e-04 56367.8763 56367.9841 DMX_0084 
56386.9820 -9.3353963e-05 6.045e-05 56386.8551 56387.1088 DMX_0085 
56410.9524 -1.3586759e-04 5.312e-05 56410.8986 56411.0061 DMX_0086 
56432.3640 -1.4707547e-04 6.323e-05 56431.8345 56432.8936 DMX_0087 
56448.7401 -2.3721929e-04 8.263e-05 56445.6304 56451.8498 DMX_0088 
56452.8577 -3.8937251e-04 1.956e-04 56452.8037 56452.9118 DMX_0089 
56472.7227 -1.1115855e-03 5.017e-04 56472.6689 56472.7765 DMX_0090 
56493.6183 -1.3506251e-04 1.073e-04 56492.5857 56494.6508 DMX_0091 
56521.6403 +2.8736890e-04 9.795e-05 56520.5845 56522.6962 DMX_0092 
56551.0404 -1.4635658e-04 7.722e-05 56550.4810 56551.5998 DMX_0093 
56585.9231 -7.1688511e-07 6.177e-05 56585.3572 56586.4891 DMX_0094 
56614.3281 +2.3625855e-04 6.973e-05 56614.2720 56614.3842 DMX_0095 
56639.2710 +2.6026806e-04 8.491e-05 56637.2298 56641.3122 DMX_0096 
56674.1983 +2.1932597e-04 1.121e-04 56671.1988 56677.1978 DMX_0097 
56794.8768 +8.3604699e-05 1.503e-04 56794.8228 56794.9308 DMX_0098 
56826.7647 +3.0967384e-04 1.215e-04 56823.7314 56829.7979 DMX_0099 
56850.7123 +5.7310480e-04 2.754e-04 56849.6787 56851.7460 DMX_0100 
56885.6828 +2.1085442e-04 1.038e-04 56885.6280 56885.7377 DMX_0101 
56893.5670 +3.2418897e-04 8.840e-05 56893.5133 56893.6208 DMX_0102 
56921.0773 +2.3730588e-04 6.220e-05 56920.5121 56921.6425 DMX_0103 
56943.9576 +3.7296563e-04 6.803e-05 56943.4182 56944.4969 DMX_0104 
56978.8322 +2.3342736e-04 6.038e-05 56978.2612 56979.4031 DMX_0105 
57012.8067 +1.7929186e-04 6.181e-05 57012.2299 57013.3835 DMX_0106 
57036.8758 +1.8855348e-04 6.221e-05 57035.2235 57038.5281 DMX_0107 
57071.6179 +2.4788480e-04 7.456e-05 57071.0778 57072.1580 DMX_0108 
57104.5454 +2.5511430e-04 8.744e-05 57104.0208 57105.0699 DMX_0109 
57131.5054 +3.3776916e-04 8.939e-05 57130.9500 57132.0607 DMX_0110 
57161.3629 +4.0319422e-04 8.542e-05 57160.8025 57161.9234 DMX_0111 
57194.2953 +2.6290986e-04 1.057e-04 57193.7815 57194.8090 DMX_0112 
57222.7213 +2.7647389e-04 4.054e-04 57222.6713 57222.7713 DMX_0113 
57248.8442 +4.5487888e-04 3.031e-04 57248.7893 57248.8992 DMX_0114 
57272.4374 +3.7422143e-04 4.025e-04 57272.3823 57272.4926 DMX_0115 
57300.5944 +3.4055519e-04 3.475e-04 57300.5396 57300.6492 DMX_0116 
57335.0826 +4.3812067e-04 9.398e-05 57334.5369 57335.6283 DMX_0117 
57365.1044 +6.1735343e-04 8.261e-05 57364.6013 57365.6075 DMX_0118 
57394.8787 +4.6073705e-04 1.956e-04 57394.2975 57395.4598 DMX_0119 
57432.0051 +5.3178910e-04 1.285e-04 57431.4339 57432.5764 DMX_0120 
57458.0363 +5.4637355e-04 6.537e-05 57457.8609 57458.2116 DMX_0121 
57489.5836 +6.5715824e-04 5.110e-05 57488.7888 57490.3783 DMX_0122 
57522.6046 +7.3699888e-04 7.821e-05 57522.0497 57523.1594 DMX_0123 
57551.4689 +5.0016291e-04 7.595e-05 57550.8927 57552.0450 DMX_0124 
57579.2872 +4.6991582e-04 1.613e-04 57578.5286 57580.0457 DMX_0125 
57614.3822 +7.2739963e-04 2.605e-04 57613.8014 57614.9631 DMX_0126 
57644.9849 +5.5982710e-04 1.388e-04 57644.4350 57645.5347 DMX_0127 
57672.8277 +4.4282197e-04 6.000e-05 57672.2766 57673.3787 DMX_0128 
57701.8024 +6.6662192e-04 6.572e-05 57701.2476 57702.3573 DMX_0129 
57730.0096 +5.1993410e-04 1.179e-04 57729.4741 57730.5450 DMX_0130 
57764.9225 +5.2805511e-04 6.170e-05 57764.4767 57765.3683 DMX_0131 
57795.1251 +5.5071532e-04 8.510e-05 57794.9450 57795.3052 DMX_0132 
57830.0795 +4.3714703e-04 1.483e-04 57829.9658 57830.1933 DMX_0133 
57857.0317 -7.8162623e-05 3.699e-04 57856.9765 57857.0868 DMX_0134 
57886.9621 +3.4362337e-04 6.656e-05 57886.7173 57887.2070 DMX_0135 
57914.4198 +2.1757115e-04 5.555e-05 57913.9488 57914.8908 DMX_0136 
57942.0085 +9.3999065e-05 2.761e-04 57941.9536 57942.0633 DMX_0137 
57949.4026 +6.1341348e-04 5.569e-05 57948.8625 57949.9426 DMX_0138 
57978.3051 +8.0228002e-04 1.069e-04 57977.7494 57978.8608 DMX_0139 
58011.7843 +6.4163727e-04 6.131e-05 58011.6659 58011.9026 DMX_0140 
58043.6546 +4.9069454e-04 5.569e-05 58040.5416 58046.7677 DMX_0141 
58063.2646 +4.7003009e-04 5.609e-05 58063.1465 58063.3827 DMX_0142 
58093.9892 +2.5802334e-04 5.870e-05 58093.4091 58094.5692 DMX_0143 
58129.4225 +5.5233055e-04 5.524e-05 58129.3026 58129.5425 DMX_0144 
58160.8142 +8.3192852e-04 5.434e-05 58160.2586 58161.3697 DMX_0145 
58181.7762 +7.0967486e-04 5.923e-05 58181.1356 58182.4169 DMX_0146 
58210.1344 +8.5974862e-04 1.338e-04 58210.0121 58210.2567 DMX_0147 
58238.8365 +3.1720840e-04 2.516e-04 58238.7076 58238.9654 DMX_0148 
58265.9205 +4.2140864e-04 8.174e-05 58265.8027 58266.0383 DMX_0149 
58301.4333 +9.2135512e-04 1.268e-04 58300.8808 58301.9859 DMX_0150 
58335.0166 +6.7174473e-04 6.192e-05 58334.4667 58335.5666 DMX_0151 
58364.9178 +7.8316703e-04 7.887e-05 58364.3747 58365.4608 DMX_0152 
58396.8381 +6.4734565e-04 7.752e-05 58396.2917 58397.3844 DMX_0153 
58424.7523 +9.9554157e-04 7.848e-05 58424.1981 58425.3065 DMX_0154 
58459.6045 +1.3919591e-03 4.383e-04 58459.1146 58460.0944 DMX_0155 
58488.0218 +8.1487839e-04 7.714e-05 58487.9065 58488.1370 DMX_0156 
58517.5228 +7.4436596e-04 8.370e-05 58516.9790 58518.0666 DMX_0157 
58542.4851 +6.8087850e-04 1.129e-04 58541.9061 58543.0641 DMX_0158 
58580.3356 +8.7689236e-04 6.639e-05 58579.7815 58580.8897 DMX_0159 
58606.2576 +1.0903623e-03 9.339e-05 58605.6989 58606.8163 DMX_0160 
58636.1912 +1.0983146e-03 1.622e-04 58635.6409 58636.7415 DMX_0161 
58671.0999 +1.0193573e-03 1.677e-04 58670.5499 58671.6500 DMX_0162 
58699.0102 +9.7496400e-04 1.972e-04 58698.4573 58699.5631 DMX_0163 
58728.9292 +7.5203455e-04 1.219e-04 58728.3748 58729.4835 DMX_0164 
58758.9106 +7.5290417e-04 2.465e-04 58758.3591 58759.4622 DMX_0165 
58787.7939 +9.9505719e-04 1.071e-04 58787.2396 58788.3482 DMX_0166 
58819.6898 +1.1236461e-03 1.887e-04 58819.1567 58820.2230 DMX_0167 
58849.5319 +1.3952363e-03 1.111e-04 58848.9793 58850.0845 DMX_0168 
58882.4752 +1.1185835e-03 1.019e-04 58880.9582 58883.9921 DMX_0169 
58906.4668 +1.1694794e-03 1.033e-04 58905.9589 58906.9747 DMX_0170 
58939.4143 +1.0705636e-03 1.667e-04 58938.8054 58940.0232 DMX_0171 
