# Mean DMX value = -4.774892e-05 
# Uncertainty in average DM = 2.66276e-04 
# Columns: DMXEP DMX_value DMX_var_err DMXR1 DMXR2 DMX_bin 
56640.3989 +3.7107095e-04 3.724e-04 56640.3489 56640.4489 DMX_0001 
56675.9543 +2.8517640e-05 2.221e-04 56675.4040 56676.5046 DMX_0002 
56707.8745 -6.8541944e-05 2.661e-04 56706.3345 56709.4144 DMX_0003 
56735.7910 -1.4707351e-04 3.262e-04 56735.2339 56736.3480 DMX_0004 
56762.7365 -5.2677179e-04 2.582e-04 56762.1362 56763.3368 DMX_0005 
56790.1802 +9.4267010e-05 3.985e-04 56790.1302 56790.2302 DMX_0006 
56828.5810 -4.2125348e-04 2.724e-04 56828.0296 56829.1325 DMX_0007 
56850.4767 -1.5746100e-04 3.108e-04 56849.9207 56851.0327 DMX_0008 
56885.8659 -4.8222815e-04 2.582e-04 56885.8159 56885.9159 DMX_0009 
56893.8876 -3.0374528e-04 2.440e-04 56893.8376 56893.9376 DMX_0010 
56922.3096 -1.3858119e-04 2.416e-04 56921.7062 56922.9130 DMX_0011 
56947.2075 -3.0741044e-04 2.250e-04 56945.6923 56948.7227 DMX_0012 
56977.6748 +6.3056083e-05 2.113e-04 56977.6248 56977.7248 DMX_0013 
57012.0104 +2.4235130e-05 2.102e-04 57011.4412 57012.5796 DMX_0014 
57040.0234 -2.1078870e-04 1.671e-04 57038.4804 57041.5664 DMX_0015 
57079.3393 +1.0466849e-04 2.050e-04 57078.2992 57080.3794 DMX_0016 
57101.7904 -9.3030658e-05 2.164e-04 57101.2108 57102.3699 DMX_0017 
57131.6862 -1.0036250e-05 2.036e-04 57131.1380 57132.2344 DMX_0018 
57161.6086 -3.3273084e-05 2.641e-04 57161.0585 57162.1588 DMX_0019 
57194.5432 +4.1577096e-05 2.521e-04 57193.9884 57195.0979 DMX_0020 
57228.9163 -7.3669036e-04 7.481e-04 57228.8663 57228.9663 DMX_0021 
57248.7696 +3.1904453e-04 3.299e-04 57248.7144 57248.8248 DMX_0022 
57272.3655 -1.7252375e-04 2.393e-04 57272.3102 57272.4208 DMX_0023 
57335.0272 -7.1069771e-04 2.307e-04 57334.4784 57335.5759 DMX_0024 
57365.0296 -1.0700064e-03 2.935e-04 57364.5271 57365.5322 DMX_0025 
57394.8128 -1.3750604e-04 2.513e-04 57394.2138 57395.4118 DMX_0026 
57431.9304 -2.8811946e-04 1.990e-04 57431.3598 57432.5011 DMX_0027 
57457.9558 +3.2659267e-05 1.728e-04 57457.7766 57458.1350 DMX_0028 
57489.5093 -6.1132867e-04 1.423e-04 57488.7162 57490.3023 DMX_0029 
57522.5265 -8.7237925e-04 1.501e-04 57521.9679 57523.0851 DMX_0030 
57551.3941 -1.0644533e-03 1.934e-04 57550.8180 57551.9702 DMX_0031 
57579.2121 -3.9293009e-04 2.063e-04 57578.4547 57579.9694 DMX_0032 
57614.3135 -2.9830314e-04 1.957e-04 57613.7337 57614.8933 DMX_0033 
57644.9097 -1.3851735e-04 1.488e-04 57644.3620 57645.4575 DMX_0034 
57672.7479 -4.2711860e-04 2.738e-04 57672.1941 57673.3017 DMX_0035 
57701.7317 -7.4177518e-06 1.623e-04 57701.1809 57702.2825 DMX_0036 
57729.9323 -1.4814981e-04 1.421e-04 57729.3920 57730.4727 DMX_0037 
57764.8482 -2.3031040e-04 1.490e-04 57764.4042 57765.2922 DMX_0038 
57795.0499 -4.1752603e-04 1.607e-04 57794.8719 57795.2278 DMX_0039 
57830.0328 -2.8777939e-04 1.947e-04 57829.9267 57830.1389 DMX_0040 
57857.0189 -7.3484569e-04 2.081e-04 57856.9028 57857.1350 DMX_0041 
57886.9352 -2.6249617e-04 1.397e-04 57886.6922 57887.1783 DMX_0042 
57914.3953 -4.6191026e-04 1.500e-04 57913.9247 57914.8660 DMX_0043 
57941.9851 -2.1737553e-03 1.391e-03 57941.9351 57942.0351 DMX_0044 
57949.3829 -4.5928804e-05 1.823e-04 57948.8480 57949.9178 DMX_0045 
57978.2804 +2.8641529e-04 1.465e-04 57977.7245 57978.8362 DMX_0046 
58011.7602 -2.9580283e-05 1.616e-04 58011.6412 58011.8792 DMX_0047 
58043.6303 +2.3562601e-04 1.294e-04 58040.5166 58046.7440 DMX_0048 
58063.2379 -1.0969035e-04 1.855e-04 58063.1222 58063.3535 DMX_0049 
58093.9680 -1.0801214e-04 2.177e-04 58093.3907 58094.5454 DMX_0050 
58129.3968 +6.7444994e-04 1.967e-04 58129.2786 58129.5151 DMX_0051 
58160.7897 +7.6321792e-04 1.922e-04 58160.2346 58161.3449 DMX_0052 
58181.7501 +3.5697030e-04 1.945e-04 58181.1105 58182.3896 DMX_0053 
58210.1127 +4.2730000e-04 1.806e-04 58209.9926 58210.2328 DMX_0054 
58238.8172 -1.0377562e-03 2.315e-04 58238.6826 58238.9518 DMX_0055 
58265.8936 -1.6323872e-04 1.541e-04 58265.7784 58266.0088 DMX_0056 
58301.4035 +7.3679876e-04 2.090e-04 58300.8456 58301.9615 DMX_0057 
58334.9583 +2.3920513e-04 2.948e-04 58334.4153 58335.5012 DMX_0058 
58341.8130 +2.3147817e-04 1.334e-04 58341.6694 58341.9567 DMX_0059 
58364.8674 +5.1380010e-04 2.954e-04 58364.3176 58365.4171 DMX_0060 
58396.8049 -1.8878350e-04 3.839e-04 58396.2340 58397.3757 DMX_0061 
58424.6919 +7.0873827e-04 2.453e-04 58424.1404 58425.2434 DMX_0062 
58459.5484 +3.5919838e-04 2.430e-04 58459.0566 58460.0403 DMX_0063 
58487.9672 +7.9840244e-04 2.069e-04 58487.8484 58488.0861 DMX_0064 
58517.4602 +1.0864215e-03 1.859e-04 58516.9194 58518.0011 DMX_0065 
58542.4311 +3.3170744e-04 2.734e-04 58541.8465 58543.0156 DMX_0066 
58580.2741 +7.5337925e-04 2.026e-04 58579.7251 58580.8232 DMX_0067 
58606.1976 +4.4856124e-04 2.594e-04 58605.6449 58606.7502 DMX_0068 
58636.1351 +4.2019633e-04 1.941e-04 58635.5884 58636.6819 DMX_0069 
58671.0366 -5.4165499e-05 4.392e-04 58670.4852 58671.5880 DMX_0070 
58698.9539 +1.1423156e-03 3.464e-04 58698.3998 58699.5080 DMX_0071 
58728.8685 +8.8209141e-04 2.228e-04 58728.3169 58729.4201 DMX_0072 
58758.8502 +1.0123796e-03 3.044e-04 58758.3043 58759.3961 DMX_0073 
58787.7325 +2.5034707e-04 2.488e-04 58787.1812 58788.2837 DMX_0074 
58819.6279 +7.8630142e-04 2.816e-04 58819.1000 58820.1558 DMX_0075 
58849.9812 +4.7056002e-04 2.554e-04 58849.9312 58850.0312 DMX_0076 
58882.4243 +8.9755253e-04 2.601e-04 58880.9009 58883.9477 DMX_0077 
58906.4104 +4.5008915e-04 2.401e-04 58905.8977 58906.9231 DMX_0078 
58939.9286 -6.0483582e-05 2.341e-04 58939.8786 58939.9786 DMX_0079 
