# Mean DMX value = +8.766185e-05 
# Uncertainty in average DM = 5.42541e-04 
# Columns: DMXEP DMX_value DMX_var_err DMXR1 DMXR2 DMX_bin 
56497.9778 +2.3933449e-04 3.046e-04 56497.9216 56498.0339 DMX_0001 
56662.4903 -1.7337544e-03 7.708e-04 56662.4403 56662.5403 DMX_0002 
56738.3305 -2.6621124e-04 1.165e-04 56738.2671 56738.3939 DMX_0003 
56853.0202 +1.2568225e-03 8.421e-04 56852.9702 56853.0702 DMX_0004 
56873.9560 -8.3276310e-05 1.588e-04 56873.8994 56874.0126 DMX_0005 
56955.7368 +3.8699455e-05 2.234e-04 56955.6730 56955.8005 DMX_0006 
56977.6380 -4.1575093e-04 1.331e-04 56977.5745 56977.7014 DMX_0007 
56998.6227 +1.0877251e-04 9.007e-04 56998.5727 56998.6727 DMX_0008 
57018.5648 -2.6645881e-05 1.471e-04 57018.5012 57018.6285 DMX_0009 
57028.5363 +3.4321595e-05 2.489e-04 57028.4728 57028.5999 DMX_0010 
57032.5188 -3.4385172e-04 1.675e-04 57032.4489 57032.5886 DMX_0011 
57053.4482 -2.0771142e-04 9.670e-05 57053.3887 57053.5077 DMX_0012 
57069.4241 -6.5556620e-04 2.205e-04 57069.3646 57069.4836 DMX_0013 
57096.3487 -2.2523346e-04 2.137e-04 57096.2895 57096.4079 DMX_0014 
57116.2873 +7.7145728e-04 6.947e-04 57116.2373 57116.3373 DMX_0015 
57137.2072 -3.4910684e-04 1.177e-03 57137.1572 57137.2572 DMX_0016 
57186.0926 +1.6590655e-04 2.244e-04 57186.0336 57186.1517 DMX_0017 
57200.0481 -2.5419515e-04 1.822e-04 57199.9892 57200.1070 DMX_0018 
57222.9820 -6.6942069e-05 1.049e-04 57222.9224 57223.0416 DMX_0019 
57239.9270 +5.6510681e-04 2.424e-04 57239.8679 57239.9860 DMX_0020 
57305.7666 -1.8618944e-04 1.933e-04 57305.7097 57305.8235 DMX_0021 
57347.6403 -1.0217046e-04 1.010e-04 57347.5799 57347.7006 DMX_0022 
57375.5344 -5.1895177e-04 2.169e-04 57375.4753 57375.5934 DMX_0023 
57389.5226 +4.4015864e-05 1.357e-04 57389.4584 57389.5869 DMX_0024 
57417.4084 -2.3190436e-04 2.469e-04 57417.3497 57417.4672 DMX_0025 
57502.1855 -4.9755250e-04 3.421e-04 57502.1355 57502.2355 DMX_0026 
57523.1189 -9.8431213e-05 1.545e-04 57523.0600 57523.1778 DMX_0027 
57537.0808 -7.1547259e-05 1.116e-04 57537.0218 57537.1398 DMX_0028 
57564.0068 +1.3701035e-06 1.111e-04 57563.9482 57564.0655 DMX_0029 
57586.9495 -1.0074181e-04 1.324e-04 57586.8904 57587.0085 DMX_0030 
57606.8895 -2.2735552e-04 1.370e-04 57606.8307 57606.9484 DMX_0031 
57627.8321 +1.9062421e-04 1.656e-04 57627.7734 57627.8908 DMX_0032 
57648.7710 -3.2434739e-04 1.765e-03 57648.7210 57648.8210 DMX_0033 
57700.6394 -1.2208845e-04 1.377e-04 57700.5803 57700.6984 DMX_0034 
57717.5863 -4.1332053e-04 1.523e-04 57717.5278 57717.6448 DMX_0035 
57739.5177 -3.5753618e-04 2.337e-04 57739.4677 57739.5677 DMX_0036 
57767.4500 -1.4696950e-05 2.682e-04 57767.3910 57767.5089 DMX_0037 
57788.3974 -3.4677640e-04 2.146e-04 57788.3384 57788.4564 DMX_0038 
57809.3318 -1.6753984e-03 4.843e-04 57809.2818 57809.3818 DMX_0039 
57824.2912 +3.3224692e-04 8.316e-04 57824.2412 57824.3412 DMX_0040 
57852.2090 +2.0224920e-03 2.026e-03 57852.1590 57852.2590 DMX_0041 
57871.1661 -1.8850724e-04 2.091e-04 57871.1072 57871.2249 DMX_0042 
57893.0994 -3.1116808e-03 9.354e-04 57893.0494 57893.1494 DMX_0043 
57914.0486 -1.6262790e-06 9.631e-05 57913.9899 57914.1073 DMX_0044 
57935.9885 +4.6396419e-05 9.842e-05 57935.9297 57936.0474 DMX_0045 
57956.9311 -2.2997248e-04 2.344e-04 57956.8723 57956.9898 DMX_0046 
57978.8601 -1.1740825e-03 3.460e-04 57978.8101 57978.9101 DMX_0047 
57983.8737 +3.5826560e-04 2.836e-04 57983.8130 57983.9345 DMX_0048 
58467.5558 -3.8522698e-04 1.258e-03 58467.5058 58467.6058 DMX_0049 
58482.5323 +2.1565442e-04 1.438e-04 58482.4718 58482.5927 DMX_0050 
58509.4795 +1.0999388e-04 6.538e-04 58509.4295 58509.5295 DMX_0051 
58524.4381 +2.5292238e-04 2.553e-04 58524.3803 58524.4959 DMX_0052 
58545.3898 +4.5170757e-04 2.231e-04 58545.3319 58545.4477 DMX_0053 
58566.3229 -1.2103163e-03 1.232e-03 58566.2729 58566.3729 DMX_0054 
58587.2796 +1.2036248e-04 2.210e-04 58587.2220 58587.3372 DMX_0055 
58610.2042 +8.6101552e-04 4.160e-04 58610.1542 58610.2542 DMX_0056 
58629.1607 +8.8030690e-05 9.559e-05 58629.1025 58629.2188 DMX_0057 
58651.0923 +8.8715932e-04 6.042e-04 58651.0423 58651.1423 DMX_0058 
58671.0383 +3.2158175e-03 9.699e-04 58670.9883 58671.0883 DMX_0059 
58691.9889 +2.0737913e-04 1.487e-04 58691.9312 58692.0466 DMX_0060 
58713.9282 +1.2910248e-05 1.564e-04 58713.8702 58713.9861 DMX_0061 
58734.8701 -1.9091058e-04 2.185e-04 58734.8123 58734.9278 DMX_0062 
58755.8031 +6.7674240e-05 2.355e-04 58755.7445 58755.8616 DMX_0063 
58796.6837 +1.0299016e-04 1.044e-04 58796.6256 58796.7417 DMX_0064 
58817.6424 +1.2295096e-04 9.667e-05 58817.5844 58817.7003 DMX_0065 
58839.5874 +3.9933153e-04 2.235e-04 58839.5295 58839.6454 DMX_0066 
58908.4138 +6.1944418e-04 1.310e-03 58908.3638 58908.4638 DMX_0067 
58950.2769 +2.4618195e-03 1.471e-03 58950.2269 58950.3269 DMX_0068 
58973.2269 +1.6989582e-04 1.806e-04 58973.1689 58973.2850 DMX_0069 
59040.0276 -4.0862244e-04 1.485e-03 59039.9776 59040.0776 DMX_0070 
59055.9923 +2.7530808e-04 1.503e-04 59055.9342 59056.0504 DMX_0071 
