# Mean DMX value = +3.314458e-06 
# Uncertainty in average DM = 9.36971e-05 
# Columns: DMXEP DMX_value DMX_var_err DMXR1 DMXR2 DMX_bin 
53420.4362 -8.5923616e-04 1.630e-05 53420.3679 53420.5045 DMX_0001 
53448.3635 -9.2848942e-04 1.614e-05 53448.2948 53448.4323 DMX_0002 
53505.2131 -8.5922789e-04 1.484e-05 53505.1408 53505.2854 DMX_0003 
53532.1523 -8.7489412e-04 1.501e-05 53532.0669 53532.2378 DMX_0004 
53602.9962 -8.7411482e-04 1.443e-05 53602.9301 53603.0623 DMX_0005 
53628.8620 -7.9764539e-04 1.864e-05 53628.7898 53628.9342 DMX_0006 
53715.6306 -8.7255446e-04 1.657e-05 53715.5596 53715.7017 DMX_0007 
53750.5312 -8.5267892e-04 1.468e-05 53750.4605 53750.6018 DMX_0008 
53798.3992 -8.3442168e-04 1.472e-05 53798.3346 53798.4638 DMX_0009 
53851.2606 -8.1093460e-04 1.413e-05 53851.1915 53851.3297 DMX_0010 
53926.0571 -8.2000107e-04 1.377e-05 53925.9878 53926.1265 DMX_0011 
53967.9575 -8.1663023e-04 1.434e-05 53967.8867 53968.0283 DMX_0012 
54008.8384 -8.5650348e-04 1.659e-05 54008.7670 54008.9097 DMX_0013 
54043.7338 -8.0006896e-04 1.530e-05 54043.6655 54043.8020 DMX_0014 
54472.5587 -4.9869822e-04 1.237e-05 54472.4902 54472.6273 DMX_0015 
54569.3139 -4.4678766e-04 1.173e-05 54569.2369 54569.3909 DMX_0016 
54629.1351 -3.7917926e-04 1.338e-05 54629.0663 54629.2039 DMX_0017 
54819.6075 -3.9617280e-04 1.264e-05 54819.5386 54819.6764 DMX_0018 
54862.4861 -3.2635735e-04 1.469e-05 54862.4175 54862.5547 DMX_0019 
54981.1804 -3.5715673e-04 1.405e-05 54981.1107 54981.2501 DMX_0020 
54999.1130 -3.7469195e-04 2.745e-05 54999.0545 54999.1715 DMX_0021 
55135.7349 -3.1997540e-04 1.552e-05 55135.6773 55135.7924 DMX_0022 
55170.6313 -2.5359434e-04 1.369e-05 55170.5730 55170.6896 DMX_0023 
55205.5369 -2.5251969e-04 1.647e-05 55205.4779 55205.5959 DMX_0024 
55298.3070 -2.0852017e-04 1.197e-05 55298.2493 55298.3647 DMX_0025 
55330.2190 -1.8599506e-04 1.519e-05 55330.1618 55330.2762 DMX_0026 
55358.1421 -2.6255902e-04 1.544e-05 55358.0841 55358.2002 DMX_0027 
55391.0552 -1.8823218e-04 1.413e-05 55390.9968 55391.1136 DMX_0028 
55500.7464 -1.0304158e-04 1.257e-05 55500.6868 55500.8059 DMX_0029 
55528.6625 -1.0136112e-04 1.249e-05 55528.6053 55528.7196 DMX_0030 
55638.3573 -4.1719888e-05 1.316e-05 55638.2995 55638.4151 DMX_0031 
55677.2446 -6.2910675e-05 1.249e-05 55677.1875 55677.3016 DMX_0032 
55701.1778 -7.0257430e-05 1.846e-05 55701.1206 55701.2350 DMX_0033 
55731.1022 -5.4853268e-05 1.670e-05 55731.0417 55731.1627 DMX_0034 
55788.9417 -8.3887298e-05 1.285e-05 55788.8828 55789.0006 DMX_0035 
55817.8642 -1.0345715e-04 1.248e-05 55817.8043 55817.9241 DMX_0036 
55912.6014 -5.0026374e-06 1.276e-05 55912.5423 55912.6606 DMX_0037 
55954.4884 -8.2351728e-05 1.176e-05 55954.4287 55954.5482 DMX_0038 
55989.4035 -1.0448055e-04 1.059e-05 55989.3426 55989.4644 DMX_0039 
56023.3103 -9.8174459e-05 1.138e-05 56023.2504 56023.3702 DMX_0040 
56057.2396 -9.4384424e-04 3.547e-04 56057.1874 56057.2918 DMX_0041 
56140.0074 -4.0781009e-04 2.275e-04 56139.9574 56140.0574 DMX_0042 
56165.9256 -1.4264962e-04 1.368e-04 56165.8756 56165.9756 DMX_0043 
56235.7250 -8.0123613e-05 1.050e-05 56235.6642 56235.7859 DMX_0044 
56299.5425 -1.5909756e-04 1.042e-05 56299.4833 56299.6017 DMX_0045 
56319.5060 +1.3093559e-04 2.164e-04 56319.4560 56319.5560 DMX_0046 
56341.4465 -1.7386944e-04 1.326e-05 56341.3878 56341.5052 DMX_0047 
56380.3231 -1.1486701e-04 1.123e-05 56380.2640 56380.3822 DMX_0048 
56417.2272 -1.7486669e-04 1.332e-05 56417.1681 56417.2862 DMX_0049 
56438.1691 -1.3639869e-04 1.015e-05 56438.1045 56438.2336 DMX_0050 
56458.1133 -1.7038419e-04 1.858e-05 56458.0538 56458.1727 DMX_0051 
56479.0552 -1.2002569e-04 1.278e-05 56478.9957 56479.1146 DMX_0052 
56498.0110 -1.8588680e-04 1.076e-05 56497.9529 56498.0691 DMX_0053 
56537.8955 -1.3059158e-04 1.207e-05 56537.8357 56537.9553 DMX_0054 
56557.8385 -1.5897371e-04 1.027e-05 56557.7786 56557.8984 DMX_0055 
56577.7848 -1.3734424e-04 9.801e-06 56577.7251 56577.8445 DMX_0056 
56598.7579 -4.6057080e-04 1.633e-04 56598.7079 56598.8079 DMX_0057 
56619.6977 -1.2073667e-04 1.318e-05 56619.6378 56619.7576 DMX_0058 
56640.6121 -1.8623076e-04 1.064e-05 56640.5522 56640.6721 DMX_0059 
56662.5553 -1.8696352e-04 9.628e-06 56662.4955 56662.6151 DMX_0060 
56738.3723 -1.1473122e-04 1.195e-05 56738.3134 56738.4311 DMX_0061 
56853.0653 -8.0330154e-05 9.238e-06 56853.0057 56853.1249 DMX_0062 
56873.9916 -8.1803418e-05 9.514e-06 56873.9326 56874.0507 DMX_0063 
56934.8369 -4.1165874e-05 9.816e-06 56934.7782 56934.8956 DMX_0064 
56955.7788 -1.6407251e-05 9.697e-06 56955.7196 56955.8380 DMX_0065 
56977.6874 -1.0426185e-05 1.084e-05 56977.6283 56977.7466 DMX_0066 
56998.6643 +6.3158472e-05 1.066e-05 56998.6051 56998.7234 DMX_0067 
57018.6072 +6.5807131e-06 9.402e-06 57018.5482 57018.6661 DMX_0068 
57024.5768 +1.2971209e-04 9.558e-06 57024.5170 57024.6365 DMX_0069 
57028.5784 +4.9371411e-05 1.008e-05 57028.5192 57028.6376 DMX_0070 
57032.5675 -2.2952542e-05 9.089e-06 57032.5084 57032.6266 DMX_0071 
57041.5554 +1.7974142e-04 4.327e-04 57041.5054 57041.6054 DMX_0072 
57049.5237 +1.9419605e-05 1.312e-05 57049.4657 57049.5817 DMX_0073 
57053.4885 +1.3699589e-05 1.164e-05 57053.4293 57053.5476 DMX_0074 
57068.4589 -5.4630238e-06 1.028e-05 57068.3980 57068.5197 DMX_0075 
57069.4643 -2.0829119e-05 1.003e-05 57069.4056 57069.5229 DMX_0076 
57076.4285 -3.0730171e-05 9.358e-06 57076.3703 57076.4867 DMX_0077 
57083.4013 -4.2937358e-05 1.061e-05 57083.3316 57083.4709 DMX_0078 
57090.3792 -1.7382678e-05 9.480e-06 57090.3206 57090.4378 DMX_0079 
57096.3879 +5.1719575e-05 9.725e-06 57096.3287 57096.4472 DMX_0080 
57097.3662 +5.5705454e-05 9.881e-06 57097.3078 57097.4245 DMX_0081 
57106.3489 -2.0967786e-05 9.268e-06 57106.2907 57106.4072 DMX_0082 
57112.3340 +4.3482680e-05 9.924e-06 57112.2757 57112.3923 DMX_0083 
57116.3360 +1.4886044e-05 1.062e-05 57116.2770 57116.3950 DMX_0084 
57118.3160 +3.4661274e-05 1.006e-05 57118.2577 57118.3743 DMX_0085 
57126.2841 +3.2840147e-05 1.080e-05 57126.2260 57126.3422 DMX_0086 
57133.2679 +4.3070040e-05 1.022e-05 57133.2095 57133.3262 DMX_0087 
57137.2586 +3.7231746e-05 9.946e-06 57137.1995 57137.3177 DMX_0088 
57139.2514 +6.1492999e-05 9.829e-06 57139.1932 57139.3095 DMX_0089 
57147.2228 +7.4983389e-05 9.500e-06 57147.1646 57147.2809 DMX_0090 
57186.1325 +7.3835084e-05 9.781e-06 57186.0736 57186.1913 DMX_0091 
57189.1386 +8.4131239e-05 1.148e-05 57189.0804 57189.1968 DMX_0092 
57200.0877 +4.7011357e-06 8.897e-06 57200.0286 57200.1468 DMX_0093 
57205.0742 +5.1548595e-05 9.055e-06 57205.0158 57205.1326 DMX_0094 
57223.0231 +6.0183646e-05 1.019e-05 57222.9641 57223.0821 DMX_0095 
57239.9698 +6.4611176e-05 1.229e-05 57239.9102 57240.0293 DMX_0096 
57242.9805 +4.9828774e-05 1.065e-05 57242.9222 57243.0388 DMX_0097 
57248.9931 +8.0165908e-05 1.031e-05 57248.9349 57249.0513 DMX_0098 
57257.9485 +5.8816145e-06 1.005e-05 57257.8902 57258.0068 DMX_0099 
57263.9107 +6.4441542e-05 9.460e-06 57263.8518 57263.9697 DMX_0100 
57265.9428 +2.0028080e-05 9.989e-06 57265.8845 57266.0010 DMX_0101 
57288.8938 +6.4765208e-05 9.783e-06 57288.8356 57288.9519 DMX_0102 
57291.8269 +5.4225121e-06 9.934e-06 57291.7687 57291.8851 DMX_0103 
57302.8368 +8.2961390e-05 8.996e-06 57302.7749 57302.8986 DMX_0104 
57305.8062 +1.9451726e-05 1.030e-05 57305.7421 57305.8702 DMX_0105 
57311.8088 +5.3205278e-05 9.605e-06 57311.7505 57311.8671 DMX_0106 
57319.7936 +1.3231108e-04 1.028e-05 57319.7352 57319.8519 DMX_0107 
57320.8237 +8.9649952e-05 1.029e-05 57320.7646 57320.8829 DMX_0108 
57333.7170 +3.3110390e-05 9.838e-06 57333.6588 57333.7753 DMX_0109 
57347.6813 +1.2776705e-04 9.662e-06 57347.6223 57347.7404 DMX_0110 
57348.6731 +1.0521996e-04 9.695e-06 57348.6147 57348.7315 DMX_0111 
57355.6535 +1.7004196e-04 1.250e-05 57355.5953 57355.7118 DMX_0112 
57361.6943 +1.0343576e-04 1.015e-05 57361.6370 57361.7516 DMX_0113 
57375.6169 +1.2116765e-04 1.162e-05 57375.5579 57375.6759 DMX_0114 
57376.6050 +1.3729983e-04 1.213e-05 57376.5469 57376.6631 DMX_0115 
57387.5888 +1.4945260e-04 1.098e-05 57387.5306 57387.6470 DMX_0116 
57389.5653 +1.1375988e-04 9.860e-06 57389.5071 57389.6235 DMX_0117 
57408.5066 +1.2431574e-04 9.995e-06 57408.4483 57408.5649 DMX_0118 
57415.4876 +1.2725231e-04 9.616e-06 57415.4295 57415.5458 DMX_0119 
57417.4846 +1.3647939e-04 1.059e-05 57417.4260 57417.5433 DMX_0120 
57422.4739 +1.4181213e-04 1.061e-05 57422.4155 57422.5323 DMX_0121 
57429.4653 +4.7410744e-04 3.923e-04 57429.4153 57429.5153 DMX_0122 
57502.2682 +1.8261776e-04 9.684e-06 57502.2095 57502.3269 DMX_0123 
57505.2738 +1.6770225e-04 9.580e-06 57505.2156 57505.3320 DMX_0124 
57512.2440 +1.8752900e-04 9.753e-06 57512.1858 57512.3022 DMX_0125 
57523.1949 +2.1616963e-04 1.034e-05 57523.1362 57523.2536 DMX_0126 
57527.2292 +1.7199295e-04 1.038e-05 57527.1707 57527.2877 DMX_0127 
57533.2132 +1.6237133e-04 8.546e-06 57533.1406 57533.2858 DMX_0128 
57541.2280 +1.5500652e-04 9.632e-06 57541.1710 57541.2850 DMX_0129 
57548.1496 +1.8808962e-04 9.901e-06 57548.0913 57548.2079 DMX_0130 
57554.1481 +2.3519647e-04 1.127e-05 57554.0899 57554.2062 DMX_0131 
57564.0840 +1.9343624e-04 1.223e-05 57564.0253 57564.1427 DMX_0132 
57569.1399 +1.7315018e-04 8.522e-06 57569.0739 57569.2059 DMX_0133 
57575.0657 +1.4084383e-04 9.575e-06 57575.0071 57575.1242 DMX_0134 
57581.0776 +1.7537301e-04 9.801e-06 57581.0195 57581.1357 DMX_0135 
57587.0183 +1.9921393e-04 9.624e-06 57586.9597 57587.0770 DMX_0136 
57589.0536 +1.9684399e-04 9.549e-06 57588.9955 57589.1118 DMX_0137 
57597.0108 +1.9609434e-04 9.917e-06 57596.9440 57597.0776 DMX_0138 
57606.9644 +1.5336236e-04 1.041e-05 57606.9058 57607.0229 DMX_0139 
57607.9795 +1.5332364e-04 9.813e-06 57607.9213 57608.0377 DMX_0140 
57615.9722 +1.7290288e-04 1.134e-05 57615.9142 57616.0301 DMX_0141 
57622.9564 +1.9431269e-04 1.040e-05 57622.8978 57623.0150 DMX_0142 
57627.9063 +1.9515568e-04 1.162e-05 57627.8477 57627.9649 DMX_0143 
57638.8913 +1.7317661e-04 1.349e-05 57638.8330 57638.9496 DMX_0144 
57645.8996 +1.9826636e-04 1.354e-05 57645.8414 57645.9578 DMX_0145 
57648.8430 +7.4413857e-05 1.884e-04 57648.7930 57648.8930 DMX_0146 
57663.8476 +1.7312709e-04 1.230e-05 57663.7893 57663.9059 DMX_0147 
57669.7921 +1.7135744e-04 9.526e-06 57669.7332 57669.8509 DMX_0148 
57671.8221 +1.8638189e-04 1.029e-05 57671.7638 57671.8804 DMX_0149 
57683.7607 +1.3659485e-04 9.955e-06 57683.7048 57683.8167 DMX_0150 
57700.7072 +1.9699739e-04 1.101e-05 57700.6484 57700.7660 DMX_0151 
57705.7330 +1.7079268e-04 9.612e-06 57705.6749 57705.7911 DMX_0152 
57712.7078 +2.2117983e-04 1.298e-05 57712.6496 57712.7660 DMX_0153 
57717.6605 +1.4334230e-04 1.544e-05 57717.6020 57717.7191 DMX_0154 
57718.6944 +1.5115033e-04 1.199e-05 57718.6365 57718.7523 DMX_0155 
57732.6916 +1.5910468e-04 9.242e-06 57732.6335 57732.7498 DMX_0156 
57739.6021 +2.2115730e-04 1.433e-05 57739.5434 57739.6609 DMX_0157 
57740.6230 +1.8593993e-04 8.886e-06 57740.5650 57740.6810 DMX_0158 
57748.5784 +1.7442269e-04 1.089e-05 57748.5202 57748.6366 DMX_0159 
57755.5639 +2.0630543e-04 1.010e-05 57755.5055 57755.6223 DMX_0160 
57767.5243 +1.7649915e-04 1.341e-05 57767.4654 57767.5831 DMX_0161 
57769.5359 +2.4187459e-04 1.014e-05 57769.4776 57769.5942 DMX_0162 
57775.5115 +1.4649516e-04 1.245e-05 57775.4507 57775.5723 DMX_0163 
57788.4664 +1.9856674e-04 1.179e-05 57788.4080 57788.5249 DMX_0164 
57789.4948 +1.8997017e-04 1.047e-05 57789.4363 57789.5533 DMX_0165 
57800.4356 +1.9366491e-04 9.737e-06 57800.3773 57800.4939 DMX_0166 
57805.4487 +1.8918678e-04 9.972e-06 57805.3906 57805.5069 DMX_0167 
57811.4101 +1.9270883e-04 9.621e-06 57811.3489 57811.4713 DMX_0168 
57824.3618 +1.8695731e-04 1.276e-04 57824.3035 57824.4201 DMX_0169 
57834.3473 +2.0974748e-04 1.492e-05 57834.2892 57834.4053 DMX_0170 
57850.3044 +2.0351221e-04 2.201e-05 57850.2460 57850.3627 DMX_0171 
57852.2955 +2.5729966e-04 1.653e-05 57852.2367 57852.3544 DMX_0172 
57855.2857 +2.7456327e-04 1.122e-05 57855.2274 57855.3439 DMX_0173 
57863.2632 +2.8956606e-04 1.197e-05 57863.2049 57863.3216 DMX_0174 
57870.2421 +2.6857116e-04 9.500e-06 57870.1837 57870.3005 DMX_0175 
57871.2407 +2.6816861e-04 9.699e-06 57871.1822 57871.2992 DMX_0176 
57876.2291 +2.3308487e-04 1.071e-05 57876.1707 57876.2875 DMX_0177 
57885.2094 +2.5007065e-04 1.074e-05 57885.1430 57885.2757 DMX_0178 
57892.2118 +2.2598431e-04 9.213e-06 57892.1535 57892.2702 DMX_0179 
57893.1801 +2.3444012e-04 9.926e-06 57893.1214 57893.2388 DMX_0180 
57901.1581 +2.4088752e-04 1.005e-05 57901.0997 57901.2165 DMX_0181 
57906.2170 +2.3626861e-04 1.008e-05 57906.1587 57906.2753 DMX_0182 
57910.1902 +2.2421896e-04 1.026e-05 57910.1309 57910.2494 DMX_0183 
57914.1228 +2.4876809e-04 1.081e-05 57914.0641 57914.1814 DMX_0184 
57921.1155 +2.2879594e-04 9.150e-06 57921.0562 57921.1748 DMX_0185 
57925.0970 +1.7424224e-04 9.545e-06 57925.0375 57925.1565 DMX_0186 
57931.0863 +2.2355331e-04 9.859e-06 57931.0271 57931.1455 DMX_0187 
57936.0632 +1.8329702e-04 9.378e-06 57936.0045 57936.1218 DMX_0188 
57939.0642 +2.2669149e-04 1.044e-05 57939.0058 57939.1225 DMX_0189 
57949.0336 +2.0597336e-04 1.876e-05 57948.9756 57949.0916 DMX_0190 
57953.0240 +2.1431245e-04 1.063e-05 57952.9659 57953.0820 DMX_0191 
57957.0075 +2.0181573e-04 1.194e-05 57956.9486 57957.0664 DMX_0192 
57958.0104 +1.4805161e-04 1.013e-05 57957.9522 57958.0686 DMX_0193 
57974.0297 -1.6659917e-04 2.628e-04 57973.9797 57974.0797 DMX_0194 
57983.9644 +1.6905388e-04 9.830e-06 57983.9058 57984.0230 DMX_0195 
58467.6290 +1.5543820e-04 9.837e-06 58467.5712 58467.6869 DMX_0196 
58468.6039 +1.6514174e-04 9.965e-06 58468.5458 58468.6620 DMX_0197 
58481.6179 +1.7342842e-04 9.621e-06 58481.5591 58481.6767 DMX_0198 
58482.5995 +1.7951770e-04 9.925e-06 58482.5416 58482.6574 DMX_0199 
58514.4979 +4.6603727e-04 1.494e-04 58514.4479 58514.5479 DMX_0200 
58515.4812 +1.7279529e-04 1.041e-05 58515.4246 58515.5378 DMX_0201 
58525.4455 +1.4237952e-04 1.171e-05 58525.3892 58525.5018 DMX_0202 
58530.4388 +2.0067661e-04 1.298e-05 58530.3805 58530.4972 DMX_0203 
58537.4487 +1.9418989e-04 1.060e-05 58537.3902 58537.5072 DMX_0204 
58542.4150 +1.4187514e-04 1.343e-05 58542.3569 58542.4731 DMX_0205 
58549.4178 +1.3663254e-04 1.121e-05 58549.3594 58549.4762 DMX_0206 
58556.4345 +1.5707033e-04 1.199e-05 58556.3778 58556.4912 DMX_0207 
58557.3921 +1.4991328e-04 1.030e-05 58557.3322 58557.4519 DMX_0208 
58567.3707 -5.8307862e-04 1.296e-03 58567.3207 58567.4207 DMX_0209 
58584.2875 +1.1564944e-04 1.143e-05 58584.2296 58584.3454 DMX_0210 
58592.2652 +9.7755590e-05 9.474e-06 58592.2070 58592.3233 DMX_0211 
58598.2921 +2.6078517e-04 1.923e-04 58598.2421 58598.3421 DMX_0212 
58613.2587 +2.6554019e-04 1.690e-04 58613.2087 58613.3087 DMX_0213 
58623.2283 +9.0624385e-05 9.608e-06 58623.1697 58623.2869 DMX_0214 
58630.2142 +9.7400497e-05 9.661e-06 58630.1559 58630.2724 DMX_0215 
58638.1493 +9.6720427e-05 1.029e-05 58638.0908 58638.2078 DMX_0216 
58650.1330 +1.7113217e-05 1.060e-05 58650.0765 58650.1894 DMX_0217 
58655.1095 +8.7987659e-05 1.124e-05 58655.0512 58655.1677 DMX_0218 
58660.1069 +7.4981836e-05 1.285e-05 58660.0484 58660.1653 DMX_0219 
58672.0831 +6.0397122e-05 1.013e-05 58672.0247 58672.1415 DMX_0220 
58680.0476 +3.6065102e-05 9.611e-06 58679.9889 58680.1063 DMX_0221 
58691.0140 +3.5969576e-05 1.031e-05 58690.9557 58691.0722 DMX_0222 
58693.0016 -3.1306401e-06 9.593e-06 58692.9433 58693.0599 DMX_0223 
58699.9929 +1.3061996e-05 9.600e-06 58699.9344 58700.0514 DMX_0224 
58706.9724 +5.7887140e-06 1.265e-05 58706.9138 58707.0309 DMX_0225 
58714.9473 +1.0667753e-04 2.176e-04 58714.8973 58714.9973 DMX_0226 
58729.9063 +4.7156555e-05 1.167e-05 58729.8475 58729.9650 DMX_0227 
58735.8993 +2.5284692e-05 1.299e-05 58735.8410 58735.9576 DMX_0228 
58740.8671 -2.0617693e-05 1.099e-05 58740.8092 58740.9251 DMX_0229 
58746.8651 -5.0394998e-05 1.114e-04 58746.8151 58746.9151 DMX_0230 
58747.8555 +1.9738781e-05 1.539e-05 58747.7974 58747.9136 DMX_0231 
58754.8591 +2.3889908e-05 1.081e-05 58754.8010 58754.9172 DMX_0232 
58762.8353 +1.7799353e-05 1.000e-05 58762.7771 58762.8936 DMX_0233 
58765.8057 +3.6053335e-06 1.010e-05 58765.7474 58765.8641 DMX_0234 
58766.8327 +5.8701851e-06 9.808e-06 58766.7743 58766.8912 DMX_0235 
58775.7732 +1.1919191e-04 5.045e-04 58775.7232 58775.8232 DMX_0236 
58783.8010 -6.4289101e-06 1.030e-05 58783.7227 58783.8793 DMX_0237 
58789.7454 +4.1084586e-05 1.283e-05 58789.6868 58789.8040 DMX_0238 
58790.7442 +3.1317667e-05 1.088e-05 58790.6860 58790.8023 DMX_0239 
58798.7278 +3.6391221e-05 1.077e-05 58798.6695 58798.7860 DMX_0240 
58803.7348 +4.1822500e-04 2.494e-04 58803.6848 58803.7848 DMX_0241 
58810.7261 +2.0633374e-06 1.080e-05 58810.6679 58810.7843 DMX_0242 
58811.6893 +2.4691367e-05 1.072e-05 58811.6310 58811.7476 DMX_0243 
58816.6816 -2.4217570e-05 1.327e-05 58816.6242 58816.7391 DMX_0244 
58818.6860 +5.7360804e-06 1.618e-05 58818.6277 58818.7443 DMX_0245 
58825.6228 -3.3172233e-05 1.447e-05 58825.5663 58825.6792 DMX_0246 
58831.6194 +2.4665502e-05 1.263e-05 58831.5611 58831.6778 DMX_0247 
58835.6630 +4.2697527e-05 1.132e-05 58835.6065 58835.7195 DMX_0248 
58841.6176 +1.9594662e-05 1.302e-05 58841.5593 58841.6760 DMX_0249 
58845.5773 +6.5947985e-05 1.216e-05 58845.5191 58845.6355 DMX_0250 
58852.5653 +6.4086381e-05 1.124e-05 58852.5064 58852.6242 DMX_0251 
58880.4911 +7.8841832e-05 3.378e-05 58880.4325 58880.5498 DMX_0252 
58881.5070 +9.7064744e-05 3.442e-05 58881.4440 58881.5700 DMX_0253 
58895.4443 +2.0471437e-05 1.194e-05 58895.3823 58895.5062 DMX_0254 
58901.4470 -6.8457549e-06 1.758e-05 58901.3888 58901.5051 DMX_0255 
58903.4200 +4.9470804e-05 1.410e-05 58903.3580 58903.4819 DMX_0256 
58910.4011 +1.3236630e-05 1.057e-05 58910.3398 58910.4625 DMX_0257 
58917.4084 +1.4233929e-05 1.204e-05 58917.3473 58917.4695 DMX_0258 
58922.3706 +5.4992132e-05 1.047e-05 58922.3097 58922.4315 DMX_0259 
58924.3746 +1.1314519e-05 1.060e-05 58924.3133 58924.4360 DMX_0260 
58943.3109 +3.7193338e-05 1.285e-05 58943.2519 58943.3700 DMX_0261 
58944.3061 +6.1957098e-05 1.334e-05 58944.2477 58944.3645 DMX_0262 
58949.2940 +9.0449687e-06 1.043e-05 58949.2354 58949.3527 DMX_0263 
58955.2676 +1.2940222e-05 1.274e-05 58955.2111 58955.3242 DMX_0264 
58961.2653 +1.2212777e-06 1.244e-05 58961.2077 58961.3228 DMX_0265 
58964.2699 +2.1078372e-05 1.301e-05 58964.2113 58964.3285 DMX_0266 
58967.2807 +9.6575165e-06 1.156e-05 58967.2223 58967.3390 DMX_0267 
58974.2314 -5.0996347e-06 2.210e-05 58974.1729 58974.2900 DMX_0268 
58979.2102 -8.4648746e-06 1.065e-05 58979.1515 58979.2688 DMX_0269 
58986.2262 -3.4811145e-05 1.014e-05 58986.1291 58986.3233 DMX_0270 
58987.1897 +1.6578805e-05 1.383e-05 58987.1313 58987.2482 DMX_0271 
58994.1811 -3.4720696e-05 1.036e-05 58994.1228 58994.2393 DMX_0272 
59001.1608 -5.5064459e-05 1.175e-05 59001.1024 59001.2192 DMX_0273 
59007.1541 -1.6918471e-05 1.035e-05 59007.0953 59007.2128 DMX_0274 
59008.1596 -4.4930676e-05 9.805e-06 59008.0838 59008.2353 DMX_0275 
59026.1172 -4.3199480e-05 1.225e-05 59026.0607 59026.1738 DMX_0276 
59030.1244 -1.1777213e-05 1.081e-05 59030.0663 59030.1825 DMX_0277 
59045.0502 -3.6684671e-05 1.031e-05 59044.9916 59045.1088 DMX_0278 
59050.0370 -3.3486143e-04 1.699e-04 59049.9870 59050.0870 DMX_0279 
59051.0185 -6.2237849e-05 1.055e-05 59050.9601 59051.0769 DMX_0280 
59057.0192 -5.1858512e-05 9.684e-06 59056.9608 59057.0777 DMX_0281 
59064.9797 -6.7531937e-05 1.007e-05 59064.9214 59065.0380 DMX_0282 
59070.9597 -5.2902409e-05 1.453e-05 59070.9017 59071.0178 DMX_0283 
