# Mean DMX value = +2.724857e-04 
# Uncertainty in average DM = 2.12020e-03 
# Columns: DMXEP DMX_value DMX_var_err DMXR1 DMXR2 DMX_bin 
53218.0806 +7.9906582e-03 3.009e-04 53216.9491 53219.2121 DMX_0001 
53292.4460 +8.1388355e-03 2.145e-04 53291.7894 53293.1026 DMX_0002 
53448.2994 +9.4445872e-03 1.878e-04 53446.1747 53450.4241 DMX_0003 
53535.5512 +9.0026070e-03 2.417e-04 53534.8949 53536.2075 DMX_0004 
53737.4732 +7.8528160e-03 1.998e-04 53736.3171 53738.6294 DMX_0005 
53770.3455 +7.7961952e-03 2.084e-04 53769.2497 53771.4413 DMX_0006 
53799.3222 +7.7434672e-03 1.784e-04 53798.1722 53800.4722 DMX_0007 
53838.7146 +7.6323740e-03 1.709e-04 53838.0679 53839.3612 DMX_0008 
53858.6611 +7.4356136e-03 1.765e-04 53858.0164 53859.3057 DMX_0009 
53889.5754 +7.5199205e-03 1.778e-04 53888.9296 53890.2211 DMX_0010 
53918.4953 +7.1386786e-03 1.934e-04 53917.8460 53919.1446 DMX_0011 
53980.8246 +6.3922310e-03 2.180e-04 53979.6770 53981.9721 DMX_0012 
54011.7399 +5.9642815e-03 3.191e-04 54009.5949 54013.8849 DMX_0013 
54036.1550 +5.7647104e-03 3.389e-04 54035.5241 54036.7859 DMX_0014 
54100.9951 +5.2896877e-03 3.448e-04 54100.3464 54101.6438 DMX_0015 
54374.2498 +6.2823300e-03 3.742e-04 54373.5994 54374.9002 DMX_0016 
54401.1772 +5.2304461e-03 3.595e-04 54400.5294 54401.8251 DMX_0017 
54463.9946 +5.2305650e-03 3.510e-04 54462.3488 54465.6403 DMX_0018 
54527.8146 +4.3407295e-03 3.184e-04 54526.1673 54529.4619 DMX_0019 
54551.7452 +3.5211522e-03 3.609e-04 54551.0954 54552.3950 DMX_0020 
54578.6751 +3.5065351e-03 3.431e-04 54576.0257 54581.3246 DMX_0021 
54641.5074 +4.1816996e-03 4.526e-04 54640.8638 54642.1509 DMX_0022 
54673.4150 +4.6979341e-03 3.454e-04 54672.7663 54674.0636 DMX_0023 
54709.3167 +4.7278950e-03 3.597e-04 54707.6708 54710.9626 DMX_0024 
54767.1583 +4.8686363e-03 3.910e-04 54765.5123 54768.8042 DMX_0025 
54852.9238 +3.8842892e-03 3.758e-04 54850.2807 54855.5669 DMX_0026 
54883.8396 +4.4408781e-03 3.506e-04 54882.1937 54885.4855 DMX_0027 
54914.7544 +3.6014142e-03 3.554e-04 54913.1086 54916.4002 DMX_0028 
54945.1220 +3.5889079e-03 3.275e-04 54942.0292 54948.2147 DMX_0029 
54975.5878 +4.5018764e-03 3.530e-04 54972.9447 54978.2309 DMX_0030 
55004.5086 +4.9013437e-03 3.543e-04 55003.8600 55005.1573 DMX_0031 
55030.4376 +5.7409368e-03 3.623e-04 55029.7889 55031.0863 DMX_0032 
55069.3312 +6.9149546e-03 3.712e-04 55065.6909 55072.9715 DMX_0033 
55097.7467 +5.6347946e-03 3.880e-04 55094.6045 55100.8889 DMX_0034 
55120.6840 +4.9222573e-03 4.073e-04 55118.5394 55122.8286 DMX_0035 
55215.4261 +2.7474638e-03 3.693e-04 55214.2802 55216.5719 DMX_0036 
55244.3454 +2.8833302e-03 3.066e-04 55243.1984 55245.4924 DMX_0037 
55276.7566 +3.1986398e-03 2.545e-04 55275.2108 55278.3025 DMX_0038 
55306.1759 +3.4622297e-03 2.551e-04 55305.1294 55307.2223 DMX_0039 
55338.5913 +3.9116841e-03 3.196e-04 55337.0421 55340.1406 DMX_0040 
55363.0419 +4.5596451e-03 2.560e-04 55360.9769 55365.1070 DMX_0041 
55392.9888 +5.6999548e-03 2.555e-04 55389.9521 55396.0255 DMX_0042 
55430.3812 +5.5931092e-03 2.622e-04 55429.8320 55430.9304 DMX_0043 
55462.7928 +4.9829511e-03 2.544e-04 55461.7458 55463.8399 DMX_0044 
55493.1643 +4.8116559e-03 2.612e-04 55492.6159 55493.7127 DMX_0045 
55520.5894 +3.5627187e-03 5.263e-04 55520.5394 55520.6394 DMX_0046 
55521.5867 +4.5746125e-03 2.593e-04 55521.5367 55521.6367 DMX_0047 
55542.5734 +3.7098206e-03 2.610e-04 55542.5234 55542.6234 DMX_0048 
55543.5721 +3.0162806e-03 5.293e-04 55543.5221 55543.6221 DMX_0049 
55578.9741 +2.7532162e-03 2.698e-04 55578.4260 55579.5223 DMX_0050 
55616.8259 +2.9009225e-03 2.533e-04 55616.2772 55617.3745 DMX_0051 
55640.3068 +3.0015623e-03 2.502e-04 55639.2593 55641.3542 DMX_0052 
55672.2188 +3.3487101e-03 2.535e-04 55670.1746 55674.2630 DMX_0053 
55702.1372 +3.9103779e-03 2.806e-04 55700.0927 55704.1818 DMX_0054 
55732.0546 +4.2753420e-03 2.814e-04 55732.0046 55732.1046 DMX_0055 
55765.9174 +4.3793779e-03 2.735e-04 55765.8674 55765.9674 DMX_0056 
55773.8961 +3.9168872e-03 5.699e-04 55773.8461 55773.9461 DMX_0057 
55800.3234 +3.7046003e-03 2.693e-04 55799.7749 55800.8720 DMX_0058 
55827.7555 +3.4421939e-03 2.676e-04 55826.7083 55828.8026 DMX_0059 
55864.1531 +2.7055151e-03 2.782e-04 55863.6065 55864.6997 DMX_0060 
55892.5774 +2.1810646e-03 5.638e-04 55892.5274 55892.6274 DMX_0061 
55893.5753 +2.6604177e-03 2.657e-04 55893.5253 55893.6253 DMX_0062 
55919.0053 +1.6084461e-03 2.677e-04 55918.4566 55919.5540 DMX_0063 
55948.9235 +9.8044985e-04 2.736e-04 55948.3750 55949.4720 DMX_0064 
55976.4646 +1.0936074e-03 2.710e-04 55976.4146 55976.5146 DMX_0065 
56003.3836 +7.9643355e-04 2.765e-04 56003.3336 56003.4336 DMX_0066 
56034.7923 +1.1247517e-03 2.910e-04 56034.2368 56035.3477 DMX_0067 
56068.2418 +1.9058468e-03 2.638e-04 56068.1918 56068.2918 DMX_0068 
56094.6406 +2.0352159e-03 2.781e-04 56094.0879 56095.1933 DMX_0069 
56130.0482 +2.2047280e-03 2.589e-04 56129.9982 56130.0982 DMX_0070 
56138.0436 +1.7890246e-03 4.958e-04 56137.9936 56138.0936 DMX_0071 
56151.4425 +1.9938935e-03 2.649e-04 56150.8920 56151.9931 DMX_0072 
56174.8953 +2.4049944e-03 2.569e-04 56174.8453 56174.9453 DMX_0073 
56194.3357 +2.5378944e-03 2.675e-04 56193.7800 56194.8913 DMX_0074 
56214.7865 +2.2529776e-03 5.240e-04 56214.7365 56214.8365 DMX_0075 
56235.7141 +1.8845473e-03 5.173e-04 56235.6641 56235.7641 DMX_0076 
56250.1962 +2.1560796e-03 2.622e-04 56249.6516 56250.7409 DMX_0077 
56270.6368 +2.0596539e-03 2.552e-04 56270.5868 56270.6868 DMX_0078 
56289.5204 +9.5558210e-04 2.548e-04 56288.4948 56290.5459 DMX_0079 
56310.9547 +9.6401186e-05 2.461e-04 56310.3419 56311.5675 DMX_0080 
56333.0131 -3.5162249e-04 2.461e-04 56332.4124 56333.6139 DMX_0081 
56354.3769 -7.2763144e-04 2.484e-04 56354.3269 56354.4269 DMX_0082 
56367.8439 -7.3074052e-04 2.472e-04 56367.2916 56368.3962 DMX_0083 
56389.2828 -1.0680539e-03 2.399e-04 56387.2758 56391.2897 DMX_0084 
56408.7506 -9.1760993e-04 2.384e-04 56407.1327 56410.3684 DMX_0085 
56431.7363 -1.0328675e-03 2.400e-04 56431.1561 56432.3164 DMX_0086 
56450.6349 -1.3239004e-03 2.441e-04 56450.0131 56451.2567 DMX_0087 
56472.0144 -1.7729063e-03 4.468e-04 56471.9644 56472.0644 DMX_0088 
56492.5986 -1.8861834e-03 2.404e-04 56492.0679 56493.1293 DMX_0089 
56522.4681 -1.5556912e-03 1.834e-04 56521.8881 56523.0480 DMX_0090 
56548.9414 -1.8164720e-03 1.725e-04 56546.9666 56550.9161 DMX_0091 
56554.8039 -1.6786045e-03 2.537e-04 56554.7233 56554.8844 DMX_0092 
56585.2488 -1.8200903e-03 2.362e-04 56584.6793 56585.8183 DMX_0093 
56606.7102 -1.7106284e-03 4.128e-04 56606.6545 56606.7658 DMX_0094 
56614.6845 -1.4951318e-03 1.969e-04 56614.6291 56614.7400 DMX_0095 
56643.5790 -1.0913117e-03 4.101e-04 56643.5240 56643.6339 DMX_0096 
56674.4699 -1.2725545e-03 2.409e-04 56672.3643 56676.5755 DMX_0097 
56706.4748 -1.0136225e-03 2.184e-04 56703.4788 56709.4707 DMX_0098 
56762.8145 -8.7440219e-04 2.553e-04 56762.2282 56763.4008 DMX_0099 
56791.2059 -1.0491755e-03 2.048e-04 56790.1920 56792.2197 DMX_0100 
56828.6541 -1.8782964e-03 2.496e-04 56828.1060 56829.2023 DMX_0101 
56850.5473 -2.0928394e-03 2.601e-04 56849.9928 56851.1018 DMX_0102 
56885.9351 -2.4546686e-03 2.641e-04 56885.8851 56885.9851 DMX_0103 
56922.3765 -2.5492990e-03 2.904e-04 56921.7767 56922.9764 DMX_0104 
56948.7547 -2.9243260e-03 2.654e-04 56948.7047 56948.8047 DMX_0105 
56978.7095 -3.6006379e-03 5.285e-04 56978.6595 56978.7595 DMX_0106 
57012.0818 -2.6050698e-03 2.652e-04 57011.5147 57012.6489 DMX_0107 
57041.0776 -2.3074600e-03 2.511e-04 57040.5217 57041.6334 DMX_0108 
57079.4104 -1.2588942e-03 2.540e-04 57078.3702 57080.4505 DMX_0109 
57101.8603 -2.0694945e-03 2.528e-04 57101.2803 57102.4403 DMX_0110 
57131.7565 -1.5411596e-03 2.503e-04 57131.2076 57132.3053 DMX_0111 
57161.6801 -1.8315568e-03 2.529e-04 57161.1298 57162.2304 DMX_0112 
57193.6176 -2.1467372e-03 2.206e-04 57192.1148 57195.1204 DMX_0113 
57248.0486 -2.4350008e-03 6.064e-04 57247.9986 57248.0986 DMX_0114 
57272.0354 -3.1577447e-03 5.976e-04 57271.9854 57272.0854 DMX_0115 
57307.3578 -2.6043749e-03 2.930e-04 57306.7967 57307.9190 DMX_0116 
57336.8836 -2.3873373e-03 2.815e-04 57336.8336 57336.9336 DMX_0117 
57367.7984 -1.5025035e-03 6.959e-04 57367.7484 57367.8484 DMX_0118 
57398.6514 -2.6885251e-03 2.858e-04 57398.6014 57398.7014 DMX_0119 
57433.0824 -2.6005235e-03 3.016e-04 57432.5720 57433.5928 DMX_0120 
57489.4611 -3.4631223e-03 2.739e-04 57489.4111 57489.5111 DMX_0121 
57518.8849 -3.2713054e-03 2.761e-04 57518.3305 57519.4393 DMX_0122 
57550.8002 -3.3847926e-03 2.577e-04 57550.2460 57551.3544 DMX_0123 
57579.6229 -3.6787949e-03 2.641e-04 57579.1149 57580.1308 DMX_0124 
57615.0055 -3.4868410e-03 2.659e-04 57614.9555 57615.0555 DMX_0125 
57647.4328 -3.6475497e-03 2.872e-04 57646.8820 57647.9836 DMX_0126 
57704.2818 -3.4554383e-03 2.754e-04 57703.7740 57704.7895 DMX_0127 
57733.6006 -4.0252054e-03 5.093e-04 57733.5506 57733.6506 DMX_0128 
57734.7930 -3.6599390e-03 2.573e-04 57734.7430 57734.8430 DMX_0129 
57765.1226 -3.7586454e-03 2.458e-04 57764.5734 57765.6717 DMX_0130 
57781.5322 -2.7103631e-03 1.043e-03 57781.4685 57781.5958 DMX_0131 
57794.5616 -3.2603860e-03 2.350e-04 57792.4389 57796.6842 DMX_0132 
57808.4679 -2.5922967e-04 1.003e-03 57808.4038 57808.5320 DMX_0133 
57822.4210 +3.3261552e-03 1.183e-03 57822.3571 57822.4848 DMX_0134 
57835.9153 -3.5956477e-03 2.375e-04 57835.3329 57836.4978 DMX_0135 
57850.4382 -2.3626652e-03 1.062e-03 57850.3790 57850.4973 DMX_0136 
57859.3430 -3.6396381e-03 2.307e-04 57859.1874 57859.4986 DMX_0137 
57883.4410 -3.8496856e-03 9.957e-04 57883.3770 57883.5050 DMX_0138 
57893.2192 -3.9372712e-03 1.818e-04 57892.2027 57894.2356 DMX_0139 
57906.2115 -4.3720723e-03 9.587e-04 57906.1478 57906.2752 DMX_0140 
57921.1555 -3.9064655e-03 1.787e-04 57920.1484 57922.1625 DMX_0141 
57948.5386 -3.7984114e-03 2.299e-04 57947.9796 57949.0977 DMX_0142 
57978.4652 -3.0826057e-03 2.082e-04 57977.9138 57979.0167 DMX_0143 
58009.4854 -2.8227113e-03 2.039e-04 58008.9475 58010.0232 DMX_0144 
58039.3417 -3.0536292e-03 2.445e-04 58038.8612 58039.8222 DMX_0145 
58070.2767 -3.2867975e-03 2.519e-04 58069.6859 58070.8676 DMX_0146 
58099.5953 -4.4053505e-03 4.335e-04 58099.5401 58099.6505 DMX_0147 
58138.0756 -4.8449913e-03 1.982e-04 58137.5619 58138.5894 DMX_0148 
58160.9707 -5.1684401e-03 2.279e-04 58160.4159 58161.5255 DMX_0149 
58187.9326 -5.1698341e-03 1.721e-04 58187.3432 58188.5220 DMX_0150 
58211.8069 -4.7841687e-03 1.935e-04 58211.2475 58212.3663 DMX_0151 
58247.3423 -4.7678308e-03 2.352e-04 58244.1968 58250.4877 DMX_0152 
58269.3068 -4.3193769e-03 1.855e-04 58267.2243 58271.3892 DMX_0153 
58301.5858 -4.5574759e-03 1.890e-04 58301.0307 58302.1410 DMX_0154 
58335.4567 -4.2928484e-03 2.105e-04 58334.8970 58336.0164 DMX_0155 
58365.3843 -4.0951062e-03 2.016e-04 58364.8436 58365.9249 DMX_0156 
58396.7823 -3.6885325e-03 4.865e-04 58396.7323 58396.8323 DMX_0157 
58425.1925 -3.2427432e-03 2.700e-04 58424.6429 58425.7421 DMX_0158 
58460.6008 -3.0105357e-03 5.322e-04 58460.5508 58460.6508 DMX_0159 
58461.5971 -2.8312163e-03 2.589e-04 58461.5471 58461.6471 DMX_0160 
58490.0390 -2.7408631e-03 2.638e-04 58489.5157 58490.5623 DMX_0161 
58517.9858 -3.1023719e-03 2.601e-04 58517.3898 58518.5817 DMX_0162 
58544.8834 -3.1754118e-03 2.602e-04 58544.3191 58545.4477 DMX_0163 
58581.7664 -3.1873892e-03 2.560e-04 58580.2150 58583.3178 DMX_0164 
58607.6980 -3.3147097e-03 2.478e-04 58607.1525 58608.2434 DMX_0165 
58621.2719 -1.7106892e-03 1.330e-03 58621.2086 58621.3351 DMX_0166 
58636.6753 -3.1201825e-03 2.425e-04 58636.0668 58637.2837 DMX_0167 
58649.3820 -8.6206505e-03 1.273e-03 58649.3187 58649.4453 DMX_0168 
58671.5362 -3.5025030e-03 2.424e-04 58670.9958 58672.0766 DMX_0169 
58680.1241 -7.9457083e-03 1.432e-03 58680.0608 58680.1874 DMX_0170 
58699.4533 -3.6911106e-03 2.432e-04 58698.9060 58700.0005 DMX_0171 
58713.0500 -7.2378745e-03 1.419e-03 58712.9867 58713.1133 DMX_0172 
58729.3648 -3.9321061e-03 2.415e-04 58728.8161 58729.9135 DMX_0173 
58740.1527 -7.6660642e-03 1.430e-03 58740.0895 58740.2160 DMX_0174 
58759.2856 -4.4365984e-03 2.418e-04 58758.7339 58759.8374 DMX_0175 
58788.2454 -4.4468031e-03 2.000e-04 58786.6528 58789.8379 DMX_0176 
58820.8185 -6.9254601e-03 1.416e-03 58820.7553 58820.8817 DMX_0177 
58826.6087 -4.5327835e-03 2.450e-04 58826.5587 58826.6587 DMX_0178 
58827.6074 -4.8658684e-03 4.672e-04 58827.5574 58827.6574 DMX_0179 
58849.0928 -4.7136782e-03 2.431e-04 58848.4975 58849.6882 DMX_0180 
58881.9857 -5.2692970e-03 2.405e-04 58881.4338 58882.5376 DMX_0181 
58902.4330 -4.2528839e-03 5.134e-04 58899.4123 58905.4538 DMX_0182 
58907.4058 -5.4153886e-03 2.454e-04 58907.3558 58907.4558 DMX_0183 
58931.6319 -4.1076088e-03 1.452e-03 58931.5687 58931.6951 DMX_0184 
58939.8359 -5.5338269e-03 2.649e-04 58939.2818 58940.3900 DMX_0185 
58956.4857 -6.7060614e-03 1.761e-03 58956.4224 58956.5490 DMX_0186 
