# Mean DMX value = +2.634809e-05 
# Uncertainty in average DM = 8.82730e-05 
# Columns: DMXEP DMX_value DMX_var_err DMXR1 DMXR2 DMX_bin 
53420.5058 +4.8989314e-04 9.003e-05 53420.4373 53420.5744 DMX_0001 
53448.4219 +2.8365809e-04 6.947e-05 53448.3522 53448.4917 DMX_0002 
53477.3477 +2.7285109e-04 7.699e-05 53477.2770 53477.4185 DMX_0003 
53505.2925 +2.4301486e-04 8.260e-05 53505.2340 53505.3509 DMX_0004 
53569.0711 +3.7800236e-04 6.925e-05 53568.9974 53569.1448 DMX_0005 
53628.9239 +4.6413921e-04 6.359e-05 53628.8539 53628.9939 DMX_0006 
53686.7576 +4.5976972e-04 5.730e-05 53686.6879 53686.8272 DMX_0007 
53715.6922 +1.0967247e-04 1.430e-04 53715.6214 53715.7629 DMX_0008 
53750.5895 +3.8683164e-04 6.106e-05 53750.5204 53750.6586 DMX_0009 
53798.4559 +3.1704555e-04 6.803e-05 53798.3823 53798.5295 DMX_0010 
53891.2083 +3.8334770e-04 6.473e-05 53891.1367 53891.2799 DMX_0011 
54008.9117 +4.0415469e-04 8.543e-05 54008.8530 54008.9704 DMX_0012 
54043.7905 +3.7613362e-04 5.824e-05 54043.7222 54043.8589 DMX_0013 
54135.5413 +2.9429430e-04 6.354e-05 54135.4724 54135.6103 DMX_0014 
54519.4888 +1.8306768e-04 7.475e-05 54519.4218 54519.5557 DMX_0015 
54678.0557 +2.6018295e-04 6.601e-05 54677.9867 54678.1247 DMX_0016 
54819.6691 +8.9273130e-06 7.777e-05 54819.6026 54819.7356 DMX_0017 
54862.5451 -8.7548697e-05 6.175e-05 54862.4752 54862.6150 DMX_0018 
54999.1444 +1.0286252e-04 7.460e-05 54999.0875 54999.2013 DMX_0019 
55041.0407 +2.2963547e-04 8.058e-05 55040.9813 55041.1000 DMX_0020 
55170.6724 +2.7451495e-04 7.502e-05 55170.6127 55170.7321 DMX_0021 
55205.5788 +3.1784507e-04 6.872e-05 55205.5198 55205.6377 DMX_0022 
55298.3467 +2.7356451e-04 7.036e-05 55298.2893 55298.4040 DMX_0023 
55330.2599 +2.1623646e-04 6.932e-05 55330.2025 55330.3173 DMX_0024 
55424.0033 +3.4698116e-04 7.570e-05 55423.9431 55424.0635 DMX_0025 
55500.7765 +3.2555068e-04 7.159e-05 55500.7182 55500.8347 DMX_0026 
55609.4936 +4.0825188e-04 5.728e-05 55609.4048 55609.5825 DMX_0027 
55638.3907 +2.8941069e-04 6.301e-05 55638.3326 55638.4488 DMX_0028 
55677.2868 +4.5177429e-04 1.054e-04 55677.2207 55677.3528 DMX_0029 
55701.2207 +3.2713783e-04 7.102e-05 55701.1591 55701.2822 DMX_0030 
55702.2502 +5.9511857e-04 3.021e-04 55702.1961 55702.3044 DMX_0031 
55731.1454 +3.3102691e-04 6.197e-05 55731.0851 55731.2056 DMX_0032 
55758.0715 +1.7945783e-04 9.584e-05 55758.0080 55758.1349 DMX_0033 
55788.9875 +3.2094386e-04 6.692e-05 55788.9273 55789.0478 DMX_0034 
55817.9108 +1.7297265e-04 6.188e-05 55817.8502 55817.9714 DMX_0035 
55843.8543 +1.6732568e-04 6.414e-05 55843.7959 55843.9126 DMX_0036 
55912.6510 +1.5144638e-04 6.610e-05 55912.5912 55912.7107 DMX_0037 
55954.5355 +3.6418430e-04 8.713e-05 55954.4687 55954.6022 DMX_0038 
55989.4522 +1.0495513e-04 3.731e-05 55989.3911 55989.5132 DMX_0039 
56023.3575 +1.4704316e-04 3.456e-05 56023.2962 56023.4187 DMX_0040 
56038.3405 +3.4221615e-04 3.786e-05 56038.2800 56038.4010 DMX_0041 
56044.3166 +3.3817930e-05 2.927e-05 56044.2512 56044.3821 DMX_0042 
56057.2714 +2.2157320e-04 4.211e-05 56057.2118 56057.3309 DMX_0043 
56106.1397 +2.5361383e-04 5.930e-05 56106.0774 56106.2020 DMX_0044 
56140.0489 +1.8465228e-04 3.890e-05 56139.9841 56140.1137 DMX_0045 
56165.9709 +2.0725360e-04 3.141e-05 56165.8998 56166.0421 DMX_0046 
56201.8742 +3.6400140e-04 2.330e-05 56201.8145 56201.9338 DMX_0047 
56235.7711 +3.2267004e-04 4.418e-05 56235.7102 56235.8321 DMX_0048 
56277.6660 +4.5039626e-04 7.427e-05 56277.6160 56277.7160 DMX_0049 
56299.5866 +3.1752867e-04 5.747e-05 56299.5271 56299.6461 DMX_0050 
56319.5343 +2.2654885e-04 4.528e-05 56319.4761 56319.5926 DMX_0051 
56341.4899 +1.2040697e-04 3.832e-05 56341.4298 56341.5501 DMX_0052 
56360.4446 +1.9108888e-04 7.088e-05 56360.3889 56360.5004 DMX_0053 
56380.3736 +1.6944199e-04 2.864e-05 56380.3053 56380.4419 DMX_0054 
56399.3299 +5.9451321e-05 1.123e-04 56399.2799 56399.3799 DMX_0055 
56417.2795 -3.3202258e-05 2.662e-05 56417.2138 56417.3452 DMX_0056 
56438.2164 +8.0440221e-05 2.786e-05 56438.1513 56438.2814 DMX_0057 
56447.2277 +1.1292923e-04 2.829e-05 56447.1677 56447.2877 DMX_0058 
56458.1662 +1.2121375e-04 3.710e-05 56458.1006 56458.2317 DMX_0059 
56479.1037 +1.3208471e-04 3.567e-05 56479.0333 56479.1740 DMX_0060 
56519.0263 +1.1572318e-04 3.546e-05 56518.9682 56519.0844 DMX_0061 
56537.9407 +2.3669195e-04 3.155e-05 56537.8737 56538.0077 DMX_0062 
56557.8840 +1.1752597e-04 2.813e-05 56557.8173 56557.9506 DMX_0063 
56577.8344 +1.9371708e-04 3.083e-05 56577.7634 56577.9054 DMX_0064 
56598.8003 +1.4917962e-04 4.192e-05 56598.7328 56598.8677 DMX_0065 
56619.7584 +2.2266656e-04 7.140e-05 56619.7032 56619.8135 DMX_0066 
56640.6699 +2.6915045e-04 8.752e-05 56640.6146 56640.7252 DMX_0067 
56662.5990 +9.2992239e-05 3.458e-05 56662.5379 56662.6601 DMX_0068 
56738.4128 +1.1117723e-04 4.797e-05 56738.3537 56738.4719 DMX_0069 
56853.1050 +1.4164357e-04 4.708e-05 56853.0459 56853.1641 DMX_0070 
56934.8775 +2.2713713e-04 4.304e-05 56934.8185 56934.9365 DMX_0071 
56955.8189 +1.7109185e-04 3.759e-05 56955.7598 56955.8779 DMX_0072 
56977.7393 +2.7942895e-04 3.382e-05 56977.6667 56977.8120 DMX_0073 
56998.7038 +2.4752348e-04 3.779e-05 56998.6447 56998.7630 DMX_0074 
57018.6480 +1.5641801e-04 3.054e-05 57018.5889 57018.7071 DMX_0075 
57024.6204 +3.1534224e-04 3.683e-05 57024.5601 57024.6808 DMX_0076 
57028.6187 +1.4017402e-04 3.205e-05 57028.5596 57028.6778 DMX_0077 
57032.6085 +9.2340133e-05 3.230e-05 57032.5494 57032.6676 DMX_0078 
57033.5748 +1.7486644e-04 4.342e-05 57033.5185 57033.6311 DMX_0079 
57041.5906 +2.1524401e-04 4.031e-05 57041.5275 57041.6537 DMX_0080 
57049.5552 +3.2413977e-04 3.980e-05 57049.5005 57049.6100 DMX_0081 
57053.5258 +3.4024219e-04 3.984e-05 57053.4674 57053.5843 DMX_0082 
57068.5082 +2.2749886e-04 1.286e-04 57068.4531 57068.5632 DMX_0083 
57069.5039 +2.0694239e-04 3.964e-05 57069.4446 57069.5631 DMX_0084 
57076.4697 -4.7907149e-05 5.074e-05 57076.4197 57076.5197 DMX_0085 
57083.4450 +1.7340352e-04 3.687e-05 57083.3882 57083.5018 DMX_0086 
57090.4148 +7.1058641e-05 4.100e-05 57090.3564 57090.4731 DMX_0087 
57096.4278 +1.1004650e-04 3.967e-05 57096.3689 57096.4867 DMX_0088 
57097.4022 +9.9460816e-05 3.439e-05 57097.3438 57097.4606 DMX_0089 
57108.3900 +1.0647163e-04 2.914e-05 57108.3193 57108.4607 DMX_0090 
57112.3785 +1.2647950e-04 3.699e-05 57112.3134 57112.4437 DMX_0091 
57116.3760 +1.3032416e-04 3.347e-05 57116.3170 57116.4350 DMX_0092 
57118.3536 +1.3813451e-04 3.811e-05 57118.2942 57118.4130 DMX_0093 
57126.3363 +1.3427306e-04 3.019e-05 57126.2611 57126.4115 DMX_0094 
57133.3118 +6.1078381e-05 3.257e-05 57133.2453 57133.3783 DMX_0095 
57137.2962 +1.6557266e-04 3.979e-05 57137.2371 57137.3553 DMX_0096 
57139.2885 +2.5406333e-05 4.546e-05 57139.2294 57139.3476 DMX_0097 
57147.2595 +6.6463105e-05 3.377e-05 57147.2002 57147.3189 DMX_0098 
57186.1701 +6.5894696e-05 3.197e-05 57186.1112 57186.2291 DMX_0099 
57189.1860 +9.5714419e-05 2.518e-05 57189.1209 57189.2511 DMX_0100 
57200.1251 +6.4983310e-05 3.799e-05 57200.0665 57200.1838 DMX_0101 
57205.1169 +3.4033235e-05 3.207e-05 57205.0512 57205.1826 DMX_0102 
57222.1073 -1.4040621e-04 1.435e-04 57222.0573 57222.1573 DMX_0103 
57223.0691 +1.3171389e-04 9.510e-05 57223.0191 57223.1191 DMX_0104 
57233.0811 -1.7292680e-04 7.640e-05 57233.0228 57233.1395 DMX_0105 
57235.0654 +3.1327130e-05 3.403e-05 57235.0061 57235.1248 DMX_0106 
57240.0148 +5.9488139e-07 2.432e-05 57239.9472 57240.0825 DMX_0107 
57243.0279 +8.3693065e-05 3.351e-05 57242.9619 57243.0938 DMX_0108 
57249.0329 +6.4469949e-05 3.138e-05 57248.9735 57249.0922 DMX_0109 
57257.9925 +8.0812045e-05 3.294e-05 57257.9330 57258.0519 DMX_0110 
57263.9477 +3.5156212e-05 3.007e-05 57263.8891 57264.0063 DMX_0111 
57265.9814 -1.5096873e-05 3.076e-05 57265.9240 57266.0388 DMX_0112 
57295.8988 +1.5011485e-04 2.740e-05 57295.8290 57295.9685 DMX_0113 
57302.8827 +1.1075875e-04 2.999e-05 57302.8230 57302.9425 DMX_0114 
57305.8535 +1.1087733e-04 2.457e-05 57305.7898 57305.9172 DMX_0115 
57311.8512 +1.7020317e-04 3.838e-05 57311.7915 57311.9108 DMX_0116 
57319.8336 +2.3234021e-04 3.603e-05 57319.7762 57319.8911 DMX_0117 
57326.7831 +2.5360514e-04 3.509e-05 57326.7186 57326.8476 DMX_0118 
57330.7950 +1.8431939e-04 3.155e-05 57330.7389 57330.8511 DMX_0119 
57333.7638 +1.3700951e-04 2.580e-05 57333.6937 57333.8338 DMX_0120 
57347.7184 +3.2171437e-04 3.087e-05 57347.6593 57347.7774 DMX_0121 
57348.7059 +2.8658847e-04 3.167e-05 57348.6510 57348.7608 DMX_0122 
57355.6890 +1.2411592e-04 3.162e-05 57355.6308 57355.7472 DMX_0123 
57362.7115 +1.8103470e-04 3.414e-05 57362.6519 57362.7711 DMX_0124 
57375.6552 +2.8757976e-04 3.386e-05 57375.5964 57375.7140 DMX_0125 
57376.6389 +1.7982114e-04 3.919e-05 57376.5889 57376.6889 DMX_0126 
57387.6414 +2.2260073e-04 4.336e-05 57387.5712 57387.7117 DMX_0127 
57389.6017 +1.9216775e-04 3.907e-05 57389.5431 57389.6603 DMX_0128 
57403.6100 +9.8462826e-05 4.173e-05 57403.5566 57403.6634 DMX_0129 
57408.5404 +1.7411308e-04 3.449e-05 57408.4831 57408.5977 DMX_0130 
57415.5237 +2.0095349e-04 3.940e-05 57415.4665 57415.5809 DMX_0131 
57417.5229 +1.5974641e-04 3.395e-05 57417.4640 57417.5818 DMX_0132 
57422.5093 +3.3566778e-05 3.099e-05 57422.4529 57422.5657 DMX_0133 
57502.3075 +7.9034397e-05 4.524e-05 57502.2484 57502.3666 DMX_0134 
57505.3159 +1.4294753e-05 3.665e-05 57505.2563 57505.3755 DMX_0135 
57512.2888 -6.3675505e-04 3.297e-05 57512.2236 57512.3540 DMX_0136 
57519.2924 -4.1438190e-04 3.999e-05 57519.2320 57519.3529 DMX_0137 
57523.2335 -3.1893204e-04 3.278e-05 57523.1744 57523.2925 DMX_0138 
57527.2686 -2.7141710e-04 2.618e-05 57527.2051 57527.3321 DMX_0139 
57537.2080 -2.6907056e-04 3.359e-05 57537.1482 57537.2678 DMX_0140 
57541.1880 -2.5398388e-04 3.746e-05 57541.1276 57541.2483 DMX_0141 
57548.1978 -1.9532237e-04 5.243e-05 57548.1373 57548.2583 DMX_0142 
57554.1880 -1.9334017e-04 3.433e-05 57554.1277 57554.2484 DMX_0143 
57561.1584 -1.9279142e-04 3.056e-05 57561.0858 57561.2310 DMX_0144 
57564.1227 -1.9265446e-04 3.326e-05 57564.0637 57564.1817 DMX_0145 
57574.1098 -2.4015427e-04 3.180e-05 57574.0509 57574.1688 DMX_0146 
57581.1181 -1.3624033e-04 3.142e-05 57581.0616 57581.1746 DMX_0147 
57587.0569 -1.1632635e-04 3.355e-05 57586.9978 57587.1159 DMX_0148 
57589.0974 -1.2412202e-04 3.369e-05 57589.0378 57589.1569 DMX_0149 
57597.0592 -2.6593606e-06 3.922e-05 57597.0004 57597.1179 DMX_0150 
57607.0030 -1.3002989e-04 3.540e-05 57606.9439 57607.0621 DMX_0151 
57609.0342 -1.1866015e-04 3.059e-05 57608.9739 57609.0945 DMX_0152 
57616.0139 -9.4005086e-05 3.549e-05 57615.9540 57616.0739 DMX_0153 
57623.0030 -1.4653253e-04 3.666e-05 57622.9389 57623.0671 DMX_0154 
57627.9448 -9.0227088e-05 3.271e-05 57627.8857 57628.0039 DMX_0155 
57638.9318 -1.6715247e-04 3.058e-05 57638.8728 57638.9908 DMX_0156 
57645.9418 -8.6959356e-05 3.122e-05 57645.8822 57646.0014 DMX_0157 
57648.8904 -1.5180057e-04 3.021e-05 57648.8313 57648.9495 DMX_0158 
57663.8914 -5.4772840e-05 3.468e-05 57663.8323 57663.9506 DMX_0159 
57669.8304 -8.2765228e-05 3.770e-05 57669.7713 57669.8894 DMX_0160 
57671.8678 -7.8377281e-05 3.233e-05 57671.8079 57671.9276 DMX_0161 
57677.8470 -6.1173203e-05 2.695e-05 57677.7881 57677.9058 DMX_0162 
57678.8269 -7.3327211e-05 2.815e-05 57678.7686 57678.8852 DMX_0163 
57685.8312 -9.0269712e-05 2.698e-05 57685.7750 57685.8873 DMX_0164 
57700.7456 +5.2930258e-05 3.888e-05 57700.6865 57700.8046 DMX_0165 
57704.7810 -6.0357346e-05 3.069e-05 57704.7162 57704.8458 DMX_0166 
57712.7503 -5.0895451e-05 3.050e-05 57712.6895 57712.8112 DMX_0167 
57716.7498 -3.1593377e-05 4.305e-05 57716.6850 57716.8146 DMX_0168 
57717.6991 -4.2781846e-05 3.755e-05 57717.6400 57717.7582 DMX_0169 
57727.7251 -7.8998183e-05 3.692e-05 57727.6650 57727.7851 DMX_0170 
57739.6408 -2.9086323e-05 3.185e-05 57739.5818 57739.6997 DMX_0171 
57740.6542 +6.0136326e-05 4.675e-05 57740.6042 57740.7042 DMX_0172 
57748.6174 -3.7479004e-05 3.650e-05 57748.5575 57748.6772 DMX_0173 
57755.6063 -9.8986057e-06 3.064e-05 57755.5424 57755.6701 DMX_0174 
57767.5627 +3.4289822e-05 4.103e-05 57767.5036 57767.6217 DMX_0175 
57769.5779 -3.0359717e-05 3.397e-05 57769.5184 57769.6375 DMX_0176 
57775.5452 +8.3850026e-05 1.144e-04 57775.4913 57775.5992 DMX_0177 
57788.5053 -1.2676921e-05 2.636e-05 57788.4462 57788.5643 DMX_0178 
57800.4718 +1.2873005e-05 3.532e-05 57800.4150 57800.5285 DMX_0179 
57809.4678 -1.2992223e-04 4.520e-05 57809.4057 57809.5298 DMX_0180 
57811.4463 -1.4444853e-04 3.004e-05 57811.3891 57811.5034 DMX_0181 
57824.4114 -9.3634364e-05 3.804e-05 57824.3523 57824.4705 DMX_0182 
57833.4227 -1.1803982e-04 3.331e-05 57833.3638 57833.4817 DMX_0183 
57850.3334 -8.1527302e-05 3.563e-05 57850.2785 57850.3884 DMX_0184 
57852.3340 -7.5546391e-05 3.378e-05 57852.2749 57852.3931 DMX_0185 
57855.3215 -9.4173626e-05 3.866e-05 57855.2648 57855.3782 DMX_0186 
57863.3005 -9.2290579e-05 4.013e-05 57863.2427 57863.3584 DMX_0187 
57870.2793 -1.2543127e-04 3.066e-05 57870.2212 57870.3375 DMX_0188 
57871.2794 -1.1558076e-04 3.218e-05 57871.2203 57871.3384 DMX_0189 
57876.2671 -1.4095453e-04 3.628e-05 57876.2075 57876.3268 DMX_0190 
57885.2420 -2.2421441e-04 3.070e-05 57885.1871 57885.2969 DMX_0191 
57892.2366 -1.2780069e-04 3.925e-05 57892.1866 57892.2866 DMX_0192 
57893.2186 -1.0622214e-04 2.901e-05 57893.1595 57893.2777 DMX_0193 
57901.1950 -1.9003899e-04 3.200e-05 57901.1366 57901.2534 DMX_0194 
57906.2380 -1.9613594e-04 4.881e-05 57906.1880 57906.2880 DMX_0195 
57910.2213 -4.7475363e-05 3.938e-05 57910.1661 57910.2766 DMX_0196 
57914.1613 -8.7733978e-05 3.514e-05 57914.1021 57914.2204 DMX_0197 
57921.1543 -1.1400608e-04 3.551e-05 57921.0949 57921.2136 DMX_0198 
57925.1354 -1.6062965e-04 3.146e-05 57925.0771 57925.1938 DMX_0199 
57931.1262 -1.4024291e-04 3.315e-05 57931.0670 57931.1855 DMX_0200 
57936.1107 -1.4392900e-04 4.104e-05 57936.0607 57936.1607 DMX_0201 
57949.0729 -1.0045252e-04 3.909e-05 57949.0125 57949.1333 DMX_0202 
57953.0551 -1.3692422e-04 3.811e-05 57953.0051 57953.1051 DMX_0203 
57958.0416 -5.3470982e-05 4.366e-05 57957.9852 57958.0981 DMX_0204 
58467.6654 -1.7806060e-04 3.944e-05 58467.6074 58467.7233 DMX_0205 
58468.6401 -1.3096477e-04 4.484e-05 58468.5807 58468.6995 DMX_0206 
58476.6604 -1.0934393e-04 4.754e-05 58476.6013 58476.7195 DMX_0207 
58482.6365 -7.4302004e-05 3.683e-05 58482.5786 58482.6945 DMX_0208 
58509.5323 -1.3832284e-04 3.836e-05 58509.4823 58509.5823 DMX_0209 
58515.5107 -1.8715521e-04 3.009e-05 58515.4548 58515.5666 DMX_0210 
58525.4782 -2.1761795e-04 2.880e-05 58525.4224 58525.5341 DMX_0211 
58530.4745 -4.3021242e-05 5.284e-05 58530.4169 58530.5320 DMX_0212 
58537.4861 -2.1215577e-04 2.566e-05 58537.4292 58537.5430 DMX_0213 
58542.4547 -1.4498130e-04 4.062e-05 58542.3919 58542.5176 DMX_0214 
58545.4271 -9.0762802e-05 5.018e-05 58545.3689 58545.4852 DMX_0215 
58549.4608 -1.4637575e-04 3.866e-05 58549.3980 58549.5236 DMX_0216 
58556.4540 -1.6889315e-04 4.564e-05 58556.4040 58556.5040 DMX_0217 
58566.3684 -1.5506135e-04 4.516e-05 58566.3107 58566.4262 DMX_0218 
58567.4044 -1.0527803e-04 4.347e-05 58567.3416 58567.4672 DMX_0219 
58576.3887 -1.8888637e-04 3.622e-05 58576.3298 58576.4476 DMX_0220 
58584.3238 -2.4063699e-04 3.201e-05 58584.2640 58584.3837 DMX_0221 
58587.3167 -1.6428899e-04 3.766e-05 58587.2587 58587.3747 DMX_0222 
58592.3047 -1.2991268e-04 3.685e-05 58592.2419 58592.3675 DMX_0223 
58598.3265 -1.2840320e-04 4.679e-05 58598.2637 58598.3893 DMX_0224 
58605.3081 -1.1770600e-04 3.628e-05 58605.2496 58605.3665 DMX_0225 
58610.2491 -2.4312672e-04 3.036e-05 58610.1911 58610.3070 DMX_0226 
58613.2907 -1.4038252e-04 4.427e-05 58613.2316 58613.3497 DMX_0227 
58623.2648 -2.1235755e-04 3.522e-05 58623.2061 58623.3234 DMX_0228 
58629.1973 -7.3330224e-05 5.820e-05 58629.1394 58629.2553 DMX_0229 
58630.2504 -1.9358250e-04 3.966e-05 58630.1914 58630.3093 DMX_0230 
58638.1859 -2.2245296e-04 3.856e-05 58638.1268 58638.2450 DMX_0231 
58650.1557 -2.0007690e-04 3.781e-05 58650.1057 58650.2057 DMX_0232 
58651.1373 -2.9513459e-04 3.150e-05 58651.0794 58651.1952 DMX_0233 
58655.1458 -2.6999632e-04 3.530e-05 58655.0867 58655.2049 DMX_0234 
58660.1453 -2.5556574e-04 3.683e-05 58660.0862 58660.2044 DMX_0235 
58671.0833 -2.6228595e-04 3.429e-05 58671.0252 58671.1413 DMX_0236 
58672.1137 -2.3977258e-04 3.779e-05 58672.0637 58672.1637 DMX_0237 
58680.0961 -1.9115661e-04 3.884e-05 58680.0264 58680.1659 DMX_0238 
58691.0471 -2.3667582e-04 3.658e-05 58690.9917 58691.1025 DMX_0239 
58692.0251 -2.0157139e-04 4.682e-05 58691.9675 58692.0828 DMX_0240 
58693.0380 -1.6108073e-04 3.794e-05 58692.9788 58693.0972 DMX_0241 
58700.0307 -2.7128385e-04 3.112e-05 58699.9714 58700.0899 DMX_0242 
58707.0099 -1.8577097e-04 4.058e-05 58706.9507 58707.0690 DMX_0243 
58713.9650 -2.2109296e-04 4.115e-05 58713.9069 58714.0231 DMX_0244 
58714.9752 -3.2738730e-04 3.363e-05 58714.9162 58715.0342 DMX_0245 
58734.9072 -1.7624843e-04 4.035e-05 58734.8492 58734.9652 DMX_0246 
58735.9285 -2.6275712e-04 3.106e-05 58735.8785 58735.9785 DMX_0247 
58740.9031 -1.9174395e-04 3.499e-05 58740.8439 58740.9622 DMX_0248 
58746.8992 -2.4018806e-04 3.412e-05 58746.8341 58746.9642 DMX_0249 
58753.8747 -2.6990649e-04 3.042e-05 58753.8158 58753.9335 DMX_0250 
58762.8725 -1.9224197e-04 3.696e-05 58762.8159 58762.9292 DMX_0251 
58766.8736 -1.4443231e-04 3.923e-05 58766.8144 58766.9328 DMX_0252 
58775.7997 -7.0327282e-05 4.444e-05 58775.7422 58775.8573 DMX_0253 
58776.7998 -1.1460492e-04 4.148e-05 58776.7498 58776.8498 DMX_0254 
58789.7862 -1.7046403e-04 3.504e-05 58789.7268 58789.8456 DMX_0255 
58796.7375 -2.0458590e-04 2.783e-05 58796.6807 58796.7942 DMX_0256 
58798.7655 -1.1591843e-04 3.395e-05 58798.7079 58798.8231 DMX_0257 
58803.7663 -2.0078385e-04 2.859e-05 58803.7094 58803.8232 DMX_0258 
58817.6806 -9.3125635e-05 4.210e-05 58817.6226 58817.7386 DMX_0259 
58825.6560 -9.8919202e-05 3.831e-05 58825.5991 58825.7129 DMX_0260 
58835.6937 -5.2060180e-05 3.408e-05 58835.6366 58835.7508 DMX_0261 
58839.6259 +9.2623153e-05 3.954e-05 58839.5677 58839.6842 DMX_0262 
58841.6482 -1.8857458e-04 3.629e-05 58841.5982 58841.6982 DMX_0263 
58845.6132 -1.6120554e-04 4.258e-05 58845.5546 58845.6719 DMX_0264 
58852.6021 -1.5295179e-04 3.811e-05 58852.5433 58852.6608 DMX_0265 
58881.5526 -1.2206273e-04 4.191e-05 58881.4923 58881.6129 DMX_0266 
58886.4960 -1.5485471e-04 4.074e-05 58886.4351 58886.5570 DMX_0267 
58889.4762 -1.8829041e-04 3.433e-05 58889.4262 58889.5262 DMX_0268 
58895.4840 -9.4648310e-05 4.272e-05 58895.4239 58895.5441 DMX_0269 
58900.4733 -1.4885196e-04 4.865e-05 58900.4185 58900.5282 DMX_0270 
58908.4505 -1.0778489e-04 4.926e-05 58908.3892 58908.5118 DMX_0271 
58910.4371 -1.0705911e-04 4.819e-05 58910.3826 58910.4915 DMX_0272 
58917.4488 -6.3135288e-05 4.494e-05 58917.3913 58917.5064 DMX_0273 
58924.4252 -1.2270657e-03 7.412e-04 58924.3752 58924.4752 DMX_0274 
58940.3495 -1.6361766e-04 5.423e-05 58940.2995 58940.3995 DMX_0275 
58944.3422 -2.0718199e-04 4.004e-05 58944.2834 58944.4010 DMX_0276 
58949.3308 -1.4901541e-04 4.236e-05 58949.2718 58949.3898 DMX_0277 
58950.3279 -2.1427839e-04 3.566e-05 58950.2655 58950.3903 DMX_0278 
58955.3008 -1.9697711e-04 3.609e-05 58955.2441 58955.3574 DMX_0279 
58961.2983 -2.4698108e-04 3.861e-05 58961.2402 58961.3564 DMX_0280 
58973.2637 -2.4330425e-04 3.247e-05 58973.2057 58973.3217 DMX_0281 
58974.2663 -2.3620134e-04 3.288e-05 58974.2090 58974.3237 DMX_0282 
58979.2468 -2.2408692e-04 3.533e-05 58979.1877 58979.3059 DMX_0283 
58987.2170 -2.7381958e-04 3.389e-05 58987.1670 58987.2670 DMX_0284 
58994.2083 -2.8046140e-04 3.385e-05 58994.1583 58994.2583 DMX_0285 
59001.1882 -2.4395422e-04 3.574e-05 59001.1382 59001.2382 DMX_0286 
59008.2066 -2.1680731e-04 3.928e-05 59008.1566 59008.2566 DMX_0287 
59016.1401 -1.9827967e-04 6.888e-05 59016.0817 59016.1986 DMX_0288 
59020.1483 +1.0311534e-04 4.136e-04 59020.0898 59020.2069 DMX_0289 
59026.1512 -2.4379404e-04 3.661e-05 59026.0927 59026.2097 DMX_0290 
59040.0933 -2.2172957e-04 3.994e-05 59040.0433 59040.1433 DMX_0291 
59045.0884 -2.0391063e-04 3.930e-05 59045.0291 59045.1476 DMX_0292 
59050.0651 -1.7899537e-04 4.816e-05 59050.0062 59050.1240 DMX_0293 
59056.0290 -2.2399460e-04 4.254e-05 59055.9710 59056.0870 DMX_0294 
59057.0555 -2.2926933e-04 3.933e-05 59056.9984 59057.1127 DMX_0295 
59068.0008 -2.3465746e-04 3.887e-05 59067.9421 59068.0594 DMX_0296 
59070.9957 -2.0624936e-04 4.451e-05 59070.9367 59071.0547 DMX_0297 
