# Mean DMX value = -1.010967e-05 
# Uncertainty in average DM = 4.73842e-06 
# Columns: DMXEP DMX_value DMX_var_err DMXR1 DMXR2 DMX_bin 
53798.1992 +2.1488500e-04 4.523e-05 53798.1992 53798.1992 DMX_0001 
53838.0941 +2.9143482e-04 3.018e-05 53838.0941 53838.0941 DMX_0002 
53858.0446 +2.7558789e-04 3.551e-05 53858.0446 53858.0446 DMX_0003 
53888.9528 +3.8816360e-04 3.421e-05 53888.9528 53888.9528 DMX_0004 
53917.8737 +3.2416955e-04 2.626e-05 53917.8737 53917.8737 DMX_0005 
53979.7037 +4.0889819e-04 2.124e-05 53979.7037 53979.7037 DMX_0006 
54009.6221 +2.9680424e-04 2.788e-05 54009.6221 54009.6221 DMX_0007 
54035.5525 +2.7473118e-04 2.956e-05 54035.5525 54035.5525 DMX_0008 
54064.4714 +2.3272983e-04 6.106e-05 54064.4714 54064.4714 DMX_0009 
54100.3742 +2.9247190e-04 3.523e-05 54100.3742 54100.3742 DMX_0010 
54133.3160 +1.6753022e-04 4.025e-05 54133.3160 54133.3160 DMX_0011 
54218.0936 +1.2554394e-04 2.934e-05 54218.0936 54218.0936 DMX_0012 
54373.6258 +1.3816353e-04 4.592e-05 54373.6258 54373.6258 DMX_0013 
54400.5527 +1.4665378e-04 3.039e-05 54400.5527 54400.5527 DMX_0014 
54428.4846 +2.2143735e-04 3.717e-05 54428.4846 54428.4846 DMX_0015 
54462.3954 +1.9136598e-04 6.831e-05 54462.3954 54462.3954 DMX_0016 
54526.2132 +3.1317447e-05 2.262e-05 54526.2132 54526.2132 DMX_0017 
54551.1501 +2.0493829e-04 2.625e-05 54551.1501 54551.1501 DMX_0018 
54578.0800 +1.3440974e-04 2.820e-05 54578.0800 54578.0800 DMX_0019 
54640.9055 +8.1225384e-05 4.191e-05 54640.9055 54640.9055 DMX_0020 
54672.8118 +1.1770508e-04 2.256e-05 54672.8118 54672.8118 DMX_0021 
54707.7163 +3.0781603e-05 4.538e-05 54707.7163 54707.7163 DMX_0022 
54751.7224 -5.3475124e-04 2.387e-05 54751.7224 54751.7224 DMX_0023 
54820.4093 -1.5317009e-04 3.439e-05 54820.4093 54820.4093 DMX_0024 
54850.3262 -2.5251161e-04 7.022e-05 54850.3262 54850.3262 DMX_0025 
54882.2393 -3.4194458e-04 2.737e-05 54882.2393 54882.2393 DMX_0026 
54913.1541 -2.5776394e-04 3.684e-05 54913.1541 54913.1541 DMX_0027 
54942.0746 -2.2759144e-04 3.879e-05 54942.0746 54942.0746 DMX_0028 
54972.9902 -1.7069513e-04 3.637e-05 54972.9902 54972.9902 DMX_0029 
55003.9057 -1.8530008e-04 2.590e-05 55003.9057 55003.9057 DMX_0030 
55029.8358 -1.4824286e-04 5.063e-05 55029.8358 55029.8358 DMX_0031 
55065.7363 -2.4250487e-04 2.176e-05 55065.7363 55065.7363 DMX_0032 
55094.5588 -6.0072770e-05 4.820e-05 55094.5588 55094.5588 DMX_0033 
55118.4932 -7.4228395e-06 2.985e-05 55118.4932 55118.4932 DMX_0034 
55154.3950 +6.2858723e-05 2.830e-05 55154.3950 55154.3950 DMX_0035 
55214.2331 +1.6654118e-05 2.137e-05 55214.2331 55214.2331 DMX_0036 
55243.1534 +4.3749455e-05 2.984e-05 55243.1534 55243.1534 DMX_0037 
55275.1592 +6.3677961e-05 2.762e-05 55275.1592 55275.1592 DMX_0038 
55305.0764 +1.7631179e-04 3.428e-05 55305.0764 55305.0764 DMX_0039 
55336.9899 +9.8571623e-05 2.514e-05 55336.9899 55336.9899 DMX_0040 
55360.9243 +9.9244885e-05 2.899e-05 55360.9243 55360.9243 DMX_0041 
55389.8999 +1.5363544e-04 2.735e-05 55389.8999 55389.8999 DMX_0042 
55429.7799 +1.9570518e-04 3.003e-05 55429.7799 55429.7799 DMX_0043 
55461.6931 +1.4879432e-04 3.555e-05 55461.6931 55461.6931 DMX_0044 
55492.5636 +2.0079481e-04 3.868e-05 55492.5636 55492.5636 DMX_0045 
55520.4888 +2.4452506e-04 3.030e-05 55520.4888 55520.4888 DMX_0046 
55542.4718 +2.6085883e-04 3.532e-05 55542.4718 55542.4718 DMX_0047 
55578.3742 +2.2012446e-04 3.637e-05 55578.3742 55578.3742 DMX_0048 
55616.2256 +1.2609386e-04 2.579e-05 55616.2256 55616.2256 DMX_0049 
55639.2074 +1.3488703e-04 2.899e-05 55639.2074 55639.2074 DMX_0050 
55670.1211 +1.5546517e-04 2.375e-05 55670.1211 55670.1211 DMX_0051 
55700.0351 +1.2754712e-04 3.382e-05 55700.0351 55700.0351 DMX_0052 
55730.9548 +1.6595670e-04 2.424e-05 55730.9548 55730.9548 DMX_0053 
55765.8157 +1.1979597e-04 4.463e-05 55765.8157 55765.8157 DMX_0054 
55773.7934 +1.3879482e-04 4.137e-05 55773.7934 55773.7934 DMX_0055 
55799.7224 +1.1680413e-04 2.326e-05 55799.7224 55799.7224 DMX_0056 
55826.6602 +1.4090668e-04 3.020e-05 55826.6602 55826.6602 DMX_0057 
55863.5736 +2.1066246e-04 3.238e-05 55863.5736 55863.5736 DMX_0058 
55892.4846 +2.4792609e-04 2.559e-05 55892.4846 55892.4846 DMX_0059 
55918.4134 +2.7141502e-04 4.436e-05 55918.4134 55918.4134 DMX_0060 
55948.3316 +1.7489343e-04 3.121e-05 55948.3316 55948.3316 DMX_0061 
55976.3725 +2.0210489e-04 3.340e-05 55976.3725 55976.3725 DMX_0062 
56002.3357 +1.6962216e-04 2.894e-05 56002.3357 56002.3357 DMX_0063 
56034.1922 +1.6515835e-04 3.347e-05 56034.1922 56034.1922 DMX_0064 
56066.1133 +1.8403526e-04 3.970e-05 56066.1133 56066.1133 DMX_0065 
56094.0454 +1.5261694e-04 2.958e-05 56094.0454 56094.0454 DMX_0066 
56129.9560 +1.7099490e-04 4.214e-05 56129.9560 56129.9560 DMX_0067 
56137.9518 +5.3272650e-05 6.727e-05 56137.9518 56137.9518 DMX_0068 
56150.8487 +1.3143785e-04 2.965e-05 56150.8487 56150.8487 DMX_0069 
56172.7948 +6.0580920e-05 3.431e-05 56172.7948 56172.7948 DMX_0070 
56193.7374 +8.6295713e-05 2.961e-05 56193.7374 56193.7374 DMX_0071 
56213.6856 +1.6072614e-04 3.222e-05 56213.6856 56213.6856 DMX_0072 
56234.7663 +1.5028697e-04 2.974e-05 56234.7663 56234.7663 DMX_0073 
56249.5924 +1.4722011e-04 2.907e-05 56249.5924 56249.5924 DMX_0074 
56269.4600 +3.0808324e-04 3.059e-05 56269.4600 56269.4600 DMX_0075 
56288.4522 +1.8520822e-04 3.025e-05 56288.4522 56288.4522 DMX_0076 
56310.3260 +1.5172923e-04 2.766e-05 56310.3260 56310.3260 DMX_0077 
56332.3690 +3.4070048e-05 2.969e-05 56332.3690 56332.3690 DMX_0078 
56352.2891 +1.4410812e-04 3.575e-05 56352.2891 56352.2891 DMX_0079 
56367.2518 +2.5831153e-05 2.800e-05 56367.2518 56367.2518 DMX_0080 
56387.2369 +1.4443866e-05 2.900e-05 56387.2369 56387.2369 DMX_0081 
56407.0931 +6.5218810e-05 2.802e-05 56407.0931 56407.0931 DMX_0082 
56431.1181 +4.0568670e-06 3.327e-05 56431.1181 56431.1181 DMX_0083 
56449.9741 +9.0283464e-06 3.555e-05 56449.9741 56449.9741 DMX_0084 
56470.9732 +8.3034061e-05 2.827e-05 56470.9732 56470.9732 DMX_0085 
56492.0309 +4.1134235e-05 2.933e-05 56492.0309 56492.0309 DMX_0086 
56502.1300 +8.2851057e-05 4.736e-05 56502.1300 56502.1300 DMX_0087 
56515.1471 +6.2400961e-06 6.413e-05 56515.1471 56515.1471 DMX_0088 
56521.8085 +7.5276680e-05 2.236e-05 56521.8085 56521.8085 DMX_0089 
56530.0483 +7.0089420e-05 3.509e-05 56530.0483 56530.0483 DMX_0090 
56541.7655 -2.2634456e-05 5.501e-05 56541.7655 56541.7655 DMX_0091 
56548.6893 +6.1747705e-05 2.128e-05 56548.6893 56548.6893 DMX_0092 
56564.9533 +9.1692392e-05 5.108e-05 56564.9533 56564.9533 DMX_0093 
56584.6286 +6.6542583e-05 1.817e-05 56584.6286 56584.6286 DMX_0094 
56591.9149 +2.1414931e-04 5.126e-05 56591.9149 56591.9149 DMX_0095 
56598.8719 +2.0349809e-04 3.691e-05 56598.8719 56598.8719 DMX_0096 
56606.6050 +1.8245540e-04 4.292e-05 56606.6050 56606.6050 DMX_0097 
56614.5779 +1.3351453e-04 2.171e-05 56614.5779 56614.5779 DMX_0098 
56627.7738 +2.7542809e-04 4.228e-05 56627.7738 56627.7738 DMX_0099 
56641.4518 +1.0598840e-04 2.503e-05 56641.4518 56641.4518 DMX_0100 
56656.7338 +1.1097847e-04 3.846e-05 56656.7338 56656.7338 DMX_0101 
56669.6930 +1.1223949e-04 2.754e-05 56669.6930 56669.6930 DMX_0102 
56676.4289 +1.0756986e-04 3.794e-05 56676.4289 56676.4289 DMX_0103 
56691.6393 +1.6503039e-04 3.541e-05 56691.6393 56691.6393 DMX_0104 
56703.4522 +1.1313367e-04 3.118e-05 56703.4522 56703.4522 DMX_0105 
56710.5538 +5.3057747e-05 5.601e-05 56710.5538 56710.5538 DMX_0106 
56720.4673 +1.3355221e-04 4.817e-05 56720.4673 56720.4673 DMX_0107 
56733.4043 +3.8727953e-05 3.021e-05 56733.4043 56733.4043 DMX_0108 
56747.4912 +5.7530045e-05 5.159e-05 56747.4912 56747.4912 DMX_0109 
56761.4024 +3.6911473e-05 3.172e-05 56761.4024 56761.4024 DMX_0110 
56775.4166 -3.5169325e-05 4.567e-05 56775.4166 56775.4166 DMX_0111 
56789.3499 +8.4465952e-06 3.879e-05 56789.3499 56789.3499 DMX_0112 
56800.3594 +5.1086269e-05 5.992e-05 56800.3594 56800.3594 DMX_0113 
56817.2457 +1.9900763e-05 4.476e-05 56817.2457 56817.2457 DMX_0114 
56828.0601 +1.8636232e-05 2.895e-05 56828.0601 56828.0601 DMX_0115 
56838.2544 +4.6432118e-05 3.392e-05 56838.2544 56838.2544 DMX_0116 
56849.0886 +3.2010953e-05 2.486e-05 56849.0886 56849.0886 DMX_0117 
56866.1932 +3.6119461e-05 3.836e-05 56866.1932 56866.1932 DMX_0118 
56877.1598 +1.2184370e-04 5.963e-05 56877.1598 56877.1598 DMX_0119 
56885.8400 -7.5946992e-06 3.648e-05 56885.8400 56885.8400 DMX_0120 
56893.8610 +4.1448230e-05 3.407e-05 56893.8610 56893.8610 DMX_0121 
56905.9624 -1.5549595e-05 8.046e-05 56905.9624 56905.9624 DMX_0122 
56912.9944 +6.6609173e-05 5.681e-05 56912.9944 56912.9944 DMX_0123 
56921.7307 +4.0521744e-05 2.743e-05 56921.7307 56921.7307 DMX_0124 
56937.8814 +1.0729853e-04 4.209e-05 56937.8814 56937.8814 DMX_0125 
56945.7175 +7.9674322e-05 3.212e-05 56945.7175 56945.7175 DMX_0126 
56956.8192 +1.3524399e-04 3.422e-05 56956.8192 56956.8192 DMX_0127 
56971.8827 +7.8495491e-05 2.992e-05 56971.8827 56971.8827 DMX_0128 
56978.5755 +1.3366753e-04 3.440e-05 56978.5755 56978.5755 DMX_0129 
56985.8394 +1.7360476e-04 5.133e-05 56985.8394 56985.8394 DMX_0130 
56992.7603 +1.8620033e-04 4.436e-05 56992.7603 56992.7603 DMX_0131 
56999.8210 +2.0020284e-04 3.337e-05 56999.8210 56999.8210 DMX_0132 
57011.4704 +1.7434933e-04 2.671e-05 57011.4704 57011.4704 DMX_0133 
57019.6728 +2.6483952e-04 3.670e-05 57019.6728 57019.6728 DMX_0134 
57034.6340 +1.1756003e-04 3.056e-05 57034.6340 57034.6340 DMX_0135 
57041.4898 +1.0176956e-04 2.490e-05 57041.4898 57041.4898 DMX_0136 
57054.6535 +1.5194580e-04 5.063e-05 57054.6535 57054.6535 DMX_0137 
57062.6308 +1.4162651e-04 5.127e-05 57062.6308 57062.6308 DMX_0138 
57069.6017 +1.0026019e-04 4.795e-05 57069.6017 57069.6017 DMX_0139 
57078.3242 +1.4601197e-04 3.633e-05 57078.3242 57078.3242 DMX_0140 
57090.4744 +5.8143316e-05 3.829e-05 57090.4744 57090.4744 DMX_0141 
57101.2350 +1.0014589e-04 5.188e-05 57101.2350 57101.2350 DMX_0142 
57108.4325 +6.3076726e-05 5.950e-05 57108.4325 57108.4325 DMX_0143 
57115.4216 -8.4724684e-05 5.188e-05 57115.4216 57115.4216 DMX_0144 
57123.4045 +7.2858990e-05 6.208e-05 57123.4045 57123.4045 DMX_0145 
57131.1621 +8.7652144e-05 2.780e-05 57131.1621 57131.1621 DMX_0146 
57161.0834 +5.5640753e-05 2.636e-05 57161.0834 57161.0834 DMX_0147 
57173.3190 +1.0894663e-04 5.051e-05 57173.3190 57173.3190 DMX_0148 
57181.2764 +1.6047643e-04 5.225e-05 57181.2764 57181.2764 DMX_0149 
57188.2969 +7.2857045e-05 2.858e-05 57188.2969 57188.2969 DMX_0150 
57195.0071 +4.3176584e-05 4.094e-05 57195.0071 57195.0071 DMX_0151 
57216.1339 +1.3944989e-05 4.168e-05 57216.1339 57216.1339 DMX_0152 
57228.8907 -3.7695470e-05 6.297e-05 57228.8907 57228.8907 DMX_0153 
57237.0772 +2.9659263e-05 5.696e-05 57237.0772 57237.0772 DMX_0154 
57247.9623 +3.7667190e-05 3.572e-05 57247.9623 57247.9623 DMX_0155 
57268.9982 +1.3193729e-04 3.737e-05 57268.9982 57268.9982 DMX_0156 
57276.9961 +5.4554465e-05 4.157e-05 57276.9961 57276.9961 DMX_0157 
57293.8822 +1.2160331e-04 4.087e-05 57293.8822 57293.8822 DMX_0158 
57303.9866 +9.9287187e-05 2.826e-05 57303.9866 57303.9866 DMX_0159 
57319.7980 +2.3058622e-04 5.637e-05 57319.7980 57319.7980 DMX_0160 
57326.8937 +1.7720848e-04 3.682e-05 57326.8937 57326.8937 DMX_0161 
57335.7685 +8.6533150e-05 2.708e-05 57335.7685 57335.7685 DMX_0162 
57356.8211 +1.5797778e-04 7.695e-05 57356.8211 57356.8211 DMX_0163 
57363.8025 +1.3753985e-04 2.393e-05 57363.8025 57363.8025 DMX_0164 
57370.6654 +2.5075642e-04 4.060e-05 57370.6654 57370.6654 DMX_0165 
57386.7167 +1.2365376e-04 5.106e-05 57386.7167 57386.7167 DMX_0166 
57396.5975 +7.6106657e-05 2.797e-05 57396.5975 57396.5975 DMX_0167 
57412.5383 +1.1969848e-04 7.079e-05 57412.5383 57412.5383 DMX_0168 
57419.6703 +9.6349332e-05 5.473e-05 57419.6703 57419.6703 DMX_0169 
57426.6555 +9.6739799e-05 5.557e-05 57426.6555 57426.6555 DMX_0170 
57437.5776 +8.9159704e-05 5.523e-05 57437.5776 57437.5776 DMX_0171 
57447.4358 +3.1621356e-05 4.584e-05 57447.4358 57447.4358 DMX_0172 
57454.5089 +3.1651561e-06 3.282e-05 57454.5089 57454.5089 DMX_0173 
57461.4184 +4.8454589e-05 5.556e-05 57461.4184 57461.4184 DMX_0174 
57474.4649 -9.1431719e-05 8.951e-05 57474.4649 57474.4649 DMX_0175 
57485.3815 +5.7807362e-05 2.802e-05 57485.3815 57485.3815 DMX_0176 
57500.2973 +7.8640075e-05 4.649e-05 57500.2973 57500.2973 DMX_0177 
57508.3102 +5.2545326e-05 3.999e-05 57508.3102 57508.3102 DMX_0178 
57516.2562 -3.7321862e-04 2.770e-05 57516.2562 57516.2562 DMX_0179 
57529.2959 -3.1773457e-04 4.657e-05 57529.2959 57529.2959 DMX_0180 
57537.3323 -2.3064788e-04 3.827e-05 57537.3323 57537.3323 DMX_0181 
57549.1742 -2.0156493e-04 2.584e-05 57549.1742 57549.1742 DMX_0182 
57564.1305 -1.9927391e-04 4.396e-05 57564.1305 57564.1305 DMX_0183 
57571.1852 -1.8422142e-04 4.345e-05 57571.1852 57571.1852 DMX_0184 
57579.1545 -1.2375679e-04 3.619e-05 57579.1545 57579.1545 DMX_0185 
57592.2037 -1.2662339e-04 5.079e-05 57592.2037 57592.2037 DMX_0186 
57600.1842 -1.6953460e-04 6.847e-05 57600.1842 57600.1842 DMX_0187 
57607.1642 -8.4518318e-05 4.660e-05 57607.1642 57607.1642 DMX_0188 
57613.9844 -1.5481783e-04 2.839e-05 57613.9844 57613.9844 DMX_0189 
57628.0467 -1.3177614e-04 4.225e-05 57628.0467 57628.0467 DMX_0190 
57636.0273 -1.0450415e-04 4.075e-05 57636.0273 57636.0273 DMX_0191 
57646.9226 -8.8072628e-05 2.733e-05 57646.9226 57646.9226 DMX_0192 
57657.9210 -1.2171213e-04 3.618e-05 57657.9210 57657.9210 DMX_0193 
57665.9986 -1.3591836e-04 4.637e-05 57665.9986 57665.9986 DMX_0194 
57673.9256 -2.6924466e-06 3.218e-05 57673.9256 57673.9256 DMX_0195 
57691.8294 -1.7826466e-05 4.988e-05 57691.8294 57691.8294 DMX_0196 
57698.7766 -2.0335890e-05 2.486e-05 57698.7766 57698.7766 DMX_0197 
57717.8410 +7.1297080e-06 5.839e-05 57717.8410 57717.8410 DMX_0198 
57726.7914 +3.6354714e-05 4.644e-05 57726.7914 57726.7914 DMX_0199 
57733.5909 -3.1950898e-05 3.422e-05 57733.5909 57733.5909 DMX_0200 
57749.6509 -2.5101618e-05 5.483e-05 57749.6509 57749.6509 DMX_0201 
57764.6131 -7.4322294e-05 3.312e-05 57764.6131 57764.6131 DMX_0202 
57773.5510 -3.9868866e-05 4.681e-05 57773.5510 57773.5510 DMX_0203 
57780.7030 +7.5588659e-05 6.506e-05 57780.7030 57780.7030 DMX_0204 
57789.6555 -6.2359045e-05 3.867e-05 57789.6555 57789.6555 DMX_0205 
57796.4136 -7.0755460e-05 3.095e-05 57796.4136 57796.4136 DMX_0206 
57804.4787 -7.0233458e-05 4.078e-05 57804.4787 57804.4787 DMX_0207 
57813.4569 -1.0693307e-04 3.629e-05 57813.4569 57813.4569 DMX_0208 
57835.3695 -1.5750536e-04 2.706e-05 57835.3695 57835.3695 DMX_0209 
57847.4868 -2.9206173e-05 4.646e-05 57847.4868 57847.4868 DMX_0210 
57859.2272 -1.0890715e-04 2.587e-05 57859.2272 57859.2272 DMX_0211 
57869.4027 -9.3503005e-05 5.072e-05 57869.4027 57869.4027 DMX_0212 
57879.2903 -7.0486168e-05 3.368e-05 57879.2903 57879.2903 DMX_0213 
57893.1405 -8.1755905e-05 2.349e-05 57893.1405 57893.1405 DMX_0214 
57909.2013 -1.3178104e-04 5.587e-05 57909.2013 57909.2013 DMX_0215 
57916.2759 -7.4594399e-05 2.693e-05 57916.2759 57916.2759 DMX_0216 
57928.2590 -1.1844171e-04 4.218e-05 57928.2590 57928.2590 DMX_0217 
57937.2276 -2.0195429e-05 2.581e-04 57937.2276 57937.2276 DMX_0218 
57944.1310 -1.1573744e-04 2.489e-05 57944.1310 57944.1310 DMX_0219 
57958.0433 -1.0769765e-04 3.577e-05 57958.0433 57958.0433 DMX_0220 
57969.0452 -2.1847017e-05 6.503e-05 57969.0452 57969.0452 DMX_0221 
57977.9295 -1.0409817e-04 2.702e-05 57977.9295 57977.9295 DMX_0222 
57991.9421 -4.8686435e-05 3.740e-05 57991.9421 57991.9421 DMX_0223 
58008.9722 -1.0065584e-04 2.453e-05 58008.9722 58008.9722 DMX_0224 
58017.8825 -6.9526821e-05 4.115e-05 58017.8825 58017.8825 DMX_0225 
58031.9055 -9.0506687e-05 3.315e-05 58031.9055 58031.9055 DMX_0226 
58038.8850 -8.6763816e-05 3.131e-05 58038.8850 58038.8850 DMX_0227 
58051.8000 +1.2407738e-05 3.905e-05 58051.8000 58051.8000 DMX_0228 
58063.8622 -4.6874413e-05 3.920e-05 58063.8622 58063.8622 DMX_0229 
58070.7912 -1.1539209e-04 3.201e-05 58070.7912 58070.7912 DMX_0230 
58082.8424 +2.3571831e-05 4.610e-05 58082.8424 58082.8424 DMX_0231 
58091.8285 +1.9923281e-05 4.493e-05 58091.8285 58091.8285 DMX_0232 
58098.8174 +1.9625101e-05 3.331e-05 58098.8174 58098.8174 DMX_0233 
58120.6509 -3.3673838e-05 3.443e-05 58120.6509 58120.6509 DMX_0234 
58134.5799 -5.1770976e-05 2.232e-05 58134.5799 58134.5799 DMX_0235 
58147.6328 -8.3308872e-05 3.800e-05 58147.6328 58147.6328 DMX_0236 
58160.4408 -1.0001341e-04 2.417e-05 58160.4408 58160.4408 DMX_0237 
58171.5805 -2.5225626e-04 7.993e-05 58171.5805 58171.5805 DMX_0238 
58178.5330 -1.9204731e-04 4.689e-05 58178.5330 58178.5330 DMX_0239 
58187.3678 -1.4555404e-04 2.144e-05 58187.3678 58187.3678 DMX_0240 
58197.4774 -1.8421126e-04 3.880e-05 58197.4774 58197.4774 DMX_0241 
58206.5057 -1.7455131e-04 2.361e-05 58206.5057 58206.5057 DMX_0242 
58221.4028 -1.7787951e-04 3.338e-05 58221.4028 58221.4028 DMX_0243 
58233.3298 -1.4940311e-04 4.516e-05 58233.3298 58233.3298 DMX_0244 
58244.2204 -1.8632913e-04 2.921e-05 58244.2204 58244.2204 DMX_0245 
58261.3498 -2.1096348e-04 4.139e-05 58261.3498 58261.3498 DMX_0246 
58268.1522 -2.0705879e-04 3.177e-05 58268.1522 58268.1522 DMX_0247 
58278.1575 -1.4507795e-04 4.900e-05 58278.1575 58278.1575 DMX_0248 
58285.1519 -2.4332811e-04 6.262e-05 58285.1519 58285.1519 DMX_0249 
58292.1784 -2.7780384e-04 5.327e-05 58292.1784 58292.1784 DMX_0250 
58301.0552 -1.7584857e-04 2.442e-05 58301.0552 58301.0552 DMX_0251 
58315.0728 -1.7868085e-04 5.060e-05 58315.0728 58315.0728 DMX_0252 
58322.0611 -2.2181773e-04 5.306e-05 58322.0611 58322.0611 DMX_0253 
58334.9339 -1.7660954e-04 2.964e-05 58334.9339 58334.9339 DMX_0254 
58354.9889 -2.2998489e-04 4.653e-05 58354.9889 58354.9889 DMX_0255 
58364.8667 -2.1585397e-04 2.527e-05 58364.8667 58364.8667 DMX_0256 
58376.0018 -2.6256901e-04 5.352e-05 58376.0018 58376.0018 DMX_0257 
58385.8662 -1.9719919e-04 3.093e-05 58385.8662 58385.8662 DMX_0258 
58396.7528 -2.2417251e-04 5.352e-05 58396.7528 58396.7528 DMX_0259 
58404.8238 -2.0307691e-04 7.201e-04 58404.8238 58404.8238 DMX_0260 
58411.8468 +2.3201497e-04 6.335e-05 58411.8468 58411.8468 DMX_0261 
58419.7868 -1.9415199e-04 2.622e-05 58419.7868 58419.7868 DMX_0262 
58433.8772 -1.8020455e-04 4.844e-05 58433.8772 58433.8772 DMX_0263 
58453.7276 -1.4948055e-04 5.475e-05 58453.7276 58453.7276 DMX_0264 
58460.5724 -1.0840937e-04 3.055e-05 58460.5724 58460.5724 DMX_0265 
58489.5298 -2.0297073e-04 2.653e-05 58489.5298 58489.5298 DMX_0266 
58509.5276 -1.5815785e-04 8.335e-05 58509.5276 58509.5276 DMX_0267 
58517.4123 -2.1795817e-04 3.366e-05 58517.4123 58517.4123 DMX_0268 
58538.5469 -1.7029224e-04 3.695e-05 58538.5469 58538.5469 DMX_0269 
58545.3610 -1.6665717e-04 6.473e-05 58545.3610 58545.3610 DMX_0270 
58553.4433 -2.0222234e-04 4.605e-05 58553.4433 58553.4433 DMX_0271 
58567.3681 -2.7633731e-04 8.797e-05 58567.3681 58567.3681 DMX_0272 
58580.2369 -1.9940987e-04 2.954e-05 58580.2369 58580.2369 DMX_0273 
58599.2833 -1.8971857e-04 6.503e-05 58599.2833 58599.2833 DMX_0274 
58607.1744 -1.9065074e-04 4.185e-05 58607.1744 58607.1744 DMX_0275 
58636.0900 -2.4919783e-04 3.516e-05 58636.0900 58636.0900 DMX_0276 
58643.1906 -2.1291224e-04 6.021e-05 58643.1906 58643.1906 DMX_0277 
58656.2881 -2.4309146e-04 8.845e-05 58656.2881 58656.2881 DMX_0278 
58671.0150 -2.0681568e-04 3.161e-05 58671.0150 58671.0150 DMX_0279 
58679.0989 -2.3708505e-04 3.886e-05 58679.0989 58679.0989 DMX_0280 
58690.1087 -2.0728633e-04 4.392e-05 58690.1087 58690.1087 DMX_0281 
58698.9254 -2.1948980e-04 2.853e-05 58698.9254 58698.9254 DMX_0282 
58713.0033 -1.6172358e-04 1.316e-04 58713.0033 58713.0033 DMX_0283 
58719.9526 -4.9667122e-05 6.594e-05 58719.9526 58719.9526 DMX_0284 
58728.8368 -1.8909824e-04 3.052e-05 58728.8368 58728.8368 DMX_0285 
58739.9250 -1.7214209e-04 7.155e-05 58739.9250 58739.9250 DMX_0286 
58747.9838 -2.3508770e-04 3.232e-05 58747.9838 58747.9838 DMX_0287 
58758.7563 -2.0154025e-04 2.639e-05 58758.7563 58758.7563 DMX_0288 
58786.6744 -1.8049856e-04 2.194e-05 58786.6744 58786.6744 DMX_0289 
58797.7410 -1.3828379e-04 4.818e-05 58797.7410 58797.7410 DMX_0290 
58826.5806 -1.7337885e-04 2.575e-05 58826.5806 58826.5806 DMX_0291 
58839.6570 -8.0388287e-05 5.441e-05 58839.6570 58839.6570 DMX_0292 
58848.5190 -1.5246604e-04 2.785e-05 58848.5190 58848.5190 DMX_0293 
58858.5873 -1.0869218e-04 1.092e-04 58858.5873 58858.5873 DMX_0294 
58866.7001 -2.7971084e-04 5.668e-05 58866.7001 58866.7001 DMX_0295 
58881.4557 -2.0299311e-04 3.656e-05 58881.4557 58881.4557 DMX_0296 
58889.5886 -2.6703336e-04 6.935e-05 58889.5886 58889.5886 DMX_0297 
58896.6387 -2.3440242e-04 5.249e-05 58896.6387 58896.6387 DMX_0298 
58907.3766 -2.0029256e-04 3.347e-05 58907.3766 58907.3766 DMX_0299 
58917.4396 -1.1960368e-04 4.902e-05 58917.4396 58917.4396 DMX_0300 
58931.5015 -2.1996477e-04 7.325e-05 58931.5015 58931.5015 DMX_0301 
58939.3031 -1.4298050e-04 3.766e-05 58939.3031 58939.3031 DMX_0302 
