# Mean DMX value = +3.689682e-05 
# Uncertainty in average DM = 1.54406e-04 
# Columns: DMXEP DMX_value DMX_var_err DMXR1 DMXR2 DMX_bin 
55758.1269 -5.0526666e-04 3.474e-05 55758.0608 55758.1930 DMX_0001 
55817.9910 -5.4681137e-04 5.855e-05 55817.9117 55818.0702 DMX_0002 
55912.6968 -1.3335366e-04 8.423e-05 55912.6378 55912.7558 DMX_0003 
55989.4917 -2.3172754e-04 3.542e-05 55989.4332 55989.5503 DMX_0004 
56023.4009 -3.5901429e-04 2.421e-05 56023.3405 56023.4612 DMX_0005 
56057.2987 -3.7257134e-04 1.295e-04 56057.2487 56057.3487 DMX_0006 
56140.0844 -2.1633010e-04 2.526e-04 56140.0344 56140.1344 DMX_0007 
56166.0164 -1.1900037e-04 2.343e-04 56165.9664 56166.0664 DMX_0008 
56201.9036 -2.0625985e-04 2.184e-04 56201.8536 56201.9536 DMX_0009 
56235.8179 -2.5681098e-05 8.392e-05 56235.7593 56235.8766 DMX_0010 
56277.7036 -6.3285728e-05 5.269e-05 56277.6456 56277.7615 DMX_0011 
56299.6396 -1.8676104e-04 5.153e-05 56299.5784 56299.7007 DMX_0012 
56319.5747 -1.5079317e-04 1.216e-04 56319.5247 56319.6247 DMX_0013 
56341.5313 -2.1304459e-04 5.768e-05 56341.4719 56341.5906 DMX_0014 
56380.4254 -2.5220855e-04 3.505e-05 56380.3687 56380.4822 DMX_0015 
56399.3688 -2.0815122e-04 4.233e-05 56399.3127 56399.4248 DMX_0016 
56417.3251 -2.9228926e-04 3.294e-05 56417.2647 56417.3854 DMX_0017 
56438.2823 -2.3208814e-04 7.788e-05 56438.2223 56438.3423 DMX_0018 
56458.2097 -2.6935000e-04 7.795e-05 56458.1518 56458.2676 DMX_0019 
56479.1516 -2.7685664e-04 4.373e-05 56479.0933 56479.2098 DMX_0020 
56498.1068 -4.1968878e-04 1.187e-04 56498.0568 56498.1568 DMX_0021 
56537.9843 -4.2470732e-04 4.088e-05 56537.9261 56538.0426 DMX_0022 
56577.8817 -3.1941632e-04 2.037e-05 56577.8233 56577.9400 DMX_0023 
56662.6490 -9.8139346e-05 4.149e-05 56662.5878 56662.7102 DMX_0024 
56738.4522 -1.8793836e-04 4.161e-05 56738.3932 56738.5113 DMX_0025 
56853.1451 -2.7072885e-04 2.535e-05 56853.0862 56853.2041 DMX_0026 
56874.0701 -3.1367032e-04 3.221e-05 56874.0107 56874.1296 DMX_0027 
56934.9173 -1.6259095e-04 3.770e-05 56934.8586 56934.9761 DMX_0028 
56955.8587 -7.2371162e-05 4.182e-05 56955.7998 56955.9176 DMX_0029 
56977.7925 -1.2552111e-04 3.477e-05 56977.7334 56977.8516 DMX_0030 
56998.7438 -6.6403459e-05 3.954e-05 56998.6847 56998.8029 DMX_0031 
57018.6880 +1.1596924e-05 2.553e-05 57018.6289 57018.7470 DMX_0032 
57028.6584 -4.1480957e-05 2.257e-05 57028.5995 57028.7174 DMX_0033 
57032.6480 -5.6490124e-05 2.069e-05 57032.5890 57032.7069 DMX_0034 
57053.5743 -2.1312539e-05 2.900e-05 57053.5155 57053.6331 DMX_0035 
57069.5428 -9.2155900e-05 3.689e-05 57069.4842 57069.6014 DMX_0036 
57096.4662 +1.2556098e-05 3.303e-05 57096.4075 57096.5250 DMX_0037 
57116.4174 +6.7809455e-05 5.660e-05 57116.3560 57116.4789 DMX_0038 
57137.3440 -1.6195385e-06 5.386e-05 57137.2849 57137.4031 DMX_0039 
57186.2104 -1.1484924e-04 3.991e-05 57186.1514 57186.2693 DMX_0040 
57187.2300 -2.9145005e-05 3.567e-05 57187.1713 57187.2887 DMX_0041 
57200.1858 +5.1766450e-05 3.351e-05 57200.1274 57200.2442 DMX_0042 
57223.1120 +3.8085829e-05 2.732e-05 57223.0534 57223.1706 DMX_0043 
57240.0624 -9.9531613e-06 2.982e-05 57240.0041 57240.1207 DMX_0044 
57264.0040 +5.7176261e-05 3.924e-05 57263.9460 57264.0619 DMX_0045 
57305.8961 +5.5263545e-05 4.440e-05 57305.8380 57305.9541 DMX_0046 
57326.8252 +2.7985357e-05 5.623e-05 57326.7671 57326.8832 DMX_0047 
57347.7678 +1.2614894e-04 4.644e-05 57347.7097 57347.8258 DMX_0048 
57375.6921 +1.7648752e-04 3.750e-05 57375.6338 57375.7504 DMX_0049 
57390.6503 +5.6938990e-05 5.265e-05 57390.5919 57390.7088 DMX_0050 
57418.5740 +1.4247686e-04 7.336e-05 57418.5155 57418.6324 DMX_0051 
57503.3420 -7.5608800e-05 4.551e-05 57503.2834 57503.4006 DMX_0052 
57522.2899 -1.9118588e-05 3.380e-05 57522.2314 57522.3484 DMX_0053 
57538.2513 +4.5915146e-06 2.978e-05 57538.1932 57538.3094 DMX_0054 
57565.1753 +3.2696055e-05 3.459e-05 57565.1171 57565.2334 DMX_0055 
57588.1263 +1.7952820e-05 3.427e-05 57588.0679 57588.1846 DMX_0056 
57608.0600 -1.1028355e-04 2.786e-05 57608.0014 57608.1185 DMX_0057 
57627.0325 +9.8174608e-05 3.473e-05 57626.9741 57627.0908 DMX_0058 
57649.9428 -1.8209246e-04 4.762e-05 57649.8848 57650.0007 DMX_0059 
57667.8937 -7.4273691e-05 3.252e-05 57667.8353 57667.9521 DMX_0060 
57668.9333 -7.0465853e-05 3.129e-05 57668.8750 57668.9916 DMX_0061 
57705.8131 -1.1367738e-04 2.534e-05 57705.7549 57705.8714 DMX_0062 
57746.6753 -9.1494852e-05 2.971e-05 57746.6171 57746.7336 DMX_0063 
57768.6157 -1.6585699e-04 2.982e-05 57768.5571 57768.6743 DMX_0064 
57810.5041 -8.1690397e-05 3.257e-05 57810.4493 57810.5589 DMX_0065 
57834.4403 -2.3125279e-04 2.338e-05 57834.3823 57834.4983 DMX_0066 
57850.4047 -1.7472560e-04 2.621e-05 57850.3462 57850.4633 DMX_0067 
57894.2717 -1.9576467e-04 2.895e-05 57894.2132 57894.3302 DMX_0068 
57915.2328 -1.1493222e-04 3.995e-05 57915.1747 57915.2909 DMX_0069 
57937.1629 -2.0897899e-04 1.791e-05 57937.1046 57937.2211 DMX_0070 
57958.1126 -1.9882468e-04 2.614e-05 57958.0542 57958.1709 DMX_0071 
57978.0664 -1.2953564e-04 4.069e-05 57978.0078 57978.1250 DMX_0072 
58454.7369 +3.4266425e-04 3.421e-05 58454.6786 58454.7953 DMX_0073 
58475.6795 +4.3772327e-04 4.473e-05 58475.6213 58475.7377 DMX_0074 
58538.5108 +2.7652045e-04 2.744e-05 58538.4526 58538.5689 DMX_0075 
58544.5461 +3.3636329e-04 4.558e-05 58544.4879 58544.6043 DMX_0076 
58558.4474 +2.4526666e-04 1.770e-04 58558.3974 58558.4974 DMX_0077 
58578.3995 +2.9270660e-04 2.462e-05 58578.3416 58578.4573 DMX_0078 
58622.2823 +3.4077497e-04 3.761e-05 58622.2242 58622.3404 DMX_0079 
58642.2228 +3.3918698e-04 3.286e-05 58642.1648 58642.2808 DMX_0080 
58683.1115 +3.2689981e-04 3.331e-05 58683.0534 58683.1696 DMX_0081 
58729.9847 +4.7108972e-04 3.332e-05 58729.9257 58730.0437 DMX_0082 
58747.9340 +4.3498985e-04 2.823e-05 58747.8759 58747.9921 DMX_0083 
58765.8851 +4.8346728e-04 3.031e-05 58765.8266 58765.9436 DMX_0084 
58790.8180 +5.8428597e-04 3.737e-05 58790.7598 58790.8762 DMX_0085 
58810.8101 +5.7071582e-04 4.960e-05 58810.7518 58810.8684 DMX_0086 
58831.7053 +4.1626459e-04 5.416e-05 58831.6467 58831.7639 DMX_0087 
58880.5737 +4.5048321e-04 6.993e-05 58880.5196 58880.6278 DMX_0088 
58901.5627 +4.0940308e-04 3.960e-05 58901.5066 58901.6189 DMX_0089 
58922.4821 +5.2003590e-04 8.716e-04 58922.4321 58922.5321 DMX_0090 
58943.4261 +2.5127648e-04 4.206e-05 58943.3671 58943.4852 DMX_0091 
58964.3711 +2.7777513e-04 3.199e-05 58964.3122 58964.4301 DMX_0092 
58986.3544 +3.0705384e-04 3.813e-05 58986.2955 58986.4133 DMX_0093 
59007.2674 +2.6616028e-04 3.345e-05 59007.2027 59007.3321 DMX_0094 
59030.2137 +2.5725493e-04 4.050e-05 59030.1555 59030.2719 DMX_0095 
59051.1254 +3.1153462e-04 3.989e-05 59051.0674 59051.1834 DMX_0096 
