# Mean DMX value = -2.443260e-03 
# Uncertainty in average DM = 2.12277e-03 
# Columns: DMXEP DMX_value DMX_var_err DMXR1 DMXR2 DMX_bin 
55135.8875 +2.0304180e-02 1.302e-03 55135.8278 55135.9471 DMX_0001 
55170.7881 +1.9970480e-02 1.344e-03 55170.7321 55170.8441 DMX_0002 
55205.6925 +1.9865261e-02 1.180e-03 55205.6307 55205.7544 DMX_0003 
55500.8704 +2.1321814e-02 1.645e-03 55500.8117 55500.9291 DMX_0004 
55638.4999 +2.2320586e-02 1.299e-03 55638.4417 55638.5582 DMX_0005 
55677.4051 +2.4292967e-02 1.304e-03 55677.3466 55677.4637 DMX_0006 
55701.3303 +2.2029887e-02 1.197e-03 55701.2714 55701.3891 DMX_0007 
55732.2162 +2.3595407e-02 1.186e-03 55732.1562 55732.2761 DMX_0008 
55760.1474 +2.2511973e-02 1.187e-03 55760.0877 55760.2072 DMX_0009 
55790.0617 +2.1463799e-02 1.209e-03 55790.0024 55790.1209 DMX_0010 
55818.9790 +2.0543292e-02 1.173e-03 55818.9181 55819.0399 DMX_0011 
55849.8946 +1.7736736e-02 1.144e-03 55849.8361 55849.9531 DMX_0012 
55876.8292 +1.5223482e-02 1.239e-03 55876.7697 55876.8886 DMX_0013 
55911.7270 +1.4194121e-02 1.159e-03 55911.6671 55911.7869 DMX_0014 
55935.6622 +1.3220946e-02 1.167e-03 55935.6017 55935.7226 DMX_0015 
55969.5717 +1.3815808e-02 1.092e-03 55969.5116 55969.6317 DMX_0016 
55997.5298 +1.6180497e-02 3.921e-04 55997.4702 55997.5894 DMX_0017 
56018.4515 +1.8138275e-02 3.841e-04 56018.3863 56018.5166 DMX_0018 
56058.3291 +2.1477085e-02 4.316e-04 56058.2682 56058.3900 DMX_0019 
56107.1925 +2.2167241e-02 8.544e-04 56107.1323 56107.2528 DMX_0020 
56137.1107 +2.1952595e-02 4.218e-04 56137.0499 56137.1715 DMX_0021 
56168.0311 +2.1314772e-02 4.305e-04 56167.9711 56168.0911 DMX_0022 
56249.7907 +1.9502016e-02 1.260e-03 56249.7407 56249.8407 DMX_0023 
56255.7793 +1.7459729e-02 1.252e-03 56255.7293 56255.8293 DMX_0024 
56290.6870 +1.6551400e-02 4.270e-04 56290.6282 56290.7458 DMX_0025 
56304.6476 +1.7143765e-02 4.007e-04 56304.5884 56304.7068 DMX_0026 
56326.5907 +1.7152976e-02 4.169e-04 56326.5306 56326.6508 DMX_0027 
56346.5275 +1.7631600e-02 1.071e-03 56346.4775 56346.5775 DMX_0028 
56367.4801 +1.5913801e-02 5.380e-04 56367.4214 56367.5388 DMX_0029 
56384.4352 +1.4944905e-02 4.307e-04 56384.3772 56384.4933 DMX_0030 
56407.3732 +1.5317604e-02 4.560e-04 56407.3128 56407.4337 DMX_0031 
56426.3131 +1.4397001e-02 9.184e-04 56426.2631 56426.3631 DMX_0032 
56467.2103 +1.3340753e-02 4.600e-04 56467.1504 56467.2702 DMX_0033 
56531.0280 +1.5337660e-02 5.384e-04 56530.9696 56531.0864 DMX_0034 
56569.9242 +1.5260719e-02 5.230e-04 56569.8659 56569.9824 DMX_0035 
56591.8615 +1.5279984e-02 5.121e-04 56591.8031 56591.9198 DMX_0036 
56609.8039 +1.5746508e-02 1.336e-03 56609.7539 56609.8539 DMX_0037 
56627.7734 +1.4065273e-02 7.496e-04 56627.7234 56627.8234 DMX_0038 
56647.7196 +1.1656231e-02 5.990e-04 56647.6696 56647.7696 DMX_0039 
56668.6898 +1.0347781e-02 5.801e-04 56668.6297 56668.7499 DMX_0040 
56737.4940 +8.0755642e-03 5.108e-04 56737.4340 56737.5540 DMX_0041 
56754.4467 +8.1737678e-03 6.905e-04 56754.3867 56754.5067 DMX_0042 
56842.2113 +2.6682630e-03 5.204e-04 56842.1512 56842.2714 DMX_0043 
56933.9641 +4.1478578e-03 5.020e-04 56933.9039 56934.0242 DMX_0044 
56969.8599 +4.2938671e-03 4.946e-04 56969.7997 56969.9201 DMX_0045 
56991.7988 +3.1673554e-03 4.615e-04 56991.7389 56991.8587 DMX_0046 
57019.7225 +2.0994032e-03 5.222e-04 57019.6624 57019.7827 DMX_0047 
57033.6890 +2.3408337e-03 1.088e-03 57033.6312 57033.7467 DMX_0048 
57040.6691 +3.0286204e-03 7.367e-04 57040.6101 57040.7281 DMX_0049 
57106.4773 -1.2703781e-03 4.509e-04 57106.4182 57106.5365 DMX_0050 
57124.4281 -2.4663453e-03 3.940e-04 57124.3689 57124.4872 DMX_0051 
57144.3752 -2.1938472e-03 4.183e-04 57144.3161 57144.4343 DMX_0052 
57208.1896 -4.2270651e-04 1.196e-03 57208.1396 57208.2396 DMX_0053 
57228.1352 -5.6509060e-04 1.079e-03 57228.0852 57228.1852 DMX_0054 
57250.0930 -3.4642998e-04 4.911e-04 57250.0338 57250.1523 DMX_0055 
57292.9669 -2.6719974e-05 4.528e-04 57292.9078 57293.0260 DMX_0056 
57316.9125 -1.2639128e-03 3.352e-04 57316.8534 57316.9717 DMX_0057 
57334.8519 -1.3929489e-03 3.139e-04 57334.7927 57334.9111 DMX_0058 
57355.7876 -1.8564448e-03 3.577e-04 57355.7307 57355.8444 DMX_0059 
57380.7292 -2.5371807e-03 3.810e-04 57380.6698 57380.7886 DMX_0060 
57389.7102 -3.9117770e-03 6.454e-04 57389.6514 57389.7689 DMX_0061 
57417.6372 -4.6265467e-03 4.077e-04 57417.5782 57417.6962 DMX_0062 
57502.4129 -9.9319560e-03 4.442e-04 57502.3565 57502.4693 DMX_0063 
57523.3442 -1.1404495e-02 3.701e-04 57523.2853 57523.4032 DMX_0064 
57537.3198 -1.1562530e-02 3.548e-04 57537.2608 57537.3787 DMX_0065 
57564.2335 -1.1434510e-02 3.614e-04 57564.1746 57564.2925 DMX_0066 
57587.1680 -1.2867129e-02 3.630e-04 57587.1091 57587.2269 DMX_0067 
57607.1137 -1.2672095e-02 3.392e-04 57607.0548 57607.1726 DMX_0068 
57628.0556 -1.3339502e-02 3.364e-04 57627.9966 57628.1146 DMX_0069 
57649.0012 -1.3532271e-02 3.745e-04 57648.9423 57649.0601 DMX_0070 
57700.8563 -1.4792564e-02 3.901e-04 57700.7973 57700.9153 DMX_0071 
57717.8099 -1.4950667e-02 3.777e-04 57717.7510 57717.8688 DMX_0072 
57739.7500 -1.3917965e-02 4.806e-04 57739.6928 57739.8072 DMX_0073 
57767.6734 -1.2417599e-02 3.860e-04 57767.6144 57767.7324 DMX_0074 
57788.6160 -1.4420159e-02 3.621e-04 57788.5570 57788.6749 DMX_0075 
57809.5654 -1.5489224e-02 3.537e-04 57809.5154 57809.6154 DMX_0076 
57824.5223 -1.6667919e-02 3.710e-04 57824.4633 57824.5812 DMX_0077 
57852.4449 -1.8823606e-02 3.485e-04 57852.3860 57852.5039 DMX_0078 
57871.3902 -2.0602644e-02 3.778e-04 57871.3312 57871.4491 DMX_0079 
57893.3293 -2.1881876e-02 3.345e-04 57893.2705 57893.3882 DMX_0080 
57914.2720 -2.3648619e-02 3.318e-04 57914.2131 57914.3310 DMX_0081 
57936.2125 -2.4426714e-02 4.545e-04 57936.1536 57936.2715 DMX_0082 
57957.1479 -2.5203634e-02 7.138e-04 57957.0979 57957.1979 DMX_0083 
58467.7659 -2.0743445e-02 9.898e-04 58467.7076 58467.8242 DMX_0084 
58482.7286 -2.0125849e-02 9.234e-04 58482.6786 58482.7786 DMX_0085 
58509.6309 -2.0247465e-02 7.955e-04 58509.5737 58509.6881 DMX_0086 
58545.5372 -1.9742063e-02 7.171e-04 58545.4788 58545.5955 DMX_0087 
58566.4749 -1.8968218e-02 6.281e-04 58566.4166 58566.5332 DMX_0088 
58587.4227 -1.8212934e-02 5.136e-04 58587.3645 58587.4810 DMX_0089 
58610.3547 -1.7305380e-02 5.144e-04 58610.2964 58610.4130 DMX_0090 
58629.3029 -1.6361541e-02 5.188e-04 58629.2445 58629.3612 DMX_0091 
58651.2428 -1.7599244e-02 4.957e-04 58651.1845 58651.3010 DMX_0092 
58671.1884 -1.7844889e-02 4.664e-04 58671.1300 58671.2467 DMX_0093 
58692.1387 -1.7323289e-02 5.587e-04 58692.0810 58692.1965 DMX_0094 
58714.0712 -1.5794631e-02 6.880e-04 58714.0127 58714.1297 DMX_0095 
58735.0135 -1.5602661e-02 7.816e-04 58734.9552 58735.0719 DMX_0096 
58755.9696 -1.4894261e-02 8.017e-04 58755.9123 58756.0269 DMX_0097 
58776.8914 -1.3966646e-02 9.297e-04 58776.8414 58776.9414 DMX_0098 
58796.8397 -1.3703642e-02 9.004e-04 58796.7833 58796.8961 DMX_0099 
58817.7870 -1.3297598e-02 9.857e-04 58817.7286 58817.8454 DMX_0100 
58839.7235 -1.3444851e-02 1.136e-03 58839.6735 58839.7735 DMX_0101 
58887.6237 -1.3368487e-02 2.560e-03 58887.5737 58887.6737 DMX_0102 
58908.5527 -9.9591255e-03 1.409e-03 58908.4953 58908.6101 DMX_0103 
58950.4276 -1.4716089e-02 1.050e-03 58950.3776 58950.4776 DMX_0104 
58973.3637 -1.5133130e-02 9.802e-04 58973.3052 58973.4221 DMX_0105 
59040.1821 -1.7044495e-02 1.186e-03 59040.1321 59040.2321 DMX_0106 
59056.1344 -1.6418504e-02 1.079e-03 59056.0760 59056.1928 DMX_0107 
