# Mean DMX value = -8.681356e-05 
# Uncertainty in average DM = 1.48301e-05 
# Columns: DMXEP DMX_value DMX_var_err DMXR1 DMXR2 DMX_bin 
53292.5294 +2.7099433e-03 6.495e-05 53291.8823 53293.1765 DMX_0001 
53799.4829 +2.1520028e-03 2.105e-05 53798.3316 53800.6343 DMX_0002 
53838.8715 +2.0527332e-03 2.283e-05 53838.2257 53839.5174 DMX_0003 
53858.8220 +2.0111576e-03 1.994e-05 53858.1698 53859.4743 DMX_0004 
53889.7378 +1.9385596e-03 1.830e-05 53889.0900 53890.3857 DMX_0005 
53980.9835 +1.8202459e-03 2.511e-05 53979.8399 53982.1271 DMX_0006 
54011.9021 +1.8324292e-03 1.910e-05 54009.7558 54014.0485 DMX_0007 
54036.3284 +1.8463391e-03 2.211e-05 54035.6868 54036.9700 DMX_0008 
54101.1574 +1.9145434e-03 2.259e-05 54100.5110 54101.8038 DMX_0009 
54134.0667 +1.6797262e-03 2.599e-05 54133.4178 54134.7156 DMX_0010 
54219.3345 +1.5541011e-03 2.504e-05 54218.1883 54220.4807 DMX_0011 
54374.4076 +1.5430045e-03 2.143e-05 54373.7559 54375.0593 DMX_0012 
54429.2558 +1.6035065e-03 2.070e-05 54428.6020 54429.9095 DMX_0013 
54527.9749 +1.5199113e-03 1.592e-05 54526.3323 54529.6174 DMX_0014 
54552.9194 +1.4392141e-03 2.054e-05 54552.2713 54553.5675 DMX_0015 
54579.8409 +1.4498170e-03 2.049e-05 54578.1960 54581.4858 DMX_0016 
54641.6727 +1.3967586e-03 2.117e-05 54641.0239 54642.3215 DMX_0017 
54708.9863 +1.3895941e-03 2.225e-05 54706.8437 54711.1289 DMX_0018 
54766.8324 +1.3726775e-03 2.018e-05 54764.6852 54768.9797 DMX_0019 
54795.7434 +1.3584266e-03 2.457e-05 54794.5884 54796.8983 DMX_0020 
54883.0143 +1.2946006e-03 1.914e-05 54880.3749 54885.6538 DMX_0021 
54914.9247 +1.1435314e-03 2.577e-05 54913.2786 54916.5708 DMX_0022 
54945.2894 +1.1447403e-03 1.997e-05 54942.1998 54948.3790 DMX_0023 
54977.3461 +9.9081608e-04 2.321e-05 54976.2904 54978.4017 DMX_0024 
55004.6792 +1.1138119e-03 2.465e-05 55004.0304 55005.3280 DMX_0025 
55069.4987 +1.1207150e-03 1.877e-05 55065.8608 55073.1366 DMX_0026 
55097.9166 +1.1781460e-03 2.174e-05 55094.7746 55101.0585 DMX_0027 
55120.8519 +1.1257828e-03 2.334e-05 55118.7095 55122.9943 DMX_0028 
55156.2778 +1.1117780e-03 1.945e-05 55154.6112 55157.9443 DMX_0029 
55215.5947 +1.1300149e-03 1.745e-05 55214.4475 55216.7419 DMX_0030 
55244.5154 +1.0143327e-03 1.952e-05 55243.3684 55245.6625 DMX_0031 
55276.9268 +8.7503965e-04 9.434e-06 55275.3753 55278.4783 DMX_0032 
55306.3461 +8.4305622e-04 1.016e-05 55305.2924 55307.3998 DMX_0033 
55338.7572 +8.4765405e-04 1.009e-05 55337.2053 55340.3092 DMX_0034 
55363.2181 +8.3244251e-04 9.195e-06 55361.1433 55365.2929 DMX_0035 
55393.1640 +8.3916663e-04 1.097e-05 55390.1184 55396.2097 DMX_0036 
55430.5566 +8.7164765e-04 1.467e-05 55429.9990 55431.1143 DMX_0037 
55462.9676 +8.4338864e-04 1.007e-05 55461.9113 55464.0239 DMX_0038 
55493.3317 +8.1467679e-04 9.932e-06 55492.7742 55493.8891 DMX_0039 
55521.2584 +8.4883631e-04 1.893e-05 55520.7037 55521.8131 DMX_0040 
55543.2711 +9.1979898e-04 1.457e-05 55542.7282 55543.8141 DMX_0041 
55579.1529 +8.4038460e-04 7.592e-06 55578.5908 55579.7151 DMX_0042 
55616.9957 +8.2354286e-04 8.985e-06 55616.4409 55617.5506 DMX_0043 
55640.4860 +7.8567146e-04 1.115e-05 55639.4242 55641.5478 DMX_0044 
55672.3980 +7.3099651e-04 8.023e-06 55670.3397 55674.4562 DMX_0045 
55702.3156 +6.9232767e-04 1.127e-05 55700.2568 55704.3744 DMX_0046 
55731.7319 +6.6539335e-04 1.159e-05 55731.1748 55732.2890 DMX_0047 
55766.0875 +6.3303197e-04 1.022e-05 55766.0315 55766.1435 DMX_0048 
55774.0652 +6.1644867e-04 3.341e-05 55774.0092 55774.1211 DMX_0049 
55800.4930 +6.3537093e-04 1.199e-05 55799.9381 55801.0479 DMX_0050 
55827.9181 +6.6018437e-04 2.544e-05 55826.8648 55828.9715 DMX_0051 
55864.3181 +6.9575692e-04 1.425e-05 55863.7630 55864.8732 DMX_0052 
55893.2392 +6.1176458e-04 9.558e-06 55892.6845 55893.7940 DMX_0053 
55919.1683 +6.8020605e-04 1.235e-05 55918.6133 55919.7233 DMX_0054 
55949.0860 +7.4104323e-04 1.166e-05 55948.5312 55949.6409 DMX_0055 
55977.1371 +5.1911492e-04 1.159e-05 55976.5859 55977.6883 DMX_0056 
56003.0589 +4.4503309e-04 1.206e-05 56002.5363 56003.5816 DMX_0057 
56034.9465 +4.2382849e-04 1.466e-05 56034.3948 56035.4981 DMX_0058 
56067.3706 +3.9708235e-04 1.037e-05 56066.3044 56068.4368 DMX_0059 
56094.7914 +4.0278694e-04 1.535e-05 56094.2408 56095.3419 DMX_0060 
56130.2041 +4.3418448e-04 1.068e-05 56130.1541 56130.2541 DMX_0061 
56138.1967 +4.1714649e-04 2.743e-05 56138.1467 56138.2467 DMX_0062 
56151.5939 +4.2991868e-04 1.214e-05 56151.0439 56152.1438 DMX_0063 
56174.0416 +4.8026294e-04 2.601e-05 56172.9910 56175.0922 DMX_0064 
56194.4820 +4.4374776e-04 1.572e-05 56193.9294 56195.0347 DMX_0065 
56214.4346 +4.1783789e-04 1.087e-05 56213.8888 56214.9804 DMX_0066 
56235.4002 +4.7541116e-04 1.160e-05 56234.8865 56235.9140 DMX_0067 
56250.3445 +4.5278827e-04 1.282e-05 56249.7955 56250.8935 DMX_0068 
56270.2434 +4.5480708e-04 1.219e-05 56269.6622 56270.8246 DMX_0069 
56288.6989 +5.7773127e-04 4.623e-05 56288.6489 56288.7489 DMX_0070 
56311.1288 +4.7142757e-04 1.382e-05 56310.5401 56311.7175 DMX_0071 
56333.1544 +4.3606792e-04 1.296e-05 56332.5639 56333.7448 DMX_0072 
56353.5354 +3.7986257e-04 9.401e-06 56352.4807 56354.5901 DMX_0073 
56368.0049 +3.1927239e-04 1.130e-05 56367.4560 56368.5537 DMX_0074 
56389.4411 +2.8314037e-04 1.203e-05 56387.4330 56391.4491 DMX_0075 
56408.9140 +3.0911800e-04 1.067e-05 56407.2962 56410.5319 DMX_0076 
56431.8947 +2.7443386e-04 1.142e-05 56431.3096 56432.4797 DMX_0077 
56450.7953 +2.1874139e-04 1.108e-05 56450.1733 56451.4173 DMX_0078 
56471.6974 +2.2756450e-04 1.115e-05 56471.1728 56472.2221 DMX_0079 
56492.7491 +2.1825355e-04 9.418e-06 56492.2217 56493.2766 DMX_0080 
56504.2032 +1.5780501e-04 3.995e-05 56502.1491 56506.2572 DMX_0081 
56515.2115 +9.4704234e-05 5.057e-05 56515.1615 56515.2615 DMX_0082 
56522.6466 +2.3068468e-04 1.382e-05 56522.0919 56523.2012 DMX_0083 
56532.5648 +1.8499822e-04 4.107e-05 56530.0667 56535.0629 DMX_0084 
56546.0714 +1.5167309e-04 2.105e-05 56543.0665 56549.0763 DMX_0085 
56553.0648 +1.9188621e-04 1.030e-05 56551.0154 56555.1142 DMX_0086 
56567.0171 +1.8116272e-04 2.236e-05 56564.9723 56569.0619 DMX_0087 
56585.4689 +1.7731888e-04 7.490e-06 56584.8847 56586.0532 DMX_0088 
56591.9824 +2.2614800e-04 3.948e-05 56591.9324 56592.0324 DMX_0089 
56601.4361 +1.7381305e-04 2.553e-05 56598.8899 56603.9824 DMX_0090 
56606.9438 +2.1138447e-04 3.523e-05 56606.8938 56606.9938 DMX_0091 
56617.4109 +1.8729025e-04 1.418e-05 56614.8613 56619.9605 DMX_0092 
56630.3555 +2.2605339e-04 2.707e-05 56627.7950 56632.9161 DMX_0093 
56641.7739 +3.4451770e-04 8.174e-06 56641.7186 56641.8291 DMX_0094 
56643.8042 +2.9328213e-04 2.766e-05 56643.7492 56643.8592 DMX_0095 
56647.8053 +2.2936896e-04 2.997e-05 56647.7553 56647.8553 DMX_0096 
56658.7997 +4.4063556e-04 2.607e-05 56656.7541 56660.8453 DMX_0097 
56669.7620 +2.9174785e-04 4.415e-05 56669.7120 56669.8120 DMX_0098 
56675.7198 +3.2239304e-04 8.644e-06 56675.6698 56675.7698 DMX_0099 
56676.7134 +2.9995374e-04 3.458e-05 56676.6634 56676.7634 DMX_0100 
56682.6691 +2.1151169e-04 4.550e-05 56682.6191 56682.7191 DMX_0101 
56694.2050 +2.1771400e-04 2.257e-05 56691.6603 56696.7498 DMX_0102 
56705.6380 +1.8227317e-04 1.528e-05 56703.5714 56707.7045 DMX_0103 
56710.6191 +2.3855351e-04 8.484e-05 56710.5691 56710.6691 DMX_0104 
56722.5248 +1.1610537e-05 2.418e-05 56720.4837 56724.5658 DMX_0105 
56736.5160 +5.3283359e-05 1.947e-05 56733.5070 56739.5250 DMX_0106 
56747.5561 +3.0914381e-05 3.293e-05 56747.5061 56747.6061 DMX_0107 
56754.5449 -2.9870490e-05 5.710e-05 56754.4949 56754.5949 DMX_0108 
56762.4987 +4.5927270e-05 1.209e-05 56761.4214 56763.5760 DMX_0109 
56782.3664 -1.3012568e-05 3.569e-05 56782.3164 56782.4164 DMX_0110 
56790.9236 +3.2083064e-05 8.471e-06 56789.3688 56792.4783 DMX_0111 
56800.4290 -2.9999360e-05 4.087e-05 56800.3790 56800.4790 DMX_0112 
56819.2998 +1.4418297e-06 3.418e-05 56817.2650 56821.3345 DMX_0113 
56828.8536 +3.7899798e-05 1.203e-05 56828.2992 56829.4080 DMX_0114 
56841.2520 +3.6964238e-05 3.097e-05 56838.2746 56844.2293 DMX_0115 
56850.1976 +6.1221896e-06 1.410e-05 56849.1093 56851.2860 DMX_0116 
56869.2140 +4.6016615e-05 2.822e-05 56866.1758 56872.2521 DMX_0117 
56877.1902 +4.1277764e-05 1.301e-04 56877.1402 56877.2402 DMX_0118 
56886.1211 +1.4136680e-05 1.013e-05 56886.0711 56886.1711 DMX_0119 
56894.1332 +1.8388310e-05 1.198e-05 56894.0832 56894.1832 DMX_0120 
56905.9942 +5.6211567e-05 4.144e-05 56905.9442 56906.0442 DMX_0121 
56913.0235 +1.6982148e-05 3.934e-05 56912.9735 56913.0735 DMX_0122 
56924.5146 +2.0448777e-06 1.149e-05 56921.9658 56927.0635 DMX_0123 
56940.4557 +3.4807944e-06 2.928e-05 56937.9004 56943.0111 DMX_0124 
56947.4696 +2.2621973e-05 1.007e-05 56945.9544 56948.9848 DMX_0125 
56959.4300 +2.7992102e-05 3.637e-05 56956.8383 56962.0216 DMX_0126 
56974.9419 -1.1832623e-06 1.639e-05 56971.9005 56977.9833 DMX_0127 
56978.8689 -1.4810720e-05 4.354e-05 56978.8118 56978.9261 DMX_0128 
56985.9087 +9.9667819e-05 6.703e-05 56985.8587 56985.9587 DMX_0129 
56992.8270 +2.8311173e-05 3.301e-05 56992.7770 56992.8770 DMX_0130 
57005.7729 +1.6771524e-04 4.669e-05 57005.7229 57005.8229 DMX_0131 
57011.7636 +1.1395409e-04 4.844e-05 57011.7136 57011.8136 DMX_0132 
57012.7872 +1.2174155e-04 1.487e-05 57012.7372 57012.8372 DMX_0133 
57022.2728 +1.1010311e-04 3.027e-05 57019.6918 57024.8538 DMX_0134 
57034.7010 +1.2190503e-04 5.054e-05 57034.6510 57034.7510 DMX_0135 
57040.7565 +2.8338486e-04 1.017e-05 57040.7065 57040.8065 DMX_0136 
57041.7593 +2.7854381e-04 2.936e-05 57041.7093 57041.8093 DMX_0137 
57047.7414 +8.0952534e-05 7.620e-05 57047.6914 57047.7914 DMX_0138 
57054.7374 -5.5819611e-05 3.149e-05 57054.6811 57054.7938 DMX_0139 
57062.6998 -2.7563117e-05 3.755e-05 57062.6498 57062.7498 DMX_0140 
57069.6754 +2.3194713e-04 1.852e-04 57069.6254 57069.7254 DMX_0141 
57079.6008 -5.6667709e-05 1.134e-05 57078.5596 57080.6421 DMX_0142 
57092.5387 -8.1861068e-05 2.842e-05 57090.4944 57094.5830 DMX_0143 
57102.0496 -1.1994639e-04 1.007e-05 57101.4663 57102.6328 DMX_0144 
57115.4913 -1.7655407e-04 3.769e-05 57115.4413 57115.5413 DMX_0145 
57123.4713 -1.6355279e-04 3.140e-05 57123.4213 57123.5213 DMX_0146 
57133.9674 -1.4843599e-04 1.325e-05 57131.3936 57136.5412 DMX_0147 
57153.4514 -1.7694717e-04 3.076e-05 57153.4014 57153.5014 DMX_0148 
57161.8713 -1.6720860e-04 1.061e-05 57161.3228 57162.4199 DMX_0149 
57173.3878 -1.3926657e-04 3.436e-05 57173.3378 57173.4378 DMX_0150 
57181.3480 -2.0657867e-04 3.352e-05 57181.2980 57181.3980 DMX_0151 
57191.3273 -1.8712438e-04 1.362e-05 57188.3160 57194.3386 DMX_0152 
57201.2727 -2.2199072e-04 3.188e-05 57201.2227 57201.3227 DMX_0153 
57218.7369 -2.5072875e-04 3.794e-05 57216.1514 57221.3225 DMX_0154 
57229.1726 -2.0635901e-04 3.870e-05 57229.1226 57229.2226 DMX_0155 
57237.1483 -1.9296267e-04 4.151e-05 57237.0983 57237.1983 DMX_0156 
57260.6124 -2.2093130e-04 2.483e-05 57258.0170 57263.2079 DMX_0157 
57269.0727 -2.5692666e-04 1.918e-04 57269.0227 57269.1227 DMX_0158 
57277.0574 -1.3139400e-04 4.494e-05 57277.0074 57277.1074 DMX_0159 
57287.0150 -1.4231665e-04 1.014e-05 57284.9650 57289.0650 DMX_0160 
57295.9895 -1.5753902e-04 3.359e-05 57293.8945 57298.0846 DMX_0161 
57317.8903 -1.7401473e-04 1.047e-05 57315.8634 57319.9173 DMX_0162 
57328.9085 -1.9828940e-04 3.998e-05 57326.9105 57330.9065 DMX_0163 
57344.8532 -1.1715481e-04 1.038e-05 57342.7547 57346.9516 DMX_0164 
57356.8876 -1.6088515e-04 4.700e-05 57356.8376 57356.9376 DMX_0165 
57363.8686 -1.9153401e-04 4.533e-05 57363.8186 57363.9186 DMX_0166 
57370.7313 -4.1953642e-05 2.822e-05 57370.6813 57370.7813 DMX_0167 
57375.7441 -2.2392570e-04 3.578e-05 57375.6890 57375.7993 DMX_0168 
57376.8146 -1.0696766e-04 1.821e-05 57376.7593 57376.8700 DMX_0169 
57389.2258 -1.7372429e-04 5.461e-05 57386.7478 57391.7038 DMX_0170 
57396.6611 -7.3668258e-05 3.793e-05 57396.6111 57396.7111 DMX_0171 
57406.1986 -1.2149219e-04 7.974e-06 57405.6321 57406.7651 DMX_0172 
57412.6074 -2.9650121e-04 5.847e-05 57412.5574 57412.6574 DMX_0173 
57419.7414 -1.6137149e-04 3.433e-05 57419.6914 57419.7914 DMX_0174 
57426.7333 -2.9487069e-04 4.312e-05 57426.6833 57426.7833 DMX_0175 
57439.1127 -2.7752530e-04 1.042e-05 57438.6042 57439.6211 DMX_0176 
57447.5032 -1.7876102e-04 7.069e-05 57447.4532 57447.5532 DMX_0177 
57456.5315 -2.5348557e-04 3.939e-05 57454.5259 57458.5371 DMX_0178 
57471.5313 -3.4847405e-04 3.606e-05 57468.4786 57474.5840 DMX_0179 
57485.9505 -3.5623816e-04 2.641e-05 57485.4009 57486.5002 DMX_0180 
57497.8786 -3.5856801e-04 8.621e-06 57495.3403 57500.4170 DMX_0181 
57508.3784 -4.1257442e-04 5.176e-05 57508.3284 57508.4284 DMX_0182 
57519.3767 -4.4025103e-04 8.976e-06 57516.2833 57522.4701 DMX_0183 
57529.3665 -4.6890899e-04 3.802e-05 57529.3165 57529.4165 DMX_0184 
57540.3206 -4.1498914e-04 3.596e-05 57537.3491 57543.2921 DMX_0185 
57549.2419 -3.6751786e-04 5.443e-05 57549.1919 57549.2919 DMX_0186 
57563.7507 -4.5032703e-04 9.319e-06 57563.1942 57564.3073 DMX_0187 
57574.2371 -4.3155631e-04 2.466e-05 57571.2030 57577.2711 DMX_0188 
57589.2048 -4.3623949e-04 1.094e-05 57586.0823 57592.3273 DMX_0189 
57600.2524 -3.1521655e-04 4.777e-05 57600.2024 57600.3024 DMX_0190 
57610.2266 -4.4287077e-04 3.172e-05 57607.1819 57613.2713 DMX_0191 
57621.6356 -4.3485303e-04 9.732e-06 57621.0698 57622.2014 DMX_0192 
57628.1166 -3.9314233e-04 5.539e-05 57628.0666 57628.1666 DMX_0193 
57639.1173 -4.7137344e-04 2.891e-05 57636.0466 57642.1879 DMX_0194 
57650.5179 -4.1072832e-04 1.144e-05 57649.9580 57651.0778 DMX_0195 
57659.5129 -4.5451894e-04 3.168e-05 57657.9426 57661.0832 DMX_0196 
57666.0654 -4.8543089e-04 8.982e-05 57666.0154 57666.1154 DMX_0197 
57679.4049 -4.4565913e-04 9.146e-06 57677.8589 57680.9509 DMX_0198 
57691.8979 -4.3604176e-04 2.945e-05 57691.8479 57691.9479 DMX_0199 
57701.8724 -4.0229782e-04 2.442e-05 57698.7964 57704.9483 DMX_0200 
57709.3832 -3.8136069e-04 1.178e-05 57708.8034 57709.9629 DMX_0201 
57717.9090 -3.9733348e-04 4.288e-05 57717.8590 57717.9590 DMX_0202 
57728.7960 -4.5934630e-04 2.999e-05 57726.8079 57730.7841 DMX_0203 
57741.2616 -1.9517001e-04 8.855e-06 57740.6966 57741.8266 DMX_0204 
57752.2677 -3.2980616e-04 2.166e-05 57749.6709 57754.8646 DMX_0205 
57767.1834 -3.5393212e-04 1.208e-05 57766.6444 57767.7225 DMX_0206 
57773.6184 -4.0890603e-04 3.829e-05 57773.5684 57773.6684 DMX_0207 
57780.7656 -4.0416573e-04 5.439e-05 57780.7156 57780.8156 DMX_0208 
57792.1712 -4.4712593e-04 2.617e-05 57789.6714 57794.6710 DMX_0209 
57804.0412 -4.7239897e-04 9.200e-06 57803.4867 57804.5956 DMX_0210 
57816.0393 -4.7806934e-04 2.767e-05 57813.4743 57818.6042 DMX_0211 
57825.4922 -5.0228705e-04 5.749e-05 57825.4422 57825.5422 DMX_0212 
57839.0045 -4.7263884e-04 8.871e-06 57836.4670 57841.5421 DMX_0213 
57850.5128 -5.2042168e-04 2.377e-05 57847.5043 57853.5214 DMX_0214 
57860.9436 -5.5411452e-04 8.834e-06 57860.3942 57861.4929 DMX_0215 
57869.4711 -5.4187928e-04 3.570e-05 57869.4211 57869.5211 DMX_0216 
57881.4039 -5.6266166e-04 2.002e-05 57879.3181 57883.4897 DMX_0217 
57886.3594 -5.6153572e-04 9.374e-06 57886.3026 57886.4162 DMX_0218 
57899.8457 -5.5231274e-04 3.263e-05 57897.3163 57902.3752 DMX_0219 
57909.2657 -6.0637020e-04 4.886e-05 57909.2157 57909.3157 DMX_0220 
57916.3448 -6.4189791e-04 6.515e-05 57916.2948 57916.3948 DMX_0221 
57927.7635 -5.9132830e-04 9.108e-06 57927.1514 57928.3757 DMX_0222 
57937.2951 -5.8097505e-04 1.354e-04 57937.2451 57937.3451 DMX_0223 
57944.2036 -2.0271868e-03 2.154e-04 57944.1536 57944.2536 DMX_0224 
57957.1526 -6.1453564e-04 8.818e-06 57956.0808 57958.2243 DMX_0225 
57966.6428 -6.1166767e-04 2.622e-05 57964.1291 57969.1566 DMX_0226 
57978.1307 -6.7317060e-04 3.076e-05 57978.0807 57978.1807 DMX_0227 
57985.6168 -6.2665734e-04 1.017e-05 57985.0718 57986.1618 DMX_0228 
57994.5118 -6.1645547e-04 5.042e-05 57991.9624 57997.0612 DMX_0229 
58002.1274 -6.1977141e-04 3.026e-05 58002.0774 58002.1774 DMX_0230 
58011.0233 -5.8533124e-04 1.553e-05 58010.9156 58011.1310 DMX_0231 
58021.0132 -5.8713703e-04 3.156e-05 58017.9014 58024.1249 DMX_0232 
58038.0072 -5.7712442e-04 1.317e-05 58035.0091 58041.0052 DMX_0233 
58054.4248 -5.4956213e-04 2.687e-05 58051.8183 58057.0313 DMX_0234 
58066.3727 -4.8906262e-04 2.962e-05 58063.8803 58068.8652 DMX_0235 
58076.8037 -4.7650087e-04 9.322e-06 58075.7580 58077.8494 DMX_0236 
58091.8973 -4.0469230e-04 3.844e-05 58091.8473 58091.9473 DMX_0237 
58098.8869 -4.2395225e-04 3.319e-05 58098.8369 58098.9369 DMX_0238 
58102.7526 -4.2506685e-04 1.131e-05 58102.6776 58102.8275 DMX_0239 
58103.7414 -4.0759029e-04 2.701e-05 58103.6862 58103.7966 DMX_0240 
58111.7944 -4.1510886e-04 4.754e-05 58111.7444 58111.8444 DMX_0241 
58122.6999 -4.6853462e-04 3.107e-05 58120.6705 58124.7294 DMX_0242 
58134.6494 -4.7184828e-04 3.663e-05 58134.5994 58134.6994 DMX_0243 
58138.7132 -4.7627007e-04 2.405e-05 58138.6578 58138.7685 DMX_0244 
58140.7006 -5.1076087e-04 9.065e-06 58140.6454 58140.7559 DMX_0245 
58150.1686 -5.0939946e-04 2.856e-05 58147.6503 58152.6869 DMX_0246 
58159.6279 -4.9806316e-04 8.260e-06 58159.5109 58159.7449 DMX_0247 
58171.6486 -5.4520143e-04 4.000e-05 58171.5986 58171.6986 DMX_0248 
58181.6037 -5.5571941e-04 1.791e-05 58178.5555 58184.6519 DMX_0249 
58195.0396 -6.1129879e-04 4.670e-05 58192.4728 58197.6064 DMX_0250 
58206.5753 -6.1157392e-04 7.456e-05 58206.5253 58206.6253 DMX_0251 
58222.9670 -5.9278532e-04 1.039e-05 58220.3508 58225.5832 DMX_0252 
58233.4062 -6.4537886e-04 1.089e-04 58233.3562 58233.4562 DMX_0253 
58245.3982 -5.5361737e-04 9.769e-06 58242.2863 58248.5100 DMX_0254 
58254.4438 -6.9000565e-04 3.686e-05 58254.3938 58254.4938 DMX_0255 
58264.4205 -6.3207855e-04 4.068e-05 58261.3619 58267.4790 DMX_0256 
58268.8023 -5.6739586e-04 9.581e-06 58268.2882 58269.3163 DMX_0257 
58278.2341 -4.7712882e-04 3.107e-05 58278.1841 58278.2841 DMX_0258 
58285.2214 -5.9150302e-04 3.573e-05 58285.1714 58285.2714 DMX_0259 
58292.2436 -5.3659520e-04 5.058e-05 58292.1936 58292.2936 DMX_0260 
58304.7381 -6.0118912e-04 9.504e-06 58303.1217 58306.3545 DMX_0261 
58315.1389 -5.6878125e-04 3.253e-05 58315.0889 58315.1889 DMX_0262 
58325.1753 -5.7893833e-04 2.968e-05 58322.0902 58328.2603 DMX_0263 
58333.6707 -5.9508105e-04 9.714e-06 58333.1313 58334.2101 DMX_0264 
58340.0651 -5.8086060e-04 4.398e-05 58340.0151 58340.1151 DMX_0265 
58348.1598 -6.1431294e-04 3.703e-05 58348.1098 58348.2098 DMX_0266 
58355.0563 -6.2078702e-04 3.052e-05 58355.0063 58355.1063 DMX_0267 
58363.5809 -5.8860267e-04 1.078e-05 58362.9947 58364.1671 DMX_0268 
58373.0208 -6.5882859e-04 2.655e-05 58369.9316 58376.1100 DMX_0269 
58387.5083 -5.6748134e-04 3.266e-05 58385.8905 58389.1260 DMX_0270 
58395.4864 -5.8454938e-04 1.897e-05 58394.9105 58396.0624 DMX_0271 
58404.8812 -5.6417461e-04 9.544e-05 58404.8312 58404.9312 DMX_0272 
58411.9099 -5.5550686e-04 4.312e-05 58411.8599 58411.9599 DMX_0273 
58421.8638 -5.7603161e-04 1.137e-05 58419.7982 58423.9293 DMX_0274 
58436.8665 -6.5314348e-04 3.594e-05 58433.8901 58439.8429 DMX_0275 
58453.7895 -5.7940483e-04 9.183e-05 58453.7395 58453.8395 DMX_0276 
58457.7835 -5.3585850e-04 4.703e-05 58457.7335 58457.8335 DMX_0277 
58459.8437 -5.8898955e-04 1.177e-05 58459.7937 58459.8937 DMX_0278 
58466.7431 -5.9550000e-04 4.776e-05 58466.6931 58466.7931 DMX_0279 
58474.8050 -5.4778550e-04 5.585e-05 58474.7550 58474.8550 DMX_0280 
58488.2606 -4.7883952e-04 1.261e-05 58487.7060 58488.8152 DMX_0281 
58495.6287 -4.4944896e-04 3.236e-05 58495.5744 58495.6831 DMX_0282 
58502.7732 -6.2772814e-04 7.403e-05 58502.7232 58502.8232 DMX_0283 
58509.5885 -5.3552845e-04 4.841e-05 58509.5385 58509.6385 DMX_0284 
58514.6986 -5.8297549e-04 3.255e-05 58514.6486 58514.7486 DMX_0285 
58515.5989 -5.8516242e-04 1.577e-05 58515.5489 58515.6489 DMX_0286 
58522.6168 -6.5284809e-04 3.784e-05 58522.5668 58522.6668 DMX_0287 
58541.5817 -5.6783400e-04 1.293e-05 58538.5585 58544.6049 DMX_0288 
58556.5301 -5.9922698e-04 4.500e-05 58553.4549 58559.6053 DMX_0289 
58569.0048 -6.1622070e-04 3.925e-05 58567.3836 58570.6261 DMX_0290 
58579.0034 -5.9883588e-04 1.431e-05 58578.4551 58579.5517 DMX_0291 
58586.5455 -5.9974425e-04 4.102e-05 58586.4955 58586.5955 DMX_0292 
58599.3460 -7.1368791e-04 9.119e-05 58599.2960 58599.3960 DMX_0293 
58609.4356 -5.5896440e-04 1.280e-05 58606.3806 58612.4906 DMX_0294 
58622.4572 -5.7982104e-04 5.087e-05 58622.4072 58622.5072 DMX_0295 
58633.7682 -5.7077180e-04 1.151e-05 58633.2239 58634.3126 DMX_0296 
58643.2530 -5.8244346e-04 3.294e-05 58643.2030 58643.3030 DMX_0297 
58669.7468 -5.6349530e-04 1.369e-05 58669.1825 58670.3112 DMX_0298 
58690.1721 -6.0604993e-04 2.912e-05 58690.1221 58690.2221 DMX_0299 
58697.6599 -5.2895297e-04 1.021e-05 58697.0879 58698.2320 DMX_0300 
58704.1478 -5.0162297e-04 6.702e-05 58704.0978 58704.1978 DMX_0301 
58713.0661 -5.1789972e-04 4.529e-05 58713.0161 58713.1161 DMX_0302 
58720.0144 -5.1806247e-04 4.378e-05 58719.9644 58720.0644 DMX_0303 
58730.0179 -5.7926312e-04 1.440e-05 58727.0039 58733.0320 DMX_0304 
58751.0515 -5.7161894e-04 3.895e-05 58747.9969 58754.1061 DMX_0305 
58761.0069 -1.1180044e-03 2.439e-04 58760.9569 58761.0569 DMX_0306 
58785.8522 -4.7356656e-04 1.045e-05 58782.8493 58788.8551 DMX_0307 
58800.8773 -4.6043577e-04 4.071e-05 58797.7540 58804.0006 DMX_0308 
58809.8870 -4.8503896e-04 1.357e-04 58809.8370 58809.9370 DMX_0309 
58824.3392 -4.2668725e-04 1.227e-05 58823.7897 58824.8886 DMX_0310 
58832.8576 -4.2149304e-04 7.381e-05 58832.8076 58832.9076 DMX_0311 
58852.1750 -4.0129534e-04 1.018e-05 58851.6104 58852.7397 DMX_0312 
58858.6493 -4.2359477e-04 9.167e-05 58858.5993 58858.6993 DMX_0313 
58866.7630 -3.9172785e-04 5.234e-05 58866.7130 58866.8130 DMX_0314 
58873.7642 -3.8357514e-04 5.380e-05 58873.7142 58873.8142 DMX_0315 
58880.5670 -4.7089264e-04 5.513e-05 58880.5170 58880.6170 DMX_0316 
58889.6504 -6.1939438e-04 1.243e-04 58889.5959 58889.7049 DMX_0317 
58899.6375 -5.5470411e-04 5.969e-05 58896.6512 58902.6238 DMX_0318 
58908.0732 -4.2146220e-04 1.544e-05 58907.5405 58908.6059 DMX_0319 
58920.0647 -4.0303014e-04 3.272e-05 58917.4528 58922.6767 DMX_0320 
58931.5648 -4.3241854e-04 4.020e-05 58931.5148 58931.6148 DMX_0321 
58940.5254 -3.9745604e-04 1.895e-05 58938.4863 58942.5645 DMX_0322 
