# Mean DMX value = -4.079686e-06 
# Uncertainty in average DM = 2.48796e-04 
# Columns: DMXEP DMX_value DMX_var_err DMXR1 DMXR2 DMX_bin 
56498.1682 +2.4879428e-03 7.919e-05 56498.1101 56498.2264 DMX_0001 
56510.0975 +2.6891327e-03 8.426e-05 56510.0475 56510.1475 DMX_0002 
56669.6518 +2.1533025e-03 7.268e-05 56669.5922 56669.7114 DMX_0003 
56739.4935 +1.9446125e-03 7.178e-05 56739.4348 56739.5522 DMX_0004 
56755.4133 +1.8444063e-03 8.657e-05 56755.3633 56755.4633 DMX_0005 
56844.1850 +1.5463911e-03 5.692e-05 56844.1350 56844.2350 DMX_0006 
56887.0618 +2.1537007e-03 1.028e-04 56887.0026 56887.1211 DMX_0007 
56932.9434 +1.4305426e-03 5.772e-05 56932.8841 56933.0027 DMX_0008 
56949.8827 +1.4193212e-03 6.634e-05 56949.8229 56949.9425 DMX_0009 
56970.8306 +1.5190277e-03 6.757e-05 56970.7711 56970.8902 DMX_0010 
56990.7742 +1.2690977e-03 4.848e-05 56990.7242 56990.8242 DMX_0011 
56997.8186 +1.3445955e-03 5.913e-05 56997.7617 56997.8755 DMX_0012 
57014.6962 +1.3121641e-03 5.129e-05 57014.6366 57014.7558 DMX_0013 
57053.6427 +1.2589609e-03 1.006e-04 57053.5836 57053.7018 DMX_0014 
57069.6206 +1.1671175e-03 1.503e-04 57069.5706 57069.6706 DMX_0015 
57096.5344 +1.1766243e-03 6.668e-05 57096.4755 57096.5933 DMX_0016 
57116.4889 +1.0840878e-03 7.481e-05 57116.4306 57116.5472 DMX_0017 
57137.4128 +9.3290019e-04 9.719e-05 57137.3542 57137.4715 DMX_0018 
57186.2792 +9.8044228e-04 5.399e-05 57186.2209 57186.3375 DMX_0019 
57200.2519 +9.5041733e-04 7.222e-05 57200.1941 57200.3098 DMX_0020 
57223.1783 +9.4636197e-04 8.870e-05 57223.1201 57223.2366 DMX_0021 
57240.1338 +8.9411885e-04 6.128e-05 57240.0757 57240.1918 DMX_0022 
57264.0695 +7.7615195e-04 4.789e-05 57264.0116 57264.1273 DMX_0023 
57305.9618 +6.9708936e-04 5.593e-05 57305.9038 57306.0199 DMX_0024 
57326.8905 +6.6616166e-04 5.538e-05 57326.8325 57326.9485 DMX_0025 
57347.8175 +7.2680803e-04 5.359e-05 57347.7610 57347.8741 DMX_0026 
57375.7576 +6.9622877e-04 5.467e-05 57375.6996 57375.8156 DMX_0027 
57390.7170 +4.5209625e-04 6.606e-05 57390.6586 57390.7755 DMX_0028 
57418.6403 +4.9609512e-04 7.860e-05 57418.5820 57418.6985 DMX_0029 
57503.4082 +1.8018055e-05 4.860e-05 57503.3500 57503.4664 DMX_0030 
57522.3566 +5.0193098e-06 4.532e-05 57522.2981 57522.4152 DMX_0031 
57538.3185 -6.6676690e-05 4.084e-05 57538.2601 57538.3769 DMX_0032 
57565.2426 -9.7650719e-05 5.249e-05 57565.1841 57565.3012 DMX_0033 
57588.1932 -1.3452518e-04 4.671e-05 57588.1349 57588.2514 DMX_0034 
57608.1268 -9.5819407e-05 5.267e-05 57608.0683 57608.1854 DMX_0035 
57627.0977 -1.7823618e-04 5.638e-05 57627.0410 57627.1544 DMX_0036 
57650.0099 -3.2211128e-04 4.902e-05 57649.9517 57650.0682 DMX_0037 
57667.9605 -2.6823051e-04 5.068e-05 57667.9021 57668.0190 DMX_0038 
57668.9911 -3.3595022e-04 6.849e-05 57668.9411 57669.0411 DMX_0039 
57705.8794 -3.4472601e-04 5.061e-05 57705.8219 57705.9369 DMX_0040 
57746.7421 -4.4512360e-04 5.931e-05 57746.6838 57746.8005 DMX_0041 
57768.6899 -4.0149211e-04 6.111e-05 57768.6312 57768.7485 DMX_0042 
57810.5693 -4.2133864e-04 5.617e-05 57810.5127 57810.6259 DMX_0043 
57834.5078 -4.2707933e-04 5.979e-05 57834.4491 57834.5666 DMX_0044 
57850.4712 -5.3787370e-04 5.191e-05 57850.4131 57850.5292 DMX_0045 
57894.3383 -5.3846773e-04 6.923e-05 57894.2800 57894.3966 DMX_0046 
57915.3002 -5.7310708e-04 6.439e-05 57915.2418 57915.3585 DMX_0047 
57958.1795 -7.2866550e-04 4.830e-05 57958.1213 57958.2378 DMX_0048 
57978.1331 -6.6547636e-04 4.554e-05 57978.0748 57978.1914 DMX_0049 
58454.8034 -1.1449936e-03 6.442e-05 58454.7452 58454.8616 DMX_0050 
58475.7463 -1.1496764e-03 7.047e-05 58475.6880 58475.8046 DMX_0051 
58538.5774 -1.2039619e-03 8.011e-05 58538.5188 58538.6360 DMX_0052 
58558.5097 -1.1822398e-03 1.399e-04 58558.4597 58558.5597 DMX_0053 
58578.4639 -1.3804014e-03 1.073e-04 58578.4057 58578.5222 DMX_0054 
58622.3492 -1.3704050e-03 6.007e-05 58622.2911 58622.4074 DMX_0055 
58642.2866 -1.4748882e-03 5.802e-05 58642.2286 58642.3446 DMX_0056 
58683.1787 -1.6007642e-03 7.061e-05 58683.1202 58683.2372 DMX_0057 
58730.0554 -1.6402665e-03 5.188e-05 58729.9965 58730.1143 DMX_0058 
58748.0009 -1.6692839e-03 6.335e-05 58747.9425 58748.0594 DMX_0059 
58765.9519 -1.6312632e-03 6.184e-05 58765.8933 58766.0105 DMX_0060 
58790.8846 -1.6062477e-03 7.230e-05 58790.8265 58790.9428 DMX_0061 
58810.8615 -1.6938502e-03 1.413e-04 58810.8115 58810.9115 DMX_0062 
58831.7721 -1.9662556e-03 8.120e-05 58831.7137 58831.8305 DMX_0063 
58922.5531 -1.7802535e-03 2.237e-04 58922.5031 58922.6031 DMX_0064 
58943.4952 -1.7706690e-03 7.763e-05 58943.4382 58943.5522 DMX_0065 
58964.4332 -1.7110764e-03 8.701e-05 58964.3832 58964.4832 DMX_0066 
59007.3342 -8.5867288e-04 6.110e-04 59007.2842 59007.3842 DMX_0067 
59030.2635 -1.6855271e-03 1.563e-04 59030.2135 59030.3135 DMX_0068 
59051.1896 -1.9356904e-03 7.772e-05 59051.1318 59051.2474 DMX_0069 
