# Mean DMX value = -3.149893e-05 
# Uncertainty in average DM = 4.86639e-04 
# Columns: DMXEP DMX_value DMX_var_err DMXR1 DMXR2 DMX_bin 
55972.0618 +4.5592818e-03 5.845e-04 55972.0118 55972.1118 DMX_0001 
56003.9233 +1.9458726e-03 2.080e-04 56003.8733 56003.9733 DMX_0002 
56034.4460 +2.4926504e-03 2.532e-04 56033.8934 56034.9986 DMX_0003 
56065.2843 +2.2814254e-03 2.054e-04 56064.7544 56065.8142 DMX_0004 
56101.6799 +2.1736731e-03 1.910e-04 56100.6372 56102.7226 DMX_0005 
56130.6103 +2.4258350e-03 6.530e-04 56130.5603 56130.6603 DMX_0006 
56150.5188 +2.1841494e-03 1.970e-04 56149.4708 56151.5667 DMX_0007 
56171.4652 +2.3817587e-03 2.141e-04 56170.3815 56172.5488 DMX_0008 
56192.4175 +2.1485734e-03 1.992e-04 56192.2910 56192.5440 DMX_0009 
56208.9006 +2.4187505e-03 2.841e-04 56208.3774 56209.4238 DMX_0010 
56229.3266 +2.0359505e-03 2.036e-04 56229.1992 56229.4540 DMX_0011 
56251.2216 +1.9391599e-03 2.100e-04 56250.1547 56252.2886 DMX_0012 
56267.1685 +2.0209985e-03 1.607e-04 56266.1217 56268.2152 DMX_0013 
56288.1778 +2.3924382e-03 2.132e-04 56288.0492 56288.3063 DMX_0014 
56312.0924 +2.1427137e-03 2.249e-04 56311.9684 56312.2163 DMX_0015 
56331.5619 +2.1422686e-03 1.955e-04 56331.0476 56332.0763 DMX_0016 
56346.9276 +2.2153028e-03 1.901e-04 56346.8776 56346.9776 DMX_0017 
56368.3852 +1.7897726e-03 2.189e-04 56367.7962 56368.9741 DMX_0018 
56374.7854 +1.9650130e-03 1.385e-04 56374.7069 56374.8639 DMX_0019 
56386.9049 +2.0794063e-03 2.284e-04 56386.7768 56387.0331 DMX_0020 
56399.9338 +1.7213523e-03 1.648e-04 56399.8557 56400.0119 DMX_0021 
56411.3396 +2.0863447e-03 1.932e-04 56410.8226 56411.8567 DMX_0022 
56432.2836 +2.1039983e-03 2.001e-04 56431.7569 56432.8103 DMX_0023 
56452.2456 +2.1559459e-03 2.107e-04 56451.6656 56452.8257 DMX_0024 
56472.6436 +2.3116931e-03 3.282e-04 56472.5936 56472.6936 DMX_0025 
56493.5379 +2.1947327e-03 2.067e-04 56492.5104 56494.5655 DMX_0026 
56513.3394 +2.0523316e-03 1.438e-04 56513.1351 56513.5437 DMX_0027 
56521.5281 +2.1241764e-03 2.099e-04 56520.4725 56522.5837 DMX_0028 
56550.9337 +2.1309663e-03 1.994e-04 56550.3718 56551.4956 DMX_0029 
56585.8154 +1.8046898e-03 1.568e-04 56585.2510 56586.3799 DMX_0030 
56613.7582 +1.7725682e-03 1.473e-04 56613.2434 56614.2729 DMX_0031 
56639.1783 +1.7491418e-03 1.753e-04 56637.1528 56641.2038 DMX_0032 
56674.0822 +1.7108364e-03 1.971e-04 56671.0861 56677.0782 DMX_0033 
56704.4591 +1.5591898e-03 1.818e-04 56702.8932 56706.0250 DMX_0034 
56727.9672 +1.6587859e-03 1.948e-04 56726.9194 56729.0150 DMX_0035 
56764.7932 +1.5132964e-03 1.988e-04 56763.7475 56765.8389 DMX_0036 
56793.2677 +1.5747425e-03 1.710e-04 56791.7336 56794.8018 DMX_0037 
56826.6446 +1.4510488e-03 1.704e-04 56823.6194 56829.6698 DMX_0038 
56850.5907 +1.5297896e-03 1.973e-04 56849.5609 56851.6205 DMX_0039 
56885.5649 +1.1490037e-03 2.960e-04 56885.5149 56885.6149 DMX_0040 
56893.4686 +1.2839424e-03 2.089e-04 56893.4186 56893.5186 DMX_0041 
56920.9561 +1.5029335e-03 1.798e-04 56920.3963 56921.5158 DMX_0042 
56943.8377 +1.8412467e-03 2.109e-04 56943.3038 56944.3716 DMX_0043 
56978.7107 +1.6464043e-03 2.035e-04 56978.1435 56979.2778 DMX_0044 
57012.6849 +1.1840115e-03 2.115e-04 57012.1113 57013.2585 DMX_0045 
57035.6132 +9.3197362e-04 1.790e-04 57035.1072 57036.1192 DMX_0046 
57071.4856 +1.1229371e-03 1.641e-04 57070.9461 57072.0251 DMX_0047 
57104.4187 +1.5822790e-03 2.267e-04 57103.9034 57104.9341 DMX_0048 
57131.3860 +1.0714187e-03 1.834e-04 57130.8354 57131.9366 DMX_0049 
57161.2440 +1.0463553e-03 2.090e-04 57160.6902 57161.7978 DMX_0050 
57194.1736 +8.8995958e-04 2.118e-04 57193.6628 57194.6844 DMX_0051 
57222.5820 +3.3065758e-04 5.834e-04 57222.5320 57222.6320 DMX_0052 
57248.5154 +2.7375747e-04 3.333e-04 57248.4601 57248.5707 DMX_0053 
57272.5260 +2.3925805e-04 4.014e-04 57272.4760 57272.5760 DMX_0054 
57305.8959 +5.3953230e-04 2.294e-04 57305.3436 57306.4482 DMX_0055 
57336.8619 +3.7843087e-04 1.834e-04 57336.3099 57337.4138 DMX_0056 
57377.6978 +2.9157422e-04 1.883e-04 57377.1194 57378.2761 DMX_0057 
57394.6555 +4.9668730e-05 2.269e-04 57394.0735 57395.2374 DMX_0058 
57435.5266 +7.7569384e-05 4.594e-04 57432.9857 57438.0674 DMX_0059 
57458.4392 -6.5668670e-05 1.368e-04 57457.8824 57458.9961 DMX_0060 
57488.3628 +2.2541097e-05 1.662e-04 57487.8053 57488.9203 DMX_0061 
57522.3131 -2.2429749e-04 1.928e-04 57521.7793 57522.8469 DMX_0062 
57551.2294 -1.9228813e-04 1.678e-04 57550.6765 57551.7822 DMX_0063 
57585.1367 -3.2324514e-04 1.914e-04 57584.5354 57585.7381 DMX_0064 
57613.5568 -3.8028498e-04 1.964e-04 57612.5537 57614.5598 DMX_0065 
57650.0262 -5.4453498e-04 1.951e-04 57649.4670 57650.5854 DMX_0066 
57673.9267 -4.1246612e-04 2.125e-04 57673.3631 57674.4904 DMX_0067 
57705.8255 -6.8169823e-04 1.962e-04 57705.2933 57706.3577 DMX_0068 
57733.7798 -8.0272958e-04 2.427e-04 57733.2391 57734.3205 DMX_0069 
57767.6250 -5.6134367e-04 2.294e-04 57767.0778 57768.1723 DMX_0070 
57795.5233 -8.6743592e-04 3.081e-04 57794.9773 57796.0693 DMX_0071 
57831.4794 -8.1306953e-04 1.716e-04 57830.9036 57832.0552 DMX_0072 
57859.9351 -1.1480072e-03 2.648e-04 57859.8851 57859.9851 DMX_0073 
57893.3155 -9.5202502e-04 2.295e-04 57892.7598 57893.8712 DMX_0074 
57922.2356 -5.9563349e-04 1.833e-04 57921.6829 57922.7883 DMX_0075 
57949.1620 -7.4459879e-04 2.130e-04 57948.6186 57949.7054 DMX_0076 
57977.5738 -9.2343579e-04 2.581e-04 57976.5201 57978.6275 DMX_0077 
58011.9860 -1.2437452e-03 1.871e-04 58011.4378 58012.5341 DMX_0078 
58035.9164 -1.0898126e-03 2.235e-04 58035.3700 58036.4627 DMX_0079 
58061.8827 -9.4896294e-04 2.270e-04 58061.3393 58062.4261 DMX_0080 
58135.6721 -1.2312576e-03 2.162e-04 58135.1008 58136.2433 DMX_0081 
58160.5821 -1.6429177e-03 2.145e-04 58160.0304 58161.1337 DMX_0082 
58187.5039 -1.9052392e-03 2.546e-04 58186.9530 58188.0548 DMX_0083 
58216.4311 -2.1085430e-03 2.032e-04 58215.8894 58216.9727 DMX_0084 
58240.8896 -1.9973163e-03 2.318e-04 58240.8396 58240.9396 DMX_0085 
58272.2755 -2.5642590e-03 1.812e-04 58271.7242 58272.8268 DMX_0086 
58301.1932 -2.4728663e-03 1.812e-04 58300.6432 58301.7433 DMX_0087 
58335.0425 -2.8268438e-03 1.682e-04 58334.4869 58335.5982 DMX_0088 
58364.9428 -2.9407791e-03 2.010e-04 58364.4036 58365.4820 DMX_0089 
58396.8695 -3.1825805e-03 1.946e-04 58396.3216 58397.4175 DMX_0090 
58424.7758 -2.9600981e-03 1.995e-04 58424.2258 58425.3258 DMX_0091 
58459.6947 -2.9033952e-03 1.859e-04 58459.1449 58460.2446 DMX_0092 
58489.6107 -2.7368810e-03 2.274e-04 58489.0635 58490.1579 DMX_0093 
58517.5480 -3.0640695e-03 2.105e-04 58517.0094 58518.0866 DMX_0094 
58544.4680 -3.1878199e-03 1.853e-04 58543.9142 58545.0219 DMX_0095 
58581.3588 -3.2018382e-03 1.616e-04 58579.8071 58582.9106 DMX_0096 
58605.7798 -3.5543332e-03 6.241e-04 58605.7298 58605.8298 DMX_0097 
58636.7130 -3.1771572e-03 2.116e-04 58636.6630 58636.7630 DMX_0098 
58671.1184 -3.2706143e-03 2.369e-04 58670.5686 58671.6682 DMX_0099 
58699.0375 -3.1393763e-03 2.227e-04 58698.4866 58699.5884 DMX_0100 
58728.9518 -3.5383634e-03 2.156e-04 58728.4019 58729.5018 DMX_0101 
58762.3473 -3.7763581e-03 2.340e-04 58762.2973 58762.3973 DMX_0102 
58787.8154 -3.9426806e-03 2.084e-04 58787.2659 58788.3648 DMX_0103 
58819.7129 -3.8515712e-03 2.102e-04 58819.1841 58820.2417 DMX_0104 
58849.1191 -3.8058664e-03 1.964e-04 58849.0691 58849.1691 DMX_0105 
58879.5337 -3.6900421e-03 2.249e-04 58878.9831 58880.0843 DMX_0106 
58907.4680 -4.1376215e-03 2.293e-04 58906.9330 58908.0030 DMX_0107 
58942.3857 -4.0701076e-03 2.093e-04 58941.8530 58942.9183 DMX_0108 
