# Mean DMX value = +1.556100e-05 
# Uncertainty in average DM = 1.49843e-03 
# Columns: DMXEP DMX_value DMX_var_err DMXR1 DMXR2 DMX_bin 
53358.7530 -2.3084180e-03 2.609e-05 53358.6775 53358.8285 DMX_0001 
53420.5675 -2.2351388e-03 3.818e-05 53420.4989 53420.6361 DMX_0002 
53448.4966 -2.3342066e-03 2.739e-05 53448.4237 53448.5695 DMX_0003 
53449.5204 -2.2381927e-03 6.940e-05 53449.4627 53449.5781 DMX_0004 
53450.4797 -2.2749195e-03 4.541e-05 53450.4170 53450.5425 DMX_0005 
53451.4949 -2.3162850e-03 3.831e-05 53451.4307 53451.5591 DMX_0006 
53453.4890 -2.2506938e-03 3.568e-05 53453.4215 53453.5566 DMX_0007 
53454.4641 -2.2943146e-03 3.071e-05 53454.3995 53454.5287 DMX_0008 
53456.4878 -2.2482003e-03 4.081e-05 53456.4219 53456.5536 DMX_0009 
53457.4787 -2.3080861e-03 3.987e-05 53457.4145 53457.5429 DMX_0010 
53477.4154 -2.3594458e-03 2.514e-05 53477.3463 53477.4845 DMX_0011 
53532.2546 -2.3433168e-03 2.318e-05 53532.1828 53532.3265 DMX_0012 
53603.0630 -2.2031766e-03 2.969e-05 53602.9863 53603.1396 DMX_0013 
53628.9743 -2.2877640e-03 3.922e-05 53628.9153 53629.0333 DMX_0014 
53686.8198 -2.2055226e-03 2.559e-05 53686.7476 53686.8920 DMX_0015 
53715.7487 -2.2257103e-03 2.588e-05 53715.6806 53715.8167 DMX_0016 
53750.6450 -2.1326359e-03 2.745e-05 53750.5727 53750.7172 DMX_0017 
53798.5201 -2.1365712e-03 3.099e-05 53798.4511 53798.5891 DMX_0018 
53851.3880 -2.0479905e-03 2.384e-05 53851.3218 53851.4542 DMX_0019 
53891.2662 -2.0119995e-03 2.346e-05 53891.1973 53891.3351 DMX_0020 
53926.1777 -1.8570585e-03 3.522e-05 53926.1132 53926.2422 DMX_0021 
53968.0762 -1.7226287e-03 2.747e-05 53968.0073 53968.1451 DMX_0022 
54008.9700 -1.5436764e-03 2.835e-05 54008.9038 54009.0363 DMX_0023 
54043.8546 -1.5661314e-03 2.358e-05 54043.7868 54043.9224 DMX_0024 
54092.7275 -1.4433522e-03 2.248e-05 54092.6626 54092.7924 DMX_0025 
54135.5972 -1.3625967e-03 3.230e-05 54135.5328 54135.6617 DMX_0026 
54177.4932 -1.1540245e-03 4.281e-05 54177.4228 54177.5635 DMX_0027 
54472.6781 -1.2091287e-03 2.678e-05 54472.6124 54472.7439 DMX_0028 
54519.5427 -1.3104140e-03 2.444e-05 54519.4742 54519.6112 DMX_0029 
54569.4382 -1.2274872e-03 3.600e-05 54569.3595 54569.5168 DMX_0030 
54819.7330 -1.0178460e-03 3.079e-05 54819.6648 54819.8012 DMX_0031 
54862.6015 -1.0620719e-03 2.574e-05 54862.5334 54862.6695 DMX_0032 
54925.4468 -9.1395427e-04 2.801e-05 54925.3773 54925.5164 DMX_0033 
54981.3055 -7.2078022e-04 3.461e-05 54981.2308 54981.3802 DMX_0034 
54998.2180 -6.7561442e-04 4.648e-05 54998.1594 54998.2765 DMX_0035 
55108.9129 -5.9529908e-04 4.021e-05 55108.8539 55108.9719 DMX_0036 
55135.8502 -4.6389807e-04 3.325e-05 55135.7896 55135.9108 DMX_0037 
55170.7438 -4.6943417e-04 4.018e-05 55170.6887 55170.7989 DMX_0038 
55205.6578 -4.0810639e-04 2.911e-05 55205.5996 55205.7160 DMX_0039 
55298.4123 -2.9894555e-04 9.296e-05 55298.3553 55298.4693 DMX_0040 
55358.2508 -2.2121342e-04 4.610e-05 55358.1911 55358.3105 DMX_0041 
55391.1796 -1.8433444e-04 5.295e-05 55391.1227 55391.2364 DMX_0042 
55500.8410 -2.1645835e-04 4.501e-05 55500.7837 55500.8983 DMX_0043 
55528.7692 -2.1028376e-04 3.253e-05 55528.7126 55528.8258 DMX_0044 
55638.4669 -2.7399579e-04 2.935e-05 55638.4092 55638.5245 DMX_0045 
55701.2954 -2.0443067e-04 4.107e-05 55701.2363 55701.3545 DMX_0046 
55731.2463 -3.7391917e-05 6.854e-05 55731.1868 55731.3057 DMX_0047 
55758.1722 -8.7086394e-05 3.653e-05 55758.1116 55758.2328 DMX_0048 
55789.0767 -5.1560153e-05 4.252e-05 55789.0176 55789.1358 DMX_0049 
55843.9260 +1.6490627e-04 2.914e-05 55843.8665 55843.9856 DMX_0050 
55912.7320 +3.7686127e-04 3.821e-05 55912.6731 55912.7909 DMX_0051 
55989.5273 +3.3079927e-04 7.918e-05 55989.4671 55989.5874 DMX_0052 
56023.4359 +3.0792716e-04 7.420e-05 56023.3759 56023.4958 DMX_0053 
56057.3535 +3.5450755e-04 1.117e-04 56057.3035 56057.4035 DMX_0054 
56122.1533 +7.4772993e-04 7.842e-05 56122.0798 56122.2268 DMX_0055 
56140.1377 +4.4470855e-04 1.336e-04 56140.0877 56140.1877 DMX_0056 
56166.0567 +5.3287736e-04 1.038e-04 56166.0067 56166.1067 DMX_0057 
56212.9052 +8.1798021e-04 9.187e-05 56212.8366 56212.9738 DMX_0058 
56254.8321 +7.4841892e-04 7.360e-05 56254.7700 56254.8942 DMX_0059 
56294.6848 +1.0465404e-03 7.826e-05 56294.6191 56294.7505 DMX_0060 
56299.6790 +8.6966456e-04 8.028e-05 56299.6203 56299.7377 DMX_0061 
56306.6331 +8.0470753e-04 6.889e-05 56306.5680 56306.6982 DMX_0062 
56319.6392 +7.5657204e-04 1.213e-04 56319.5892 56319.6892 DMX_0063 
56341.5677 +6.8982688e-04 8.138e-05 56341.5090 56341.6264 DMX_0064 
56374.4780 +7.8497467e-04 5.213e-05 56374.3946 56374.5614 DMX_0065 
56380.4593 +6.7181971e-04 7.819e-05 56380.4006 56380.5179 DMX_0066 
56399.4050 +8.1052887e-04 7.818e-05 56399.3448 56399.4651 DMX_0067 
56417.3637 +7.2040474e-04 7.223e-05 56417.3044 56417.4230 DMX_0068 
56432.3390 +7.3790218e-04 6.276e-05 56432.2719 56432.4061 DMX_0069 
56437.3073 +6.4769491e-04 4.478e-05 56437.2266 56437.3881 DMX_0070 
56438.3176 +5.4244909e-04 7.404e-05 56438.2602 56438.3750 DMX_0071 
56458.2445 +7.2033172e-04 7.488e-05 56458.1856 56458.3035 DMX_0072 
56479.1868 +7.0317353e-04 6.591e-05 56479.1278 56479.2459 DMX_0073 
56498.1331 +8.2761828e-04 7.094e-05 56498.0742 56498.1921 DMX_0074 
56519.0898 +7.0739318e-04 8.581e-05 56519.0316 56519.1480 DMX_0075 
56538.0171 +7.5464009e-04 6.982e-05 56537.9590 56538.0752 DMX_0076 
56557.9709 +7.2988575e-04 1.149e-04 56557.9209 56558.0209 DMX_0077 
56577.9147 +9.4911313e-04 7.497e-05 56577.8567 56577.9727 DMX_0078 
56598.8637 +1.0291109e-03 7.610e-05 56598.8055 56598.9219 DMX_0079 
56662.6939 +1.1086153e-03 7.200e-05 56662.6330 56662.7548 DMX_0080 
56738.4896 +9.5296229e-04 7.275e-05 56738.4296 56738.5497 DMX_0081 
56853.1836 +1.0571002e-03 7.279e-05 56853.1239 56853.2432 DMX_0082 
56874.1085 +9.3863407e-04 7.574e-05 56874.0485 56874.1685 DMX_0083 
56934.9561 +8.8754590e-04 6.669e-05 56934.8968 56935.0155 DMX_0084 
56955.8969 +9.1592580e-04 7.200e-05 56955.8373 56955.9565 DMX_0085 
56977.8305 +9.1288294e-04 6.550e-05 56977.7709 56977.8900 DMX_0086 
56998.7817 +8.0853088e-04 7.176e-05 56998.7221 56998.8414 DMX_0087 
57018.7259 +8.1329797e-04 6.399e-05 57018.6662 57018.7856 DMX_0088 
57028.6966 +7.4527229e-04 6.722e-05 57028.6369 57028.7563 DMX_0089 
57032.6862 +7.4472852e-04 7.029e-05 57032.6265 57032.7459 DMX_0090 
57053.6086 +7.1075122e-04 8.010e-05 57053.5501 57053.6671 DMX_0091 
57069.5770 +5.8458785e-04 8.229e-05 57069.5186 57069.6354 DMX_0092 
57096.5004 +6.0572058e-04 7.880e-05 57096.4419 57096.5589 DMX_0093 
57116.4542 +5.1229112e-04 6.431e-05 57116.3960 57116.5125 DMX_0094 
57137.3782 +4.6062460e-04 7.047e-05 57137.3200 57137.4364 DMX_0095 
57186.2445 +3.5017751e-04 7.315e-05 57186.1862 57186.3028 DMX_0096 
57187.2660 +4.6210446e-04 7.431e-05 57187.2069 57187.3250 DMX_0097 
57200.2187 +3.9243707e-04 7.845e-05 57200.1608 57200.2766 DMX_0098 
57223.1453 +3.2769146e-04 7.494e-05 57223.0871 57223.2035 DMX_0099 
57240.0976 +2.9855862e-04 6.838e-05 57240.0370 57240.1582 DMX_0100 
57264.0361 +4.2302054e-04 6.915e-05 57263.9782 57264.0940 DMX_0101 
57305.9285 +4.4222534e-04 7.212e-05 57305.8706 57305.9864 DMX_0102 
57326.8574 +3.5680529e-04 7.559e-05 57326.7994 57326.9154 DMX_0103 
57347.7936 +5.1060854e-04 7.392e-05 57347.7390 57347.8482 DMX_0104 
57375.7244 +6.3836160e-04 7.447e-05 57375.6665 57375.7822 DMX_0105 
57390.6833 +4.2925187e-04 8.020e-05 57390.6250 57390.7416 DMX_0106 
57418.6071 +4.9304681e-04 7.797e-05 57418.5491 57418.6651 DMX_0107 
57503.3751 +4.7309036e-04 7.387e-05 57503.3172 57503.4330 DMX_0108 
57522.3228 +4.7352545e-04 7.238e-05 57522.2644 57522.3812 DMX_0109 
57538.2849 +5.2633041e-04 7.284e-05 57538.2268 57538.3430 DMX_0110 
57565.2088 +4.9111639e-04 7.241e-05 57565.1508 57565.2668 DMX_0111 
57588.1597 +5.4623724e-04 6.995e-05 57588.1016 57588.2178 DMX_0112 
57608.0930 +6.1334205e-04 7.167e-05 57608.0348 57608.1513 DMX_0113 
57627.0655 +7.8680659e-04 7.372e-05 57627.0071 57627.1239 DMX_0114 
57649.9768 +7.2176769e-04 7.882e-05 57649.9190 57650.0347 DMX_0115 
57667.9270 +8.3106907e-04 6.867e-05 57667.8689 57667.9850 DMX_0116 
57668.9663 +7.4607040e-04 6.652e-05 57668.9081 57669.0245 DMX_0117 
57705.8467 +9.1634908e-04 7.281e-05 57705.7885 57705.9048 DMX_0118 
57746.7083 +8.4529432e-04 7.310e-05 57746.6499 57746.7668 DMX_0119 
57768.6487 +9.4866811e-04 8.241e-05 57768.5906 57768.7069 DMX_0120 
57810.5362 +9.3734246e-04 8.259e-05 57810.4757 57810.5967 DMX_0121 
57834.4743 +7.9719732e-04 7.284e-05 57834.4165 57834.5320 DMX_0122 
57850.4379 +7.9431192e-04 7.781e-05 57850.3798 57850.4961 DMX_0123 
57894.3049 +6.5076753e-04 7.268e-05 57894.2467 57894.3630 DMX_0124 
57915.2667 +7.2216386e-04 7.114e-05 57915.2087 57915.3247 DMX_0125 
57958.1461 +7.2016580e-04 7.246e-05 57958.0881 57958.2041 DMX_0126 
57978.0997 +7.6140254e-04 6.761e-05 57978.0416 57978.1577 DMX_0127 
58454.7699 +1.1343422e-03 7.699e-05 58454.7115 58454.8283 DMX_0128 
58475.7126 +1.0058114e-03 7.760e-05 58475.6542 58475.7710 DMX_0129 
58538.5455 +9.1606391e-04 8.304e-05 58538.4852 58538.6057 DMX_0130 
58544.5874 +5.9509528e-04 5.193e-04 58544.5374 58544.6374 DMX_0131 
58558.4939 +1.1813785e-03 1.542e-04 58558.4439 58558.5439 DMX_0132 
58578.4317 +1.0228607e-03 7.780e-05 58578.3732 58578.4903 DMX_0133 
58622.3156 +9.9469843e-04 7.791e-05 58622.2565 58622.3747 DMX_0134 
58642.2544 +9.4766234e-04 8.374e-05 58642.1964 58642.3124 DMX_0135 
58683.1448 +9.8158091e-04 7.664e-05 58683.0863 58683.2032 DMX_0136 
58730.0196 +8.5322150e-04 7.510e-05 58729.9607 58730.0785 DMX_0137 
58747.9672 +8.1784457e-04 7.295e-05 58747.9089 58748.0256 DMX_0138 
58765.9182 +8.2141470e-04 8.576e-05 58765.8599 58765.9764 DMX_0139 
58790.8514 +7.9158837e-04 7.379e-05 58790.7934 58790.9094 DMX_0140 
58810.8414 +7.8127938e-04 7.847e-05 58810.7847 58810.8981 DMX_0141 
58880.6195 +5.4379354e-04 3.541e-04 58880.5695 58880.6695 DMX_0142 
58943.4613 +3.8375095e-04 7.343e-05 58943.4025 58943.5202 DMX_0143 
58964.4065 +2.3170678e-04 7.187e-05 58964.3480 58964.4650 DMX_0144 
59007.3079 +2.6399001e-04 8.520e-05 59007.2494 59007.3663 DMX_0145 
59030.2434 +2.4765998e-04 7.892e-05 59030.1870 59030.2998 DMX_0146 
59051.1568 +2.3820060e-04 7.990e-05 59051.0987 59051.2149 DMX_0147 
