# Mean DMX value = -3.805011e-04 
# Uncertainty in average DM = 8.38276e-03 
# Columns: DMXEP DMX_value DMX_var_err DMXR1 DMXR2 DMX_bin 
53271.2232 +2.6528307e-03 1.948e-05 53267.0360 53275.4105 DMX_0001 
53292.6039 +2.7286882e-03 1.957e-05 53291.9474 53293.2605 DMX_0002 
53349.8921 +2.8768018e-03 2.116e-05 53343.7877 53355.9964 DMX_0003 
53420.6238 +3.2554735e-03 7.328e-05 53420.5569 53420.6908 DMX_0004 
53447.5803 +3.1701922e-03 2.261e-05 53446.3555 53448.8051 DMX_0005 
53479.4478 +3.1175218e-03 2.279e-05 53477.4246 53481.4710 DMX_0006 
53629.0066 +2.4474283e-03 1.109e-04 53628.9520 53629.0612 DMX_0007 
53659.9684 +2.2458688e-03 1.062e-04 53659.9052 53660.0315 DMX_0008 
53768.9994 +2.7031480e-03 1.889e-05 53766.4276 53771.5712 DMX_0009 
53799.4058 +2.8138317e-03 1.755e-05 53798.2558 53800.5559 DMX_0010 
53838.7985 +2.8225857e-03 1.735e-05 53838.1527 53839.4443 DMX_0011 
53858.7442 +2.6865044e-03 1.689e-05 53858.0935 53859.3950 DMX_0012 
53889.6540 +2.8075876e-03 1.949e-05 53889.0059 53890.3020 DMX_0013 
53918.5757 +2.7886576e-03 2.015e-05 53917.9259 53919.2255 DMX_0014 
53926.2335 +2.7887241e-03 5.502e-05 53926.1652 53926.3017 DMX_0015 
53968.1279 +2.6379766e-03 6.640e-05 53968.0695 53968.1863 DMX_0016 
53980.9039 +2.7491360e-03 1.981e-05 53979.7570 53982.0508 DMX_0017 
54011.4624 +2.5643677e-03 1.990e-05 54008.9618 54013.9631 DMX_0018 
54036.2372 +2.2918889e-03 1.962e-05 54035.6044 54036.8700 DMX_0019 
54043.9158 +2.2765996e-03 5.368e-05 54043.8489 54043.9828 DMX_0020 
54068.6628 +2.0223310e-03 2.112e-05 54064.5241 54072.8015 DMX_0021 
54101.0740 +2.1632953e-03 2.459e-05 54100.4271 54101.7208 DMX_0022 
54135.0758 +2.1417427e-03 8.015e-05 54134.4328 54135.7187 DMX_0023 
54374.3297 +1.9032505e-03 2.779e-05 54373.6817 54374.9777 DMX_0024 
54429.1840 +1.6024656e-03 1.836e-05 54428.5325 54429.8355 DMX_0025 
54464.0910 +1.6659020e-03 2.115e-05 54462.4518 54465.7301 DMX_0026 
54527.9131 +1.6267557e-03 2.257e-05 54526.2677 54529.5586 DMX_0027 
54552.8462 +1.4640017e-03 2.252e-05 54552.1965 54553.4959 DMX_0028 
54642.6031 +1.0014920e-03 1.755e-05 54640.9547 54644.2515 DMX_0029 
54675.5389 +1.1838344e-03 2.047e-05 54672.8675 54678.2102 DMX_0030 
54709.0114 +1.4432893e-03 1.534e-05 54706.8686 54711.1543 DMX_0031 
54758.3412 +1.6814217e-03 1.744e-05 54751.7648 54764.9176 DMX_0032 
54790.7491 +1.7714095e-03 1.708e-05 54784.6693 54796.8289 DMX_0033 
54819.7852 +1.7797538e-03 5.085e-05 54819.7138 54819.8567 DMX_0034 
54824.1040 +1.7622905e-03 1.829e-05 54820.4639 54827.7441 DMX_0035 
54853.0248 +1.6461634e-03 1.773e-05 54850.3812 54855.6683 DMX_0036 
54862.6537 +1.6395118e-03 6.355e-05 54862.5941 54862.7132 DMX_0037 
54882.9978 +1.7271740e-03 1.863e-05 54880.4093 54885.5863 DMX_0038 
54914.8555 +1.6380176e-03 1.799e-05 54913.2098 54916.5011 DMX_0039 
54925.5038 +1.5879449e-03 5.061e-05 54925.4386 54925.5690 DMX_0040 
54945.2237 +1.6172581e-03 1.683e-05 54942.1304 54948.3171 DMX_0041 
54978.8612 +1.4390191e-03 1.938e-05 54976.3202 54981.4022 DMX_0042 
55004.6096 +1.4781628e-03 1.742e-05 55003.9607 55005.2584 DMX_0043 
55030.5387 +1.4555642e-03 1.898e-05 55029.8901 55031.1874 DMX_0044 
55042.1604 +1.4040608e-03 6.373e-05 55042.1043 55042.2165 DMX_0045 
55069.4321 +1.3733439e-03 1.924e-05 55065.7918 55073.0724 DMX_0046 
55097.8370 +1.2263141e-03 2.246e-05 55094.6951 55100.9789 DMX_0047 
55120.7742 +9.5646491e-04 2.250e-05 55118.6296 55122.9187 DMX_0048 
55156.1981 +7.5049247e-04 2.308e-05 55154.5314 55157.8648 DMX_0049 
55206.6991 +5.2237853e-04 7.275e-05 55206.6425 55206.7557 DMX_0050 
55215.5148 +4.4898543e-04 2.137e-05 55214.3675 55216.6621 DMX_0051 
55244.4352 +4.9407275e-04 2.060e-05 55243.2885 55245.5819 DMX_0052 
55276.8467 +4.7498354e-04 2.332e-05 55275.3006 55278.3927 DMX_0053 
55305.2685 +5.2672622e-04 3.422e-05 55305.2185 55305.3185 DMX_0054 
55359.2025 +3.1368693e-04 3.487e-05 55357.2386 55361.1664 DMX_0055 
55365.1467 +5.1074962e-04 2.467e-05 55365.0967 55365.1967 DMX_0056 
55393.0826 +3.5075054e-04 3.148e-05 55390.0497 55396.1155 DMX_0057 
55430.4711 -1.0966015e-04 1.848e-05 55429.9225 55431.0197 DMX_0058 
55462.8828 -1.6571476e-04 2.068e-05 55461.8358 55463.9298 DMX_0059 
55493.2542 -1.1898861e-04 2.169e-05 55492.7053 55493.8032 DMX_0060 
55521.1782 -2.2141696e-04 1.928e-05 55520.6294 55521.7269 DMX_0061 
55527.8473 -2.5556270e-04 6.161e-05 55527.7913 55527.9032 DMX_0062 
55543.6619 +2.1830253e-05 2.765e-05 55543.6119 55543.7119 DMX_0063 
55579.0645 -2.9363378e-04 2.046e-05 55578.5161 55579.6130 DMX_0064 
55616.9161 -1.6137008e-04 2.779e-05 55616.3674 55617.4647 DMX_0065 
55640.3968 +2.6120957e-05 2.249e-05 55639.3497 55641.4438 DMX_0066 
55672.3089 +1.8856268e-04 1.903e-05 55670.2644 55674.3534 DMX_0067 
55678.3969 +3.4916925e-04 6.159e-05 55678.3395 55678.4543 DMX_0068 
55702.2269 +8.6727541e-04 2.302e-05 55700.1822 55704.2716 DMX_0069 
55732.1912 +1.1363226e-03 2.197e-05 55731.0977 55733.2847 DMX_0070 
55759.1579 +1.2849013e-03 6.384e-05 55759.0988 55759.2170 DMX_0071 
55766.0079 +1.2673454e-03 4.580e-05 55765.9579 55766.0579 DMX_0072 
55773.9854 +1.5984973e-03 2.833e-05 55773.9354 55774.0354 DMX_0073 
55791.0634 +1.3259722e-03 6.749e-05 55791.0008 55791.1261 DMX_0074 
55820.0244 +1.5788069e-03 6.516e-05 55819.9646 55820.0843 DMX_0075 
55828.8350 +1.7425961e-03 4.755e-05 55828.7850 55828.8850 DMX_0076 
55850.9524 +1.4536639e-03 6.439e-05 55850.8937 55851.0111 DMX_0077 
55864.2389 +1.4739898e-03 2.796e-05 55863.6908 55864.7870 DMX_0078 
55877.8753 +1.5001269e-03 5.016e-05 55877.8152 55877.9354 DMX_0079 
55893.1596 +1.4073222e-03 2.240e-05 55892.6107 55893.7085 DMX_0080 
55910.7796 +1.4720711e-03 6.175e-05 55910.7222 55910.8371 DMX_0081 
55919.0885 +1.4425440e-03 2.054e-05 55918.5400 55919.6371 DMX_0082 
55934.7075 +1.3313519e-03 6.319e-05 55934.6475 55934.7675 DMX_0083 
55949.0070 +1.5380526e-03 2.489e-05 55948.4583 55949.5558 DMX_0084 
55971.5943 +1.5552887e-03 4.859e-05 55968.5618 55974.6267 DMX_0085 
55976.5719 +1.4033582e-03 3.832e-05 55976.5219 55976.6219 DMX_0086 
56003.0145 +1.7232950e-03 2.042e-05 56002.4892 56003.5398 DMX_0087 
56020.4763 +1.8970849e-03 2.571e-05 56020.4175 56020.5352 DMX_0088 
56034.9028 +2.0385208e-03 2.238e-05 56034.3505 56035.4551 DMX_0089 
56059.3660 +2.0290041e-03 2.507e-05 56059.3059 56059.4260 DMX_0090 
56067.3291 +2.0748710e-03 2.253e-05 56066.2622 56068.3961 DMX_0091 
56094.7491 +2.1416402e-03 2.038e-05 56094.1980 56095.3001 DMX_0092 
56108.2251 +2.1468288e-03 2.493e-05 56108.1662 56108.2840 DMX_0093 
56130.1659 +2.1813871e-03 4.465e-05 56130.1159 56130.2159 DMX_0094 
56138.6771 +2.1257950e-03 1.894e-05 56138.1037 56139.2504 DMX_0095 
56151.5509 +2.2225112e-03 2.233e-05 56151.0007 56152.1010 DMX_0096 
56173.9990 +2.1215566e-03 1.747e-05 56172.9473 56175.0506 DMX_0097 
56194.4420 +1.9039401e-03 1.962e-05 56193.8877 56194.9964 DMX_0098 
56212.4101 +1.9362312e-03 1.671e-05 56209.8808 56214.9393 DMX_0099 
56235.3663 +1.8860934e-03 2.054e-05 56234.8609 56235.8718 DMX_0100 
56250.3452 +1.8332045e-03 1.675e-05 56249.7551 56250.9354 DMX_0101 
56270.1839 +1.7287446e-03 1.964e-05 56269.6017 56270.7661 DMX_0102 
56288.6358 +1.7596240e-03 2.509e-05 56288.5858 56288.6858 DMX_0103 
56308.6737 +1.6979661e-03 1.669e-05 56305.6941 56311.6532 DMX_0104 
56325.6672 +1.7267836e-03 2.664e-05 56325.6080 56325.7264 DMX_0105 
56333.0959 +1.7054910e-03 1.903e-05 56332.4984 56333.6933 DMX_0106 
56345.6238 +1.9433787e-03 2.784e-05 56345.5662 56345.6814 DMX_0107 
56353.4618 +1.9950852e-03 2.374e-05 56352.4172 56354.5063 DMX_0108 
56367.9279 +1.9249860e-03 2.406e-05 56367.3804 56368.4755 DMX_0109 
56385.4587 +1.8890347e-03 2.282e-05 56383.4624 56387.4551 DMX_0110 
56391.3196 +1.9068026e-03 2.291e-05 56391.2696 56391.3696 DMX_0111 
56405.3539 +1.9863682e-03 2.239e-05 56403.3935 56407.3144 DMX_0112 
56410.4005 +2.0550055e-03 2.760e-05 56410.3505 56410.4505 DMX_0113 
56428.3374 +2.0561255e-03 2.105e-05 56425.3417 56431.3330 DMX_0114 
56432.3465 +2.2893917e-03 2.372e-05 56432.2965 56432.3965 DMX_0115 
56450.7149 +2.2375771e-03 1.946e-05 56450.0931 56451.3367 DMX_0116 
56468.2133 +2.3268697e-03 2.046e-05 56465.2339 56471.1928 DMX_0117 
56472.0928 +2.4759983e-03 2.319e-05 56472.0428 56472.1428 DMX_0118 
56492.6786 +2.5318319e-03 2.023e-05 56492.1540 56493.2031 DMX_0119 
56522.5576 +2.6478956e-03 1.815e-05 56521.9902 56523.1249 DMX_0120 
56531.6225 +2.7086657e-03 2.668e-05 56531.0698 56532.1753 DMX_0121 
56549.9403 +2.7538719e-03 1.211e-05 56548.8598 56551.0208 DMX_0122 
56572.0130 +2.6244782e-03 2.619e-05 56571.9630 56572.0630 DMX_0123 
56585.3437 +2.8645250e-03 1.747e-05 56584.7804 56585.9071 DMX_0124 
56593.9347 +2.6843847e-03 7.674e-05 56593.8847 56593.9847 DMX_0125 
56606.8286 +2.8439213e-03 2.457e-05 56606.7786 56606.8786 DMX_0126 
56614.3430 +2.8648648e-03 2.120e-05 56613.8425 56614.8434 DMX_0127 
56634.8260 +2.8359181e-03 2.673e-05 56634.7662 56634.8858 DMX_0128 
56642.6647 +2.9497739e-03 1.917e-05 56641.5949 56643.7345 DMX_0129 
56669.7317 +2.8928845e-03 2.582e-05 56669.6724 56669.7910 DMX_0130 
56676.6192 +2.9519000e-03 2.551e-05 56676.5692 56676.6692 DMX_0131 
56708.5556 +2.9663368e-03 2.889e-05 56707.5649 56709.5462 DMX_0132 
56737.5131 +3.0771313e-03 4.349e-05 56735.4254 56739.6009 DMX_0133 
56762.9266 +3.1301651e-03 2.190e-05 56762.3345 56763.5186 DMX_0134 
56791.3529 +3.2936073e-03 2.060e-05 56790.3247 56792.3811 DMX_0135 
56828.7733 +3.3177006e-03 2.315e-05 56828.2286 56829.3180 DMX_0136 
56847.2009 +3.3909248e-03 1.827e-05 56844.1891 56850.2127 DMX_0137 
56851.1668 +3.4477115e-03 4.199e-05 56851.1168 56851.2168 DMX_0138 
56869.1946 +3.3292869e-03 2.728e-05 56869.1446 56869.2446 DMX_0139 
56886.0516 +3.3861356e-03 3.975e-05 56886.0016 56886.1016 DMX_0140 
56894.0669 +3.4080485e-03 4.097e-05 56894.0169 56894.1169 DMX_0141 
56922.4887 +3.2270214e-03 2.060e-05 56921.8951 56923.0822 DMX_0142 
56933.0215 +3.2572200e-03 2.754e-05 56932.9649 56933.0780 DMX_0143 
56947.4006 +3.0080043e-03 2.061e-05 56945.8836 56948.9175 DMX_0144 
56978.3356 +2.8230778e-03 2.041e-05 56977.8130 56978.8583 DMX_0145 
57013.2406 +2.7654705e-03 2.096e-05 57011.6407 57014.8406 DMX_0146 
57041.1904 +2.5488163e-03 2.050e-05 57040.6376 57041.7431 DMX_0147 
57078.0672 +1.8260496e-03 1.937e-05 57075.5588 57080.5757 DMX_0148 
57098.4963 +1.6130697e-03 1.856e-05 57095.4960 57101.4967 DMX_0149 
57102.5085 +1.6357005e-03 3.822e-05 57102.4585 57102.5585 DMX_0150 
57117.5104 +1.4152578e-03 2.709e-05 57117.4567 57117.5641 DMX_0151 
57131.8751 +1.3797486e-03 1.939e-05 57131.3242 57132.4260 DMX_0152 
57138.4359 +1.1179615e-03 2.673e-05 57138.3822 57138.4895 DMX_0153 
57161.8025 +1.1720024e-03 1.990e-05 57161.2558 57162.3491 DMX_0154 
57185.3026 +1.0157768e-03 2.502e-05 57185.2489 57185.3563 DMX_0155 
57193.2409 +1.0203842e-03 2.245e-05 57192.2111 57194.2708 DMX_0156 
57201.2594 +9.2700351e-04 2.678e-05 57201.2057 57201.3131 DMX_0157 
57229.1032 +6.5426215e-04 2.206e-05 57229.0532 57229.1532 DMX_0158 
57245.1327 +7.2690066e-04 2.027e-05 57242.0933 57248.1721 DMX_0159 
57265.0832 +6.5157339e-04 2.692e-05 57265.0298 57265.1366 DMX_0160 
57272.0983 +6.3637173e-04 2.515e-05 57272.0483 57272.1483 DMX_0161 
57306.9362 +4.6247400e-04 2.555e-05 57306.8862 57306.9862 DMX_0162 
57327.9297 +3.9068961e-05 2.683e-05 57327.8761 57327.9834 DMX_0163 
57336.9484 +3.2446147e-04 4.204e-05 57336.8984 57336.9984 DMX_0164 
57348.8544 +7.8476634e-05 2.903e-05 57348.8007 57348.9080 DMX_0165 
57368.8558 -2.6312033e-04 2.043e-05 57367.8195 57369.8922 DMX_0166 
57376.7941 -3.9502078e-04 2.535e-05 57376.7404 57376.8477 DMX_0167 
57398.2096 -6.0246520e-04 2.001e-05 57397.6567 57398.7625 DMX_0168 
57410.6490 -6.0134161e-04 2.579e-05 57410.5954 57410.7026 DMX_0169 
57435.1780 -7.1762115e-04 1.653e-05 57432.6375 57437.7185 DMX_0170 
57460.5618 -7.1237956e-04 1.645e-05 57459.4670 57461.6565 DMX_0171 
57489.5291 -5.6687377e-04 4.567e-05 57489.4791 57489.5791 DMX_0172 
57508.3923 -7.6882546e-04 2.669e-05 57508.3387 57508.4459 DMX_0173 
57518.9492 -6.8656597e-04 2.533e-05 57518.3970 57519.5013 DMX_0174 
57536.3153 -8.8387751e-04 2.605e-05 57536.2617 57536.3689 DMX_0175 
57550.3630 -5.4915906e-04 4.195e-05 57550.3130 57550.4130 DMX_0176 
57557.2377 -9.3071471e-04 2.579e-05 57557.1841 57557.2912 DMX_0177 
57579.6689 -9.4842952e-04 1.702e-05 57579.1273 57580.2105 DMX_0178 
57594.1599 -1.0315288e-03 2.691e-05 57594.1063 57594.2136 DMX_0179 
57614.5784 -1.0670518e-03 2.081e-05 57614.0257 57615.1310 DMX_0180 
57622.0709 -1.1321559e-03 2.692e-05 57622.0173 57622.1245 DMX_0181 
57640.0112 -1.2195213e-03 2.785e-05 57639.9576 57640.0647 DMX_0182 
57647.5140 -1.3092228e-03 2.005e-05 57646.9634 57648.0645 DMX_0183 
57666.9383 -1.4769966e-03 2.592e-05 57666.8848 57666.9919 DMX_0184 
57674.5307 -1.3025399e-03 2.666e-05 57673.9820 57675.0794 DMX_0185 
57686.8848 -1.4089169e-03 2.910e-05 57686.8312 57686.9384 DMX_0186 
57704.3599 -1.4251577e-03 2.177e-05 57703.8520 57704.8678 DMX_0187 
57710.8174 -1.4869666e-03 2.602e-05 57710.7638 57710.8710 DMX_0188 
57734.2756 -1.6229338e-03 1.860e-05 57733.6309 57734.9204 DMX_0189 
57752.7054 -1.6383406e-03 2.842e-05 57752.6519 57752.7590 DMX_0190 
57765.2022 -1.7652993e-03 2.311e-05 57764.6525 57765.7520 DMX_0191 
57775.6397 -1.7996789e-03 2.600e-05 57775.5861 57775.6933 DMX_0192 
57789.6014 -1.8584279e-03 2.944e-05 57789.5478 57789.6550 DMX_0193 
57796.6029 -1.8262958e-03 2.722e-05 57796.4490 57796.7569 DMX_0194 
57804.5630 -1.9771623e-03 2.842e-05 57804.5094 57804.6166 DMX_0195 
57823.5115 -2.2523571e-03 2.635e-05 57823.4580 57823.5651 DMX_0196 
57835.9550 -2.2094983e-03 2.196e-05 57835.4066 57836.5034 DMX_0197 
57844.4585 -2.3243443e-03 2.638e-05 57844.4011 57844.5160 DMX_0198 
57862.3619 -2.3997506e-03 1.775e-05 57859.2671 57865.4567 DMX_0199 
57873.3726 -2.4288532e-03 2.600e-05 57873.3190 57873.4262 DMX_0200 
57885.3394 -2.4445818e-03 2.662e-05 57885.2858 57885.3929 DMX_0201 
57893.8514 -2.4398283e-03 2.076e-05 57893.2963 57894.4064 DMX_0202 
57907.2821 -2.4190797e-03 2.731e-05 57907.2285 57907.3357 DMX_0203 
57924.2607 -2.5258637e-03 1.650e-05 57921.2303 57927.2912 DMX_0204 
57932.1950 -2.5860026e-03 2.758e-05 57932.1450 57932.2450 DMX_0205 
57948.7130 -2.5652795e-03 1.686e-05 57948.1573 57949.2686 DMX_0206 
57970.1101 -2.7092305e-03 2.792e-05 57970.0566 57970.1637 DMX_0207 
57978.1346 -2.7527946e-03 2.128e-05 57977.0775 57979.1916 DMX_0208 
58015.4007 -2.9917959e-03 1.602e-05 58014.8427 58015.9588 DMX_0209 
58047.2943 -2.9364015e-03 1.819e-05 58046.7624 58047.8263 DMX_0210 
58060.3558 -2.9621461e-03 1.985e-05 58059.7464 58060.9652 DMX_0211 
58095.6942 -3.1818989e-03 1.832e-05 58094.5900 58096.7985 DMX_0212 
58134.2036 -3.5939762e-03 2.168e-05 58133.6552 58134.7521 DMX_0213 
58142.0115 -3.5221025e-03 2.225e-05 58141.4704 58142.5525 DMX_0214 
58161.1458 -3.7346628e-03 2.377e-05 58160.5948 58161.6969 DMX_0215 
58188.0725 -4.0504708e-03 2.037e-05 58187.5215 58188.6236 DMX_0216 
58216.9940 -4.1194131e-03 2.261e-05 58216.4377 58217.5502 DMX_0217 
58243.3948 -4.1232966e-03 4.129e-05 58243.3448 58243.4448 DMX_0218 
58270.1867 -4.3363701e-03 3.127e-05 58270.1315 58270.2420 DMX_0219 
58301.7602 -4.7640027e-03 2.239e-05 58301.2111 58302.3094 DMX_0220 
58335.6223 -5.0413816e-03 2.131e-05 58335.0705 58336.1741 DMX_0221 
58365.5616 -5.0738775e-03 2.120e-05 58365.0294 58366.0938 DMX_0222 
58397.4779 -5.0597215e-03 3.604e-05 58396.9322 58398.0236 DMX_0223 
58425.3970 -4.9535804e-03 2.075e-05 58424.8548 58425.9392 DMX_0224 
58462.2769 -4.9137661e-03 1.923e-05 58460.7480 58463.8058 DMX_0225 
58490.2382 -4.9091854e-03 2.197e-05 58489.7132 58490.7631 DMX_0226 
58508.6297 -4.8127224e-03 2.617e-05 58508.5797 58508.6797 DMX_0227 
58517.1319 -4.8418482e-03 2.090e-05 58516.5684 58517.6955 DMX_0228 
58528.5804 -4.7285356e-03 2.802e-05 58528.5268 58528.6339 DMX_0229 
58548.0727 -4.6376335e-03 3.302e-05 58547.5450 58548.6004 DMX_0230 
58565.4933 -4.4897399e-03 8.757e-05 58565.4433 58565.5433 DMX_0231 
58583.4445 -4.4650994e-03 1.956e-05 58580.4187 58586.4703 DMX_0232 
58608.8928 -4.3810294e-03 2.525e-05 58608.3393 58609.4463 DMX_0233 
58628.3022 -4.3559339e-03 2.998e-05 58628.2487 58628.3558 DMX_0234 
58635.8393 -4.3507956e-03 2.529e-05 58635.3071 58636.3715 DMX_0235 
58650.2474 -4.3280642e-03 3.184e-05 58650.1939 58650.3010 DMX_0236 
58661.2246 -4.2733623e-03 2.752e-05 58661.1710 58661.2781 DMX_0237 
58673.2023 -4.3088783e-03 1.682e-05 58671.1721 58675.2324 DMX_0238 
58691.1666 -4.0098871e-03 3.168e-05 58691.1166 58691.2166 DMX_0239 
58699.6466 -4.2221270e-03 2.348e-05 58699.0922 58700.2010 DMX_0240 
58713.0806 -4.1051104e-03 2.623e-05 58713.0270 58713.1342 DMX_0241 
58729.5568 -3.9961596e-03 2.724e-05 58729.0085 58730.1052 DMX_0242 
58738.9988 -4.0361536e-03 2.860e-05 58738.9453 58739.0524 DMX_0243 
58757.4702 -4.0285956e-03 1.908e-05 58754.9071 58760.0334 DMX_0244 
58777.8922 -3.9082538e-03 3.015e-05 58777.8386 58777.9459 DMX_0245 
58787.3997 -3.8915317e-03 2.502e-05 58786.8436 58787.9558 DMX_0246 
58794.8308 -3.7807839e-03 3.208e-05 58794.7808 58794.8808 DMX_0247 
58818.7848 -3.9062243e-03 2.645e-05 58818.7312 58818.8384 DMX_0248 
58827.3067 -4.0865778e-03 2.368e-05 58826.7568 58827.8567 DMX_0249 
58838.7257 -4.4645458e-03 3.626e-05 58838.6721 58838.7794 DMX_0250 
58849.2434 -3.9837460e-03 2.663e-05 58848.6925 58849.7942 DMX_0251 
58882.1822 -4.1143182e-03 2.279e-05 58881.6330 58882.7314 DMX_0252 
58893.6024 -4.1003359e-03 4.177e-05 58893.5524 58893.6524 DMX_0253 
58913.0540 -4.2311112e-03 2.107e-05 58910.5223 58915.5857 DMX_0254 
58936.4671 -4.3215639e-03 2.719e-05 58936.4171 58936.5171 DMX_0255 
58944.9896 -4.3637758e-03 2.191e-05 58944.4331 58945.5461 DMX_0256 
58957.4102 -4.3008956e-03 2.805e-05 58957.3602 58957.4602 DMX_0257 
58978.3432 -4.3527656e-03 2.813e-05 58978.2932 58978.3932 DMX_0258 
58999.2989 -4.5099945e-03 2.763e-05 58999.2489 58999.3489 DMX_0259 
59023.7349 -4.6707500e-03 2.747e-05 59021.2045 59026.2654 DMX_0260 
59043.1752 -4.7227845e-03 2.746e-05 59043.1252 59043.2252 DMX_0261 
59065.1247 -4.6732717e-03 3.174e-05 59065.0704 59065.1790 DMX_0262 
