# Mean DMX value = +2.629131e-05 
# Uncertainty in average DM = 2.51978e-03 
# Columns: DMXEP DMX_value DMX_var_err DMXR1 DMXR2 DMX_bin 
53271.2232 +2.4316049e-03 1.895e-05 53267.0360 53275.4105 DMX_0001 
53292.6039 +2.5153503e-03 2.031e-05 53291.9474 53293.2605 DMX_0002 
53349.8921 +2.6463901e-03 2.309e-05 53343.7877 53355.9964 DMX_0003 
53447.5803 +2.9492953e-03 2.814e-05 53446.3555 53448.8051 DMX_0004 
53768.9994 +2.4695866e-03 2.385e-05 53766.4276 53771.5712 DMX_0005 
53799.4058 +2.5799919e-03 1.876e-05 53798.2558 53800.5559 DMX_0006 
53838.7985 +2.6033561e-03 1.823e-05 53838.1527 53839.4443 DMX_0007 
53858.7442 +2.4717454e-03 1.788e-05 53858.0935 53859.3950 DMX_0008 
53889.6540 +2.5936245e-03 2.129e-05 53889.0059 53890.3020 DMX_0009 
53918.5757 +2.5703636e-03 2.303e-05 53917.9259 53919.2255 DMX_0010 
53980.9039 +2.5273408e-03 2.255e-05 53979.7570 53982.0508 DMX_0011 
54011.8197 +2.3258526e-03 2.174e-05 54009.6763 54013.9631 DMX_0012 
54036.2372 +2.0509805e-03 2.166e-05 54035.6044 54036.8700 DMX_0013 
54068.6628 +1.7782436e-03 2.314e-05 54064.5241 54072.8015 DMX_0014 
54101.0740 +1.9157980e-03 2.920e-05 54100.4271 54101.7208 DMX_0015 
54374.3297 +1.6575282e-03 3.024e-05 54373.6817 54374.9777 DMX_0016 
54429.1840 +1.3770044e-03 1.896e-05 54428.5325 54429.8355 DMX_0017 
54464.0910 +1.4429656e-03 2.244e-05 54462.4518 54465.7301 DMX_0018 
54527.9131 +1.3998263e-03 2.470e-05 54526.2677 54529.5586 DMX_0019 
54552.8462 +1.2357465e-03 2.571e-05 54552.1965 54553.4959 DMX_0020 
54642.6031 +7.7033781e-04 1.899e-05 54640.9547 54644.2515 DMX_0021 
54673.5138 +9.4032083e-04 2.187e-05 54672.8675 54674.1600 DMX_0022 
54709.0114 +1.2129051e-03 1.682e-05 54706.8686 54711.1543 DMX_0023 
54758.3412 +1.4555181e-03 1.835e-05 54751.7648 54764.9176 DMX_0024 
54790.7491 +1.5401409e-03 1.812e-05 54784.6693 54796.8289 DMX_0025 
54824.1040 +1.5248778e-03 1.929e-05 54820.4639 54827.7441 DMX_0026 
54853.0248 +1.4066058e-03 1.901e-05 54850.3812 54855.6683 DMX_0027 
54882.9978 +1.4913494e-03 1.959e-05 54880.4093 54885.5863 DMX_0028 
54914.8555 +1.4034802e-03 1.929e-05 54913.2098 54916.5011 DMX_0029 
54945.2237 +1.3843302e-03 1.827e-05 54942.1304 54948.3171 DMX_0030 
54977.3262 +1.1993167e-03 2.010e-05 54976.3202 54978.3322 DMX_0031 
55004.6096 +1.2409125e-03 1.902e-05 55003.9607 55005.2584 DMX_0032 
55030.5387 +1.2186528e-03 2.024e-05 55029.8901 55031.1874 DMX_0033 
55069.4321 +1.1416415e-03 2.021e-05 55065.7918 55073.0724 DMX_0034 
55097.8370 +9.9975366e-04 2.358e-05 55094.6951 55100.9789 DMX_0035 
55120.7742 +7.2992829e-04 2.450e-05 55118.6296 55122.9187 DMX_0036 
55156.1981 +5.1723782e-04 2.631e-05 55154.5314 55157.8648 DMX_0037 
55215.5148 +1.9964508e-04 2.649e-05 55214.3675 55216.6621 DMX_0038 
55244.4352 +2.4590636e-04 2.736e-05 55243.2885 55245.5819 DMX_0039 
55278.3427 +1.9310483e-04 3.261e-05 55278.2927 55278.3927 DMX_0040 
55363.1316 +1.9252674e-04 2.256e-05 55361.0664 55365.1967 DMX_0041 
55393.0826 +1.1910110e-04 3.316e-05 55390.0497 55396.1155 DMX_0042 
55430.4711 -3.4648578e-04 1.889e-05 55429.9225 55431.0197 DMX_0043 
55462.8828 -4.0035477e-04 2.119e-05 55461.8358 55463.9298 DMX_0044 
55493.2542 -3.5103052e-04 2.224e-05 55492.7053 55493.8032 DMX_0045 
55521.1782 -4.5415067e-04 1.973e-05 55520.6294 55521.7269 DMX_0046 
55543.6619 -2.0113552e-04 2.933e-05 55543.6119 55543.7119 DMX_0047 
55579.0645 -5.2953332e-04 2.101e-05 55578.5161 55579.6130 DMX_0048 
55616.9161 -3.9365319e-04 2.871e-05 55616.3674 55617.4647 DMX_0049 
55640.3968 -2.0858174e-04 2.393e-05 55639.3497 55641.4438 DMX_0050 
55672.3089 -4.6357776e-05 1.953e-05 55670.2644 55674.3534 DMX_0051 
55702.2269 +6.2793052e-04 2.562e-05 55700.1822 55704.2716 DMX_0052 
55731.6466 +9.1808991e-04 2.399e-05 55731.0977 55732.1956 DMX_0053 
55766.0079 +1.0548126e-03 4.273e-05 55765.9579 55766.0579 DMX_0054 
55773.9854 +1.4315029e-03 2.922e-05 55773.9354 55774.0354 DMX_0055 
55799.9147 +1.6412776e-03 3.088e-05 55799.8647 55799.9647 DMX_0056 
55827.8378 +1.7665893e-03 2.497e-05 55826.7906 55828.8850 DMX_0057 
55864.2389 +1.2815819e-03 2.838e-05 55863.6908 55864.7870 DMX_0058 
55893.1596 +1.1771166e-03 2.307e-05 55892.6107 55893.7085 DMX_0059 
55919.0885 +1.2067412e-03 2.114e-05 55918.5400 55919.6371 DMX_0060 
55949.0070 +1.2924091e-03 2.585e-05 55948.4583 55949.5558 DMX_0061 
55976.5719 +1.1779213e-03 3.677e-05 55976.5219 55976.6219 DMX_0062 
56003.0145 +1.4931832e-03 2.113e-05 56002.4892 56003.5398 DMX_0063 
56034.9028 +1.8168339e-03 2.326e-05 56034.3505 56035.4551 DMX_0064 
56067.3291 +1.8491104e-03 2.347e-05 56066.2622 56068.3961 DMX_0065 
56094.7491 +1.9092611e-03 2.109e-05 56094.1980 56095.3001 DMX_0066 
56130.1659 +1.9570464e-03 4.184e-05 56130.1159 56130.2159 DMX_0067 
56138.1537 +1.8580511e-03 2.701e-05 56138.1037 56138.2037 DMX_0068 
56151.5509 +1.9758875e-03 2.247e-05 56151.0007 56152.1010 DMX_0069 
56173.9990 +1.9209986e-03 2.110e-05 56172.9473 56175.0506 DMX_0070 
56194.4420 +1.6749899e-03 2.017e-05 56193.8877 56194.9964 DMX_0071 
56214.3937 +1.7255717e-03 2.186e-05 56213.8481 56214.9393 DMX_0072 
56235.3663 +1.6556435e-03 2.107e-05 56234.8609 56235.8718 DMX_0073 
56250.3020 +1.6037970e-03 2.117e-05 56249.7551 56250.8490 DMX_0074 
56270.1839 +1.4935091e-03 2.013e-05 56269.6017 56270.7661 DMX_0075 
56288.6358 +1.5223238e-03 2.661e-05 56288.5858 56288.6858 DMX_0076 
56311.0672 +1.4696088e-03 2.112e-05 56310.4812 56311.6532 DMX_0077 
56333.0959 +1.4658811e-03 1.955e-05 56332.4984 56333.6933 DMX_0078 
56353.4618 +1.7473980e-03 2.461e-05 56352.4172 56354.5063 DMX_0079 
56367.9279 +1.6823373e-03 2.494e-05 56367.3804 56368.4755 DMX_0080 
56389.3623 +1.6922307e-03 2.065e-05 56387.3551 56391.3696 DMX_0081 
56408.8324 +1.8122549e-03 2.377e-05 56407.2144 56410.4505 DMX_0082 
56431.8148 +1.9958141e-03 2.095e-05 56431.2330 56432.3965 DMX_0083 
56450.7149 +2.0031934e-03 1.998e-05 56450.0931 56451.3367 DMX_0084 
56471.6178 +2.2104392e-03 2.068e-05 56471.0928 56472.1428 DMX_0085 
56492.6786 +2.2898496e-03 2.082e-05 56492.1540 56493.2031 DMX_0086 
56522.5576 +2.4122848e-03 1.841e-05 56521.9902 56523.1249 DMX_0087 
56549.9403 +2.5210339e-03 1.565e-05 56548.8598 56551.0208 DMX_0088 
56585.3437 +2.6319528e-03 1.839e-05 56584.7804 56585.9071 DMX_0089 
56606.8286 +2.6121985e-03 2.597e-05 56606.7786 56606.8786 DMX_0090 
56614.7879 +2.7390409e-03 3.058e-05 56614.7324 56614.8434 DMX_0091 
56642.6647 +2.7253799e-03 2.031e-05 56641.5949 56643.7345 DMX_0092 
56676.6192 +2.7280346e-03 2.693e-05 56676.5692 56676.6692 DMX_0093 
56708.5556 +2.7236943e-03 3.012e-05 56707.5649 56709.5462 DMX_0094 
56735.4754 +2.8629270e-03 4.640e-05 56735.4254 56735.5254 DMX_0095 
56762.9266 +2.8915631e-03 2.266e-05 56762.3345 56763.5186 DMX_0096 
56791.3529 +3.0658385e-03 2.099e-05 56790.3247 56792.3811 DMX_0097 
56828.7733 +3.0759300e-03 2.412e-05 56828.2286 56829.3180 DMX_0098 
56850.6647 +3.1419251e-03 2.166e-05 56850.1127 56851.2168 DMX_0099 
56886.0516 +3.1484950e-03 3.798e-05 56886.0016 56886.1016 DMX_0100 
56894.0669 +3.1705532e-03 3.899e-05 56894.0169 56894.1169 DMX_0101 
56922.4887 +2.9851120e-03 2.132e-05 56921.8951 56923.0822 DMX_0102 
56947.4006 +2.7689461e-03 2.126e-05 56945.8836 56948.9175 DMX_0103 
56978.3356 +2.5826710e-03 2.097e-05 56977.8130 56978.8583 DMX_0104 
57012.2040 +2.5371506e-03 2.158e-05 57011.6407 57012.7674 DMX_0105 
57041.1904 +2.3238929e-03 2.115e-05 57040.6376 57041.7431 DMX_0106 
57079.5326 +1.6001741e-03 2.074e-05 57078.4896 57080.5757 DMX_0107 
57101.9776 +1.3897477e-03 2.156e-05 57101.3967 57102.5585 DMX_0108 
57131.8751 +1.1545964e-03 2.005e-05 57131.3242 57132.4260 DMX_0109 
57161.8025 +9.4196377e-04 2.059e-05 57161.2558 57162.3491 DMX_0110 
57193.2409 +7.8445392e-04 2.337e-05 57192.2111 57194.2708 DMX_0111 
57229.1032 +4.1591903e-04 2.324e-05 57229.0532 57229.1532 DMX_0112 
57248.1221 +5.5836757e-04 2.999e-05 57248.0721 57248.1721 DMX_0113 
57272.0983 +4.0421614e-04 2.673e-05 57272.0483 57272.1483 DMX_0114 
57306.9362 +2.4109882e-04 2.708e-05 57306.8862 57306.9862 DMX_0115 
57336.4374 -7.4791580e-05 2.022e-05 57335.8764 57336.9984 DMX_0116 
57368.8558 -4.8516764e-04 2.109e-05 57367.8195 57369.8922 DMX_0117 
57398.2096 -8.3869254e-04 2.066e-05 57397.6567 57398.7625 DMX_0118 
57435.1780 -9.8140608e-04 2.051e-05 57432.6375 57437.7185 DMX_0119 
57460.5618 -9.3627665e-04 1.721e-05 57459.4670 57461.6565 DMX_0120 
57489.5291 -8.1857119e-04 4.280e-05 57489.4791 57489.5791 DMX_0121 
57518.9492 -8.9618617e-04 2.652e-05 57518.3970 57519.5013 DMX_0122 
57550.8650 -1.0421263e-03 2.289e-05 57550.3130 57551.4170 DMX_0123 
57579.7023 -1.1884330e-03 2.214e-05 57579.1941 57580.2105 DMX_0124 
57614.5784 -1.2943024e-03 2.162e-05 57614.0257 57615.1310 DMX_0125 
57647.5140 -1.5323763e-03 2.076e-05 57646.9634 57648.0645 DMX_0126 
57674.5307 -1.5143970e-03 2.795e-05 57673.9820 57675.0794 DMX_0127 
57704.3599 -1.6433020e-03 2.264e-05 57703.8520 57704.8678 DMX_0128 
57734.2756 -1.8271392e-03 2.449e-05 57733.6309 57734.9204 DMX_0129 
57765.2022 -1.9906783e-03 2.423e-05 57764.6525 57765.7520 DMX_0130 
57796.6029 -2.0450002e-03 2.879e-05 57796.4490 57796.7569 DMX_0131 
57835.9550 -2.4243513e-03 2.296e-05 57835.4066 57836.5034 DMX_0132 
57859.3171 -2.6016139e-03 2.642e-05 57859.2671 57859.3671 DMX_0133 
57893.8514 -2.6603816e-03 2.159e-05 57893.2963 57894.4064 DMX_0134 
57921.7811 -2.6710448e-03 2.214e-05 57921.2303 57922.3319 DMX_0135 
57948.7130 -2.7866212e-03 2.146e-05 57948.1573 57949.2686 DMX_0136 
57978.1346 -2.9828213e-03 2.199e-05 57977.0775 57979.1916 DMX_0137 
58015.4007 -3.2175721e-03 1.650e-05 58014.8427 58015.9588 DMX_0138 
58047.2943 -3.1603735e-03 1.862e-05 58046.7624 58047.8263 DMX_0139 
58060.3558 -3.1885047e-03 2.066e-05 58059.7464 58060.9652 DMX_0140 
58095.6942 -3.4154988e-03 1.902e-05 58094.5900 58096.7985 DMX_0141 
58134.2036 -3.8264695e-03 2.218e-05 58133.6552 58134.7521 DMX_0142 
58142.0115 -3.7482393e-03 2.252e-05 58141.4704 58142.5525 DMX_0143 
58161.1458 -3.9637916e-03 2.433e-05 58160.5948 58161.6969 DMX_0144 
58188.0725 -4.2740038e-03 2.076e-05 58187.5215 58188.6236 DMX_0145 
58216.9940 -4.3296587e-03 2.305e-05 58216.4377 58217.5502 DMX_0146 
58243.9060 -4.3415072e-03 2.621e-05 58243.3448 58244.4672 DMX_0147 
58270.1867 -4.5690752e-03 2.960e-05 58270.1315 58270.2420 DMX_0148 
58301.7602 -4.9819887e-03 2.285e-05 58301.2111 58302.3094 DMX_0149 
58335.6223 -5.2720622e-03 2.178e-05 58335.0705 58336.1741 DMX_0150 
58365.5616 -5.3085018e-03 2.171e-05 58365.0294 58366.0938 DMX_0151 
58397.4779 -5.2737931e-03 3.516e-05 58396.9322 58398.0236 DMX_0152 
58425.3970 -5.1919848e-03 2.138e-05 58424.8548 58425.9392 DMX_0153 
58461.2972 -5.1746394e-03 2.461e-05 58460.7480 58461.8463 DMX_0154 
58490.2382 -5.1484142e-03 2.274e-05 58489.7132 58490.7631 DMX_0155 
58517.1319 -5.0925153e-03 2.202e-05 58516.5684 58517.6955 DMX_0156 
58548.0727 -4.8863414e-03 3.437e-05 58547.5450 58548.6004 DMX_0157 
58581.9661 -4.7453973e-03 2.728e-05 58580.4187 58583.5135 DMX_0158 
58608.8928 -4.6250983e-03 2.643e-05 58608.3393 58609.4463 DMX_0159 
58635.8393 -4.5923424e-03 2.651e-05 58635.3071 58636.3715 DMX_0160 
58671.7224 -4.5944818e-03 2.206e-05 58671.1721 58672.2726 DMX_0161 
58699.6466 -4.4724646e-03 2.453e-05 58699.0922 58700.2010 DMX_0162 
58729.5568 -4.2529921e-03 2.878e-05 58729.0085 58730.1052 DMX_0163 
58759.4826 -4.3058138e-03 2.427e-05 58758.9319 58760.0334 DMX_0164 
58787.3997 -4.1388350e-03 2.752e-05 58786.8436 58787.9558 DMX_0165 
58827.3067 -4.3189768e-03 2.461e-05 58826.7568 58827.8567 DMX_0166 
58849.2434 -4.2204345e-03 2.778e-05 58848.6925 58849.7942 DMX_0167 
58882.1822 -4.3414789e-03 2.359e-05 58881.6330 58882.7314 DMX_0168 
58911.0709 -4.4600674e-03 2.700e-05 58910.5223 58911.6195 DMX_0169 
58944.9896 -4.6102554e-03 2.350e-05 58944.4331 58945.5461 DMX_0170 
