# Mean DMX value = +2.817031e-06 
# Uncertainty in average DM = 2.55148e-04 
# Columns: DMXEP DMX_value DMX_var_err DMXR1 DMXR2 DMX_bin 
53449.4728 +7.9107540e-04 6.925e-05 53448.6657 53450.2800 DMX_0001 
53653.1283 +8.8849130e-04 5.975e-05 53651.4820 53654.7746 DMX_0002 
53688.0406 +8.6060619e-04 1.093e-04 53681.3952 53694.6860 DMX_0003 
53737.3918 +8.6118573e-04 5.749e-05 53736.2380 53738.5455 DMX_0004 
53768.8570 +7.2217749e-04 4.425e-05 53766.2621 53771.4519 DMX_0005 
53799.2405 +6.7637533e-04 5.592e-05 53798.0906 53800.3904 DMX_0006 
53838.6165 +6.8209656e-04 3.939e-05 53837.9690 53839.2639 DMX_0007 
53858.5689 +7.8532669e-04 4.285e-05 53857.9227 53859.2152 DMX_0008 
53889.4841 +8.1789959e-04 4.899e-05 53888.8356 53890.1325 DMX_0009 
53918.4024 +9.8581567e-04 5.071e-05 53917.7555 53919.0494 DMX_0010 
53980.7282 +1.1661325e-03 5.384e-05 53979.5819 53981.8745 DMX_0011 
54011.6432 +1.0684026e-03 6.069e-05 54009.4968 54013.7895 DMX_0012 
54036.0568 +1.0650373e-03 5.225e-05 54035.4274 54036.6861 DMX_0013 
54068.4873 +8.8148554e-04 5.029e-05 54064.3475 54072.6271 DMX_0014 
54100.9017 +8.7905517e-04 5.310e-05 54100.2511 54101.5522 DMX_0015 
54156.7493 +7.3025585e-04 5.592e-05 54156.1041 54157.3945 DMX_0016 
54184.6669 +8.3853641e-04 5.777e-05 54184.0152 54185.3186 DMX_0017 
54219.0762 +9.4035593e-04 6.218e-05 54217.9279 54220.2245 DMX_0018 
54374.1531 +1.2095411e-03 6.141e-05 54373.5053 54374.8008 DMX_0019 
54401.0778 +1.1017676e-03 5.973e-05 54400.4322 54401.7235 DMX_0020 
54463.9079 +9.9394603e-04 5.201e-05 54462.2611 54465.5546 DMX_0021 
54494.8080 +9.5104772e-04 6.329e-05 54494.1456 54495.4704 DMX_0022 
54552.6713 +9.3407154e-04 5.320e-05 54552.0218 54553.3207 DMX_0023 
54578.5942 +9.8868180e-04 5.152e-05 54575.9457 54581.2428 DMX_0024 
54641.4195 +1.1511258e-03 5.500e-05 54640.7728 54642.0661 DMX_0025 
54673.3285 +1.1183837e-03 6.297e-05 54672.6786 54673.9784 DMX_0026 
54709.2342 +1.1755214e-03 7.837e-05 54707.5920 54710.8763 DMX_0027 
54767.0765 +1.1234496e-03 5.540e-05 54765.4284 54768.7246 DMX_0028 
54789.5174 +1.0954555e-03 5.838e-05 54784.3817 54794.6531 DMX_0029 
54823.9181 +9.6491710e-04 6.043e-05 54820.2789 54827.5573 DMX_0030 
54852.8382 +8.4193032e-04 6.523e-05 54850.1950 54855.4815 DMX_0031 
54883.7555 +7.2435696e-04 6.357e-05 54882.1072 54885.4038 DMX_0032 
54945.0883 +9.0165813e-04 6.563e-05 54941.9429 54948.2337 DMX_0033 
54975.5053 +8.4947557e-04 6.508e-05 54972.8640 54978.1466 DMX_0034 
55004.4223 +9.2367875e-04 5.567e-05 55003.7738 55005.0709 DMX_0035 
55069.2461 +8.7472998e-04 5.346e-05 55065.6068 55072.8854 DMX_0036 
55097.6230 +8.8231838e-04 5.752e-05 55094.4825 55100.7636 DMX_0037 
55120.5620 +8.2263461e-04 5.487e-05 55118.4175 55122.7065 DMX_0038 
55155.9965 +7.8411766e-04 9.536e-05 55154.3299 55157.6630 DMX_0039 
55244.2221 +7.7886305e-04 6.273e-05 55243.0759 55245.3683 DMX_0040 
55276.6327 +7.0715169e-04 3.907e-05 55275.0864 55278.1790 DMX_0041 
55305.0543 +8.2637746e-04 1.472e-04 55305.0043 55305.1043 DMX_0042 
55338.4638 +8.3991110e-04 3.882e-05 55336.9182 55340.0095 DMX_0043 
55362.9416 +7.6716423e-04 5.763e-05 55360.8772 55365.0061 DMX_0044 
55392.8844 +8.2350186e-04 7.437e-05 55389.8471 55395.9216 DMX_0045 
55430.2679 +9.5468343e-04 3.383e-05 55429.7113 55430.8245 DMX_0046 
55462.6865 +9.6158365e-04 3.981e-05 55461.6385 55463.7345 DMX_0047 
55493.5383 +8.9493427e-04 3.750e-05 55493.4883 55493.5883 DMX_0048 
55520.9639 +7.8151121e-04 3.663e-05 55520.4155 55521.5123 DMX_0049 
55542.9671 +7.5602196e-04 4.341e-05 55542.4209 55543.5132 DMX_0050 
55549.3908 +7.5247937e-04 3.867e-05 55549.3408 55549.4408 DMX_0051 
55578.8648 +7.7431171e-04 3.643e-05 55578.3123 55579.4172 DMX_0052 
55616.7023 +6.8004711e-04 3.975e-05 55616.1527 55617.2520 DMX_0053 
55640.2015 +6.5057510e-04 3.664e-05 55639.1538 55641.2491 DMX_0054 
55674.1108 +6.0296348e-04 4.885e-05 55674.0608 55674.1608 DMX_0055 
55702.0236 +7.1490846e-04 5.590e-05 55699.9834 55704.0639 DMX_0056 
55731.4320 +8.1139833e-04 6.024e-05 55730.8769 55731.9872 DMX_0057 
55765.7928 +6.8873814e-04 3.807e-05 55765.7428 55765.8428 DMX_0058 
55773.7732 +7.5678063e-04 1.700e-04 55773.7232 55773.8232 DMX_0059 
55800.1988 +6.6913551e-04 3.618e-05 55799.6502 55800.7474 DMX_0060 
55827.6242 +6.5472632e-04 3.625e-05 55826.5770 55828.6714 DMX_0061 
55865.0224 +6.2032373e-04 3.470e-05 55864.4745 55865.5703 DMX_0062 
55892.9450 +5.7660578e-04 3.540e-05 55892.3965 55893.4934 DMX_0063 
55918.8735 +5.0682996e-04 3.537e-05 55918.3246 55919.4224 DMX_0064 
55948.7919 +4.7839621e-04 3.588e-05 55948.2431 55949.3408 DMX_0065 
55972.1798 +4.5473284e-04 3.147e-05 55972.0545 55972.3051 DMX_0066 
56002.0207 +5.3415452e-04 4.234e-05 56000.0195 56004.0219 DMX_0067 
56034.4954 +4.4420735e-04 3.760e-05 56033.9437 56035.0470 DMX_0068 
56065.3335 +6.1404018e-04 3.644e-05 56064.8041 56065.8629 DMX_0069 
56101.7270 +6.2789330e-04 3.626e-05 56100.6829 56102.7711 DMX_0070 
56130.6550 +5.8246662e-04 1.411e-04 56130.6050 56130.7050 DMX_0071 
56150.5764 +5.3657140e-04 3.652e-05 56149.5129 56151.6399 DMX_0072 
56171.5162 +5.5437721e-04 3.493e-05 56170.4356 56172.5968 DMX_0073 
56192.4650 +5.0913920e-04 3.665e-05 56192.3396 56192.5904 DMX_0074 
56208.9473 +4.8116801e-04 3.502e-05 56208.4247 56209.4700 DMX_0075 
56229.3705 +4.5942256e-04 3.535e-05 56229.2382 56229.5028 DMX_0076 
56251.2686 +3.9227127e-04 3.343e-05 56250.2022 56252.3349 DMX_0077 
56267.2253 +3.2127951e-04 2.980e-05 56266.1701 56268.2805 DMX_0078 
56288.2250 +2.6610690e-04 3.604e-05 56288.0974 56288.3527 DMX_0079 
56312.1480 +1.9764687e-04 3.672e-05 56312.0165 56312.2795 DMX_0080 
56331.6102 +9.1451069e-05 3.327e-05 56331.0958 56332.1247 DMX_0081 
56348.9897 -1.5181402e-05 3.203e-05 56346.9289 56351.0506 DMX_0082 
56367.8907 -5.2285648e-06 1.345e-04 56367.8407 56367.9407 DMX_0083 
56386.9461 -8.3335523e-05 3.415e-05 56386.8187 56387.0736 DMX_0084 
56410.9121 -6.6404359e-05 3.074e-05 56410.8621 56410.9621 DMX_0085 
56432.3362 -1.3129825e-04 2.744e-05 56431.7976 56432.8748 DMX_0086 
56452.2865 +1.2103149e-05 3.043e-05 56451.7061 56452.8668 DMX_0087 
56472.6833 -5.7289598e-05 1.564e-04 56472.6333 56472.7333 DMX_0088 
56486.6331 -3.3575137e-05 1.928e-05 56485.4129 56487.8534 DMX_0089 
56493.5785 -7.7382545e-06 2.334e-05 56492.5502 56494.6068 DMX_0090 
56522.5860 +1.3872983e-04 1.072e-04 56522.5307 56522.6413 DMX_0091 
56550.9859 -1.2192086e-04 3.165e-05 56550.4277 56551.5442 DMX_0092 
56585.8696 -2.0381825e-04 2.832e-05 56585.3047 56586.4345 DMX_0093 
56613.8136 -2.4917528e-04 2.503e-05 56613.2989 56614.3282 DMX_0094 
56639.2260 -2.7858210e-04 2.485e-05 56637.1938 56641.2582 DMX_0095 
56674.1344 -3.1801501e-04 3.094e-05 56671.1432 56677.1256 DMX_0096 
56704.5086 -3.4819413e-04 3.089e-05 56702.9425 56706.0747 DMX_0097 
56728.0156 -4.2475889e-04 3.202e-05 56726.9673 56729.0640 DMX_0098 
56734.0496 -5.0086857e-04 1.350e-04 56733.8865 56734.2127 DMX_0099 
56765.8383 -3.1399494e-04 3.100e-05 56765.7883 56765.8883 DMX_0100 
56793.3214 -3.0120361e-04 3.075e-05 56791.7797 56794.8631 DMX_0101 
56826.6924 -2.3630105e-04 3.204e-05 56823.6653 56829.7196 DMX_0102 
56850.6396 -1.4547794e-04 3.077e-05 56849.6102 56851.6691 DMX_0103 
56885.6115 -2.6975118e-04 2.962e-05 56885.5615 56885.6615 DMX_0104 
56893.5078 -2.5872105e-04 3.195e-05 56893.4578 56893.5578 DMX_0105 
56921.0038 -2.5580647e-04 3.388e-05 56920.4445 56921.5631 DMX_0106 
56943.8857 -2.5105294e-04 3.288e-05 56943.3511 56944.4203 DMX_0107 
56978.7608 -3.0227084e-04 3.402e-05 56978.1938 56979.3278 DMX_0108 
57012.7340 -4.4030065e-04 3.309e-05 57012.1607 57013.3073 DMX_0109 
57035.6649 -4.7222431e-04 3.125e-05 57035.1587 57036.1710 DMX_0110 
57071.5524 -4.4630870e-04 3.238e-05 57071.0285 57072.0764 DMX_0111 
57104.4671 -3.8765787e-04 3.264e-05 57103.9517 57104.9825 DMX_0112 
57131.4338 -3.9664305e-04 3.245e-05 57130.8827 57131.9850 DMX_0113 
57161.2896 -3.9109702e-04 3.570e-05 57160.7333 57161.8458 DMX_0114 
57194.2225 -1.2000839e-04 3.531e-05 57193.7122 57194.7327 DMX_0115 
57222.6304 -3.1965105e-04 1.620e-04 57222.5804 57222.6804 DMX_0116 
57248.5664 -3.6151461e-04 1.427e-04 57248.5164 57248.6164 DMX_0117 
57272.5696 -3.6734004e-04 1.434e-04 57272.5196 57272.6196 DMX_0118 
57305.9426 -4.5497013e-04 3.403e-05 57305.3915 57306.4937 DMX_0119 
57336.9124 -4.5167450e-04 3.309e-05 57336.3610 57337.4638 DMX_0120 
57374.2339 -5.1012247e-04 3.790e-05 57371.2257 57377.2421 DMX_0121 
57378.2467 -5.0134531e-04 3.495e-05 57378.1967 57378.2967 DMX_0122 
57394.7071 -5.1960000e-04 3.833e-05 57394.1227 57395.2915 DMX_0123 
57436.1047 -6.5623368e-04 3.590e-05 57433.0395 57439.1698 DMX_0124 
57458.4941 -6.5721204e-04 2.682e-05 57457.9321 57459.0562 DMX_0125 
57488.4114 -6.4501144e-04 3.179e-05 57487.8522 57488.9707 DMX_0126 
57522.3619 -5.4131245e-04 3.295e-05 57521.8275 57522.8963 DMX_0127 
57551.2773 -4.6364915e-04 3.579e-05 57550.7255 57551.8291 DMX_0128 
57585.1830 -4.7718881e-04 3.538e-05 57584.5821 57585.7839 DMX_0129 
57613.6114 -4.3086600e-04 3.431e-05 57612.6005 57614.6223 DMX_0130 
57650.0666 -4.5678657e-04 3.541e-05 57649.5155 57650.6176 DMX_0131 
57673.9741 -4.5018062e-04 3.557e-05 57673.4113 57674.5368 DMX_0132 
57705.8804 -5.1954557e-04 3.558e-05 57705.3543 57706.4065 DMX_0133 
57733.8275 -5.0966148e-04 3.575e-05 57733.2866 57734.3683 DMX_0134 
57767.6721 -6.3431528e-04 3.336e-05 57767.1237 57768.2205 DMX_0135 
57795.5724 -7.0016624e-04 3.370e-05 57795.0263 57796.1186 DMX_0136 
57831.5262 -7.7865920e-04 3.322e-05 57830.9524 57832.1000 DMX_0137 
57859.4424 -6.8071336e-04 3.288e-05 57858.8523 57860.0325 DMX_0138 
57893.3843 -7.9322322e-04 3.297e-05 57892.8281 57893.9404 DMX_0139 
57922.3045 -1.2387085e-03 4.056e-05 57921.7530 57922.8560 DMX_0140 
57949.2346 -6.8635966e-04 3.523e-05 57948.6811 57949.7880 DMX_0141 
57977.6407 -7.1865173e-04 3.382e-05 57976.5878 57978.6935 DMX_0142 
58012.0551 -7.7282481e-04 3.704e-05 58011.5065 58012.6037 DMX_0143 
58035.9825 -6.9641339e-04 4.777e-05 58035.4364 58036.5286 DMX_0144 
58061.9775 -7.2573957e-04 3.865e-05 58061.4216 58062.5334 DMX_0145 
58102.3422 -8.2769743e-04 3.650e-05 58101.3292 58103.3551 DMX_0146 
58135.7547 -9.3003135e-04 3.631e-05 58135.1844 58136.3249 DMX_0147 
58160.6624 -1.0121308e-03 3.461e-05 58160.1118 58161.2131 DMX_0148 
58187.5911 -1.0552904e-03 3.439e-05 58187.0460 58188.1363 DMX_0149 
58216.0169 -1.0470116e-03 1.430e-04 58215.9669 58216.0669 DMX_0150 
58240.4603 -1.0875960e-03 3.477e-05 58239.8987 58241.0219 DMX_0151 
58272.3579 -1.1498755e-03 3.802e-05 58271.8074 58272.9083 DMX_0152 
58301.2745 -1.1499931e-03 3.664e-05 58300.7246 58301.8244 DMX_0153 
58335.1357 -1.1334126e-03 3.532e-05 58334.5788 58335.6927 DMX_0154 
58365.0344 -1.1146656e-03 3.476e-05 58364.4948 58365.5739 DMX_0155 
58396.9516 -1.1118567e-03 3.736e-05 58396.4027 58397.5005 DMX_0156 
58424.8648 -1.1296044e-03 3.398e-05 58424.3270 58425.4026 DMX_0157 
58459.7764 -1.1706468e-03 3.489e-05 58459.2259 58460.3269 DMX_0158 
58489.6924 -1.2959090e-03 3.456e-05 58489.1441 58490.2406 DMX_0159 
58517.6317 -1.4168832e-03 3.147e-05 58517.0883 58518.1751 DMX_0160 
58544.5484 -1.4779582e-03 3.265e-05 58543.9962 58545.1007 DMX_0161 
58581.4464 -1.5333965e-03 2.868e-05 58579.9008 58582.9919 DMX_0162 
58605.8604 -1.8102342e-03 1.576e-04 58605.8104 58605.9104 DMX_0163 
58636.2978 -1.4349979e-03 3.635e-05 58635.7501 58636.8455 DMX_0164 
58671.2078 -1.2508245e-03 4.247e-05 58670.6648 58671.7508 DMX_0165 
58699.1187 -1.3550504e-03 3.473e-05 58698.5680 58699.6694 DMX_0166 
58729.0351 -1.3148206e-03 3.779e-05 58728.4860 58729.5841 DMX_0167 
58762.4300 -1.2676397e-03 3.576e-05 58762.3800 58762.4800 DMX_0168 
58787.8979 -1.3485832e-03 3.393e-05 58787.3481 58788.4478 DMX_0169 
58819.7984 -1.3592877e-03 3.333e-05 58819.2724 58820.3244 DMX_0170 
58850.2011 -1.3648296e-03 3.701e-05 58849.1514 58851.2509 DMX_0171 
58879.6183 -1.4945107e-03 4.046e-05 58879.0692 58880.1674 DMX_0172 
58907.5435 -1.5330128e-03 3.882e-05 58907.0031 58908.0839 DMX_0173 
58942.4674 -1.5692104e-03 4.416e-05 58941.9339 58943.0010 DMX_0174 
