# Mean DMX value = -3.148313e-05 
# Uncertainty in average DM = 5.30995e-05 
# Columns: DMXEP DMX_value DMX_var_err DMXR1 DMXR2 DMX_bin 
56640.3752 -1.6761963e-04 2.289e-04 56640.3231 56640.4273 DMX_0001 
56677.0975 -5.7941091e-05 6.241e-05 56677.0401 56677.1549 DMX_0002 
56704.5325 +9.4346116e-06 4.931e-05 56702.9574 56706.1075 DMX_0003 
56728.0403 +4.9679834e-05 6.957e-05 56726.9834 56729.0972 DMX_0004 
56764.8668 -6.9572292e-05 4.389e-05 56763.8129 56765.9208 DMX_0005 
56793.3441 +1.6122766e-04 5.655e-05 56791.7968 56794.8914 DMX_0006 
56826.7171 +1.5860946e-04 5.300e-05 56823.6818 56829.7524 DMX_0007 
56850.6647 +4.4171662e-05 4.368e-05 56849.6269 56851.7025 DMX_0008 
56885.6352 +1.9443373e-04 4.394e-05 56885.5777 56885.6927 DMX_0009 
56893.5277 +9.5955638e-05 3.894e-05 56893.4721 56893.5833 DMX_0010 
56921.0292 +7.2532266e-05 4.250e-05 56920.4618 56921.5967 DMX_0011 
56943.9102 +1.1873674e-04 5.860e-05 56943.3681 56944.4523 DMX_0012 
56978.7840 +1.2857977e-05 5.878e-05 56978.2090 56979.3590 DMX_0013 
57012.7578 +7.4108617e-05 8.391e-05 57012.1770 57013.3386 DMX_0014 
57036.8248 +1.1090743e-05 4.370e-05 57035.1746 57038.4750 DMX_0015 
57071.5764 +6.3034053e-05 4.926e-05 57071.0447 57072.1081 DMX_0016 
57104.0271 +3.3159449e-04 1.395e-04 57103.9684 57104.0857 DMX_0017 
57131.4577 +2.3361685e-04 3.703e-05 57130.8990 57132.0163 DMX_0018 
57161.3141 +1.7162534e-04 5.797e-05 57160.7500 57161.8782 DMX_0019 
57194.2469 +2.2972885e-04 4.278e-05 57193.7288 57194.7650 DMX_0020 
57222.6549 +1.5271148e-04 1.270e-04 57222.5966 57222.7132 DMX_0021 
57248.7943 +3.0594013e-04 1.678e-04 57248.7348 57248.8537 DMX_0022 
57272.3893 +1.9375006e-04 8.643e-05 57272.3300 57272.4485 DMX_0023 
57300.5464 +1.4086664e-04 1.362e-04 57300.4872 57300.6057 DMX_0024 
57335.0537 +1.5428464e-04 6.077e-05 57334.4989 57335.6084 DMX_0025 
57365.0558 +1.4641185e-04 3.550e-05 57364.5476 57365.5640 DMX_0026 
57394.8433 -7.0993636e-05 1.503e-04 57394.2531 57395.4334 DMX_0027 
57431.9569 +2.0292661e-04 4.988e-05 57431.3803 57432.5336 DMX_0028 
57457.9977 +2.4809647e-05 4.880e-05 57457.8271 57458.1682 DMX_0029 
57489.5358 +4.6434105e-05 4.430e-05 57488.7356 57490.3359 DMX_0030 
57522.5563 +2.1806023e-04 4.628e-05 57521.9979 57523.1146 DMX_0031 
57551.4283 +3.2126591e-05 4.452e-05 57550.8538 57552.0028 DMX_0032 
57579.2381 +1.3455986e-05 8.819e-05 57578.4750 57580.0012 DMX_0033 
57614.3360 -2.9169065e-05 8.289e-05 57613.7499 57614.9220 DMX_0034 
57644.9368 +8.1925977e-06 4.230e-05 57644.3823 57645.4913 DMX_0035 
57672.7745 -3.0454336e-04 1.736e-04 57672.2142 57673.3347 DMX_0036 
57701.7537 +9.6602824e-05 3.165e-05 57701.1954 57702.3119 DMX_0037 
57729.9575 -5.1033662e-05 3.719e-05 57729.4145 57730.5004 DMX_0038 
57764.8742 +3.5293559e-05 4.057e-05 57764.4241 57765.3243 DMX_0039 
57795.0770 -3.5545681e-05 2.774e-05 57794.8921 57795.2620 DMX_0040 
57830.0481 -2.3763204e-04 2.232e-04 57829.9369 57830.1593 DMX_0041 
57857.0455 -1.8651006e-04 1.009e-04 57856.9230 57857.1680 DMX_0042 
57886.7979 -9.2695982e-05 2.832e-05 57886.7383 57886.8576 DMX_0043 
57914.0274 -1.4740294e-03 5.629e-04 57913.9689 57914.0860 DMX_0044 
57942.0304 -3.2343488e-04 3.145e-04 57941.9721 57942.0887 DMX_0045 
57949.4228 +9.6932773e-05 1.005e-04 57948.8731 57949.9724 DMX_0046 
57978.3290 -1.7075275e-04 4.415e-05 57977.7696 57978.8884 DMX_0047 
58011.8082 +1.3379119e-05 4.337e-05 58011.6865 58011.9298 DMX_0048 
58043.6776 +6.0427428e-05 3.225e-05 58040.5618 58046.7934 DMX_0049 
58063.2889 +8.7714169e-05 4.903e-05 58063.1667 58063.4111 DMX_0050 
58094.0184 -2.0056104e-05 8.835e-05 58093.4287 58094.6081 DMX_0051 
58129.4452 -7.4964028e-05 1.184e-04 58129.3227 58129.5677 DMX_0052 
58160.8426 -9.2489963e-06 3.957e-05 58160.2857 58161.3995 DMX_0053 
58181.7995 -2.6035338e-04 1.079e-04 58181.1554 58182.4436 DMX_0054 
58210.1599 -1.1490894e-05 3.023e-05 58210.0324 58210.2874 DMX_0055 
58238.8642 -1.2339800e-04 1.475e-04 58238.7451 58238.9833 DMX_0056 
58265.9451 +6.0746093e-05 2.823e-05 58265.8235 58266.0667 DMX_0057 
58301.4564 -2.7519959e-05 5.661e-05 58300.8993 58302.0135 DMX_0058 
58334.9783 -1.3619308e-05 6.725e-05 58334.4268 58335.5298 DMX_0059 
58364.8895 +7.5778987e-05 4.384e-05 58364.3420 58365.4370 DMX_0060 
58396.8251 -3.6474779e-05 8.637e-05 58396.2548 58397.3953 DMX_0061 
58424.7146 +2.3154487e-05 6.495e-05 58424.1540 58425.2752 DMX_0062 
58487.9853 +5.2268336e-05 1.027e-04 58487.8616 58488.1090 DMX_0063 
58517.4807 +1.2328330e-04 1.066e-04 58516.9330 58518.0284 DMX_0064 
58542.4486 +9.4645580e-07 1.743e-04 58541.8605 58543.0368 DMX_0065 
58580.2952 -7.4466082e-05 4.988e-05 58579.7384 58580.8519 DMX_0066 
58636.1566 -1.9828243e-06 9.289e-05 58635.6002 58636.7129 DMX_0067 
58671.0565 -6.2817564e-05 6.784e-05 58670.4987 58671.6144 DMX_0068 
58698.9736 +5.7689834e-05 5.826e-05 58698.4134 58699.5337 DMX_0069 
58728.8886 -8.5690054e-05 9.527e-05 58728.3302 58729.4471 DMX_0070 
58758.8704 -7.6361160e-07 7.496e-05 58758.3165 58759.4243 DMX_0071 
58787.7525 +3.5802483e-05 5.269e-05 58787.1945 58788.3106 DMX_0072 
58819.6491 -5.8737941e-06 4.771e-05 58819.1132 58820.1849 DMX_0073 
58849.4946 +4.3613466e-05 5.183e-05 58848.9339 58850.0552 DMX_0074 
58882.4408 -8.9695174e-05 3.754e-05 58880.9139 58883.9677 DMX_0075 
58906.4306 -8.2187351e-05 5.365e-05 58905.9118 58906.9495 DMX_0076 
58939.9445 -2.8396694e-04 4.671e-05 58939.8898 58939.9992 DMX_0077 
