# Mean DMX value = -5.509586e-06 
# Uncertainty in average DM = 1.28103e-04 
# Columns: DMXEP DMX_value DMX_var_err DMXR1 DMXR2 DMX_bin 
53218.0274 -1.0721675e-03 4.502e-04 53216.8589 53219.1959 DMX_0001 
53448.2646 -1.2588800e-03 3.515e-04 53446.1379 53450.3913 DMX_0002 
53653.1949 -2.0623161e-03 5.959e-04 53651.5487 53654.8412 DMX_0003 
53694.5434 -8.5428654e-04 2.195e-04 53693.4232 53695.6637 DMX_0004 
53738.4547 -1.0681075e-03 7.380e-04 53738.3994 53738.5099 DMX_0005 
53768.4220 -4.5132240e-04 4.158e-04 53766.3268 53770.5173 DMX_0006 
53799.2961 -8.7424875e-04 2.809e-04 53798.1463 53800.4459 DMX_0007 
53889.5506 -1.4750578e-03 4.647e-04 53888.9054 53890.1957 DMX_0008 
53980.7952 -1.3960130e-03 4.273e-04 53979.6483 53981.9420 DMX_0009 
54011.7105 -8.1874709e-04 2.346e-04 54009.5651 54013.8559 DMX_0010 
54036.1550 -1.0615913e-03 2.932e-04 54035.4940 54036.8160 DMX_0011 
54219.1702 -1.6442972e-03 5.485e-04 54218.0528 54220.2876 DMX_0012 
54374.2226 -1.0791019e-03 4.716e-04 54373.5678 54374.8775 DMX_0013 
54401.1380 -3.2560221e-04 4.090e-04 54400.4901 54401.7859 DMX_0014 
54429.0721 -1.1603328e-03 2.221e-04 54428.4172 54429.7270 DMX_0015 
54463.9689 +1.0909630e-06 2.522e-04 54462.3241 54465.6137 DMX_0016 
54552.1778 +3.1674048e-04 7.663e-04 54551.0793 54553.2763 DMX_0017 
54578.6521 -7.7208140e-04 3.087e-04 54576.0048 54581.2994 DMX_0018 
54641.4766 -6.3936563e-04 2.699e-04 54640.8279 54642.1253 DMX_0019 
54709.2939 -5.7401735e-04 3.588e-04 54707.6476 54710.9402 DMX_0020 
54883.8173 -4.2218385e-04 1.080e-03 54882.1718 54885.4629 DMX_0021 
54914.7344 -6.6240105e-04 2.809e-04 54913.0867 54916.3822 DMX_0022 
54943.1553 +5.2491367e-06 4.112e-04 54942.0061 54944.3045 DMX_0023 
55004.4858 -7.4161435e-05 3.846e-04 55003.8371 55005.1344 DMX_0024 
55069.3076 +5.4664517e-04 5.056e-04 55065.6666 55072.9486 DMX_0025 
55120.6637 -6.0348826e-04 2.847e-04 55118.5193 55122.8082 DMX_0026 
55244.3257 -3.3432228e-04 2.536e-04 55243.1793 55245.4721 DMX_0027 
55278.2317 -5.0024744e-04 1.777e-04 55278.1817 55278.2817 DMX_0028 
55307.1530 -3.3564938e-04 2.123e-04 55307.1030 55307.2030 DMX_0029 
55340.0635 -6.0928008e-04 3.463e-04 55340.0135 55340.1135 DMX_0030 
55361.0032 -4.0338994e-04 2.336e-04 55360.9478 55361.0587 DMX_0031 
55395.9549 -2.9240064e-04 2.336e-04 55395.9049 55396.0049 DMX_0032 
55430.3604 +5.5261437e-04 3.647e-04 55429.8117 55430.9092 DMX_0033 
55462.7700 -4.1592515e-04 1.382e-04 55461.7206 55463.8193 DMX_0034 
55493.1444 -5.0916307e-04 1.542e-04 55492.5963 55493.6924 DMX_0035 
55521.0677 -2.2958344e-04 5.712e-04 55520.5196 55521.6159 DMX_0036 
55543.0522 -2.3222481e-04 1.524e-04 55542.5032 55543.6013 DMX_0037 
55578.9542 -2.5571222e-04 1.610e-04 55578.4054 55579.5029 DMX_0038 
55616.8054 +2.4615010e-05 3.581e-04 55616.2572 55617.3535 DMX_0039 
55640.2864 -2.6088255e-04 1.608e-04 55639.2393 55641.3334 DMX_0040 
55672.1983 -4.0524582e-04 3.134e-04 55670.1536 55674.2429 DMX_0041 
55700.1222 +5.6819524e-05 5.414e-04 55700.0722 55700.1722 DMX_0042 
55731.5357 -4.0028923e-04 1.552e-04 55730.9872 55732.0842 DMX_0043 
55765.8966 -6.3195911e-04 1.701e-04 55765.8466 55765.9466 DMX_0044 
55773.8753 -1.5311992e-04 5.848e-04 55773.8253 55773.9253 DMX_0045 
55800.3028 -4.2688357e-04 2.477e-04 55799.7544 55800.8512 DMX_0046 
55827.7346 -3.0623410e-04 1.386e-04 55826.6878 55828.7814 DMX_0047 
55864.1339 +4.1902595e-04 6.290e-04 55863.5847 55864.6831 DMX_0048 
55893.0558 -4.0527093e-04 1.929e-04 55892.5074 55893.6041 DMX_0049 
55918.9846 -2.9387503e-04 1.831e-04 55918.4361 55919.5330 DMX_0050 
55948.9029 -3.2461433e-04 2.211e-04 55948.3543 55949.4516 DMX_0051 
55976.4439 -4.5345621e-05 2.312e-04 55976.3939 55976.4939 DMX_0052 
56002.8852 -1.8988166e-04 1.551e-04 56002.3581 56003.4124 DMX_0053 
56034.7708 -5.2648270e-04 3.040e-04 56034.2146 56035.3270 DMX_0054 
56067.2023 -3.7766928e-04 2.553e-04 56066.1340 56068.2706 DMX_0055 
56094.6194 -1.5356964e-04 1.508e-04 56094.0667 56095.1721 DMX_0056 
56151.4213 -3.5564671e-04 1.843e-04 56150.8705 56151.9720 DMX_0057 
56173.8710 -3.0492962e-04 4.375e-04 56172.8176 56174.9245 DMX_0058 
56194.8205 -4.3174728e-04 4.186e-04 56194.7705 56194.8705 DMX_0059 
56214.2618 +8.0536465e-05 3.580e-04 56213.7068 56214.8168 DMX_0060 
56235.2611 +4.7121451e-04 4.033e-04 56234.7801 56235.7422 DMX_0061 
56250.1756 -2.2433320e-04 1.576e-04 56249.6309 56250.7203 DMX_0062 
56270.0802 -4.7645449e-04 2.457e-04 56269.4932 56270.6671 DMX_0063 
56289.4991 +1.3576776e-04 1.933e-04 56288.4734 56290.5248 DMX_0064 
56310.9668 +1.2279546e-04 1.549e-04 56310.3868 56311.5468 DMX_0065 
56332.9917 -3.8359217e-04 1.942e-04 56332.3901 56333.5934 DMX_0066 
56351.3907 -1.5589994e-04 1.759e-04 56348.3742 56354.4072 DMX_0067 
56368.3264 +2.0945096e-04 2.260e-04 56368.2764 56368.3764 DMX_0068 
56389.2633 -1.6391747e-04 2.128e-04 56387.2563 56391.2702 DMX_0069 
56408.7302 -2.2290913e-04 1.301e-04 56407.1126 56410.3478 DMX_0070 
56431.1866 -2.7854024e-05 2.062e-04 56431.1366 56431.2366 DMX_0071 
56450.6152 -4.0037540e-04 2.274e-04 56449.9940 56451.2364 DMX_0072 
56471.5193 +4.8440303e-05 1.589e-04 56470.9933 56472.0454 DMX_0073 
56492.5797 -7.0919328e-05 2.450e-04 56492.0493 56493.1102 DMX_0074 
56522.4464 -2.0969154e-04 1.452e-04 56521.8641 56523.0287 DMX_0075 
56549.8085 -1.1079748e-04 1.136e-04 56548.7280 56550.8891 DMX_0076 
56563.7948 -2.3070263e-04 3.159e-04 56563.7158 56563.8738 DMX_0077 
56585.2252 -3.5625881e-05 1.599e-04 56584.6544 56585.7960 DMX_0078 
56606.6847 -5.2236928e-05 3.595e-04 56606.6295 56606.7399 DMX_0079 
56614.6592 +2.6807417e-03 1.190e-03 56614.6039 56614.7145 DMX_0080 
56643.6155 -2.6198093e-06 1.134e-04 56641.4715 56645.7595 DMX_0081 
56676.0020 +5.2510461e-04 2.088e-04 56675.4518 56676.5522 DMX_0082 
56706.4588 +6.0446341e-05 1.699e-04 56703.4658 56709.4519 DMX_0083 
56736.3184 -8.2814532e-04 2.062e-03 56736.2684 56736.3684 DMX_0084 
56762.7933 -1.7275175e-04 1.372e-04 56762.2072 56763.3794 DMX_0085 
56790.2282 -1.0336066e-03 4.047e-04 56790.1782 56790.2782 DMX_0086 
56828.6312 -2.7325212e-04 3.202e-04 56828.0826 56829.1799 DMX_0087 
56850.5239 +1.0609056e-04 2.150e-04 56849.9693 56851.0786 DMX_0088 
56885.9127 -1.1812274e-04 2.924e-04 56885.8627 56885.9627 DMX_0089 
56893.9327 +5.4444948e-04 2.698e-04 56893.8827 56893.9827 DMX_0090 
56922.3550 +1.9972136e-04 1.571e-04 56921.7540 56922.9560 DMX_0091 
56947.2552 -8.4541017e-05 2.322e-04 56945.7404 56948.7701 DMX_0092 
56978.2058 +3.9485989e-04 2.392e-04 56977.6721 56978.7395 DMX_0093 
57012.0607 +1.1176644e-04 1.797e-04 57011.4944 57012.6270 DMX_0094 
57041.0549 -1.5523547e-05 3.212e-04 57040.4985 57041.6112 DMX_0095 
57079.3872 +5.7557541e-04 1.464e-04 57078.3473 57080.4272 DMX_0096 
57101.8371 +2.4118082e-04 1.778e-04 57101.2574 57102.4168 DMX_0097 
57131.7337 +2.0685574e-04 1.753e-04 57131.1848 57132.2825 DMX_0098 
57161.6565 +3.8900174e-04 2.866e-04 57161.1069 57162.2062 DMX_0099 
57193.6045 -2.4559703e-04 2.434e-04 57192.0958 57195.1131 DMX_0100 
57228.9635 +3.5053960e-04 2.415e-04 57228.9135 57229.0135 DMX_0101 
57248.0302 -2.8181327e-04 4.343e-04 57247.9802 57248.0802 DMX_0102 
57307.3360 +5.2281975e-04 1.654e-04 57306.7747 57307.8973 DMX_0103 
57336.8205 +1.1923870e-03 1.235e-03 57336.7705 57336.8705 DMX_0104 
57368.7193 +4.2880771e-04 4.284e-04 57367.6795 57369.7592 DMX_0105 
57398.0835 +2.2057361e-04 1.779e-04 57397.5248 57398.6421 DMX_0106 
57433.0171 +5.5528926e-04 4.350e-04 57432.5084 57433.5257 DMX_0107 
57461.4823 +2.4102659e-04 3.267e-04 57461.4323 57461.5323 DMX_0108 
57488.8745 -1.4827416e-05 1.540e-04 57488.3039 57489.4450 DMX_0109 
57518.8217 -1.0025300e-04 1.763e-04 57518.2651 57519.3784 DMX_0110 
57550.7371 +3.5464347e-04 4.839e-04 57550.1810 57551.2933 DMX_0111 
57579.5644 +1.2412112e-04 3.021e-04 57579.0560 57580.0727 DMX_0112 
57614.4415 +5.0867952e-04 1.692e-04 57613.8835 57614.9995 DMX_0113 
57647.3731 +4.4806272e-04 2.562e-04 57646.8219 57647.9242 DMX_0114 
57673.8782 +6.2196187e-04 4.360e-04 57673.8282 57673.9282 DMX_0115 
57704.2246 +7.2887331e-04 2.335e-04 57703.7172 57704.7320 DMX_0116 
57734.1387 +4.6317236e-04 1.546e-04 57733.4916 57734.7859 DMX_0117 
57765.0645 +5.9821271e-04 2.187e-04 57764.5152 57765.6138 DMX_0118 
57796.3694 +3.4069909e-04 9.133e-04 57796.3194 57796.4194 DMX_0119 
57835.8240 +1.2892550e-03 7.371e-04 57835.2798 57836.3682 DMX_0120 
57859.2850 +3.9593764e-04 4.225e-04 57859.1295 57859.4404 DMX_0121 
57893.6088 +2.8476964e-05 1.836e-04 57893.0500 57894.1675 DMX_0122 
57921.5345 +4.5689929e-04 1.574e-04 57920.9844 57922.0847 DMX_0123 
57948.4702 +3.4150049e-04 2.700e-04 57947.9130 57949.0273 DMX_0124 
57978.3882 +1.8448572e-04 3.081e-04 57977.8372 57978.9392 DMX_0125 
58008.9306 +4.8473306e-04 1.837e-04 58008.8806 58008.9806 DMX_0126 
58039.2685 +6.3088603e-04 2.241e-04 58038.7903 58039.7467 DMX_0127 
58070.2117 +8.2167610e-04 3.671e-04 58069.6271 58070.7963 DMX_0128 
58100.1060 +5.4559108e-04 6.825e-04 58099.4718 58100.7402 DMX_0129 
58138.0027 +8.1616896e-04 2.486e-04 58137.4935 58138.5119 DMX_0130 
58160.9037 +7.3509995e-04 2.041e-04 58160.3498 58161.4576 DMX_0131 
58187.8828 +5.0772062e-04 2.713e-04 58187.2761 58188.4895 DMX_0132 
58211.7397 +2.2748678e-04 2.080e-04 58211.1787 58212.3006 DMX_0133 
58244.6759 +7.8010837e-04 2.582e-04 58244.1263 58245.2255 DMX_0134 
58267.6512 +3.0702543e-04 2.233e-04 58267.1582 58268.1441 DMX_0135 
58301.5126 +6.0535250e-04 1.766e-04 58300.9629 58302.0622 DMX_0136 
58335.3781 +5.4324006e-04 1.997e-04 58334.8300 58335.9262 DMX_0137 
58365.3066 +5.1400847e-04 2.067e-04 58364.7644 58365.8488 DMX_0138 
58396.7098 +1.0163576e-03 7.195e-04 58396.6598 58396.7598 DMX_0139 
58425.1262 +5.6711231e-04 1.733e-04 58424.5754 58425.6769 DMX_0140 
58461.0338 +1.0205805e-03 4.643e-04 58460.4859 58461.5816 DMX_0141 
58489.9743 +6.8482462e-04 2.859e-04 58489.4509 58490.4977 DMX_0142 
58517.9217 +2.5966315e-04 2.200e-04 58517.3236 58518.5198 DMX_0143 
58544.8207 +6.8910927e-04 1.912e-04 58544.2547 58545.3866 DMX_0144 
58581.7027 -8.4606840e-04 5.093e-04 58580.1513 58583.2541 DMX_0145 
58607.6332 +8.2250367e-04 2.855e-04 58607.0881 58608.1783 DMX_0146 
58636.6095 +2.8575685e-04 1.578e-04 58636.0010 58637.2180 DMX_0147 
58671.4626 +2.0627929e-04 2.051e-04 58670.9134 58672.0117 DMX_0148 
58699.3839 +8.7679028e-04 2.551e-04 58698.8292 58699.9386 DMX_0149 
58729.3029 +5.4929193e-04 3.020e-04 58728.7547 58729.8512 DMX_0150 
58759.2226 +6.3516131e-04 1.466e-04 58758.6720 58759.7731 DMX_0151 
58787.1387 +3.3283751e-04 2.840e-04 58786.5880 58787.6894 DMX_0152 
58827.0426 +4.6707595e-04 1.872e-04 58826.4934 58827.5919 DMX_0153 
58848.9868 +5.6297956e-04 2.303e-04 58848.4331 58849.5405 DMX_0154 
58881.9218 +4.2569280e-04 4.337e-04 58881.3692 58882.4743 DMX_0155 
58906.3392 +5.8415569e-04 2.086e-04 58905.2850 58907.3934 DMX_0156 
58939.7722 +3.1525353e-04 1.912e-04 58939.2187 58940.3257 DMX_0157 
