# Mean DMX value = -8.749235e-05 
# Uncertainty in average DM = 4.29430e-03 
# Columns: DMXEP DMX_value DMX_var_err DMXR1 DMXR2 DMX_bin 
53799.3496 +1.8908549e-04 4.774e-05 53798.1992 53800.5000 DMX_0001 
53838.7417 +2.7520426e-04 3.306e-05 53838.0941 53839.3893 DMX_0002 
53858.6893 +2.6314178e-04 3.926e-05 53858.0446 53859.3339 DMX_0003 
53889.6011 +3.5596411e-04 3.656e-05 53888.9528 53890.2494 DMX_0004 
53918.5240 +2.9133328e-04 2.867e-05 53917.8737 53919.1742 DMX_0005 
53980.8513 +3.8543479e-04 2.158e-05 53979.7037 53981.9990 DMX_0006 
54011.7667 +2.6661638e-04 2.870e-05 54009.6219 54013.9114 DMX_0007 
54036.1553 +2.4133481e-04 3.044e-05 54035.5525 54036.7581 DMX_0008 
54068.6101 +1.8955267e-04 6.541e-05 54064.4708 54072.7494 DMX_0009 
54101.0222 +2.6306866e-04 3.662e-05 54100.3742 54101.6701 DMX_0010 
54133.9503 +1.3663931e-04 4.223e-05 54133.3160 54134.5847 DMX_0011 
54219.2193 +1.0797694e-04 2.905e-05 54218.0936 54220.3449 DMX_0012 
54374.2757 +1.0114513e-04 4.932e-05 54373.6258 54374.9255 DMX_0013 
54401.2014 +1.1011288e-04 3.092e-05 54400.5527 54401.8501 DMX_0014 
54429.1267 +1.7127662e-04 3.820e-05 54428.4846 54429.7689 DMX_0015 
54464.0401 +1.5163235e-04 7.488e-05 54462.3954 54465.6849 DMX_0016 
54527.8603 -1.4328187e-06 2.295e-05 54526.2132 54529.5074 DMX_0017 
54551.7971 +1.7893959e-04 2.941e-05 54551.1499 54552.4444 DMX_0018 
54579.7296 +1.0299694e-04 2.801e-05 54578.0800 54581.3791 DMX_0019 
54642.5553 +5.1743920e-05 4.380e-05 54640.9055 54644.2051 DMX_0020 
54673.4609 +9.2040078e-05 2.088e-05 54672.8124 54674.1095 DMX_0021 
54709.3621 +1.7808793e-05 4.791e-05 54707.7163 54711.0079 DMX_0022 
54758.7902 -5.4016639e-04 2.309e-05 54751.7224 54765.8580 DMX_0023 
54824.0491 -1.7386425e-04 3.523e-05 54820.4093 54827.6890 DMX_0024 
54852.9679 -2.5603544e-04 7.718e-05 54850.3265 54855.6094 DMX_0025 
54883.8850 -3.5059204e-04 2.953e-05 54882.2393 54885.5307 DMX_0026 
54914.8002 -2.9252589e-04 4.030e-05 54913.1541 54916.4463 DMX_0027 
54945.1698 -2.3618345e-04 4.171e-05 54942.0746 54948.2649 DMX_0028 
54975.6332 -1.8444042e-04 3.968e-05 54972.9900 54978.2764 DMX_0029 
55004.5542 -1.9026870e-04 2.533e-05 55003.9057 55005.2027 DMX_0030 
55030.4828 -1.4116132e-04 5.430e-05 55029.8340 55031.1317 DMX_0031 
55069.3766 -2.1946439e-04 2.289e-05 55065.7363 55073.0169 DMX_0032 
55097.7010 -5.2972085e-05 5.150e-05 55094.5588 55100.8433 DMX_0033 
55120.6382 -2.5583991e-05 3.121e-05 55118.4936 55122.7827 DMX_0034 
55156.0665 +3.0468571e-05 3.159e-05 55154.3947 55157.7383 DMX_0035 
55215.3796 +1.7116360e-06 1.902e-05 55214.2331 55216.5261 DMX_0036 
55244.3005 +1.2452284e-05 3.056e-05 55243.1534 55245.4476 DMX_0037 
55276.7114 +9.7146122e-05 2.533e-05 55275.1592 55278.2636 DMX_0038 
55306.1303 +2.0428289e-04 3.072e-05 55305.0764 55307.1841 DMX_0039 
55340.0381 +1.2797961e-04 2.146e-05 55339.9815 55340.0947 DMX_0040 
55362.9958 +9.4904212e-05 2.383e-05 55360.9238 55365.0678 DMX_0041 
55392.9433 +1.5906977e-04 2.342e-05 55389.8999 55395.9867 DMX_0042 
55430.3355 +2.2091004e-04 2.693e-05 55429.7799 55430.8911 DMX_0043 
55462.7413 +1.5742946e-04 3.255e-05 55461.6931 55463.7894 DMX_0044 
55493.1188 +2.1018608e-04 3.515e-05 55492.5636 55493.6739 DMX_0045 
55521.0429 +2.3892625e-04 2.683e-05 55520.4888 55521.5971 DMX_0046 
55543.0276 +2.3923594e-04 3.168e-05 55542.4718 55543.5834 DMX_0047 
55578.9291 +2.0921761e-04 3.102e-05 55578.3734 55579.4847 DMX_0048 
55616.7803 +1.3492989e-04 2.193e-05 55616.2256 55617.3350 DMX_0049 
55640.2609 +1.5923649e-04 2.424e-05 55639.2074 55641.3143 DMX_0050 
55672.1727 +1.6159295e-04 1.983e-05 55670.1211 55674.2244 DMX_0051 
55702.0802 +1.4727914e-04 2.881e-05 55700.0351 55704.1253 DMX_0052 
55731.5104 +1.5941397e-04 1.744e-05 55730.9548 55732.0660 DMX_0053 
55765.8720 +1.2578315e-04 4.023e-05 55765.8157 55765.9283 DMX_0054 
55773.8499 +1.5940560e-04 2.803e-05 55773.7934 55773.9064 DMX_0055 
55800.2780 +1.3488638e-04 1.899e-05 55799.7224 55800.8336 DMX_0056 
55827.7097 +1.6233825e-04 2.608e-05 55826.6602 55828.7592 DMX_0057 
55864.6163 +1.9126827e-04 2.772e-05 55863.5736 55865.6591 DMX_0058 
55893.0359 +2.4887974e-04 2.167e-05 55892.4846 55893.5873 DMX_0059 
55918.9623 +2.8361266e-04 3.233e-05 55918.4134 55919.5112 DMX_0060 
55948.8806 +1.9439327e-04 2.785e-05 55948.3316 55949.4295 DMX_0061 
55976.9240 +1.9581628e-04 3.015e-05 55976.3725 55977.4755 DMX_0062 
56002.8635 +1.8615833e-04 2.261e-05 56002.3357 56003.3913 DMX_0063 
56034.7489 +1.8109284e-04 2.916e-05 56034.1922 56035.3055 DMX_0064 
56067.1819 +1.8154722e-04 3.317e-05 56066.1133 56068.2506 DMX_0065 
56094.5984 +1.6888581e-04 2.201e-05 56094.0454 56095.1514 DMX_0066 
56130.0060 +1.9286831e-04 3.731e-05 56129.9560 56130.0560 DMX_0067 
56138.0018 +7.3753402e-05 6.083e-05 56137.9518 56138.0518 DMX_0068 
56151.3996 +1.3884458e-04 2.498e-05 56150.8487 56151.9504 DMX_0069 
56173.8490 +1.0447798e-04 3.016e-05 56172.7948 56174.9031 DMX_0070 
56194.2937 +9.8762199e-05 2.487e-05 56193.7374 56194.8500 DMX_0071 
56214.2338 +1.5343443e-04 2.745e-05 56213.6856 56214.7821 DMX_0072 
56235.2432 +1.3544797e-04 2.293e-05 56234.7663 56235.7201 DMX_0073 
56250.1448 +1.8895296e-04 2.533e-05 56249.5924 56250.6971 DMX_0074 
56270.0437 +3.2318867e-04 2.572e-05 56269.4600 56270.6274 DMX_0075 
56289.4781 +1.7192914e-04 2.581e-05 56288.4522 56290.5041 DMX_0076 
56310.9258 +1.4877799e-04 2.340e-05 56310.3260 56311.5256 DMX_0077 
56332.9666 +5.4480611e-05 2.504e-05 56332.3690 56333.5643 DMX_0078 
56353.3382 +1.4924920e-04 3.131e-05 56352.2891 56354.3874 DMX_0079 
56367.8044 +6.6896402e-05 1.884e-05 56367.2518 56368.3570 DMX_0080 
56389.2438 +4.6478376e-05 2.238e-05 56387.2369 56391.2507 DMX_0081 
56408.7103 +7.9101746e-05 1.715e-05 56407.0931 56410.3275 DMX_0082 
56431.6968 +1.2783518e-05 2.815e-05 56431.1181 56432.2755 DMX_0083 
56450.5956 +2.1427162e-05 2.898e-05 56449.9741 56451.2172 DMX_0084 
56471.4995 +7.8511908e-05 2.323e-05 56470.9732 56472.0258 DMX_0085 
56492.5522 +5.3231096e-05 2.543e-05 56492.0309 56493.0734 DMX_0086 
56504.1907 +7.7029582e-05 2.811e-05 56502.1300 56506.2514 DMX_0087 
56515.1971 -1.2799959e-05 5.893e-05 56515.1471 56515.2471 DMX_0088 
56522.4095 +8.7521208e-05 1.842e-05 56521.8085 56523.0106 DMX_0089 
56532.5464 +8.2720390e-05 2.827e-05 56530.0483 56535.0446 DMX_0090 
56542.4568 +6.1071697e-06 4.823e-05 56541.7655 56543.1480 DMX_0091 
56551.8920 +7.4290994e-05 1.773e-05 56548.6893 56555.0948 DMX_0092 
56566.9977 +1.0564372e-04 4.488e-05 56564.9533 56569.0422 DMX_0093 
56585.3540 +3.8129676e-05 1.419e-05 56584.6286 56586.0793 DMX_0094 
56591.9649 +1.9429739e-04 3.569e-05 56591.9149 56592.0149 DMX_0095 
56601.4200 +2.0091452e-04 3.027e-05 56598.8719 56603.9682 DMX_0096 
56606.6603 +1.6817265e-04 3.630e-05 56606.6050 56606.7155 DMX_0097 
56617.2540 +1.5670393e-04 1.657e-05 56614.5779 56619.9301 DMX_0098 
56630.3356 +2.4228614e-04 3.678e-05 56627.7738 56632.8975 DMX_0099 
56644.6448 +1.2053339e-04 1.914e-05 56641.4518 56647.8379 DMX_0100 
56658.7798 +1.2432780e-04 3.552e-05 56656.7338 56660.8259 DMX_0101 
56672.6115 +1.3439782e-04 1.961e-05 56669.6930 56675.5301 DMX_0102 
56679.5646 +1.1639457e-04 2.025e-05 56676.4289 56682.7002 DMX_0103 
56694.1841 +1.4062639e-04 2.912e-05 56691.6393 56696.7289 DMX_0104 
56706.4433 +1.1122864e-04 2.670e-05 56703.4522 56709.4343 DMX_0105 
56710.6038 +4.9573088e-05 4.954e-05 56710.5538 56710.6538 DMX_0106 
56720.5173 +1.3943420e-04 4.181e-05 56720.4673 56720.5673 DMX_0107 
56736.4586 +4.0259646e-05 3.473e-05 56733.4043 56739.5129 DMX_0108 
56747.5412 +6.6724209e-05 4.016e-05 56747.4912 56747.5912 DMX_0109 
56762.3809 +5.1620351e-05 2.709e-05 56761.4024 56763.3594 DMX_0110 
56775.4666 +7.6632059e-06 4.262e-05 56775.4166 56775.5166 DMX_0111 
56789.8026 +1.5937043e-05 2.979e-05 56789.3499 56790.2553 DMX_0112 
56800.4094 +5.4520963e-05 5.130e-05 56800.3594 56800.4594 DMX_0113 
56817.2957 +8.5719613e-05 4.432e-05 56817.2457 56817.3457 DMX_0114 
56828.6087 +5.9205124e-05 2.544e-05 56828.0601 56829.1573 DMX_0115 
56841.2319 +7.8213163e-05 2.991e-05 56838.2544 56844.2093 DMX_0116 
56850.0726 +6.0634304e-05 1.920e-05 56849.0886 56851.0567 DMX_0117 
56869.2320 +7.5377708e-05 3.272e-05 56866.1932 56872.2708 DMX_0118 
56877.2098 +1.5309338e-04 5.330e-05 56877.1598 56877.2598 DMX_0119 
56885.8900 +2.5629966e-05 3.215e-05 56885.8400 56885.9400 DMX_0120 
56893.9110 +5.8533747e-05 2.914e-05 56893.8610 56893.9610 DMX_0121 
56906.0124 +2.6154546e-05 7.236e-05 56905.9624 56906.0624 DMX_0122 
56913.0444 +9.6523916e-05 4.669e-05 56912.9944 56913.0944 DMX_0123 
56924.3806 +6.3278697e-05 2.162e-05 56921.7307 56927.0304 DMX_0124 
56940.4361 +1.4479259e-04 3.588e-05 56937.8814 56942.9909 DMX_0125 
56947.2323 +1.1319796e-04 2.257e-05 56945.7175 56948.7470 DMX_0126 
56959.4115 +1.7473592e-04 2.824e-05 56956.8192 56962.0038 DMX_0127 
56974.8164 +7.7969559e-05 2.529e-05 56971.8827 56977.7500 DMX_0128 
56978.6476 +1.4710302e-04 2.531e-05 56978.5755 56978.7196 DMX_0129 
56985.8894 +1.8295898e-04 4.621e-05 56985.8394 56985.9394 DMX_0130 
56992.8103 +2.0447923e-04 3.609e-05 56992.7603 56992.8603 DMX_0131 
57002.8124 +2.3765719e-04 2.738e-05 56999.8210 57005.8038 DMX_0132 
57012.0374 +1.8816020e-04 2.076e-05 57011.4704 57012.6043 DMX_0133 
57022.2532 +3.0560277e-04 3.123e-05 57019.6728 57024.8335 DMX_0134 
57037.6051 +1.3516845e-04 2.647e-05 57034.6340 57040.5762 DMX_0135 
57044.6305 +1.2688160e-04 1.687e-05 57041.4898 57047.7711 DMX_0136 
57054.7341 +2.0565728e-04 4.491e-05 57054.6535 57054.8146 DMX_0137 
57062.6808 +1.5034829e-04 4.574e-05 57062.6308 57062.7308 DMX_0138 
57069.6517 +1.3975805e-04 4.256e-05 57069.6017 57069.7017 DMX_0139 
57080.4588 +1.3417926e-04 3.178e-05 57078.3242 57082.5934 DMX_0140 
57092.5194 +6.6141359e-05 2.435e-05 57090.4744 57094.5643 DMX_0141 
57101.2850 +1.0421836e-04 4.789e-05 57101.2350 57101.3350 DMX_0142 
57108.4825 +9.0035146e-05 5.232e-05 57108.4325 57108.5325 DMX_0143 
57115.4747 -2.8289909e-05 4.598e-05 57115.4216 57115.5278 DMX_0144 
57123.4545 +3.8622321e-05 5.250e-05 57123.4045 57123.5045 DMX_0145 
57133.8421 +8.0303491e-05 2.375e-05 57131.1621 57136.5220 DMX_0146 
57162.7575 +3.7682175e-05 2.115e-05 57161.0834 57164.4315 DMX_0147 
57173.3690 +5.0671729e-05 3.450e-05 57173.3190 57173.4190 DMX_0148 
57181.3264 +1.6137834e-04 4.459e-05 57181.2764 57181.3764 DMX_0149 
57191.2047 +4.3616986e-05 2.275e-05 57188.2969 57194.1125 DMX_0150 
57198.1564 +5.7366587e-05 3.837e-05 57195.0071 57201.3057 DMX_0151 
57216.1839 +4.5245597e-05 3.893e-05 57216.1339 57216.2339 DMX_0152 
57228.9407 -1.8896609e-05 5.451e-05 57228.8907 57228.9907 DMX_0153 
57237.1272 +4.7690986e-05 4.570e-05 57237.0772 57237.1772 DMX_0154 
57249.5230 +6.1092039e-05 2.962e-05 57247.9623 57251.0836 DMX_0155 
57270.5325 +1.4690024e-04 3.255e-05 57268.9982 57272.0668 DMX_0156 
57277.0461 +8.6703415e-05 3.771e-05 57276.9961 57277.0961 DMX_0157 
57295.9756 +1.6177217e-04 3.209e-05 57293.8822 57298.0689 DMX_0158 
57305.9312 +1.0232726e-04 2.381e-05 57303.9866 57307.8759 DMX_0159 
57319.8480 +2.0102676e-04 4.457e-05 57319.7980 57319.8980 DMX_0160 
57328.8908 +1.5733330e-04 2.666e-05 57326.8937 57330.8880 DMX_0161 
57336.3620 +7.7867699e-05 2.193e-05 57335.7685 57336.9555 DMX_0162 
57356.8711 +1.7643466e-04 6.829e-05 57356.8211 57356.9211 DMX_0163 
57366.8251 +1.5791062e-04 1.755e-05 57363.8025 57369.8476 DMX_0164 
57370.7154 +2.3888977e-04 3.550e-05 57370.6654 57370.7654 DMX_0165 
57389.2032 +1.2411000e-04 4.448e-05 57386.7167 57391.6897 DMX_0166 
57397.6595 +1.0695224e-04 2.101e-05 57396.5975 57398.7215 DMX_0167 
57412.5883 +1.0731955e-04 6.395e-05 57412.5383 57412.6383 DMX_0168 
57419.7203 +9.1058188e-05 5.002e-05 57419.6703 57419.7703 DMX_0169 
57429.6749 +1.0341442e-04 4.739e-05 57426.6555 57432.6943 DMX_0170 
57437.6276 +1.0377412e-04 5.009e-05 57437.5776 57437.6776 DMX_0171 
57447.4858 +2.9612915e-05 3.559e-05 57447.4358 57447.5358 DMX_0172 
57457.0065 +3.0331394e-05 2.685e-05 57454.5089 57459.5041 DMX_0173 
57461.4684 +6.4323261e-05 5.083e-05 57461.4184 57461.5184 DMX_0174 
57474.5149 -7.5878649e-05 8.096e-05 57474.4649 57474.5649 DMX_0175 
57487.4578 +7.0176531e-05 2.410e-05 57485.3815 57489.5342 DMX_0176 
57500.3473 +7.8809175e-05 3.271e-05 57500.2973 57500.3973 DMX_0177 
57508.3602 +9.8199161e-05 3.121e-05 57508.3102 57508.4102 DMX_0178 
57517.8580 -3.7615891e-04 2.386e-05 57516.2562 57519.4598 DMX_0179 
57529.3459 -3.1914606e-04 3.976e-05 57529.2959 57529.3959 DMX_0180 
57540.3018 -2.0583571e-04 3.219e-05 57537.3323 57543.2714 DMX_0181 
57550.2748 -1.9342355e-04 2.182e-05 57549.1742 57551.3754 DMX_0182 
57564.1805 -1.9154361e-04 3.445e-05 57564.1305 57564.2305 DMX_0183 
57574.2192 -1.8384470e-04 3.656e-05 57571.1852 57577.2532 DMX_0184 
57579.6627 -1.4622109e-04 3.140e-05 57579.1545 57580.1709 DMX_0185 
57592.2537 -1.1701268e-04 4.146e-05 57592.2037 57592.3037 DMX_0186 
57600.2342 -1.8055565e-04 6.225e-05 57600.1842 57600.2842 DMX_0187 
57610.2087 -7.8450079e-05 4.109e-05 57607.1642 57613.2532 DMX_0188 
57614.5389 -1.4955782e-04 2.398e-05 57613.9844 57615.0934 DMX_0189 
57628.0967 -9.9674382e-05 2.385e-05 57628.0467 57628.1467 DMX_0190 
57639.0987 -9.1154568e-05 2.242e-05 57636.0273 57642.1702 DMX_0191 
57647.4733 -1.0458309e-04 2.178e-05 57646.9226 57648.0240 DMX_0192 
57659.4930 -9.2597996e-05 3.041e-05 57657.9210 57661.0649 DMX_0193 
57666.0486 -1.5374578e-04 3.959e-05 57665.9986 57666.0986 DMX_0194 
57675.9329 -1.1390506e-05 2.263e-05 57673.9256 57677.9402 DMX_0195 
57691.8794 -2.1904164e-05 4.128e-05 57691.8294 57691.9294 DMX_0196 
57701.8539 -1.3507926e-05 1.902e-05 57698.7766 57704.9311 DMX_0197 
57717.8910 +1.3497300e-06 4.920e-05 57717.8410 57717.9410 DMX_0198 
57728.7797 +3.5820824e-05 4.203e-05 57726.7914 57730.7680 DMX_0199 
57734.2361 -3.8919098e-05 2.999e-05 57733.5909 57734.8814 DMX_0200 
57752.2522 -3.6643365e-05 4.915e-05 57749.6509 57754.8535 DMX_0201 
57765.1627 -5.4108316e-05 3.006e-05 57764.6131 57765.7123 DMX_0202 
57773.6010 -1.4836852e-05 3.957e-05 57773.5510 57773.6510 DMX_0203 
57780.7530 +6.7943952e-05 5.945e-05 57780.7030 57780.8030 DMX_0204 
57792.1520 -3.9771658e-05 2.777e-05 57789.6555 57794.6484 DMX_0205 
57796.5669 -7.9345733e-05 2.167e-05 57796.4136 57796.7202 DMX_0206 
57804.5287 -8.4539547e-05 2.935e-05 57804.4787 57804.5787 DMX_0207 
57816.0206 -9.6320608e-05 2.389e-05 57813.4569 57818.5844 DMX_0208 
57838.4464 -1.5270144e-04 2.182e-05 57835.3695 57841.5234 DMX_0209 
57850.4944 -4.5977497e-05 3.917e-05 57847.4868 57853.5020 DMX_0210 
57859.3824 -9.0059971e-05 2.142e-05 57859.2272 57859.5377 DMX_0211 
57869.4527 -9.5215571e-05 4.621e-05 57869.4027 57869.5027 DMX_0212 
57881.3554 -6.1116600e-05 2.778e-05 57879.2903 57883.4205 DMX_0213 
57895.2688 -8.1030107e-05 1.979e-05 57893.1405 57897.3971 DMX_0214 
57909.2513 -1.1254656e-04 4.223e-05 57909.2013 57909.3013 DMX_0215 
57919.2313 -7.2913389e-05 2.158e-05 57916.2759 57922.1868 DMX_0216 
57928.3090 -7.7881580e-05 3.960e-05 57928.2590 57928.3590 DMX_0217 
57937.2776 -5.9181573e-05 2.374e-04 57937.2276 57937.3276 DMX_0218 
57946.6262 -1.1165401e-04 1.820e-05 57944.1310 57949.1215 DMX_0219 
57961.1263 -1.0575554e-04 3.083e-05 57958.0433 57964.2093 DMX_0220 
57969.0952 +2.0720895e-06 5.906e-05 57969.0452 57969.1452 DMX_0221 
57978.4853 -7.2929542e-05 2.306e-05 57977.9295 57979.0412 DMX_0222 
57994.4891 -5.4227410e-05 3.340e-05 57991.9421 57997.0361 DMX_0223 
58009.5087 -8.7077841e-05 2.060e-05 58008.9722 58010.0453 DMX_0224 
58020.9935 -3.0602054e-05 3.412e-05 58017.8825 58024.1044 DMX_0225 
58033.4982 -3.4492208e-05 2.029e-05 58031.9055 58035.0909 DMX_0226 
58039.3652 -8.4729594e-05 2.684e-05 58038.8850 58039.8454 DMX_0227 
58054.4058 -1.9362213e-05 3.290e-05 58051.8000 58057.0117 DMX_0228 
58066.8339 -3.5240528e-05 3.162e-05 58063.8622 58069.8056 DMX_0229 
58070.8412 -1.2120480e-04 2.817e-05 58070.7912 58070.8912 DMX_0230 
58082.8924 +1.1422644e-05 2.841e-05 58082.8424 58082.9424 DMX_0231 
58091.8785 -3.1736394e-05 2.560e-05 58091.8285 58091.9285 DMX_0232 
58099.2462 -2.5454650e-05 2.061e-05 58098.8174 58099.6750 DMX_0233 
58122.6808 -1.2733963e-05 2.785e-05 58120.6509 58124.7106 DMX_0234 
58136.5968 -8.3576657e-05 1.581e-05 58134.5799 58138.6137 DMX_0235 
58150.1500 -1.4150094e-04 2.543e-05 58147.6328 58152.6672 DMX_0236 
58161.0028 -1.0456515e-04 2.065e-05 58160.4408 58161.5648 DMX_0237 
58171.6305 -2.4771466e-04 7.278e-05 58171.5805 58171.6805 DMX_0238 
58178.5830 -1.7121070e-04 2.222e-05 58178.5330 58178.6330 DMX_0239 
58189.9600 -1.6565908e-04 1.524e-05 58187.3678 58192.5523 DMX_0240 
58197.5335 -1.7809455e-04 3.496e-05 58197.4774 58197.5897 DMX_0241 
58209.4513 -1.8497668e-04 1.958e-05 58206.5057 58212.3968 DMX_0242 
58223.4833 -1.8671151e-04 1.991e-05 58221.4028 58225.5638 DMX_0243 
58233.3798 -2.7056559e-04 3.218e-05 58233.3298 58233.4298 DMX_0244 
58246.3550 -1.8765018e-04 2.475e-05 58244.2204 58248.4896 DMX_0245 
58264.4045 -2.3260534e-04 3.631e-05 58261.3498 58267.4592 DMX_0246 
58268.2022 -1.7758101e-04 2.700e-05 58268.1522 58268.2522 DMX_0247 
58278.2133 -2.0636260e-04 4.400e-05 58278.1575 58278.2690 DMX_0248 
58285.2019 -2.4802933e-04 5.235e-05 58285.1519 58285.2519 DMX_0249 
58292.2284 -2.7859074e-04 4.968e-05 58292.1784 58292.2784 DMX_0250 
58303.6954 -1.9584245e-04 1.905e-05 58301.0552 58306.3356 DMX_0251 
58315.1228 -1.9923111e-04 3.810e-05 58315.0728 58315.1728 DMX_0252 
58322.1171 -2.1719549e-04 4.531e-05 58322.0611 58322.1732 DMX_0253 
58337.5142 -2.2385249e-04 1.876e-05 58334.9339 58340.0944 DMX_0254 
58355.0389 -2.1074208e-04 4.432e-05 58354.9889 58355.0889 DMX_0255 
58367.4391 -2.1734456e-04 1.713e-05 58364.8667 58370.0115 DMX_0256 
58376.0518 -2.6103910e-04 4.521e-05 58376.0018 58376.1018 DMX_0257 
58387.4899 -1.7337601e-04 2.716e-05 58385.8662 58389.1135 DMX_0258 
58396.8028 -2.2041031e-04 4.504e-05 58396.7528 58396.8528 DMX_0259 
58404.8738 -2.5922829e-04 6.631e-04 58404.8238 58404.9238 DMX_0260 
58411.8968 -1.7062869e-04 5.601e-05 58411.8468 58411.9468 DMX_0261 
58422.7753 -1.9703768e-04 1.941e-05 58419.7868 58425.7639 DMX_0262 
58436.8534 -1.7600981e-04 4.223e-05 58433.8772 58439.8295 DMX_0263 
58453.7776 -1.6836124e-04 4.418e-05 58453.7276 58453.8276 DMX_0264 
58463.6766 -1.1454177e-04 2.596e-05 58460.5724 58466.7807 DMX_0265 
58492.5978 -1.8808762e-04 2.246e-05 58489.5298 58495.6658 DMX_0266 
58509.5776 -1.5336935e-04 7.529e-05 58509.5276 58509.6276 DMX_0267 
58520.0336 -2.1863034e-04 2.896e-05 58517.4123 58522.6550 DMX_0268 
58541.4939 -1.6434774e-04 3.283e-05 58538.5469 58544.4410 DMX_0269 
58545.4196 -1.7063915e-04 5.828e-05 58545.3610 58545.4781 DMX_0270 
58556.5184 -1.5202674e-04 3.894e-05 58553.4433 58559.5936 DMX_0271 
58569.0107 -2.6092312e-04 7.968e-05 58567.3681 58570.6533 DMX_0272 
58583.4101 -1.8119043e-04 2.455e-05 58580.2369 58586.5834 DMX_0273 
58599.3333 -1.7161370e-04 5.888e-05 58599.2833 58599.3833 DMX_0274 
58609.8262 -1.5301053e-04 3.702e-05 58607.1744 58612.4780 DMX_0275 
58636.6977 -2.5616128e-04 3.085e-05 58636.0900 58637.3054 DMX_0276 
58643.2406 -2.1899740e-04 5.340e-05 58643.1906 58643.2906 DMX_0277 
58656.3433 -2.4355658e-04 7.999e-05 58656.2881 58656.3984 DMX_0278 
58671.5566 -2.1280010e-04 2.603e-05 58671.0150 58672.0983 DMX_0279 
58679.1489 -1.9838265e-04 3.736e-05 58679.0989 58679.1989 DMX_0280 
58690.1587 -2.1553218e-04 3.658e-05 58690.1087 58690.2087 DMX_0281 
58701.5554 -2.2551568e-04 2.035e-05 58698.9254 58704.1854 DMX_0282 
58713.0533 -1.3932815e-04 1.216e-04 58713.0033 58713.1033 DMX_0283 
58720.0026 -5.8222847e-05 5.978e-05 58719.9526 58720.0526 DMX_0284 
58730.9279 -2.1536538e-04 2.248e-05 58728.8368 58733.0190 DMX_0285 
58739.9750 -1.9378569e-04 6.512e-05 58739.9250 58740.0250 DMX_0286 
58751.0389 -2.2726356e-04 2.188e-05 58747.9838 58754.0941 DMX_0287 
58759.3077 -1.9751973e-04 2.206e-05 58758.7563 58759.8590 DMX_0288 
58787.2322 -1.6213510e-04 1.755e-05 58786.6744 58787.7901 DMX_0289 
58800.8645 -1.3340309e-04 4.184e-05 58797.7410 58803.9881 DMX_0290 
58829.7380 -1.8007859e-04 1.682e-05 58826.5806 58832.8954 DMX_0291 
58839.7070 -1.9944528e-04 2.629e-05 58839.6570 58839.7570 DMX_0292 
58849.0712 -1.3926360e-04 2.320e-05 58848.5190 58849.6233 DMX_0293 
58858.6373 -1.2478751e-04 1.007e-04 58858.5873 58858.6873 DMX_0294 
58866.7501 -3.4097506e-04 4.739e-05 58866.7001 58866.8001 DMX_0295 
58882.0074 -2.2638361e-04 1.939e-05 58881.4557 58882.5591 DMX_0296 
58889.6386 -2.8236965e-04 6.092e-05 58889.5886 58889.6886 DMX_0297 
58899.6273 -2.7149665e-04 4.543e-05 58896.6387 58902.6158 DMX_0298 
58907.4266 -2.0590556e-04 2.615e-05 58907.3766 58907.4766 DMX_0299 
58917.4896 -1.6042279e-04 4.139e-05 58917.4396 58917.5396 DMX_0300 
58931.5515 -2.4575168e-04 6.504e-05 58931.5015 58931.6015 DMX_0301 
58939.8559 -1.8198283e-04 3.181e-05 58939.3031 58940.4086 DMX_0302 
