# Mean DMX value = -8.660224e-06 
# Uncertainty in average DM = 7.70156e-04 
# Columns: DMXEP DMX_value DMX_var_err DMXR1 DMXR2 DMX_bin 
53420.5058 +3.5507781e-04 8.235e-05 53420.4373 53420.5744 DMX_0001 
53448.4219 +2.2582051e-04 6.214e-05 53448.3522 53448.4917 DMX_0002 
53477.3477 +3.4404257e-04 6.578e-05 53477.2770 53477.4185 DMX_0003 
53505.2925 +2.7689246e-04 7.419e-05 53505.2340 53505.3509 DMX_0004 
53569.0711 +3.7718398e-04 6.175e-05 53568.9974 53569.1448 DMX_0005 
53628.9239 +3.4299197e-04 6.020e-05 53628.8539 53628.9939 DMX_0006 
53686.7576 +3.7403578e-04 5.288e-05 53686.6879 53686.8272 DMX_0007 
53715.6922 +1.8295949e-05 1.408e-04 53715.6214 53715.7629 DMX_0008 
53750.5895 +3.6367137e-04 5.487e-05 53750.5204 53750.6586 DMX_0009 
53798.4559 +2.2328975e-04 6.287e-05 53798.3823 53798.5295 DMX_0010 
53891.2083 +3.4854943e-04 6.041e-05 53891.1367 53891.2799 DMX_0011 
54008.9117 +4.1240994e-04 7.992e-05 54008.8530 54008.9704 DMX_0012 
54043.7905 +3.3740095e-04 5.291e-05 54043.7222 54043.8589 DMX_0013 
54135.5413 +1.9841868e-04 5.769e-05 54135.4724 54135.6103 DMX_0014 
54519.4888 +1.6126795e-04 7.270e-05 54519.4218 54519.5557 DMX_0015 
54678.0557 +1.9094620e-04 6.444e-05 54677.9867 54678.1247 DMX_0016 
54819.6691 -8.8754438e-05 7.503e-05 54819.6026 54819.7356 DMX_0017 
54862.5451 -1.2908080e-04 5.541e-05 54862.4752 54862.6150 DMX_0018 
54999.1444 +1.0000897e-04 7.226e-05 54999.0875 54999.2013 DMX_0019 
55041.0407 +1.9851958e-04 8.426e-05 55040.9813 55041.1000 DMX_0020 
55170.6724 +2.3252082e-04 7.335e-05 55170.6127 55170.7321 DMX_0021 
55205.5788 +2.5758644e-04 6.802e-05 55205.5198 55205.6377 DMX_0022 
55298.3467 +2.6249255e-04 7.023e-05 55298.2893 55298.4040 DMX_0023 
55330.2599 +1.8036520e-04 6.900e-05 55330.2025 55330.3173 DMX_0024 
55424.0033 +2.4831987e-04 7.573e-05 55423.9431 55424.0635 DMX_0025 
55500.7765 +2.8006090e-04 7.166e-05 55500.7182 55500.8347 DMX_0026 
55609.4936 +3.6479558e-04 5.703e-05 55609.4048 55609.5825 DMX_0027 
55638.3907 +2.4908021e-04 6.134e-05 55638.3326 55638.4488 DMX_0028 
55677.2868 +4.1149297e-04 1.065e-04 55677.2207 55677.3528 DMX_0029 
55701.2207 +2.5134296e-04 7.077e-05 55701.1591 55701.2822 DMX_0030 
55702.2502 +5.2592109e-04 3.147e-04 55702.1961 55702.3044 DMX_0031 
55731.1454 +2.6109392e-04 6.048e-05 55731.0851 55731.2056 DMX_0032 
55758.0715 +1.0529373e-04 9.813e-05 55758.0080 55758.1349 DMX_0033 
55788.9875 +2.7691771e-04 6.833e-05 55788.9273 55789.0478 DMX_0034 
55817.9108 +1.3566720e-04 6.072e-05 55817.8502 55817.9714 DMX_0035 
55843.8543 +1.4319303e-04 6.350e-05 55843.7959 55843.9126 DMX_0036 
55954.5355 +2.8677155e-04 9.305e-05 55954.4687 55954.6022 DMX_0037 
55989.4522 +1.0932328e-04 2.047e-05 55989.3911 55989.5132 DMX_0038 
56023.3575 +1.7748990e-04 2.240e-05 56023.2962 56023.4187 DMX_0039 
56038.3405 +2.3727584e-04 2.369e-05 56038.2800 56038.4010 DMX_0040 
56044.3166 +1.1119109e-04 1.783e-05 56044.2512 56044.3821 DMX_0041 
56057.2714 +2.2916121e-04 3.010e-05 56057.2118 56057.3309 DMX_0042 
56106.1397 +2.3703538e-04 5.721e-05 56106.0774 56106.2020 DMX_0043 
56140.0459 +1.4160325e-04 2.197e-05 56139.9841 56140.1078 DMX_0044 
56165.9709 +2.0576756e-04 2.517e-05 56165.8998 56166.0421 DMX_0045 
56201.8742 +2.5634430e-04 1.796e-05 56201.8145 56201.9338 DMX_0046 
56235.7711 +2.5494273e-04 2.697e-05 56235.7102 56235.8321 DMX_0047 
56277.6660 +3.8809081e-04 6.754e-05 56277.6160 56277.7160 DMX_0048 
56299.5866 +2.5854887e-04 4.945e-05 56299.5271 56299.6461 DMX_0049 
56319.5343 +1.6936829e-04 3.205e-05 56319.4761 56319.5926 DMX_0050 
56341.4899 +1.1409445e-04 2.051e-05 56341.4298 56341.5501 DMX_0051 
56360.4446 +1.6679773e-04 6.087e-05 56360.3889 56360.5004 DMX_0052 
56380.3736 +1.1720725e-04 1.292e-05 56380.3053 56380.4419 DMX_0053 
56399.3299 -9.8794295e-06 9.793e-05 56399.2799 56399.3799 DMX_0054 
56417.2795 +2.8905512e-05 1.955e-05 56417.2138 56417.3452 DMX_0055 
56438.2164 +9.4267111e-05 1.986e-05 56438.1513 56438.2814 DMX_0056 
56447.2277 +8.8163491e-05 1.638e-05 56447.1677 56447.2877 DMX_0057 
56458.1662 +1.0065220e-04 2.075e-05 56458.1006 56458.2317 DMX_0058 
56479.1037 +7.8565506e-05 2.937e-05 56479.0333 56479.1740 DMX_0059 
56519.0263 +1.1210971e-04 2.170e-05 56518.9682 56519.0844 DMX_0060 
56537.9407 +1.7551622e-04 2.075e-05 56537.8737 56538.0077 DMX_0061 
56557.8840 +1.5804180e-04 2.070e-05 56557.8173 56557.9506 DMX_0062 
56577.8344 +1.7467890e-04 1.512e-05 56577.7634 56577.9054 DMX_0063 
56598.8124 +1.5434936e-04 8.949e-05 56598.7572 56598.8677 DMX_0064 
56619.7584 +2.2942481e-04 6.352e-05 56619.7032 56619.8135 DMX_0065 
56640.6699 +2.2531214e-04 7.665e-05 56640.6146 56640.7252 DMX_0066 
56662.5990 +1.4998832e-04 2.214e-05 56662.5379 56662.6601 DMX_0067 
56738.4128 +8.3655902e-05 2.711e-05 56738.3537 56738.4719 DMX_0068 
56853.1141 -2.0236489e-05 1.053e-04 56853.0641 56853.1641 DMX_0069 
56934.8775 +1.9561151e-04 2.071e-05 56934.8185 56934.9365 DMX_0070 
56955.8189 +1.3799906e-04 2.233e-05 56955.7598 56955.8779 DMX_0071 
56977.7393 +2.3190293e-04 2.122e-05 56977.6667 56977.8120 DMX_0072 
56998.7038 +2.1661066e-04 2.593e-05 56998.6447 56998.7630 DMX_0073 
57018.6480 +2.0690982e-04 2.695e-05 57018.5889 57018.7071 DMX_0074 
57024.6204 +3.2511125e-04 2.650e-05 57024.5601 57024.6808 DMX_0075 
57028.6187 +1.6889106e-04 2.896e-05 57028.5596 57028.6778 DMX_0076 
57032.6085 +1.1940788e-04 2.771e-05 57032.5494 57032.6676 DMX_0077 
57033.5748 +1.5342634e-04 3.140e-05 57033.5185 57033.6311 DMX_0078 
57041.5906 +1.3181284e-04 3.122e-05 57041.5275 57041.6537 DMX_0079 
57049.5552 +2.4865492e-04 3.613e-05 57049.5005 57049.6100 DMX_0080 
57053.5258 +2.3370131e-04 3.618e-05 57053.4674 57053.5843 DMX_0081 
57068.5082 +1.7137804e-04 1.087e-04 57068.4531 57068.5632 DMX_0082 
57069.5039 +1.3683383e-04 3.255e-05 57069.4446 57069.5631 DMX_0083 
57076.4697 -3.9733727e-05 4.590e-05 57076.4197 57076.5197 DMX_0084 
57083.4450 +1.4382650e-04 2.591e-05 57083.3882 57083.5018 DMX_0085 
57090.4148 +4.1552138e-05 2.510e-05 57090.3564 57090.4731 DMX_0086 
57096.4278 +1.0897594e-04 3.013e-05 57096.3689 57096.4867 DMX_0087 
57097.4022 +1.2592550e-04 2.442e-05 57097.3438 57097.4606 DMX_0088 
57108.3900 +9.5878275e-05 1.864e-05 57108.3193 57108.4607 DMX_0089 
57112.3785 +9.9219965e-05 2.774e-05 57112.3134 57112.4437 DMX_0090 
57116.3760 +1.2335077e-04 2.615e-05 57116.3170 57116.4350 DMX_0091 
57118.3536 +1.1435892e-04 3.393e-05 57118.2942 57118.4130 DMX_0092 
57126.3363 +1.3053541e-04 1.967e-05 57126.2611 57126.4115 DMX_0093 
57133.3118 +9.6083044e-05 2.386e-05 57133.2453 57133.3783 DMX_0094 
57137.2962 +1.4230583e-04 3.216e-05 57137.2371 57137.3553 DMX_0095 
57139.2976 +4.8997347e-04 1.043e-04 57139.2476 57139.3476 DMX_0096 
57147.2595 +1.1421383e-04 2.533e-05 57147.2002 57147.3189 DMX_0097 
57186.1701 +1.1146446e-04 2.600e-05 57186.1112 57186.2291 DMX_0098 
57189.1860 +7.0240003e-05 1.529e-05 57189.1209 57189.2511 DMX_0099 
57200.1251 +7.8695630e-05 2.550e-05 57200.0665 57200.1838 DMX_0100 
57205.1169 +9.3954431e-05 2.632e-05 57205.0512 57205.1826 DMX_0101 
57222.1073 -1.1359935e-04 1.304e-04 57222.0573 57222.1573 DMX_0102 
57223.0691 +1.5675246e-04 8.612e-05 57223.0191 57223.1191 DMX_0103 
57233.0811 -1.0232886e-04 6.971e-05 57233.0228 57233.1395 DMX_0104 
57235.0654 +8.3201138e-05 2.698e-05 57235.0061 57235.1248 DMX_0105 
57240.0272 +8.6830306e-05 8.940e-05 57239.9720 57240.0825 DMX_0106 
57243.0279 +1.0710259e-04 2.211e-05 57242.9619 57243.0938 DMX_0107 
57249.0329 +7.0311743e-05 2.241e-05 57248.9735 57249.0922 DMX_0108 
57257.9925 +8.4863507e-05 2.843e-05 57257.9330 57258.0519 DMX_0109 
57263.9477 +1.4341975e-04 2.816e-05 57263.8891 57264.0063 DMX_0110 
57265.9814 +4.7949974e-05 2.717e-05 57265.9240 57266.0388 DMX_0111 
57295.8988 +1.3727929e-04 2.096e-05 57295.8290 57295.9685 DMX_0112 
57302.8827 +1.5925383e-04 2.078e-05 57302.8230 57302.9425 DMX_0113 
57305.8535 +1.1616220e-04 1.874e-05 57305.7898 57305.9172 DMX_0114 
57311.8512 +1.7051848e-04 2.969e-05 57311.7915 57311.9108 DMX_0115 
57319.8336 +2.0518058e-04 2.213e-05 57319.7762 57319.8911 DMX_0116 
57326.7831 +2.0449325e-04 2.535e-05 57326.7186 57326.8476 DMX_0117 
57330.7950 +1.4223619e-04 2.394e-05 57330.7389 57330.8511 DMX_0118 
57333.7638 +1.5027455e-04 1.531e-05 57333.6937 57333.8338 DMX_0119 
57347.7184 +3.0290434e-04 2.426e-05 57347.6593 57347.7774 DMX_0120 
57348.7059 +2.6628269e-04 2.580e-05 57348.6510 57348.7608 DMX_0121 
57355.6890 +1.4466971e-04 2.682e-05 57355.6308 57355.7472 DMX_0122 
57362.7115 +1.8840826e-04 2.440e-05 57362.6519 57362.7711 DMX_0123 
57375.6552 +2.7317747e-04 2.559e-05 57375.5964 57375.7140 DMX_0124 
57376.6389 +1.5145404e-04 3.371e-05 57376.5889 57376.6889 DMX_0125 
57387.6414 +1.8904988e-04 3.918e-05 57387.5712 57387.7117 DMX_0126 
57389.6017 +1.8307573e-04 3.534e-05 57389.5431 57389.6603 DMX_0127 
57403.6100 +6.7100837e-05 3.080e-05 57403.5566 57403.6634 DMX_0128 
57408.5404 +1.7757401e-04 2.555e-05 57408.4831 57408.5977 DMX_0129 
57415.5237 +1.5142412e-04 2.592e-05 57415.4665 57415.5809 DMX_0130 
57417.5229 +1.2259662e-04 1.840e-05 57417.4640 57417.5818 DMX_0131 
57422.5093 +1.0408180e-04 2.561e-05 57422.4529 57422.5657 DMX_0132 
57502.3075 +1.4804473e-04 3.886e-05 57502.2484 57502.3666 DMX_0133 
57505.3159 +8.5369731e-05 3.198e-05 57505.2563 57505.3755 DMX_0134 
57512.2888 -5.6726003e-04 3.026e-05 57512.2236 57512.3540 DMX_0135 
57519.2924 -3.3768147e-04 3.138e-05 57519.2320 57519.3529 DMX_0136 
57523.2335 -2.4777085e-04 2.492e-05 57523.1744 57523.2925 DMX_0137 
57527.2686 -2.3173923e-04 2.038e-05 57527.2051 57527.3321 DMX_0138 
57537.2080 -2.1654361e-04 2.543e-05 57537.1482 57537.2678 DMX_0139 
57541.1880 -2.0442013e-04 3.332e-05 57541.1276 57541.2483 DMX_0140 
57548.1978 -1.6188763e-04 4.849e-05 57548.1373 57548.2583 DMX_0141 
57554.1880 -1.4387488e-04 2.697e-05 57554.1277 57554.2484 DMX_0142 
57561.1584 -1.4229227e-04 2.129e-05 57561.0858 57561.2310 DMX_0143 
57564.1227 -1.3812407e-04 2.350e-05 57564.0637 57564.1817 DMX_0144 
57574.1098 -1.6647684e-04 2.275e-05 57574.0509 57574.1688 DMX_0145 
57581.1181 -8.6645884e-05 2.558e-05 57581.0616 57581.1746 DMX_0146 
57587.0569 -1.1931654e-04 2.198e-05 57586.9978 57587.1159 DMX_0147 
57589.0974 -7.1225565e-05 3.115e-05 57589.0378 57589.1569 DMX_0148 
57597.0592 -6.3210694e-05 2.477e-05 57597.0004 57597.1179 DMX_0149 
57607.0030 -1.1430053e-04 2.753e-05 57606.9439 57607.0621 DMX_0150 
57609.0342 -1.0789876e-04 1.898e-05 57608.9739 57609.0945 DMX_0151 
57616.0139 -1.0652744e-04 2.120e-05 57615.9540 57616.0739 DMX_0152 
57623.0030 -8.8822082e-05 3.355e-05 57622.9389 57623.0671 DMX_0153 
57627.9448 -9.6775763e-05 2.009e-05 57627.8857 57628.0039 DMX_0154 
57638.9318 -1.1718012e-04 2.109e-05 57638.8728 57638.9908 DMX_0155 
57645.9418 -3.0648643e-05 1.887e-05 57645.8822 57646.0014 DMX_0156 
57648.8904 -8.5474291e-05 2.501e-05 57648.8313 57648.9495 DMX_0157 
57663.8914 -5.9849075e-05 2.648e-05 57663.8323 57663.9506 DMX_0158 
57669.8304 -7.2670423e-05 3.114e-05 57669.7713 57669.8894 DMX_0159 
57671.8678 -5.9672961e-06 2.739e-05 57671.8079 57671.9276 DMX_0160 
57677.8470 -3.2803926e-05 1.611e-05 57677.7881 57677.9058 DMX_0161 
57678.8269 -3.7340738e-05 2.196e-05 57678.7686 57678.8852 DMX_0162 
57685.8312 -5.6211333e-05 2.345e-05 57685.7750 57685.8873 DMX_0163 
57700.7456 +6.8560281e-05 3.111e-05 57700.6865 57700.8046 DMX_0164 
57704.7810 +1.4801291e-05 1.926e-05 57704.7162 57704.8458 DMX_0165 
57712.7503 +2.4872638e-05 2.597e-05 57712.6895 57712.8112 DMX_0166 
57716.7498 -3.2810563e-05 3.724e-05 57716.6850 57716.8146 DMX_0167 
57717.6991 -3.2773112e-05 2.738e-05 57717.6400 57717.7582 DMX_0168 
57727.7251 +1.7262230e-05 3.462e-05 57727.6650 57727.7851 DMX_0169 
57739.6408 -1.8545694e-05 2.282e-05 57739.5818 57739.6997 DMX_0170 
57740.6542 +1.0739807e-05 3.452e-05 57740.6042 57740.7042 DMX_0171 
57748.6174 -3.1965419e-05 2.399e-05 57748.5575 57748.6772 DMX_0172 
57755.6063 +3.0143446e-05 2.365e-05 57755.5424 57755.6701 DMX_0173 
57767.5627 +6.6237833e-05 3.149e-05 57767.5036 57767.6217 DMX_0174 
57769.5779 +3.2751401e-05 3.186e-05 57769.5184 57769.6375 DMX_0175 
57775.5452 +1.1448945e-04 9.865e-05 57775.4913 57775.5992 DMX_0176 
57788.5053 -6.0126788e-06 1.967e-05 57788.4462 57788.5643 DMX_0177 
57800.4718 -2.3011655e-05 2.002e-05 57800.4150 57800.5285 DMX_0178 
57809.4678 -1.4005143e-04 4.037e-05 57809.4057 57809.5298 DMX_0179 
57811.4463 -6.0463695e-05 2.828e-05 57811.3891 57811.5034 DMX_0180 
57824.4114 -1.0681119e-04 3.290e-05 57824.3523 57824.4705 DMX_0181 
57833.4227 -5.5590255e-05 2.816e-05 57833.3638 57833.4817 DMX_0182 
57850.3334 -7.2981932e-05 2.676e-05 57850.2785 57850.3884 DMX_0183 
57852.3340 -8.5077908e-05 1.813e-05 57852.2749 57852.3931 DMX_0184 
57855.3215 -8.6236899e-05 2.723e-05 57855.2648 57855.3782 DMX_0185 
57863.3005 -1.0529544e-04 2.548e-05 57863.2427 57863.3584 DMX_0186 
57870.2793 -1.1965510e-04 2.111e-05 57870.2212 57870.3375 DMX_0187 
57871.2794 -1.4107620e-04 2.320e-05 57871.2203 57871.3384 DMX_0188 
57876.2671 -1.7371442e-04 2.144e-05 57876.2075 57876.3268 DMX_0189 
57885.2420 -1.3016185e-04 2.964e-05 57885.1871 57885.2969 DMX_0190 
57892.2366 -1.2436886e-04 3.432e-05 57892.1866 57892.2866 DMX_0191 
57893.2186 -1.0383893e-04 2.160e-05 57893.1595 57893.2777 DMX_0192 
57901.1950 -1.3452787e-04 2.512e-05 57901.1366 57901.2534 DMX_0193 
57906.2380 -2.3500687e-04 3.900e-05 57906.1880 57906.2880 DMX_0194 
57910.2213 -6.1370672e-05 3.061e-05 57910.1661 57910.2766 DMX_0195 
57914.1613 -9.0867260e-05 2.378e-05 57914.1021 57914.2204 DMX_0196 
57921.1543 -9.4021127e-05 3.014e-05 57921.0949 57921.2136 DMX_0197 
57925.1354 -1.2043970e-04 2.385e-05 57925.0771 57925.1938 DMX_0198 
57931.1262 -1.0406955e-04 2.787e-05 57931.0670 57931.1855 DMX_0199 
57932.1638 -1.1721246e-04 3.631e-05 57932.1138 57932.2138 DMX_0200 
57949.0729 -9.7211852e-05 2.711e-05 57949.0125 57949.1333 DMX_0201 
57957.0550 -1.2426010e-04 2.791e-05 57957.0050 57957.1050 DMX_0202 
57958.0416 -6.8651347e-05 3.432e-05 57957.9852 57958.0981 DMX_0203 
57974.0469 -1.0655099e-04 2.594e-05 57973.9969 57974.0969 DMX_0204 
58467.6654 -1.4988584e-04 3.459e-05 58467.6074 58467.7233 DMX_0205 
58468.6401 -1.3304359e-04 3.808e-05 58468.5807 58468.6995 DMX_0206 
58476.6604 -1.5934277e-04 4.153e-05 58476.6013 58476.7195 DMX_0207 
58482.6365 -1.5292872e-04 2.149e-05 58482.5786 58482.6945 DMX_0208 
58509.5323 -1.4537183e-04 3.290e-05 58509.4823 58509.5823 DMX_0209 
58515.5107 -2.0311594e-04 2.503e-05 58515.4548 58515.5666 DMX_0210 
58525.4782 -1.9810068e-04 2.435e-05 58525.4224 58525.5341 DMX_0211 
58530.4745 -3.8533745e-05 5.097e-05 58530.4169 58530.5320 DMX_0212 
58537.4861 -1.5957072e-04 2.402e-05 58537.4292 58537.5430 DMX_0213 
58542.4547 -1.9592283e-04 3.054e-05 58542.3919 58542.5176 DMX_0214 
58545.4271 -1.7119921e-04 4.601e-05 58545.3689 58545.4852 DMX_0215 
58549.4684 -2.5238665e-04 5.525e-05 58549.4133 58549.5236 DMX_0216 
58566.3684 -2.3400692e-04 4.049e-05 58566.3107 58566.4262 DMX_0217 
58567.4044 -2.2016902e-04 3.739e-05 58567.3416 58567.4672 DMX_0218 
58576.3887 -1.8917006e-04 2.330e-05 58576.3298 58576.4476 DMX_0219 
58584.3238 -1.9775143e-04 2.537e-05 58584.2640 58584.3837 DMX_0220 
58587.3167 -1.9718864e-04 2.790e-05 58587.2587 58587.3747 DMX_0221 
58592.3047 -1.8855977e-04 2.440e-05 58592.2419 58592.3675 DMX_0222 
58598.3265 -1.4278412e-04 4.140e-05 58598.2637 58598.3893 DMX_0223 
58605.3081 -1.4496340e-04 2.520e-05 58605.2496 58605.3665 DMX_0224 
58610.2491 -1.8647995e-04 2.464e-05 58610.1911 58610.3070 DMX_0225 
58613.2907 -1.8907220e-04 3.543e-05 58613.2316 58613.3497 DMX_0226 
58623.2648 -2.2302124e-04 2.699e-05 58623.2061 58623.3234 DMX_0227 
58629.1973 -1.6386148e-04 4.911e-05 58629.1394 58629.2553 DMX_0228 
58630.2504 -2.1521177e-04 3.441e-05 58630.1914 58630.3093 DMX_0229 
58638.1859 -2.0491321e-04 3.484e-05 58638.1268 58638.2450 DMX_0230 
58650.1557 -1.7862873e-04 3.297e-05 58650.1057 58650.2057 DMX_0231 
58651.1373 -1.7473442e-04 2.868e-05 58651.0794 58651.1952 DMX_0232 
58655.1458 -2.2210199e-04 2.670e-05 58655.0867 58655.2049 DMX_0233 
58660.1453 -2.1031883e-04 3.267e-05 58660.0862 58660.2044 DMX_0234 
58671.0833 -2.0917004e-04 3.000e-05 58671.0252 58671.1413 DMX_0235 
58672.1137 -2.0692942e-04 2.718e-05 58672.0637 58672.1637 DMX_0236 
58680.0961 -1.8832640e-04 2.642e-05 58680.0264 58680.1659 DMX_0237 
58691.0471 -2.2553345e-04 2.538e-05 58690.9917 58691.1025 DMX_0238 
58692.0251 -2.2462079e-04 3.956e-05 58691.9675 58692.0828 DMX_0239 
58693.0380 -2.0966265e-04 2.284e-05 58692.9788 58693.0972 DMX_0240 
58700.0307 -2.2533830e-04 2.337e-05 58699.9714 58700.0899 DMX_0241 
58707.0099 -2.2801296e-04 2.875e-05 58706.9507 58707.0690 DMX_0242 
58713.9650 -2.0711471e-04 2.180e-05 58713.9069 58714.0231 DMX_0243 
58714.9752 -2.4471929e-04 2.746e-05 58714.9162 58715.0342 DMX_0244 
58734.9072 -2.2203937e-04 2.553e-05 58734.8492 58734.9652 DMX_0245 
58735.9285 -1.7735220e-04 2.659e-05 58735.8785 58735.9785 DMX_0246 
58740.9031 -1.6552866e-04 2.966e-05 58740.8439 58740.9622 DMX_0247 
58746.8992 -1.9435297e-04 2.571e-05 58746.8341 58746.9642 DMX_0248 
58753.8747 -2.2263712e-04 2.129e-05 58753.8158 58753.9335 DMX_0249 
58762.8725 -2.2316525e-04 2.684e-05 58762.8159 58762.9292 DMX_0250 
58766.8736 -1.7971136e-04 2.246e-05 58766.8144 58766.9328 DMX_0251 
58775.7997 -1.7091973e-04 2.737e-05 58775.7422 58775.8573 DMX_0252 
58776.7998 -1.6075135e-04 3.192e-05 58776.7498 58776.8498 DMX_0253 
58789.7862 -1.6134092e-04 2.424e-05 58789.7268 58789.8456 DMX_0254 
58796.7375 -1.6970162e-04 2.178e-05 58796.6807 58796.7942 DMX_0255 
58798.7655 -1.4276097e-04 2.093e-05 58798.7079 58798.8231 DMX_0256 
58803.7663 -1.6251311e-04 2.217e-05 58803.7094 58803.8232 DMX_0257 
58817.6806 -1.6167317e-04 3.023e-05 58817.6226 58817.7386 DMX_0258 
58825.6560 -1.7399707e-04 3.092e-05 58825.5991 58825.7129 DMX_0259 
58835.6937 -1.6025520e-04 2.300e-05 58835.6366 58835.7508 DMX_0260 
58839.6177 -1.5728481e-04 1.653e-04 58839.5677 58839.6677 DMX_0261 
58841.6569 -1.9821108e-04 3.353e-05 58841.5982 58841.7157 DMX_0262 
58845.6132 -1.6857601e-04 3.174e-05 58845.5546 58845.6719 DMX_0263 
58852.6021 -1.7341431e-04 2.869e-05 58852.5433 58852.6608 DMX_0264 
58881.5526 -1.5383612e-04 2.087e-05 58881.4923 58881.6129 DMX_0265 
58886.4960 -2.3382296e-04 3.045e-05 58886.4351 58886.5570 DMX_0266 
58889.4762 -1.9873089e-04 2.603e-05 58889.4262 58889.5262 DMX_0267 
58895.4840 -1.6247569e-04 3.624e-05 58895.4239 58895.5441 DMX_0268 
58900.4733 -2.0333115e-04 4.339e-05 58900.4185 58900.5282 DMX_0269 
58908.4505 -1.6795117e-04 4.410e-05 58908.3892 58908.5118 DMX_0270 
58910.4371 -1.9126873e-04 4.466e-05 58910.3826 58910.4915 DMX_0271 
58917.4488 -5.7688624e-05 3.805e-05 58917.3913 58917.5064 DMX_0272 
58924.4252 -1.3340717e-03 6.130e-04 58924.3752 58924.4752 DMX_0273 
58940.3608 -1.7272935e-04 4.835e-05 58940.2995 58940.4221 DMX_0274 
58944.3510 -1.1896411e-04 4.947e-04 58944.3010 58944.4010 DMX_0275 
58949.3308 -1.6144965e-04 2.565e-05 58949.2718 58949.3898 DMX_0276 
58950.3279 -1.5013398e-04 4.877e-05 58950.2655 58950.3903 DMX_0277 
58955.3008 -1.9534127e-04 2.642e-05 58955.2441 58955.3574 DMX_0278 
58961.2983 -2.4183703e-04 2.236e-05 58961.2402 58961.3564 DMX_0279 
58973.2637 -2.0957539e-04 2.262e-05 58973.2057 58973.3217 DMX_0280 
58974.2663 -2.1357239e-04 2.054e-05 58974.2090 58974.3237 DMX_0281 
58979.2468 -1.7135924e-04 3.122e-05 58979.1877 58979.3059 DMX_0282 
58987.2170 -1.9557393e-04 2.749e-05 58987.1670 58987.2670 DMX_0283 
58994.2083 -1.8286570e-04 2.683e-05 58994.1583 58994.2583 DMX_0284 
59001.1882 -1.6231919e-04 2.969e-05 59001.1382 59001.2382 DMX_0285 
59008.2066 -2.4116115e-04 2.521e-05 59008.1566 59008.2566 DMX_0286 
59015.1743 +5.3942609e-04 1.303e-03 59015.1173 59015.2312 DMX_0287 
59020.1483 +1.5347239e-04 3.454e-04 59020.0898 59020.2069 DMX_0288 
59026.1512 -2.2200857e-04 2.389e-05 59026.0927 59026.2097 DMX_0289 
59045.0884 -1.9947102e-04 2.536e-05 59045.0291 59045.1476 DMX_0290 
59056.0290 -1.5237350e-04 3.405e-05 59055.9710 59056.0870 DMX_0291 
59057.0555 -1.9878354e-04 2.272e-05 59056.9984 59057.1127 DMX_0292 
59068.0008 -2.2028978e-04 2.835e-05 59067.9421 59068.0594 DMX_0293 
59070.9957 -2.1209269e-04 2.546e-05 59070.9367 59071.0547 DMX_0294 
