# Mean DMX value = +7.611982e-06 
# Uncertainty in average DM = 2.71500e-03 
# Columns: DMXEP DMX_value DMX_var_err DMXR1 DMXR2 DMX_bin 
55135.8875 +2.0701105e-02 1.233e-03 55135.8278 55135.9471 DMX_0001 
55170.7881 +2.0323723e-02 1.230e-03 55170.7321 55170.8441 DMX_0002 
55205.6925 +2.0450924e-02 1.032e-03 55205.6307 55205.7544 DMX_0003 
55500.8704 +2.2720580e-02 1.839e-03 55500.8117 55500.9291 DMX_0004 
55638.4999 +2.4796369e-02 1.351e-03 55638.4417 55638.5582 DMX_0005 
55677.4051 +2.5204134e-02 1.272e-03 55677.3466 55677.4637 DMX_0006 
55701.3303 +2.3619959e-02 1.145e-03 55701.2714 55701.3891 DMX_0007 
55732.2162 +2.5126131e-02 1.085e-03 55732.1562 55732.2761 DMX_0008 
55760.1474 +2.3299438e-02 1.107e-03 55760.0877 55760.2072 DMX_0009 
55790.0617 +2.3143436e-02 1.086e-03 55790.0024 55790.1209 DMX_0010 
55818.9790 +2.1306397e-02 1.101e-03 55818.9181 55819.0399 DMX_0011 
55849.8946 +1.8146885e-02 1.083e-03 55849.8361 55849.9531 DMX_0012 
55876.8292 +1.6108863e-02 1.126e-03 55876.7697 55876.8886 DMX_0013 
55911.7270 +1.4829074e-02 1.139e-03 55911.6671 55911.7869 DMX_0014 
55935.6622 +1.3991289e-02 1.159e-03 55935.6017 55935.7226 DMX_0015 
55969.5717 +1.3553823e-02 1.123e-03 55969.5116 55969.6317 DMX_0016 
55997.5298 +1.5439732e-02 6.039e-04 55997.4702 55997.5894 DMX_0017 
56018.4515 +1.6691898e-02 5.207e-04 56018.3863 56018.5166 DMX_0018 
56058.3291 +2.0305980e-02 5.654e-04 56058.2682 56058.3900 DMX_0019 
56107.1925 +2.3992491e-02 8.519e-04 56107.1323 56107.2528 DMX_0020 
56137.1107 +2.2697006e-02 6.081e-04 56137.0499 56137.1715 DMX_0021 
56168.0311 +2.1634301e-02 5.926e-04 56167.9711 56168.0911 DMX_0022 
56249.7907 +1.8498544e-02 1.234e-03 56249.7407 56249.8407 DMX_0023 
56255.7793 +1.7151729e-02 1.244e-03 56255.7293 56255.8293 DMX_0024 
56290.6870 +1.6937536e-02 5.907e-04 56290.6282 56290.7458 DMX_0025 
56304.6476 +1.8518350e-02 5.527e-04 56304.5884 56304.7068 DMX_0026 
56326.5907 +1.7225497e-02 6.194e-04 56326.5306 56326.6508 DMX_0027 
56346.5275 +1.8275781e-02 1.022e-03 56346.4775 56346.5775 DMX_0028 
56367.4801 +1.7386716e-02 8.094e-04 56367.4214 56367.5388 DMX_0029 
56384.4352 +1.7431090e-02 6.734e-04 56384.3772 56384.4933 DMX_0030 
56407.3732 +1.7359704e-02 5.742e-04 56407.3128 56407.4337 DMX_0031 
56426.3131 +1.5307600e-02 8.324e-04 56426.2631 56426.3631 DMX_0032 
56467.2103 +1.4817801e-02 6.509e-04 56467.1504 56467.2702 DMX_0033 
56531.0280 +1.5612349e-02 7.405e-04 56530.9696 56531.0864 DMX_0034 
56548.9873 +1.4947681e-02 7.153e-04 56548.9373 56549.0373 DMX_0035 
56569.9242 +1.2083972e-02 6.555e-04 56569.8659 56569.9824 DMX_0036 
56591.8615 +1.2409777e-02 6.371e-04 56591.8031 56591.9198 DMX_0037 
56609.8039 +1.2662292e-02 1.173e-03 56609.7539 56609.8539 DMX_0038 
56627.7734 +1.1187311e-02 8.121e-04 56627.7234 56627.8234 DMX_0039 
56647.7196 +1.1962658e-02 7.733e-04 56647.6696 56647.7696 DMX_0040 
56668.6898 +1.3226930e-02 7.359e-04 56668.6297 56668.7499 DMX_0041 
56737.4940 +1.0490470e-02 6.270e-04 56737.4340 56737.5540 DMX_0042 
56754.4467 +8.7095473e-03 7.830e-04 56754.3867 56754.5067 DMX_0043 
56842.2113 +1.3347832e-03 6.243e-04 56842.1512 56842.2714 DMX_0044 
56933.9641 -1.6916716e-03 5.774e-04 56933.9039 56934.0242 DMX_0045 
56969.8599 -2.9717411e-03 5.033e-04 56969.7997 56969.9201 DMX_0046 
56991.7988 -3.0210261e-03 5.163e-04 56991.7389 56991.8587 DMX_0047 
57019.7225 -4.0805112e-03 5.412e-04 57019.6624 57019.7827 DMX_0048 
57033.6890 -2.2034338e-03 9.137e-04 57033.6312 57033.7467 DMX_0049 
57040.6691 -3.9032015e-03 1.046e-03 57040.6101 57040.7281 DMX_0050 
57106.4773 -6.7623585e-03 4.911e-04 57106.4182 57106.5365 DMX_0051 
57124.4281 -6.1955784e-03 4.387e-04 57124.3689 57124.4872 DMX_0052 
57144.3752 -6.0768907e-03 4.926e-04 57144.3161 57144.4343 DMX_0053 
57208.1896 -1.3478204e-03 1.130e-03 57208.1396 57208.2396 DMX_0054 
57228.1352 -2.0274215e-03 9.551e-04 57228.0852 57228.1852 DMX_0055 
57250.0930 -3.1009211e-03 5.726e-04 57250.0338 57250.1523 DMX_0056 
57292.9669 -4.2096843e-03 6.311e-04 57292.9078 57293.0260 DMX_0057 
57316.9125 -4.5988672e-03 5.045e-04 57316.8534 57316.9717 DMX_0058 
57334.8519 -4.3308524e-03 4.509e-04 57334.7927 57334.9111 DMX_0059 
57355.7876 -4.3853030e-03 5.177e-04 57355.7307 57355.8444 DMX_0060 
57380.7292 -4.5927840e-03 5.598e-04 57380.6698 57380.7886 DMX_0061 
57389.7102 -5.9445885e-03 6.998e-04 57389.6514 57389.7689 DMX_0062 
57417.6372 -5.8674711e-03 5.884e-04 57417.5782 57417.6962 DMX_0063 
57502.4129 -8.1500085e-03 7.030e-04 57502.3565 57502.4693 DMX_0064 
57523.3442 -9.6667510e-03 5.158e-04 57523.2853 57523.4032 DMX_0065 
57537.3198 -9.8152964e-03 5.571e-04 57537.2608 57537.3787 DMX_0066 
57564.2335 -1.0707652e-02 5.348e-04 57564.1746 57564.2925 DMX_0067 
57587.1680 -1.2435185e-02 5.367e-04 57587.1091 57587.2269 DMX_0068 
57607.1137 -1.2898613e-02 4.930e-04 57607.0548 57607.1726 DMX_0069 
57628.0556 -1.4158021e-02 4.827e-04 57627.9966 57628.1146 DMX_0070 
57649.0012 -1.3983124e-02 5.663e-04 57648.9423 57649.0601 DMX_0071 
57700.8563 -1.2428999e-02 5.738e-04 57700.7973 57700.9153 DMX_0072 
57717.8099 -1.2692804e-02 5.621e-04 57717.7510 57717.8688 DMX_0073 
57739.7500 -1.2138204e-02 8.262e-04 57739.6928 57739.8072 DMX_0074 
57767.6734 -1.2776788e-02 5.812e-04 57767.6144 57767.7324 DMX_0075 
57788.6160 -1.4146607e-02 5.587e-04 57788.5570 57788.6749 DMX_0076 
57809.5654 -1.6751603e-02 6.718e-04 57809.5154 57809.6154 DMX_0077 
57824.5223 -1.8180751e-02 5.551e-04 57824.4633 57824.5812 DMX_0078 
57852.4449 -2.1376837e-02 4.950e-04 57852.3860 57852.5039 DMX_0079 
57871.3902 -2.3814295e-02 4.976e-04 57871.3312 57871.4491 DMX_0080 
57893.3293 -2.5249480e-02 4.495e-04 57893.2705 57893.3882 DMX_0081 
57914.2720 -2.7487328e-02 4.483e-04 57914.2131 57914.3310 DMX_0082 
57936.2125 -2.8756291e-02 5.431e-04 57936.1536 57936.2715 DMX_0083 
57957.1479 -3.0975940e-02 5.855e-04 57957.0979 57957.1979 DMX_0084 
58467.7659 -1.9061808e-02 1.244e-03 58467.7076 58467.8242 DMX_0085 
58482.7286 -1.8017800e-02 1.053e-03 58482.6786 58482.7786 DMX_0086 
58509.6309 -1.8599692e-02 6.599e-04 58509.5737 58509.6881 DMX_0087 
58545.5372 -1.8071764e-02 1.015e-03 58545.4788 58545.5955 DMX_0088 
58566.4749 -1.8380835e-02 8.666e-04 58566.4166 58566.5332 DMX_0089 
58587.4227 -1.5524738e-02 7.832e-04 58587.3645 58587.4810 DMX_0090 
58610.3547 -1.3653601e-02 8.197e-04 58610.2964 58610.4130 DMX_0091 
58629.3029 -1.0828756e-02 8.073e-04 58629.2445 58629.3612 DMX_0092 
58651.2428 -1.1676782e-02 7.847e-04 58651.1845 58651.3010 DMX_0093 
58671.1884 -1.1254851e-02 7.779e-04 58671.1300 58671.2467 DMX_0094 
58692.1387 -1.1475108e-02 8.992e-04 58692.0810 58692.1965 DMX_0095 
58714.0712 -1.2497108e-02 9.466e-04 58714.0127 58714.1297 DMX_0096 
58735.0135 -1.1217365e-02 9.900e-04 58734.9552 58735.0719 DMX_0097 
58755.9696 -1.2994076e-02 7.361e-04 58755.9123 58756.0269 DMX_0098 
58776.8914 -1.2902491e-02 1.225e-03 58776.8414 58776.9414 DMX_0099 
58796.8397 -1.0441778e-02 7.842e-04 58796.7833 58796.8961 DMX_0100 
58817.7870 -1.0299440e-02 1.012e-03 58817.7286 58817.8454 DMX_0101 
58839.7235 -1.1904781e-02 1.653e-03 58839.6735 58839.7735 DMX_0102 
58887.6237 -1.0835929e-02 2.857e-03 58887.5737 58887.6737 DMX_0103 
58908.5527 -9.9071514e-03 2.187e-03 58908.4953 58908.6101 DMX_0104 
58950.4368 -1.5080218e-02 1.386e-03 58950.3776 58950.4961 DMX_0105 
58973.3637 -1.4495481e-02 9.056e-04 58973.3052 58973.4221 DMX_0106 
59040.1909 -1.7468730e-02 1.500e-03 59040.1321 59040.2497 DMX_0107 
59056.1344 -1.9128669e-02 8.611e-04 59056.0760 59056.1928 DMX_0108 
