# Mean DMX value = -9.258444e-05 
# Uncertainty in average DM = 6.20046e-06 
# Columns: DMXEP DMX_value DMX_var_err DMXR1 DMXR2 DMX_bin 
53292.5288 +2.7046303e-03 6.096e-05 53291.8811 53293.1765 DMX_0001 
53799.4829 +2.1415010e-03 1.931e-05 53798.3316 53800.6343 DMX_0002 
53838.8715 +2.0430203e-03 2.132e-05 53838.2257 53839.5174 DMX_0003 
53858.8220 +2.0068321e-03 1.710e-05 53858.1698 53859.4743 DMX_0004 
53889.7378 +1.9356766e-03 1.500e-05 53889.0900 53890.3857 DMX_0005 
53980.9835 +1.8118673e-03 2.220e-05 53979.8399 53982.1271 DMX_0006 
54011.9019 +1.8218259e-03 1.597e-05 54009.7552 54014.0485 DMX_0007 
54036.3284 +1.8340357e-03 1.947e-05 54035.6868 54036.9700 DMX_0008 
54101.1561 +1.9052669e-03 1.994e-05 54100.5105 54101.8017 DMX_0009 
54134.0661 +1.6666866e-03 2.468e-05 54133.4180 54134.7143 DMX_0010 
54219.3345 +1.5447339e-03 2.233e-05 54218.1883 54220.4807 DMX_0011 
54374.4076 +1.5331930e-03 1.768e-05 54373.7559 54375.0593 DMX_0012 
54429.2558 +1.5860195e-03 1.815e-05 54428.6020 54429.9095 DMX_0013 
54527.9757 +1.5088267e-03 1.397e-05 54526.3339 54529.6174 DMX_0014 
54552.9189 +1.4257655e-03 1.830e-05 54552.2710 54553.5668 DMX_0015 
54579.8420 +1.4382405e-03 1.727e-05 54578.1963 54581.4877 DMX_0016 
54641.6764 +1.3904642e-03 1.733e-05 54641.0239 54642.3289 DMX_0017 
54708.9863 +1.3759906e-03 2.023e-05 54706.8437 54711.1289 DMX_0018 
54766.8324 +1.3411174e-03 1.620e-05 54764.6852 54768.9797 DMX_0019 
54795.7442 +1.3472803e-03 2.071e-05 54794.5884 54796.9001 DMX_0020 
54883.0143 +1.2758112e-03 1.509e-05 54880.3749 54885.6538 DMX_0021 
54914.9255 +1.1331430e-03 2.512e-05 54913.2802 54916.5708 DMX_0022 
54945.2890 +1.1368754e-03 2.029e-05 54942.1990 54948.3790 DMX_0023 
54977.3461 +9.8709421e-04 2.125e-05 54976.2904 54978.4017 DMX_0024 
55004.6770 +1.0826959e-03 2.676e-05 55004.0296 55005.3244 DMX_0025 
55069.4982 +1.1142845e-03 1.539e-05 55065.8608 55073.1357 DMX_0026 
55097.9166 +1.1626014e-03 1.987e-05 55094.7746 55101.0585 DMX_0027 
55120.8519 +1.1153782e-03 1.832e-05 55118.7095 55122.9943 DMX_0028 
55156.2779 +1.0978899e-03 1.643e-05 55154.6112 55157.9445 DMX_0029 
55215.5947 +1.1165086e-03 1.309e-05 55214.4475 55216.7419 DMX_0030 
55244.5158 +9.9715868e-04 1.677e-05 55243.3684 55245.6632 DMX_0031 
55275.4315 +8.7247034e-04 1.439e-05 55275.3753 55275.4877 DMX_0032 
55306.3461 +8.3576078e-04 9.624e-06 55305.2924 55307.3998 DMX_0033 
55338.7572 +8.4422816e-04 9.673e-06 55337.2053 55340.3092 DMX_0034 
55363.2181 +8.3174463e-04 8.891e-06 55361.1433 55365.2929 DMX_0035 
55393.1640 +8.3257429e-04 1.052e-05 55390.1184 55396.2097 DMX_0036 
55430.5566 +8.6870926e-04 1.345e-05 55429.9990 55431.1143 DMX_0037 
55462.9676 +8.3808132e-04 9.650e-06 55461.9113 55464.0239 DMX_0038 
55493.3317 +8.1415436e-04 9.189e-06 55492.7742 55493.8891 DMX_0039 
55521.2584 +8.5103243e-04 1.718e-05 55520.7037 55521.8131 DMX_0040 
55543.2711 +9.1664372e-04 1.245e-05 55542.7282 55543.8141 DMX_0041 
55579.1529 +8.3870190e-04 7.091e-06 55578.5908 55579.7151 DMX_0042 
55616.9957 +8.2051610e-04 8.703e-06 55616.4409 55617.5506 DMX_0043 
55640.4860 +7.8197336e-04 1.025e-05 55639.4242 55641.5478 DMX_0044 
55672.3980 +7.2776857e-04 7.446e-06 55670.3397 55674.4562 DMX_0045 
55702.3156 +6.8797967e-04 1.031e-05 55700.2568 55704.3744 DMX_0046 
55731.7319 +6.5578735e-04 1.052e-05 55731.1748 55732.2890 DMX_0047 
55766.0875 +6.2820154e-04 9.654e-06 55766.0315 55766.1435 DMX_0048 
55774.0652 +6.1359534e-04 3.085e-05 55774.0092 55774.1211 DMX_0049 
55800.4930 +6.2768997e-04 1.116e-05 55799.9381 55801.0479 DMX_0050 
55827.9181 +6.5661565e-04 2.283e-05 55826.8648 55828.9715 DMX_0051 
55864.3181 +6.9701886e-04 1.296e-05 55863.7630 55864.8732 DMX_0052 
55893.2392 +6.1139339e-04 9.104e-06 55892.6845 55893.7940 DMX_0053 
55919.1683 +6.7763427e-04 1.150e-05 55918.6133 55919.7233 DMX_0054 
55949.0860 +7.3786636e-04 1.094e-05 55948.5312 55949.6409 DMX_0055 
55977.1371 +5.1262656e-04 1.132e-05 55976.5859 55977.6883 DMX_0056 
56003.0589 +4.3069580e-04 1.185e-05 56002.5363 56003.5816 DMX_0057 
56034.9465 +4.1265783e-04 1.401e-05 56034.3948 56035.4981 DMX_0058 
56067.3706 +3.9323883e-04 1.031e-05 56066.3044 56068.4368 DMX_0059 
56094.7914 +3.9389975e-04 1.439e-05 56094.2408 56095.3419 DMX_0060 
56130.2041 +4.3608868e-04 1.064e-05 56130.1541 56130.2541 DMX_0061 
56138.1967 +4.1634137e-04 1.957e-05 56138.1467 56138.2467 DMX_0062 
56151.5939 +4.2478267e-04 1.182e-05 56151.0439 56152.1438 DMX_0063 
56174.0416 +4.6946790e-04 2.337e-05 56172.9910 56175.0922 DMX_0064 
56194.4820 +4.3811920e-04 1.458e-05 56193.9294 56195.0347 DMX_0065 
56214.4346 +4.1127596e-04 1.075e-05 56213.8888 56214.9804 DMX_0066 
56235.4002 +4.7203618e-04 1.135e-05 56234.8865 56235.9140 DMX_0067 
56250.3445 +4.4321119e-04 1.250e-05 56249.7955 56250.8935 DMX_0068 
56270.2434 +4.5002396e-04 1.186e-05 56269.6622 56270.8246 DMX_0069 
56288.6989 +5.9665998e-04 4.537e-05 56288.6489 56288.7489 DMX_0070 
56311.1288 +4.6691850e-04 1.309e-05 56310.5401 56311.7175 DMX_0071 
56333.1544 +4.3161135e-04 1.252e-05 56332.5639 56333.7448 DMX_0072 
56353.5354 +3.8126431e-04 8.981e-06 56352.4807 56354.5901 DMX_0073 
56368.0049 +3.0755616e-04 1.103e-05 56367.4560 56368.5537 DMX_0074 
56389.4411 +2.8074843e-04 1.138e-05 56387.4330 56391.4491 DMX_0075 
56408.9140 +3.0117769e-04 1.063e-05 56407.2962 56410.5319 DMX_0076 
56431.8947 +2.7001915e-04 1.124e-05 56431.3096 56432.4797 DMX_0077 
56450.7953 +2.1477888e-04 1.065e-05 56450.1733 56451.4173 DMX_0078 
56471.6974 +2.2646418e-04 1.095e-05 56471.1728 56472.2221 DMX_0079 
56492.7491 +2.1441164e-04 9.291e-06 56492.2217 56493.2766 DMX_0080 
56504.2032 +1.6575583e-04 3.872e-05 56502.1491 56506.2572 DMX_0081 
56515.2115 +9.8211820e-05 4.796e-05 56515.1615 56515.2615 DMX_0082 
56522.6466 +2.2825167e-04 1.268e-05 56522.0919 56523.2012 DMX_0083 
56532.5648 +1.8555114e-04 3.950e-05 56530.0667 56535.0629 DMX_0084 
56546.0714 +1.5875941e-04 1.679e-05 56543.0665 56549.0763 DMX_0085 
56553.0648 +1.9047705e-04 9.784e-06 56551.0154 56555.1142 DMX_0086 
56567.0171 +1.8547487e-04 1.897e-05 56564.9723 56569.0619 DMX_0087 
56585.4689 +1.7834358e-04 7.097e-06 56584.8847 56586.0532 DMX_0088 
56591.9824 +2.2633445e-04 3.684e-05 56591.9324 56592.0324 DMX_0089 
56601.4361 +1.7272295e-04 2.104e-05 56598.8899 56603.9824 DMX_0090 
56606.9438 +2.1160689e-04 3.193e-05 56606.8938 56606.9938 DMX_0091 
56617.4109 +1.9156890e-04 1.284e-05 56614.8613 56619.9605 DMX_0092 
56630.3555 +2.2831496e-04 2.377e-05 56627.7950 56632.9161 DMX_0093 
56641.7739 +3.4034700e-04 7.960e-06 56641.7186 56641.8291 DMX_0094 
56643.8042 +2.9604283e-04 2.501e-05 56643.7492 56643.8592 DMX_0095 
56647.8053 +2.4264831e-04 2.727e-05 56647.7553 56647.8553 DMX_0096 
56658.7997 +4.3707488e-04 2.298e-05 56656.7541 56660.8453 DMX_0097 
56669.7620 +2.8999530e-04 4.285e-05 56669.7120 56669.8120 DMX_0098 
56675.7198 +3.2276303e-04 8.909e-06 56675.6698 56675.7698 DMX_0099 
56676.7134 +3.0553660e-04 3.201e-05 56676.6634 56676.7634 DMX_0100 
56682.6691 +2.2202766e-04 4.429e-05 56682.6191 56682.7191 DMX_0101 
56694.2050 +2.2234871e-04 1.008e-05 56691.6603 56696.7498 DMX_0102 
56705.6380 +1.7717998e-04 1.457e-05 56703.5714 56707.7045 DMX_0103 
56710.6191 +2.3278490e-04 8.636e-05 56710.5691 56710.6691 DMX_0104 
56722.5248 +1.7779677e-05 2.216e-05 56720.4837 56724.5658 DMX_0105 
56736.5160 +5.2145079e-05 1.741e-05 56733.5070 56739.5250 DMX_0106 
56747.5561 +3.2950767e-05 2.987e-05 56747.5061 56747.6061 DMX_0107 
56754.5449 -2.5324328e-05 5.596e-05 56754.4949 56754.5949 DMX_0108 
56762.4987 +4.3212028e-05 1.165e-05 56761.4214 56763.5760 DMX_0109 
56782.3664 -2.1791014e-05 3.203e-05 56782.3164 56782.4164 DMX_0110 
56790.9236 +2.6363804e-05 8.172e-06 56789.3688 56792.4783 DMX_0111 
56800.4290 -3.8146325e-05 3.893e-05 56800.3790 56800.4790 DMX_0112 
56819.2998 +6.1841175e-07 3.214e-05 56817.2650 56821.3345 DMX_0113 
56828.8536 +3.6086646e-05 1.185e-05 56828.2992 56829.4080 DMX_0114 
56841.2520 +3.7929126e-05 2.811e-05 56838.2746 56844.2293 DMX_0115 
56850.1976 +7.7667388e-06 1.275e-05 56849.1093 56851.2860 DMX_0116 
56869.2140 +5.1350912e-05 2.132e-05 56866.1758 56872.2521 DMX_0117 
56877.1902 -7.0653380e-07 1.398e-04 56877.1402 56877.2402 DMX_0118 
56886.1211 +7.3202844e-06 1.034e-05 56886.0711 56886.1711 DMX_0119 
56894.1332 +9.0986599e-06 1.189e-05 56894.0832 56894.1832 DMX_0120 
56905.9942 +5.7023772e-05 3.959e-05 56905.9442 56906.0442 DMX_0121 
56913.0235 +8.7652419e-06 3.601e-05 56912.9735 56913.0735 DMX_0122 
56924.5146 -7.0407983e-06 1.134e-05 56921.9658 56927.0635 DMX_0123 
56940.4557 +2.6561213e-06 2.639e-05 56937.9004 56943.0111 DMX_0124 
56947.4696 +2.2675094e-05 1.008e-05 56945.9544 56948.9848 DMX_0125 
56959.4300 +1.7089676e-05 3.396e-05 56956.8383 56962.0216 DMX_0126 
56974.9419 -6.6247540e-06 1.510e-05 56971.9005 56977.9833 DMX_0127 
56978.8689 -2.3919857e-05 4.114e-05 56978.8118 56978.9261 DMX_0128 
56985.9087 +8.6481966e-05 6.368e-05 56985.8587 56985.9587 DMX_0129 
56992.8270 +3.5370133e-05 3.068e-05 56992.7770 56992.8770 DMX_0130 
57005.7729 +1.7022929e-04 4.420e-05 57005.7229 57005.8229 DMX_0131 
57011.7636 +1.1800065e-04 4.855e-05 57011.7136 57011.8136 DMX_0132 
57012.7872 +1.1934290e-04 1.426e-05 57012.7372 57012.8372 DMX_0133 
57022.2728 +1.0650761e-04 2.702e-05 57019.6918 57024.8538 DMX_0134 
57034.7010 +1.1382352e-04 4.805e-05 57034.6510 57034.7510 DMX_0135 
57040.7565 +2.8206952e-04 1.028e-05 57040.7065 57040.8065 DMX_0136 
57041.7593 +2.7378874e-04 2.586e-05 57041.7093 57041.8093 DMX_0137 
57047.7414 +6.9850358e-05 7.837e-05 57047.6914 57047.7914 DMX_0138 
57054.7374 -5.5668131e-05 2.940e-05 57054.6811 57054.7938 DMX_0139 
57062.6998 -3.5270553e-05 3.273e-05 57062.6498 57062.7498 DMX_0140 
57069.6754 +2.7465378e-04 2.015e-04 57069.6254 57069.7254 DMX_0141 
57079.6008 -6.8032516e-05 1.111e-05 57078.5596 57080.6421 DMX_0142 
57092.5387 -8.9781913e-05 2.582e-05 57090.4944 57094.5830 DMX_0143 
57102.0496 -1.2987574e-04 9.845e-06 57101.4663 57102.6328 DMX_0144 
57115.4913 -1.9309340e-04 3.516e-05 57115.4413 57115.5413 DMX_0145 
57123.4713 -1.7029265e-04 2.785e-05 57123.4213 57123.5213 DMX_0146 
57133.9674 -1.5280467e-04 1.232e-05 57131.3936 57136.5412 DMX_0147 
57153.4514 -1.7531599e-04 2.760e-05 57153.4014 57153.5014 DMX_0148 
57161.8713 -1.7262593e-04 1.078e-05 57161.3228 57162.4199 DMX_0149 
57173.3878 -1.6737291e-04 3.182e-05 57173.3378 57173.4378 DMX_0150 
57181.3480 -2.0978836e-04 2.922e-05 57181.2980 57181.3980 DMX_0151 
57190.3422 -1.8463264e-04 1.337e-05 57188.3160 57192.3684 DMX_0152 
57201.2727 -2.1620268e-04 2.423e-05 57201.2227 57201.3227 DMX_0153 
57218.7369 -2.5428835e-04 3.543e-05 57216.1514 57221.3225 DMX_0154 
57229.1726 -2.1627007e-04 3.488e-05 57229.1226 57229.2226 DMX_0155 
57237.1483 -2.0611960e-04 3.773e-05 57237.0983 57237.1983 DMX_0156 
57260.6124 -2.1874286e-04 2.289e-05 57258.0170 57263.2079 DMX_0157 
57269.0727 -1.4072128e-04 2.073e-04 57269.0227 57269.1227 DMX_0158 
57277.0574 -1.4638745e-04 3.969e-05 57277.0074 57277.1074 DMX_0159 
57287.0150 -1.4848568e-04 1.004e-05 57284.9650 57289.0650 DMX_0160 
57295.9895 -1.5220170e-04 3.189e-05 57293.8945 57298.0846 DMX_0161 
57317.8903 -1.7365867e-04 9.877e-06 57315.8634 57319.9173 DMX_0162 
57328.9085 -2.0283677e-04 3.893e-05 57326.9105 57330.9065 DMX_0163 
57344.8532 -1.1552187e-04 9.974e-06 57342.7547 57346.9516 DMX_0164 
57356.8876 -1.4780430e-04 4.551e-05 57356.8376 57356.9376 DMX_0165 
57363.8686 -1.8782746e-04 4.394e-05 57363.8186 57363.9186 DMX_0166 
57370.7313 -3.7008404e-05 2.526e-05 57370.6813 57370.7813 DMX_0167 
57375.7441 -2.2466672e-04 3.266e-05 57375.6890 57375.7993 DMX_0168 
57376.8146 -1.1022270e-04 1.658e-05 57376.7593 57376.8700 DMX_0169 
57389.2258 -1.8411359e-04 5.499e-05 57386.7478 57391.7038 DMX_0170 
57396.6611 -6.3819241e-05 3.637e-05 57396.6111 57396.7111 DMX_0171 
57406.1986 -1.1933496e-04 7.711e-06 57405.6321 57406.7651 DMX_0172 
57412.6074 -2.8965271e-04 5.548e-05 57412.5574 57412.6574 DMX_0173 
57419.7414 -1.7362584e-04 2.943e-05 57419.6914 57419.7914 DMX_0174 
57426.7333 -2.9862966e-04 4.146e-05 57426.6833 57426.7833 DMX_0175 
57439.1127 -2.8215528e-04 9.945e-06 57438.6042 57439.6211 DMX_0176 
57447.5032 -1.7038046e-04 7.127e-05 57447.4532 57447.5532 DMX_0177 
57456.5315 -2.7454715e-04 3.612e-05 57454.5259 57458.5371 DMX_0178 
57471.5313 -3.6547043e-04 3.232e-05 57468.4786 57474.5840 DMX_0179 
57485.9505 -3.6705929e-04 2.346e-05 57485.4009 57486.5002 DMX_0180 
57497.8786 -3.6415592e-04 8.156e-06 57495.3403 57500.4170 DMX_0181 
57508.3784 -4.3068660e-04 4.815e-05 57508.3284 57508.4284 DMX_0182 
57519.3767 -4.4937206e-04 8.855e-06 57516.2833 57522.4701 DMX_0183 
57529.3665 -4.7554384e-04 3.510e-05 57529.3165 57529.4165 DMX_0184 
57540.3206 -4.2898062e-04 3.312e-05 57537.3491 57543.2921 DMX_0185 
57549.2419 -3.7835795e-04 5.368e-05 57549.1919 57549.2919 DMX_0186 
57563.7507 -4.5505631e-04 8.643e-06 57563.1942 57564.3073 DMX_0187 
57574.2371 -4.4197639e-04 1.958e-05 57571.2030 57577.2711 DMX_0188 
57589.2048 -4.4362876e-04 1.038e-05 57586.0823 57592.3273 DMX_0189 
57600.2524 -3.2310421e-04 4.411e-05 57600.2024 57600.3024 DMX_0190 
57610.2266 -4.4528284e-04 2.904e-05 57607.1819 57613.2713 DMX_0191 
57621.6356 -4.3831076e-04 9.213e-06 57621.0698 57622.2014 DMX_0192 
57628.1166 -3.9361698e-04 5.472e-05 57628.0666 57628.1666 DMX_0193 
57639.1173 -4.8288512e-04 2.367e-05 57636.0466 57642.1879 DMX_0194 
57650.5179 -4.1659082e-04 1.057e-05 57649.9580 57651.0778 DMX_0195 
57659.5129 -4.5771835e-04 2.965e-05 57657.9426 57661.0832 DMX_0196 
57666.0654 -4.9305950e-04 9.263e-05 57666.0154 57666.1154 DMX_0197 
57679.4049 -4.4521641e-04 8.932e-06 57677.8589 57680.9509 DMX_0198 
57691.8979 -4.3806206e-04 2.646e-05 57691.8479 57691.9479 DMX_0199 
57701.8724 -3.8699080e-04 1.213e-05 57698.7964 57704.9483 DMX_0200 
57709.3832 -3.8747173e-04 1.123e-05 57708.8034 57709.9629 DMX_0201 
57717.9090 -4.0339111e-04 3.851e-05 57717.8590 57717.9590 DMX_0202 
57728.7960 -4.6091043e-04 2.701e-05 57726.8079 57730.7841 DMX_0203 
57741.2616 -1.9492773e-04 8.506e-06 57740.6966 57741.8266 DMX_0204 
57752.2677 -3.2274447e-04 1.520e-05 57749.6709 57754.8646 DMX_0205 
57767.1834 -3.4852834e-04 1.143e-05 57766.6444 57767.7225 DMX_0206 
57773.6184 -4.1714400e-04 3.411e-05 57773.5684 57773.6684 DMX_0207 
57780.7656 -4.2071662e-04 4.958e-05 57780.7156 57780.8156 DMX_0208 
57792.1712 -4.6774041e-04 2.328e-05 57789.6714 57794.6710 DMX_0209 
57804.0412 -4.7404557e-04 8.789e-06 57803.4867 57804.5956 DMX_0210 
57816.0393 -4.7915116e-04 2.476e-05 57813.4743 57818.6042 DMX_0211 
57825.4922 -5.0720132e-04 5.640e-05 57825.4422 57825.5422 DMX_0212 
57839.0045 -4.8094581e-04 8.667e-06 57836.4670 57841.5421 DMX_0213 
57850.5128 -5.2148783e-04 1.938e-05 57847.5043 57853.5214 DMX_0214 
57860.9436 -5.5620954e-04 8.509e-06 57860.3942 57861.4929 DMX_0215 
57869.4711 -5.5269217e-04 3.247e-05 57869.4211 57869.5211 DMX_0216 
57881.4039 -5.7113826e-04 1.547e-05 57879.3181 57883.4897 DMX_0217 
57886.3594 -5.7004241e-04 9.155e-06 57886.3026 57886.4162 DMX_0218 
57899.8457 -5.6079595e-04 3.087e-05 57897.3163 57902.3752 DMX_0219 
57909.2657 -5.9234297e-04 4.816e-05 57909.2157 57909.3157 DMX_0220 
57916.3448 -6.5544477e-04 6.409e-05 57916.2948 57916.3948 DMX_0221 
57927.7635 -5.8685476e-04 9.255e-06 57927.1514 57928.3757 DMX_0222 
57937.2951 -5.3967579e-04 1.463e-04 57937.2451 57937.3451 DMX_0223 
57944.1989 -1.8342527e-03 2.331e-04 57944.1441 57944.2536 DMX_0224 
57957.1526 -6.1459527e-04 8.659e-06 57956.0808 57958.2243 DMX_0225 
57966.6428 -6.0621734e-04 2.419e-05 57964.1291 57969.1566 DMX_0226 
57978.1307 -6.6603779e-04 2.893e-05 57978.0807 57978.1807 DMX_0227 
57985.6168 -6.2762393e-04 9.694e-06 57985.0718 57986.1618 DMX_0228 
57994.5118 -6.1871968e-04 4.958e-05 57991.9624 57997.0612 DMX_0229 
58002.1274 -6.3508534e-04 2.178e-05 58002.0774 58002.1774 DMX_0230 
58011.0233 -5.8850247e-04 1.428e-05 58010.9156 58011.1310 DMX_0231 
58021.0132 -5.9343545e-04 2.880e-05 58017.9014 58024.1249 DMX_0232 
58038.0072 -5.8393293e-04 1.246e-05 58035.0091 58041.0052 DMX_0233 
58054.4248 -5.5351369e-04 2.458e-05 58051.8183 58057.0313 DMX_0234 
58066.3727 -4.8425526e-04 2.785e-05 58063.8803 58068.8652 DMX_0235 
58076.8037 -4.7107564e-04 8.947e-06 58075.7580 58077.8494 DMX_0236 
58091.8973 -4.1172388e-04 3.422e-05 58091.8473 58091.9473 DMX_0237 
58098.8869 -4.2248466e-04 2.981e-05 58098.8369 58098.9369 DMX_0238 
58102.7526 -4.2652367e-04 1.068e-05 58102.6776 58102.8275 DMX_0239 
58103.7414 -4.0286521e-04 2.482e-05 58103.6862 58103.7966 DMX_0240 
58111.7944 -4.3137348e-04 4.244e-05 58111.7444 58111.8444 DMX_0241 
58122.6999 -4.6229023e-04 2.947e-05 58120.6705 58124.7294 DMX_0242 
58134.6494 -4.8144538e-04 3.153e-05 58134.5994 58134.6994 DMX_0243 
58138.7132 -4.7855457e-04 2.100e-05 58138.6578 58138.7685 DMX_0244 
58140.7006 -5.1941700e-04 8.728e-06 58140.6454 58140.7559 DMX_0245 
58150.1686 -5.1784047e-04 2.646e-05 58147.6503 58152.6869 DMX_0246 
58159.6279 -5.0648433e-04 8.001e-06 58159.5109 58159.7449 DMX_0247 
58171.6486 -5.3839944e-04 3.702e-05 58171.5986 58171.6986 DMX_0248 
58181.6037 -5.6981747e-04 1.666e-05 58178.5555 58184.6519 DMX_0249 
58195.0396 -6.4003698e-04 4.571e-05 58192.4728 58197.6064 DMX_0250 
58206.5753 -6.3652795e-04 7.438e-05 58206.5253 58206.6253 DMX_0251 
58222.9670 -6.0336008e-04 1.022e-05 58220.3508 58225.5832 DMX_0252 
58233.4062 -6.8087263e-04 1.097e-04 58233.3562 58233.4562 DMX_0253 
58242.3969 -5.6376892e-04 9.722e-06 58242.2863 58242.5074 DMX_0254 
58254.4438 -6.9838473e-04 3.477e-05 58254.3938 58254.4938 DMX_0255 
58264.4205 -6.4957851e-04 3.882e-05 58261.3619 58267.4790 DMX_0256 
58268.8023 -5.7769838e-04 9.256e-06 58268.2882 58269.3163 DMX_0257 
58278.2341 -4.8112887e-04 2.785e-05 58278.1841 58278.2841 DMX_0258 
58285.2214 -6.1854909e-04 3.180e-05 58285.1714 58285.2714 DMX_0259 
58292.2436 -5.3804917e-04 4.910e-05 58292.1936 58292.2936 DMX_0260 
58304.7381 -6.1004454e-04 9.250e-06 58303.1217 58306.3545 DMX_0261 
58315.1389 -5.7438566e-04 2.788e-05 58315.0889 58315.1889 DMX_0262 
58325.1753 -6.0693928e-04 2.518e-05 58322.0902 58328.2603 DMX_0263 
58333.6707 -6.0014478e-04 9.442e-06 58333.1313 58334.2101 DMX_0264 
58340.0651 -5.9337939e-04 3.902e-05 58340.0151 58340.1151 DMX_0265 
58348.1598 -6.2791341e-04 3.350e-05 58348.1098 58348.2098 DMX_0266 
58355.0563 -6.1945281e-04 2.669e-05 58355.0063 58355.1063 DMX_0267 
58363.5809 -5.9215846e-04 1.036e-05 58362.9947 58364.1671 DMX_0268 
58373.0208 -6.5781406e-04 2.485e-05 58369.9316 58376.1100 DMX_0269 
58387.5083 -5.5099956e-04 3.046e-05 58385.8905 58389.1260 DMX_0270 
58395.4864 -5.8754029e-04 1.639e-05 58394.9105 58396.0624 DMX_0271 
58404.8812 -5.9654810e-04 9.857e-05 58404.8312 58404.9312 DMX_0272 
58411.9099 -5.5511088e-04 3.879e-05 58411.8599 58411.9599 DMX_0273 
58421.8638 -5.7397639e-04 1.073e-05 58419.7982 58423.9293 DMX_0274 
58436.8665 -6.3346173e-04 3.502e-05 58433.8901 58439.8429 DMX_0275 
58453.7895 -5.8529977e-04 9.538e-05 58453.7395 58453.8395 DMX_0276 
58457.7835 -5.3070371e-04 4.470e-05 58457.7335 58457.8335 DMX_0277 
58459.8437 -5.9190751e-04 1.177e-05 58459.7937 58459.8937 DMX_0278 
58466.7431 -5.9467964e-04 4.497e-05 58466.6931 58466.7931 DMX_0279 
58474.8050 -5.4455595e-04 5.491e-05 58474.7550 58474.8550 DMX_0280 
58488.2606 -4.8097053e-04 1.224e-05 58487.7060 58488.8152 DMX_0281 
58495.6287 -4.5539542e-04 2.973e-05 58495.5744 58495.6831 DMX_0282 
58502.7732 -6.1197439e-04 7.291e-05 58502.7232 58502.8232 DMX_0283 
58509.5885 -5.3652185e-04 4.738e-05 58509.5385 58509.6385 DMX_0284 
58514.6986 -5.8798730e-04 2.365e-05 58514.6486 58514.7486 DMX_0285 
58515.5989 -5.8346505e-04 1.483e-05 58515.5489 58515.6489 DMX_0286 
58522.6168 -6.4348257e-04 3.572e-05 58522.5668 58522.6668 DMX_0287 
58541.5817 -5.7330823e-04 1.225e-05 58538.5585 58544.6049 DMX_0288 
58556.5301 -6.0449079e-04 4.301e-05 58553.4549 58559.6053 DMX_0289 
58569.0048 -6.3277849e-04 3.610e-05 58567.3836 58570.6261 DMX_0290 
58579.0034 -6.0423569e-04 1.364e-05 58578.4551 58579.5517 DMX_0291 
58586.5455 -6.0129002e-04 3.868e-05 58586.4955 58586.5955 DMX_0292 
58599.3460 -7.0584382e-04 9.404e-05 58599.2960 58599.3960 DMX_0293 
58609.4356 -5.6945721e-04 1.179e-05 58606.3806 58612.4906 DMX_0294 
58622.4572 -5.8750062e-04 5.023e-05 58622.4072 58622.5072 DMX_0295 
58633.7682 -5.7338888e-04 1.054e-05 58633.2239 58634.3126 DMX_0296 
58643.2530 -5.7419765e-04 3.084e-05 58643.2030 58643.3030 DMX_0297 
58669.7468 -5.6883441e-04 1.296e-05 58669.1825 58670.3112 DMX_0298 
58690.1721 -5.9763854e-04 2.720e-05 58690.1221 58690.2221 DMX_0299 
58697.6599 -5.2846991e-04 9.925e-06 58697.0879 58698.2320 DMX_0300 
58704.1478 -5.0197027e-04 6.784e-05 58704.0978 58704.1978 DMX_0301 
58713.0661 -5.3488201e-04 4.112e-05 58713.0161 58713.1161 DMX_0302 
58720.0144 -5.1694530e-04 3.994e-05 58719.9644 58720.0644 DMX_0303 
58730.0179 -5.7633644e-04 1.278e-05 58727.0039 58733.0320 DMX_0304 
58751.0515 -5.6704746e-04 3.658e-05 58747.9969 58754.1061 DMX_0305 
58785.8522 -4.7848975e-04 1.025e-05 58782.8493 58788.8551 DMX_0306 
58800.8773 -4.5720421e-04 3.896e-05 58797.7540 58804.0006 DMX_0307 
58809.8870 -5.0561586e-04 1.432e-04 58809.8370 58809.9370 DMX_0308 
58824.3392 -4.2961469e-04 1.199e-05 58823.7897 58824.8886 DMX_0309 
58832.8576 -4.2618094e-04 7.336e-05 58832.8076 58832.9076 DMX_0310 
58852.1750 -4.0297342e-04 1.007e-05 58851.6104 58852.7397 DMX_0311 
58858.6493 -4.1904984e-04 9.690e-05 58858.5993 58858.6993 DMX_0312 
58866.7630 -4.3007233e-04 5.205e-05 58866.7130 58866.8130 DMX_0313 
58873.7642 -3.8318701e-04 5.245e-05 58873.7142 58873.8142 DMX_0314 
58880.5670 -4.8649394e-04 5.227e-05 58880.5170 58880.6170 DMX_0315 
58889.6504 -6.3230988e-04 1.369e-04 58889.5959 58889.7049 DMX_0316 
58899.6375 -5.4681017e-04 5.731e-05 58896.6512 58902.6238 DMX_0317 
58908.0732 -4.2181543e-04 1.446e-05 58907.5405 58908.6059 DMX_0318 
58920.0647 -4.0584678e-04 2.895e-05 58917.4528 58922.6767 DMX_0319 
58931.5648 -4.5319341e-04 3.314e-05 58931.5148 58931.6148 DMX_0320 
58940.5254 -4.0293351e-04 1.719e-05 58938.4863 58942.5645 DMX_0321 
