# Mean DMX value = -7.816540e-04 
# Uncertainty in average DM = 3.23697e-04 
# Columns: DMXEP DMX_value DMX_var_err DMXR1 DMXR2 DMX_bin 
56970.8725 -1.7461344e-03 6.357e-04 56970.8225 56970.9225 DMX_0001 
56990.8287 -9.9908072e-04 5.124e-04 56990.7729 56990.8844 DMX_0002 
57014.7341 -1.7321717e-04 6.414e-04 57014.6773 57014.7910 DMX_0003 
57054.6504 +1.1050444e-03 6.742e-04 57054.5917 57054.7091 DMX_0004 
57075.5844 +1.7432861e-03 6.023e-04 57075.5253 57075.6435 DMX_0005 
57095.5222 +2.2181994e-03 3.894e-04 57095.4630 57095.5814 DMX_0006 
57117.4840 +1.8307755e-03 3.724e-04 57117.4246 57117.5433 DMX_0007 
57138.4087 +3.1131561e-03 3.999e-04 57138.3495 57138.4678 DMX_0008 
57185.2753 +5.1402301e-03 3.986e-04 57185.2161 57185.3344 DMX_0009 
57201.2318 +5.6462115e-03 3.891e-04 57201.1726 57201.2910 DMX_0010 
57234.1507 +3.7702673e-03 1.146e-03 57234.1007 57234.2007 DMX_0011 
57242.1196 +3.9188863e-03 3.955e-04 57242.0605 57242.1787 DMX_0012 
57265.0563 +4.4207911e-03 4.242e-04 57264.9972 57265.1153 DMX_0013 
57306.9325 +4.0797439e-03 4.453e-04 57306.8825 57306.9825 DMX_0014 
57327.9033 +5.4962024e-03 3.856e-04 57327.8441 57327.9625 DMX_0015 
57348.8270 +5.3046997e-03 3.904e-04 57348.7678 57348.8862 DMX_0016 
57376.7676 +3.7782578e-03 3.887e-04 57376.7083 57376.8268 DMX_0017 
57410.6758 +4.5915953e-03 4.076e-04 57410.6172 57410.7345 DMX_0018 
57433.6134 +4.9898211e-03 3.985e-04 57433.5547 57433.6721 DMX_0019 
57508.4192 +6.4094664e-03 4.026e-04 57508.3605 57508.4779 DMX_0020 
57536.3423 +8.1353621e-03 3.903e-04 57536.2836 57536.4009 DMX_0021 
57557.2641 +7.6545919e-03 3.982e-04 57557.2054 57557.3228 DMX_0022 
57579.2074 +6.8967972e-03 3.770e-04 57579.1486 57579.2661 DMX_0023 
57594.1869 +7.0703534e-03 3.955e-04 57594.1283 57594.2455 DMX_0024 
57622.0977 +3.7979614e-03 3.600e-04 57622.0390 57622.1564 DMX_0025 
57640.0374 +3.4604621e-03 3.739e-04 57639.9788 57640.0961 DMX_0026 
57666.9647 +3.2949239e-03 3.693e-04 57666.9060 57667.0235 DMX_0027 
57686.9112 +3.6953471e-03 3.861e-04 57686.8526 57686.9699 DMX_0028 
57710.8437 +1.5383079e-03 3.684e-04 57710.7851 57710.9023 DMX_0029 
57733.7810 +1.6824121e-04 3.697e-04 57733.7222 57733.8397 DMX_0030 
57752.7320 +4.9581637e-04 3.558e-04 57752.6731 57752.7908 DMX_0031 
57775.6660 +1.3452799e-03 3.338e-04 57775.6073 57775.7247 DMX_0032 
57789.6277 +1.1304231e-05 3.361e-04 57789.5689 57789.6865 DMX_0033 
57804.5895 +1.9541627e-03 3.306e-04 57804.5308 57804.6482 DMX_0034 
57823.5381 +3.2527841e-03 3.728e-04 57823.4792 57823.5969 DMX_0035 
57844.4893 +3.6928239e-03 3.750e-04 57844.4305 57844.5481 DMX_0036 
57865.4299 +1.9782465e-03 3.585e-04 57865.3710 57865.4889 DMX_0037 
57873.3989 +1.7386672e-03 3.323e-04 57873.3402 57873.4577 DMX_0038 
57885.3656 +2.0074967e-03 3.399e-04 57885.3069 57885.4243 DMX_0039 
57907.3084 +1.4183729e-03 3.594e-04 57907.2498 57907.3671 DMX_0040 
57927.2646 +4.8823759e-04 3.685e-04 57927.2059 57927.3233 DMX_0041 
57949.2150 +6.2344216e-04 3.844e-04 57949.1650 57949.2650 DMX_0042 
57970.1365 +1.2458737e-03 3.891e-04 57970.0779 57970.1952 DMX_0043 
58463.7769 -1.3823368e-03 5.176e-04 58463.7190 58463.8349 DMX_0044 
58508.6546 -2.1327857e-03 3.974e-04 58508.5976 58508.7116 DMX_0045 
58528.6051 -3.0005839e-03 4.787e-04 58528.5470 58528.6632 DMX_0046 
58565.5150 -4.2471865e-03 6.124e-04 58565.4570 58565.5731 DMX_0047 
58586.4394 -4.7588768e-03 4.696e-04 58586.3823 58586.4964 DMX_0048 
58608.4154 -4.9612051e-03 5.604e-04 58608.3587 58608.4721 DMX_0049 
58628.3248 -4.3260794e-03 5.009e-04 58628.2678 58628.3818 DMX_0050 
58650.2723 -3.1098729e-03 4.542e-04 58650.2141 58650.3305 DMX_0051 
58661.2498 -2.0326194e-03 4.264e-04 58661.1916 58661.3081 DMX_0052 
58675.2023 -3.4755192e-03 4.552e-04 58675.1452 58675.2594 DMX_0053 
58691.1869 -2.2214078e-03 1.333e-03 58691.1369 58691.2369 DMX_0054 
58713.1059 -2.7108047e-03 4.768e-04 58713.0481 58713.1636 DMX_0055 
58739.0233 -1.8207859e-03 4.617e-04 58738.9652 58739.0813 DMX_0056 
58754.9857 -2.8101350e-03 4.592e-04 58754.9278 58755.0436 DMX_0057 
58777.9169 -1.9887325e-03 4.894e-04 58777.8589 58777.9749 DMX_0058 
58794.8602 -4.2073978e-03 4.173e-04 58794.8034 58794.9170 DMX_0059 
58795.9162 -1.9842065e-03 2.166e-03 58795.8662 58795.9662 DMX_0060 
58818.8095 -3.3808713e-03 4.896e-04 58818.7515 58818.8676 DMX_0061 
58838.7583 -4.6047350e-03 5.619e-04 58838.7083 58838.8083 DMX_0062 
58893.6387 -7.4803468e-05 4.861e-03 58893.5887 58893.6887 DMX_0063 
58915.5590 -7.8108931e-03 3.285e-03 58915.5090 58915.6090 DMX_0064 
58936.5169 -3.8473576e-03 2.622e-03 58936.4669 58936.5669 DMX_0065 
58957.4433 -1.0498790e-02 5.106e-04 58957.3841 58957.5025 DMX_0066 
58978.3669 -9.4776162e-03 3.860e-04 58978.3100 58978.4237 DMX_0067 
58999.3413 -9.1629770e-03 4.589e-04 58999.2913 58999.3913 DMX_0068 
59021.2815 -6.0349815e-03 3.522e-03 59021.2238 59021.3392 DMX_0069 
59026.2485 -8.7706233e-03 4.627e-04 59026.1896 59026.3073 DMX_0070 
59043.2085 -8.4479077e-03 4.802e-04 59043.1496 59043.2675 DMX_0071 
59065.1537 -7.3209669e-03 5.500e-04 59065.0949 59065.2126 DMX_0072 
