# Mean DMX value = +4.677625e-06 
# Uncertainty in average DM = 6.32457e-05 
# Columns: DMXEP DMX_value DMX_var_err DMXR1 DMXR2 DMX_bin 
55760.2705 -2.6517579e-04 1.173e-05 55760.2116 55760.3295 DMX_0001 
55789.1609 -2.2291638e-04 2.648e-05 55789.1020 55789.2199 DMX_0002 
55790.1855 -2.0146493e-04 3.475e-05 55790.1264 55790.2446 DMX_0003 
55850.0199 -2.3336564e-04 1.626e-05 55849.9566 55850.0832 DMX_0004 
55935.7909 -1.5474560e-04 1.556e-05 55935.7329 55935.8490 DMX_0005 
56018.5610 -2.3713588e-04 8.355e-06 56018.5010 56018.6210 DMX_0006 
56058.4501 -3.0994295e-04 7.442e-05 56058.4001 56058.5001 DMX_0007 
56107.3145 -2.9548904e-04 1.416e-04 56107.2645 56107.3645 DMX_0008 
56137.2305 +2.3440386e-04 5.054e-04 56137.1805 56137.2805 DMX_0009 
56167.0983 -2.2811741e-04 8.384e-05 56167.0305 56167.1660 DMX_0010 
56168.1510 -4.7141630e-04 1.889e-04 56168.1010 56168.2010 DMX_0011 
56178.0830 -4.6616574e-04 5.647e-05 56178.0278 56178.1382 DMX_0012 
56189.0464 -1.8873716e-04 8.363e-05 56188.9895 56189.1034 DMX_0013 
56209.0346 -4.4970445e-04 6.807e-05 56208.9846 56209.0846 DMX_0014 
56211.0050 -3.9452842e-04 7.760e-05 56210.9484 56211.0616 DMX_0015 
56290.8126 -2.9473532e-04 1.155e-05 56290.7490 56290.8761 DMX_0016 
56294.7344 -2.5418772e-04 1.306e-05 56294.6745 56294.7943 DMX_0017 
56297.7431 -3.2097707e-04 7.761e-06 56297.6623 56297.8239 DMX_0018 
56304.7710 -2.1594737e-04 3.692e-05 56304.7052 56304.8368 DMX_0019 
56340.6501 -2.6112471e-04 1.187e-05 56340.5661 56340.7341 DMX_0020 
56346.6546 -2.4777842e-04 1.381e-05 56346.5960 56346.7132 DMX_0021 
56367.6017 -3.2886709e-04 1.451e-05 56367.5448 56367.6585 DMX_0022 
56407.4964 -3.1635823e-04 1.741e-05 56407.4341 56407.5586 DMX_0023 
56426.4325 -3.8239414e-04 1.201e-05 56426.3748 56426.4903 DMX_0024 
56447.3794 -3.5751602e-04 1.033e-05 56447.3148 56447.4439 DMX_0025 
56467.3322 -3.4053525e-04 1.188e-05 56467.2727 56467.3916 DMX_0026 
56549.0895 -3.9678474e-04 9.965e-06 56549.0313 56549.1477 DMX_0027 
56570.0398 -4.2039812e-04 5.549e-06 56569.9726 56570.1069 DMX_0028 
56591.9804 -3.9632487e-04 6.688e-06 56591.9139 56592.0469 DMX_0029 
56627.8905 -3.4154201e-04 8.598e-06 56627.8307 56627.9503 DMX_0030 
56647.8241 -3.3181486e-04 6.450e-06 56647.7653 56647.8829 DMX_0031 
56662.7886 -2.8777163e-04 8.819e-06 56662.7274 56662.8499 DMX_0032 
56738.5696 -1.9202685e-04 1.186e-05 56738.5104 56738.6288 DMX_0033 
56853.2637 -2.8342691e-04 6.610e-06 56853.2043 56853.3231 DMX_0034 
56874.1861 -2.8901544e-04 7.478e-06 56874.1266 56874.2455 DMX_0035 
56953.9979 -2.7349867e-04 8.645e-06 56953.9386 56954.0573 DMX_0036 
56955.9773 -2.4920990e-04 9.658e-06 56955.9179 56956.0366 DMX_0037 
56977.9103 -2.6634717e-04 8.900e-06 56977.8512 56977.9693 DMX_0038 
56997.8838 -1.4029341e-04 1.044e-05 56997.8269 56997.9406 DMX_0039 
56998.8620 -1.6221468e-04 8.118e-06 56998.8028 56998.9211 DMX_0040 
57018.8058 -1.8684305e-04 7.232e-06 57018.7467 57018.8649 DMX_0041 
57031.7108 -1.6840941e-04 1.046e-05 57031.6525 57031.7691 DMX_0042 
57032.7692 -1.7122813e-04 9.768e-06 57032.7130 57032.8254 DMX_0043 
57050.6706 -4.4564321e-05 1.202e-05 57050.6093 57050.7319 DMX_0044 
57069.6862 -4.5954354e-05 1.361e-05 57069.6283 57069.7442 DMX_0045 
57076.6455 -3.7048381e-05 7.878e-06 57076.5873 57076.7036 DMX_0046 
57081.6452 -9.3112591e-05 1.176e-04 57081.5952 57081.6952 DMX_0047 
57086.6258 +2.9239501e-05 8.072e-06 57086.5611 57086.6904 DMX_0048 
57094.5781 -5.7784333e-05 8.329e-06 57094.5170 57094.6393 DMX_0049 
57096.6086 -1.7684297e-05 7.450e-06 57096.5502 57096.6670 DMX_0050 
57110.5674 -4.3586439e-05 8.543e-06 57110.5048 57110.6301 DMX_0051 
57116.5616 -8.7753173e-05 1.077e-05 57116.5032 57116.6199 DMX_0052 
57119.5041 -1.1020349e-04 8.166e-06 57119.4432 57119.5649 DMX_0053 
57125.5117 -1.0333380e-04 1.026e-05 57125.4561 57125.5674 DMX_0054 
57131.4969 -1.1460852e-04 9.076e-06 57131.4385 57131.5554 DMX_0055 
57137.4876 -1.1012477e-04 7.780e-06 57137.4294 57137.5459 DMX_0056 
57139.4666 -1.1601084e-04 1.121e-05 57139.4096 57139.5236 DMX_0057 
57146.4547 -1.2290554e-04 1.058e-05 57146.3968 57146.5126 DMX_0058 
57186.3534 -1.6908526e-04 8.949e-06 57186.2951 57186.4117 DMX_0059 
57200.3237 -1.7949281e-04 8.745e-06 57200.2654 57200.3820 DMX_0060 
57207.3064 -1.5459556e-04 1.380e-05 57207.2487 57207.3641 DMX_0061 
57222.2613 -2.0353490e-04 1.231e-05 57222.2036 57222.3191 DMX_0062 
57223.2509 -1.4831896e-04 1.095e-05 57223.1924 57223.3095 DMX_0063 
57236.2253 -1.5954931e-04 1.466e-05 57236.1672 57236.2833 DMX_0064 
57240.2061 -1.7544884e-04 1.648e-05 57240.1481 57240.2640 DMX_0065 
57243.2010 -1.8279444e-04 1.594e-05 57243.1432 57243.2589 DMX_0066 
57251.1850 -1.3451274e-04 1.059e-05 57251.1211 57251.2489 DMX_0067 
57257.1308 -1.4771693e-04 1.083e-05 57257.0673 57257.1944 DMX_0068 
57264.1408 -1.6184154e-04 1.069e-05 57264.0827 57264.1989 DMX_0069 
57268.0999 -1.7905822e-04 1.010e-05 57268.0401 57268.1597 DMX_0070 
57302.0355 -1.3250538e-04 4.611e-05 57301.9855 57302.0855 DMX_0071 
57306.0337 -1.2533285e-04 7.387e-06 57305.9754 57306.0921 DMX_0072 
57321.9690 -9.8623754e-05 2.548e-05 57321.9128 57322.0253 DMX_0073 
57326.9634 -3.5824950e-05 1.823e-05 57326.9053 57327.0216 DMX_0074 
57331.9265 -9.8070744e-05 1.145e-05 57331.8676 57331.9855 DMX_0075 
57344.9135 -6.6607893e-05 8.345e-06 57344.8511 57344.9759 DMX_0076 
57347.9079 -8.8375037e-05 9.441e-06 57347.8496 57347.9661 DMX_0077 
57351.8905 -1.2767858e-05 1.235e-05 57351.8326 57351.9483 DMX_0078 
57357.8835 -6.9059262e-05 7.575e-06 57357.8196 57357.9475 DMX_0079 
57364.8630 -8.5876059e-05 6.127e-06 57364.7991 57364.9268 DMX_0080 
57374.8491 -4.6792323e-05 6.575e-06 57374.7887 57374.9095 DMX_0081 
57375.8303 +1.0080388e-04 9.275e-06 57375.7721 57375.8884 DMX_0082 
57387.7770 -6.0208747e-05 1.043e-05 57387.7139 57387.8401 DMX_0083 
57390.7902 -5.8465440e-05 9.465e-06 57390.7320 57390.8483 DMX_0084 
57401.7325 +5.9904502e-06 1.001e-05 57401.6747 57401.7904 DMX_0085 
57408.6893 +1.9617599e-05 8.757e-06 57408.6313 57408.7473 DMX_0086 
57415.6678 +4.7459832e-06 8.462e-06 57415.6078 57415.7278 DMX_0087 
57418.7133 -3.2177552e-06 8.781e-06 57418.6548 57418.7718 DMX_0088 
57422.6666 +7.6785450e-07 7.358e-06 57422.6021 57422.7312 DMX_0089 
57429.6659 +6.8190345e-05 3.337e-05 57429.6077 57429.7241 DMX_0090 
57501.4951 -2.6137573e-05 1.740e-05 57501.4354 57501.5548 DMX_0091 
57504.4369 -2.7777203e-05 1.642e-05 57504.3793 57504.4944 DMX_0092 
57512.4511 -4.4051797e-05 9.390e-06 57512.3935 57512.5087 DMX_0093 
57520.4325 +2.5969201e-05 6.413e-05 57520.3825 57520.4825 DMX_0094 
57522.4293 +1.1621096e-05 9.976e-06 57522.3709 57522.4877 DMX_0095 
57529.3776 -3.0252417e-05 1.133e-05 57529.3181 57529.4370 DMX_0096 
57535.3665 -5.4510045e-05 9.473e-06 57535.3071 57535.4260 DMX_0097 
57538.3910 -2.2823312e-05 1.871e-05 57538.3326 57538.4494 DMX_0098 
57541.3695 -5.8259616e-05 1.417e-05 57541.3114 57541.4277 DMX_0099 
57548.3537 -6.6602683e-05 1.509e-05 57548.2972 57548.4102 DMX_0100 
57554.3269 -5.7302536e-05 1.429e-05 57554.2683 57554.3856 DMX_0101 
57561.3192 -4.6197602e-05 1.783e-05 57561.2615 57561.3770 DMX_0102 
57565.3146 -3.2523416e-05 1.476e-05 57565.2564 57565.3728 DMX_0103 
57568.2931 -5.5098732e-05 8.815e-06 57568.2276 57568.3586 DMX_0104 
57576.2982 -5.7527261e-05 7.328e-06 57576.2401 57576.3562 DMX_0105 
57583.2412 +1.6906543e-04 1.186e-04 57583.1912 57583.2912 DMX_0106 
57588.2649 -6.3779224e-05 1.007e-05 57588.2068 57588.3230 DMX_0107 
57589.2436 -4.9629806e-05 8.048e-06 57589.1846 57589.3027 DMX_0108 
57596.2317 -7.3207140e-05 9.841e-06 57596.1737 57596.2898 DMX_0109 
57608.1989 -4.8786302e-05 1.339e-05 57608.1409 57608.2569 DMX_0110 
57610.1971 -3.3980491e-05 1.718e-05 57610.1374 57610.2569 DMX_0111 
57620.1482 -4.5316552e-05 1.113e-05 57620.0906 57620.2058 DMX_0112 
57626.1466 -5.2787480e-05 9.635e-06 57626.0819 57626.2112 DMX_0113 
57627.1617 -5.8886898e-05 1.731e-05 57627.1042 57627.2191 DMX_0114 
57645.0966 -5.9490269e-05 9.364e-06 57645.0387 57645.1546 DMX_0115 
57652.0775 -4.6556561e-05 8.122e-06 57652.0185 57652.1365 DMX_0116 
57665.9836 -4.3387523e-05 9.226e-06 57665.9252 57666.0421 DMX_0117 
57668.0324 -4.8098897e-05 9.675e-06 57667.9746 57668.0902 DMX_0118 
57671.0323 -4.2194970e-05 7.353e-06 57670.9746 57671.0901 DMX_0119 
57677.9739 -4.4369118e-05 8.650e-06 57677.9153 57678.0325 DMX_0120 
57684.9820 +3.9354383e-05 8.786e-06 57684.9232 57685.0409 DMX_0121 
57699.9394 -3.4483111e-05 9.034e-06 57699.8813 57699.9976 DMX_0122 
57705.9457 -5.8971233e-07 9.677e-06 57705.8884 57706.0030 DMX_0123 
57706.9075 -7.2783122e-06 8.865e-06 57706.8497 57706.9654 DMX_0124 
57711.9104 +5.1164256e-05 8.057e-06 57711.8525 57711.9684 DMX_0125 
57718.8924 +2.5819791e-07 1.306e-05 57718.8298 57718.9550 DMX_0126 
57736.8468 +4.1585191e-05 1.267e-05 57736.7884 57736.9052 DMX_0127 
57744.8356 +1.2591707e-05 1.081e-05 57744.7771 57744.8942 DMX_0128 
57745.8343 +1.6044121e-05 1.004e-05 57745.7764 57745.8923 DMX_0129 
57753.8122 +4.9205564e-05 1.126e-05 57753.7542 57753.8701 DMX_0130 
57760.7419 +3.6107474e-05 8.765e-06 57760.6784 57760.8055 DMX_0131 
57772.7129 +7.0792861e-05 1.356e-05 57772.6547 57772.7710 DMX_0132 
57774.7338 +7.1170861e-05 1.253e-05 57774.6750 57774.7925 DMX_0133 
57793.6331 +8.5806359e-05 9.636e-06 57793.5638 57793.7024 DMX_0134 
57810.6400 +5.9719386e-05 1.112e-05 57810.5820 57810.6979 DMX_0135 
57816.5858 +6.6573254e-05 1.059e-05 57816.5295 57816.6422 DMX_0136 
57834.5798 +2.7253037e-05 1.199e-05 57834.5217 57834.6380 DMX_0137 
57849.4985 +5.3472430e-05 1.238e-05 57849.4404 57849.5565 DMX_0138 
57866.4912 +2.3342229e-05 1.426e-05 57866.4332 57866.5491 DMX_0139 
57874.4714 +3.8629920e-05 1.253e-05 57874.4134 57874.5295 DMX_0140 
57884.4413 +3.7219831e-05 1.045e-05 57884.3830 57884.4996 DMX_0141 
57888.4260 +3.3676991e-05 1.039e-05 57888.3603 57888.4917 DMX_0142 
57894.4109 +5.3499579e-05 1.362e-05 57894.3526 57894.4692 DMX_0143 
57903.3941 +2.4488600e-05 1.246e-05 57903.3370 57903.4511 DMX_0144 
57911.3809 +5.8896202e-05 9.842e-06 57911.3231 57911.4388 DMX_0145 
57915.3712 +8.6773072e-05 1.275e-05 57915.3135 57915.4290 DMX_0146 
57924.3350 +4.7674463e-05 1.110e-05 57924.2768 57924.3932 DMX_0147 
57933.3093 +4.3433303e-05 1.509e-05 57933.2511 57933.3674 DMX_0148 
57937.3020 +2.9093146e-05 1.320e-05 57937.2439 57937.3601 DMX_0149 
57942.2976 +6.2345879e-05 1.573e-05 57942.2414 57942.3538 DMX_0150 
57950.2614 +8.1554536e-05 1.778e-05 57950.1989 57950.3239 DMX_0151 
57956.2536 +8.6245493e-05 1.870e-05 57956.1955 57956.3117 DMX_0152 
57958.2513 +8.2132268e-05 1.999e-05 57958.1932 57958.3094 DMX_0153 
57971.2009 -3.2191252e-04 1.882e-04 57971.1509 57971.2509 DMX_0154 
57977.1927 +5.5418501e-05 1.353e-05 57977.1349 57977.2506 DMX_0155 
57978.2042 +4.8040521e-05 2.232e-05 57978.1460 57978.2624 DMX_0156 
57982.1526 +8.2939255e-05 1.156e-05 57982.0947 57982.2104 DMX_0157 
58450.8997 +3.9900014e-05 9.491e-06 58450.8344 58450.9651 DMX_0158 
58454.8761 +6.9103127e-05 9.451e-06 58454.8181 58454.9341 DMX_0159 
58455.8820 +5.5030019e-05 8.479e-06 58455.8234 58455.9407 DMX_0160 
58468.8480 +1.8803139e-05 7.158e-06 58468.7887 58468.9074 DMX_0161 
58474.8300 +2.4028032e-05 8.153e-06 58474.7710 58474.8890 DMX_0162 
58475.8186 +2.1564222e-05 7.491e-06 58475.7607 58475.8766 DMX_0163 
58514.7314 +4.4153318e-05 8.967e-06 58514.6736 58514.7892 DMX_0164 
58529.6805 +6.2421583e-05 1.038e-05 58529.6179 58529.7432 DMX_0165 
58536.6610 +6.8606854e-05 8.829e-06 58536.6014 58536.7206 DMX_0166 
58551.5638 +1.0490401e-04 1.053e-05 58551.5057 58551.6219 DMX_0167 
58558.5780 +2.0695844e-04 1.474e-04 58558.5280 58558.6280 DMX_0168 
58578.5349 +3.7204533e-05 2.300e-05 58578.4769 58578.5928 DMX_0169 
58585.4806 +1.0483331e-04 1.590e-05 58585.4226 58585.5386 DMX_0170 
58619.4242 +4.7983566e-05 4.891e-05 58619.3742 58619.4742 DMX_0171 
58622.4192 +1.0930857e-04 8.350e-06 58622.3612 58622.4772 DMX_0172 
58627.4089 +1.2645595e-04 4.111e-05 58627.3437 58627.4740 DMX_0173 
58635.3785 +5.4000466e-05 5.556e-05 58635.3285 58635.4285 DMX_0174 
58642.3567 +1.1814724e-04 1.142e-05 58642.2989 58642.4146 DMX_0175 
58643.3546 +1.3385540e-04 1.277e-05 58643.2957 58643.4135 DMX_0176 
58659.3245 +1.0709626e-04 1.074e-05 58659.2658 58659.3833 DMX_0177 
58672.2948 +1.4084570e-04 1.048e-05 58672.2362 58672.3534 DMX_0178 
58680.2773 +1.3657575e-04 1.059e-05 58680.2111 58680.3435 DMX_0179 
58683.2511 +1.3722157e-04 1.370e-05 58683.1931 58683.3091 DMX_0180 
58689.2413 +1.6657596e-04 1.302e-05 58689.1827 58689.3000 DMX_0181 
58694.2304 +1.3420393e-04 1.786e-05 58694.1712 58694.2895 DMX_0182 
58701.2210 +1.3136891e-04 1.710e-05 58701.1625 58701.2794 DMX_0183 
58708.1959 +1.7284513e-04 1.381e-05 58708.1300 58708.2618 DMX_0184 
58715.1384 +1.2288061e-04 8.729e-05 58715.0884 58715.1884 DMX_0185 
58728.1376 +1.9088993e-04 1.508e-05 58728.0793 58728.1960 DMX_0186 
58730.1320 +1.9937131e-04 1.164e-05 58730.0726 58730.1914 DMX_0187 
58736.1171 +1.8344101e-04 1.121e-05 58736.0583 58736.1759 DMX_0188 
58744.0774 +1.9449116e-04 8.478e-06 58744.0184 58744.1364 DMX_0189 
58748.0736 +1.9464560e-04 8.898e-06 58748.0156 58748.1317 DMX_0190 
58757.0567 +2.0544755e-04 7.437e-06 58756.9975 58757.1158 DMX_0191 
58764.0345 +2.1995653e-04 9.593e-06 58763.9754 58764.0936 DMX_0192 
58766.0247 +2.1983445e-04 7.679e-06 58765.9667 58766.0828 DMX_0193 
58767.0141 +2.1938984e-04 8.511e-06 58766.9553 58767.0728 DMX_0194 
58774.0133 +4.0331116e-04 1.227e-04 58773.9633 58774.0633 DMX_0195 
58786.9887 +2.9866880e-04 1.413e-05 58786.9320 58787.0454 DMX_0196 
58792.9692 +2.9130477e-04 1.499e-05 58792.9116 58793.0268 DMX_0197 
58793.9182 +2.7633400e-04 1.377e-05 58793.8594 58793.9770 DMX_0198 
58801.9188 +2.8346725e-04 5.911e-05 58801.8688 58801.9688 DMX_0199 
58808.9197 +3.1302459e-04 1.203e-05 58808.8607 58808.9787 DMX_0200 
58810.9198 +3.2440736e-04 1.481e-05 58810.8620 58810.9777 DMX_0201 
58815.8970 +3.4264033e-04 1.232e-05 58815.8382 58815.9559 DMX_0202 
58822.8814 +3.1503081e-04 1.104e-05 58822.8226 58822.9403 DMX_0203 
58830.8608 +3.5118680e-04 1.526e-05 58830.8021 58830.9194 DMX_0204 
58831.8447 +3.3253646e-04 1.340e-05 58831.7864 58831.9029 DMX_0205 
58845.7721 +3.5423124e-04 1.112e-05 58845.7064 58845.8378 DMX_0206 
58930.5505 +2.5217349e-04 5.858e-05 58930.4964 58930.6046 DMX_0207 
58937.5410 +3.4116644e-04 5.802e-05 58937.4826 58937.5994 DMX_0208 
58944.5471 +3.0669545e-04 1.839e-05 58944.4886 58944.6055 DMX_0209 
58951.5028 +2.7274306e-04 1.198e-05 58951.4442 58951.5614 DMX_0210 
58958.5031 +2.5206028e-04 1.373e-05 58958.4425 58958.5637 DMX_0211 
58965.4827 +2.8259595e-04 1.048e-05 58965.4237 58965.5416 DMX_0212 
58972.4757 +2.5820748e-04 9.172e-06 58972.4147 58972.5366 DMX_0213 
58980.4519 +2.8750198e-04 1.311e-05 58980.3934 58980.5104 DMX_0214 
58986.4420 +2.9340291e-04 1.815e-05 58986.3824 58986.5016 DMX_0215 
58987.4315 +2.8470741e-04 1.155e-05 58987.3706 58987.4924 DMX_0216 
58994.4095 +2.8112721e-04 1.069e-05 58994.3505 58994.4684 DMX_0217 
59000.3934 +2.8233571e-04 1.020e-05 59000.3267 59000.4602 DMX_0218 
59006.3782 +3.2126460e-04 1.266e-05 59006.3198 59006.4367 DMX_0219 
59013.3563 +3.0891971e-04 1.429e-05 59013.2976 59013.4151 DMX_0220 
59025.3318 +3.2885339e-04 1.482e-05 59025.2730 59025.3907 DMX_0221 
59030.3270 +4.2406811e-04 8.460e-05 59030.2702 59030.3838 DMX_0222 
59042.2718 +3.3203437e-04 1.591e-05 59042.2131 59042.3305 DMX_0223 
59047.2621 +3.4480198e-04 1.677e-05 59047.2034 59047.3207 DMX_0224 
59051.2696 +5.4595973e-04 1.538e-04 59051.2196 59051.3196 DMX_0225 
59052.2188 +3.1354379e-04 1.064e-05 59052.1599 59052.2778 DMX_0226 
59062.2197 +3.2967005e-04 7.572e-06 59062.1610 59062.2784 DMX_0227 
59066.1919 +3.5139065e-04 1.187e-05 59066.1333 59066.2505 DMX_0228 
