# Mean DMX value = +2.299943e-04 
# Uncertainty in average DM = 1.02823e-02 
# Columns: DMXEP DMX_value DMX_var_err DMXR1 DMXR2 DMX_bin 
55972.0618 +5.2135876e-03 5.682e-04 55972.0118 55972.1118 DMX_0001 
56003.9233 +2.0317044e-03 1.987e-04 56003.8733 56003.9733 DMX_0002 
56034.4460 +2.4245911e-03 2.667e-04 56033.8934 56034.9986 DMX_0003 
56065.2843 +2.2384093e-03 1.929e-04 56064.7544 56065.8142 DMX_0004 
56101.6799 +2.2574850e-03 1.757e-04 56100.6372 56102.7226 DMX_0005 
56130.6103 +2.9360120e-03 6.209e-04 56130.5603 56130.6603 DMX_0006 
56150.5188 +2.1735517e-03 1.871e-04 56149.4708 56151.5667 DMX_0007 
56171.4652 +2.3403014e-03 2.088e-04 56170.3815 56172.5488 DMX_0008 
56192.4175 +2.1147814e-03 1.898e-04 56192.2910 56192.5440 DMX_0009 
56208.9006 +2.4080800e-03 3.256e-04 56208.3774 56209.4238 DMX_0010 
56229.3266 +2.0510842e-03 1.993e-04 56229.1992 56229.4540 DMX_0011 
56251.2216 +1.9976878e-03 2.081e-04 56250.1547 56252.2886 DMX_0012 
56267.1685 +2.0682867e-03 1.551e-04 56266.1217 56268.2152 DMX_0013 
56288.1778 +2.3098737e-03 2.041e-04 56288.0492 56288.3063 DMX_0014 
56312.0924 +2.0501598e-03 2.279e-04 56311.9684 56312.2163 DMX_0015 
56331.5619 +2.1824696e-03 1.911e-04 56331.0476 56332.0763 DMX_0016 
56346.9276 +2.2310650e-03 1.783e-04 56346.8776 56346.9776 DMX_0017 
56368.3852 +1.7978900e-03 2.142e-04 56367.7962 56368.9741 DMX_0018 
56374.7854 +1.9933635e-03 1.338e-04 56374.7069 56374.8639 DMX_0019 
56386.9049 +2.0164630e-03 2.462e-04 56386.7768 56387.0331 DMX_0020 
56399.9338 +1.7526639e-03 1.730e-04 56399.8557 56400.0119 DMX_0021 
56411.3396 +2.0340358e-03 1.876e-04 56410.8226 56411.8567 DMX_0022 
56432.2836 +2.1012664e-03 1.985e-04 56431.7569 56432.8103 DMX_0023 
56452.2456 +2.1576463e-03 2.116e-04 56451.6656 56452.8257 DMX_0024 
56472.6436 +2.6332727e-03 2.855e-04 56472.5936 56472.6936 DMX_0025 
56493.5379 +2.3087044e-03 1.996e-04 56492.5104 56494.5655 DMX_0026 
56513.3394 +1.9028373e-03 1.530e-04 56513.1351 56513.5437 DMX_0027 
56521.5281 +2.2639656e-03 2.266e-04 56520.4725 56522.5837 DMX_0028 
56550.9337 +2.1108930e-03 1.955e-04 56550.3718 56551.4956 DMX_0029 
56585.8154 +1.8786404e-03 1.564e-04 56585.2510 56586.3799 DMX_0030 
56613.7582 +1.7838261e-03 1.379e-04 56613.2434 56614.2729 DMX_0031 
56639.1783 +1.6582250e-03 1.643e-04 56637.1528 56641.2038 DMX_0032 
56674.0822 +1.6585244e-03 1.963e-04 56671.0861 56677.0782 DMX_0033 
56704.4591 +1.5679739e-03 1.777e-04 56702.8932 56706.0250 DMX_0034 
56727.9672 +1.6753929e-03 1.848e-04 56726.9194 56729.0150 DMX_0035 
56764.7932 +1.4333999e-03 1.872e-04 56763.7475 56765.8389 DMX_0036 
56793.2677 +1.5700303e-03 1.586e-04 56791.7336 56794.8018 DMX_0037 
56826.6446 +1.4861806e-03 1.611e-04 56823.6194 56829.6698 DMX_0038 
56850.5907 +1.5342355e-03 1.927e-04 56849.5609 56851.6205 DMX_0039 
56885.5649 +1.2302786e-03 3.725e-04 56885.5149 56885.6149 DMX_0040 
56893.4686 +1.2882383e-03 2.141e-04 56893.4186 56893.5186 DMX_0041 
56920.9561 +1.4978982e-03 1.684e-04 56920.3963 56921.5158 DMX_0042 
56943.8377 +1.8609511e-03 2.078e-04 56943.3038 56944.3716 DMX_0043 
56978.7107 +1.6709210e-03 2.049e-04 56978.1435 56979.2778 DMX_0044 
57012.6849 +1.1781232e-03 2.197e-04 57012.1113 57013.2585 DMX_0045 
57035.6132 +8.8509544e-04 1.717e-04 57035.1072 57036.1192 DMX_0046 
57071.4856 +1.0691143e-03 1.693e-04 57070.9461 57072.0251 DMX_0047 
57104.4187 +1.6422444e-03 2.324e-04 57103.9034 57104.9341 DMX_0048 
57131.3860 +1.0191532e-03 1.755e-04 57130.8354 57131.9366 DMX_0049 
57161.2440 +9.4745727e-04 2.115e-04 57160.6902 57161.7978 DMX_0050 
57194.1736 +8.5187553e-04 2.169e-04 57193.6628 57194.6844 DMX_0051 
57222.5820 +5.3790612e-04 5.548e-04 57222.5320 57222.6320 DMX_0052 
57248.5154 +3.6918536e-04 3.059e-04 57248.4601 57248.5707 DMX_0053 
57272.5260 +7.0344392e-04 3.975e-04 57272.4760 57272.5760 DMX_0054 
57305.8959 +5.3405164e-04 2.370e-04 57305.3436 57306.4482 DMX_0055 
57336.8619 +3.1938406e-04 1.787e-04 57336.3099 57337.4138 DMX_0056 
57377.6978 +2.5204991e-04 1.980e-04 57377.1194 57378.2761 DMX_0057 
57394.6555 -1.3918096e-04 2.280e-04 57394.0735 57395.2374 DMX_0058 
57435.5266 -5.1651604e-05 4.282e-04 57432.9857 57438.0674 DMX_0059 
57458.4392 -1.0087258e-04 1.279e-04 57457.8824 57458.9961 DMX_0060 
57488.3628 +4.8647670e-05 1.532e-04 57487.8053 57488.9203 DMX_0061 
57522.3131 -3.2441863e-04 1.872e-04 57521.7793 57522.8469 DMX_0062 
57551.2294 -1.8847988e-04 1.577e-04 57550.6765 57551.7822 DMX_0063 
57585.1367 -3.6887283e-04 1.880e-04 57584.5354 57585.7381 DMX_0064 
57613.5568 -3.6181993e-04 1.918e-04 57612.5537 57614.5598 DMX_0065 
57650.0262 -5.0194629e-04 1.947e-04 57649.4670 57650.5854 DMX_0066 
57673.9267 -3.7293259e-04 2.199e-04 57673.3631 57674.4904 DMX_0067 
57706.3077 -7.6953821e-04 2.212e-04 57706.2577 57706.3577 DMX_0068 
57733.7798 -8.1412479e-04 2.592e-04 57733.2391 57734.3205 DMX_0069 
57767.6250 -4.3633709e-04 2.376e-04 57767.0778 57768.1723 DMX_0070 
57795.5233 -4.2459576e-04 3.822e-04 57794.9773 57796.0693 DMX_0071 
57831.4794 -8.1886366e-04 1.635e-04 57830.9036 57832.0552 DMX_0072 
57859.3955 -1.4605152e-03 2.934e-04 57858.8059 57859.9851 DMX_0073 
57893.3155 -8.7376813e-04 2.378e-04 57892.7598 57893.8712 DMX_0074 
57922.2356 -6.7079507e-04 1.725e-04 57921.6829 57922.7883 DMX_0075 
57949.1620 -8.2374603e-04 2.125e-04 57948.6186 57949.7054 DMX_0076 
57977.5738 -9.5004534e-04 2.788e-04 57976.5201 57978.6275 DMX_0077 
58011.9860 -1.2645368e-03 1.765e-04 58011.4378 58012.5341 DMX_0078 
58035.9075 -1.0746489e-03 2.253e-04 58035.3524 58036.4627 DMX_0079 
58061.8827 -1.0299430e-03 2.387e-04 58061.3393 58062.4261 DMX_0080 
58135.6721 -1.3415951e-03 2.167e-04 58135.1008 58136.2433 DMX_0081 
58160.5821 -1.7682488e-03 2.205e-04 58160.0304 58161.1337 DMX_0082 
58187.5039 -1.9585526e-03 2.701e-04 58186.9530 58188.0548 DMX_0083 
58216.4311 -2.1427655e-03 2.061e-04 58215.8894 58216.9727 DMX_0084 
58240.3861 -1.9878666e-03 2.330e-04 58239.8326 58240.9396 DMX_0085 
58272.2755 -2.5610710e-03 1.741e-04 58271.7242 58272.8268 DMX_0086 
58301.1932 -2.5518951e-03 1.715e-04 58300.6432 58301.7433 DMX_0087 
58335.0425 -2.8338133e-03 1.583e-04 58334.4869 58335.5982 DMX_0088 
58364.9428 -2.8929058e-03 1.918e-04 58364.4036 58365.4820 DMX_0089 
58396.8695 -3.1354063e-03 1.839e-04 58396.3216 58397.4175 DMX_0090 
58424.7758 -2.9555133e-03 1.900e-04 58424.2258 58425.3258 DMX_0091 
58459.6947 -2.9520151e-03 1.759e-04 58459.1449 58460.2446 DMX_0092 
58489.6107 -2.8821993e-03 2.146e-04 58489.0635 58490.1579 DMX_0093 
58517.5480 -3.2270762e-03 1.893e-04 58517.0094 58518.0866 DMX_0094 
58544.4680 -3.2136180e-03 1.716e-04 58543.9142 58545.0219 DMX_0095 
58581.3588 -3.2051341e-03 1.573e-04 58579.8071 58582.9106 DMX_0096 
58605.7798 -3.6221080e-03 5.924e-04 58605.7298 58605.8298 DMX_0097 
58636.7130 -3.2769629e-03 2.011e-04 58636.6630 58636.7630 DMX_0098 
58671.1184 -3.4310843e-03 2.294e-04 58670.5686 58671.6682 DMX_0099 
58699.0375 -3.2652133e-03 2.182e-04 58698.4866 58699.5884 DMX_0100 
58728.9518 -3.5653876e-03 2.064e-04 58728.4019 58729.5018 DMX_0101 
58762.3473 -3.8789485e-03 2.244e-04 58762.2973 58762.3973 DMX_0102 
58787.8154 -3.9380553e-03 1.995e-04 58787.2659 58788.3648 DMX_0103 
58819.7129 -3.7618540e-03 2.029e-04 58819.1841 58820.2417 DMX_0104 
58849.1191 -3.8286885e-03 1.891e-04 58849.0691 58849.1691 DMX_0105 
58879.5337 -3.8449736e-03 2.143e-04 58878.9831 58880.0843 DMX_0106 
58907.4680 -4.2837665e-03 2.233e-04 58906.9330 58908.0030 DMX_0107 
58942.3857 -4.1262289e-03 2.014e-04 58941.8530 58942.9183 DMX_0108 
